<?xml version="1.0" encoding="UTF-8"?>
<testsuite xmlns:xsi="http://www.w3.org/2001/XMLSchema-instance" xsi:noNamespaceSchemaLocation="https://maven.apache.org/surefire/maven-surefire-plugin/xsd/surefire-test-report-3.0.xsd" version="3.0" name="TestSuite" time="160.16" tests="2" errors="0" skipped="0" failures="1">
  <properties>
    <property name="sun.desktop" value="windows"/>
    <property name="awt.toolkit" value="sun.awt.windows.WToolkit"/>
    <property name="java.specification.version" value="11"/>
    <property name="sun.cpu.isalist" value="amd64"/>
    <property name="sun.jnu.encoding" value="Cp1252"/>
    <property name="java.class.path" value="C:\Users\admin\IdeaProjects\AppiumUpskills_TestNGFramework_JDK11\target\test-classes;C:\Users\admin\IdeaProjects\AppiumUpskills_TestNGFramework_JDK11\target\classes;C:\Users\admin\.m2\repository\io\appium\java-client\9.0.0\java-client-9.0.0.jar;C:\Users\admin\.m2\repository\org\seleniumhq\selenium\selenium-api\4.16.1\selenium-api-4.16.1.jar;C:\Users\admin\.m2\repository\org\seleniumhq\selenium\selenium-remote-driver\4.16.1\selenium-remote-driver-4.16.1.jar;C:\Users\admin\.m2\repository\com\google\auto\service\auto-service-annotations\1.1.1\auto-service-annotations-1.1.1.jar;C:\Users\admin\.m2\repository\com\google\guava\guava\32.1.2-jre\guava-32.1.2-jre.jar;C:\Users\admin\.m2\repository\com\google\guava\failureaccess\1.0.1\failureaccess-1.0.1.jar;C:\Users\admin\.m2\repository\com\google\guava\listenablefuture\9999.0-empty-to-avoid-conflict-with-guava\listenablefuture-9999.0-empty-to-avoid-conflict-with-guava.jar;C:\Users\admin\.m2\repository\com\google\code\findbugs\jsr305\3.0.2\jsr305-3.0.2.jar;C:\Users\admin\.m2\repository\org\checkerframework\checker-qual\3.33.0\checker-qual-3.33.0.jar;C:\Users\admin\.m2\repository\com\google\errorprone\error_prone_annotations\2.18.0\error_prone_annotations-2.18.0.jar;C:\Users\admin\.m2\repository\com\google\j2objc\j2objc-annotations\2.8\j2objc-annotations-2.8.jar;C:\Users\admin\.m2\repository\io\opentelemetry\opentelemetry-api\1.28.0\opentelemetry-api-1.28.0.jar;C:\Users\admin\.m2\repository\io\opentelemetry\opentelemetry-context\1.28.0\opentelemetry-context-1.28.0.jar;C:\Users\admin\.m2\repository\io\opentelemetry\opentelemetry-exporter-logging\1.28.0\opentelemetry-exporter-logging-1.28.0.jar;C:\Users\admin\.m2\repository\io\opentelemetry\opentelemetry-sdk-metrics\1.28.0\opentelemetry-sdk-metrics-1.28.0.jar;C:\Users\admin\.m2\repository\io\opentelemetry\opentelemetry-extension-incubator\1.28.0-alpha\opentelemetry-extension-incubator-1.28.0-alpha.jar;C:\Users\admin\.m2\repository\io\opentelemetry\opentelemetry-sdk-logs\1.28.0\opentelemetry-sdk-logs-1.28.0.jar;C:\Users\admin\.m2\repository\io\opentelemetry\opentelemetry-sdk-common\1.28.0\opentelemetry-sdk-common-1.28.0.jar;C:\Users\admin\.m2\repository\io\opentelemetry\opentelemetry-sdk-extension-autoconfigure-spi\1.28.0\opentelemetry-sdk-extension-autoconfigure-spi-1.28.0.jar;C:\Users\admin\.m2\repository\io\opentelemetry\opentelemetry-sdk-extension-autoconfigure\1.28.0\opentelemetry-sdk-extension-autoconfigure-1.28.0.jar;C:\Users\admin\.m2\repository\io\opentelemetry\opentelemetry-api-events\1.28.0-alpha\opentelemetry-api-events-1.28.0-alpha.jar;C:\Users\admin\.m2\repository\io\opentelemetry\opentelemetry-sdk-trace\1.28.0\opentelemetry-sdk-trace-1.28.0.jar;C:\Users\admin\.m2\repository\io\opentelemetry\opentelemetry-sdk\1.28.0\opentelemetry-sdk-1.28.0.jar;C:\Users\admin\.m2\repository\io\opentelemetry\opentelemetry-semconv\1.28.0-alpha\opentelemetry-semconv-1.28.0-alpha.jar;C:\Users\admin\.m2\repository\net\bytebuddy\byte-buddy\1.14.5\byte-buddy-1.14.5.jar;C:\Users\admin\.m2\repository\org\seleniumhq\selenium\selenium-http\4.16.1\selenium-http-4.16.1.jar;C:\Users\admin\.m2\repository\dev\failsafe\failsafe\3.3.2\failsafe-3.3.2.jar;C:\Users\admin\.m2\repository\org\seleniumhq\selenium\selenium-json\4.16.1\selenium-json-4.16.1.jar;C:\Users\admin\.m2\repository\org\seleniumhq\selenium\selenium-manager\4.16.1\selenium-manager-4.16.1.jar;C:\Users\admin\.m2\repository\org\seleniumhq\selenium\selenium-os\4.16.1\selenium-os-4.16.1.jar;C:\Users\admin\.m2\repository\org\apache\commons\commons-exec\1.3\commons-exec-1.3.jar;C:\Users\admin\.m2\repository\org\seleniumhq\selenium\selenium-support\4.16.1\selenium-support-4.16.1.jar;C:\Users\admin\.m2\repository\com\google\code\gson\gson\2.10.1\gson-2.10.1.jar;C:\Users\admin\.m2\repository\org\slf4j\slf4j-api\2.0.9\slf4j-api-2.0.9.jar;C:\Users\admin\.m2\repository\org\testng\testng\7.8.0\testng-7.8.0.jar;C:\Users\admin\.m2\repository\com\beust\jcommander\1.82\jcommander-1.82.jar;C:\Users\admin\.m2\repository\org\webjars\jquery\3.6.1\jquery-3.6.1.jar;C:\Users\admin\.m2\repository\com\aventstack\extentreports\4.1.7\extentreports-4.1.7.jar;C:\Users\admin\.m2\repository\org\freemarker\freemarker\2.3.29\freemarker-2.3.29.jar;C:\Users\admin\.m2\repository\org\apache\httpcomponents\httpclient\4.5.2\httpclient-4.5.2.jar;C:\Users\admin\.m2\repository\org\apache\httpcomponents\httpcore\4.4.4\httpcore-4.4.4.jar;C:\Users\admin\.m2\repository\commons-logging\commons-logging\1.2\commons-logging-1.2.jar;C:\Users\admin\.m2\repository\commons-codec\commons-codec\1.9\commons-codec-1.9.jar;C:\Users\admin\.m2\repository\org\apache\httpcomponents\httpmime\4.5.2\httpmime-4.5.2.jar;C:\Users\admin\.m2\repository\org\mongodb\mongodb-driver\3.12.0\mongodb-driver-3.12.0.jar;C:\Users\admin\.m2\repository\org\mongodb\mongodb-driver-core\3.12.0\mongodb-driver-core-3.12.0.jar;C:\Users\admin\.m2\repository\org\mongodb\bson\3.12.0\bson-3.12.0.jar;C:\Users\admin\.m2\repository\commons-io\commons-io\2.15.1\commons-io-2.15.1.jar;"/>
    <property name="java.vm.vendor" value="Oracle Corporation"/>
    <property name="sun.arch.data.model" value="64"/>
    <property name="user.variant" value=""/>
    <property name="java.vendor.url" value="https://openjdk.java.net/"/>
    <property name="user.timezone" value="Asia/Amman"/>
    <property name="java.vm.specification.version" value="11"/>
    <property name="os.name" value="Windows 10"/>
    <property name="sun.java.launcher" value="SUN_STANDARD"/>
    <property name="user.country" value="US"/>
    <property name="sun.boot.library.path" value="C:\Program Files\Java\jdk-11\bin"/>
    <property name="sun.java.command" value="C:\Users\admin\AppData\Local\Temp\surefire7507510371248238762\surefirebooter-20231215222408070_3.jar C:\Users\admin\AppData\Local\Temp\surefire7507510371248238762 2023-12-15T22-24-07_380-jvmRun1 surefire-20231215222408070_1tmp surefire_0-20231215222408070_2tmp"/>
    <property name="jdk.debug" value="release"/>
    <property name="surefire.test.class.path" value="C:\Users\admin\IdeaProjects\AppiumUpskills_TestNGFramework_JDK11\target\test-classes;C:\Users\admin\IdeaProjects\AppiumUpskills_TestNGFramework_JDK11\target\classes;C:\Users\admin\.m2\repository\io\appium\java-client\9.0.0\java-client-9.0.0.jar;C:\Users\admin\.m2\repository\org\seleniumhq\selenium\selenium-api\4.16.1\selenium-api-4.16.1.jar;C:\Users\admin\.m2\repository\org\seleniumhq\selenium\selenium-remote-driver\4.16.1\selenium-remote-driver-4.16.1.jar;C:\Users\admin\.m2\repository\com\google\auto\service\auto-service-annotations\1.1.1\auto-service-annotations-1.1.1.jar;C:\Users\admin\.m2\repository\com\google\guava\guava\32.1.2-jre\guava-32.1.2-jre.jar;C:\Users\admin\.m2\repository\com\google\guava\failureaccess\1.0.1\failureaccess-1.0.1.jar;C:\Users\admin\.m2\repository\com\google\guava\listenablefuture\9999.0-empty-to-avoid-conflict-with-guava\listenablefuture-9999.0-empty-to-avoid-conflict-with-guava.jar;C:\Users\admin\.m2\repository\com\google\code\findbugs\jsr305\3.0.2\jsr305-3.0.2.jar;C:\Users\admin\.m2\repository\org\checkerframework\checker-qual\3.33.0\checker-qual-3.33.0.jar;C:\Users\admin\.m2\repository\com\google\errorprone\error_prone_annotations\2.18.0\error_prone_annotations-2.18.0.jar;C:\Users\admin\.m2\repository\com\google\j2objc\j2objc-annotations\2.8\j2objc-annotations-2.8.jar;C:\Users\admin\.m2\repository\io\opentelemetry\opentelemetry-api\1.28.0\opentelemetry-api-1.28.0.jar;C:\Users\admin\.m2\repository\io\opentelemetry\opentelemetry-context\1.28.0\opentelemetry-context-1.28.0.jar;C:\Users\admin\.m2\repository\io\opentelemetry\opentelemetry-exporter-logging\1.28.0\opentelemetry-exporter-logging-1.28.0.jar;C:\Users\admin\.m2\repository\io\opentelemetry\opentelemetry-sdk-metrics\1.28.0\opentelemetry-sdk-metrics-1.28.0.jar;C:\Users\admin\.m2\repository\io\opentelemetry\opentelemetry-extension-incubator\1.28.0-alpha\opentelemetry-extension-incubator-1.28.0-alpha.jar;C:\Users\admin\.m2\repository\io\opentelemetry\opentelemetry-sdk-logs\1.28.0\opentelemetry-sdk-logs-1.28.0.jar;C:\Users\admin\.m2\repository\io\opentelemetry\opentelemetry-sdk-common\1.28.0\opentelemetry-sdk-common-1.28.0.jar;C:\Users\admin\.m2\repository\io\opentelemetry\opentelemetry-sdk-extension-autoconfigure-spi\1.28.0\opentelemetry-sdk-extension-autoconfigure-spi-1.28.0.jar;C:\Users\admin\.m2\repository\io\opentelemetry\opentelemetry-sdk-extension-autoconfigure\1.28.0\opentelemetry-sdk-extension-autoconfigure-1.28.0.jar;C:\Users\admin\.m2\repository\io\opentelemetry\opentelemetry-api-events\1.28.0-alpha\opentelemetry-api-events-1.28.0-alpha.jar;C:\Users\admin\.m2\repository\io\opentelemetry\opentelemetry-sdk-trace\1.28.0\opentelemetry-sdk-trace-1.28.0.jar;C:\Users\admin\.m2\repository\io\opentelemetry\opentelemetry-sdk\1.28.0\opentelemetry-sdk-1.28.0.jar;C:\Users\admin\.m2\repository\io\opentelemetry\opentelemetry-semconv\1.28.0-alpha\opentelemetry-semconv-1.28.0-alpha.jar;C:\Users\admin\.m2\repository\net\bytebuddy\byte-buddy\1.14.5\byte-buddy-1.14.5.jar;C:\Users\admin\.m2\repository\org\seleniumhq\selenium\selenium-http\4.16.1\selenium-http-4.16.1.jar;C:\Users\admin\.m2\repository\dev\failsafe\failsafe\3.3.2\failsafe-3.3.2.jar;C:\Users\admin\.m2\repository\org\seleniumhq\selenium\selenium-json\4.16.1\selenium-json-4.16.1.jar;C:\Users\admin\.m2\repository\org\seleniumhq\selenium\selenium-manager\4.16.1\selenium-manager-4.16.1.jar;C:\Users\admin\.m2\repository\org\seleniumhq\selenium\selenium-os\4.16.1\selenium-os-4.16.1.jar;C:\Users\admin\.m2\repository\org\apache\commons\commons-exec\1.3\commons-exec-1.3.jar;C:\Users\admin\.m2\repository\org\seleniumhq\selenium\selenium-support\4.16.1\selenium-support-4.16.1.jar;C:\Users\admin\.m2\repository\com\google\code\gson\gson\2.10.1\gson-2.10.1.jar;C:\Users\admin\.m2\repository\org\slf4j\slf4j-api\2.0.9\slf4j-api-2.0.9.jar;C:\Users\admin\.m2\repository\org\testng\testng\7.8.0\testng-7.8.0.jar;C:\Users\admin\.m2\repository\com\beust\jcommander\1.82\jcommander-1.82.jar;C:\Users\admin\.m2\repository\org\webjars\jquery\3.6.1\jquery-3.6.1.jar;C:\Users\admin\.m2\repository\com\aventstack\extentreports\4.1.7\extentreports-4.1.7.jar;C:\Users\admin\.m2\repository\org\freemarker\freemarker\2.3.29\freemarker-2.3.29.jar;C:\Users\admin\.m2\repository\org\apache\httpcomponents\httpclient\4.5.2\httpclient-4.5.2.jar;C:\Users\admin\.m2\repository\org\apache\httpcomponents\httpcore\4.4.4\httpcore-4.4.4.jar;C:\Users\admin\.m2\repository\commons-logging\commons-logging\1.2\commons-logging-1.2.jar;C:\Users\admin\.m2\repository\commons-codec\commons-codec\1.9\commons-codec-1.9.jar;C:\Users\admin\.m2\repository\org\apache\httpcomponents\httpmime\4.5.2\httpmime-4.5.2.jar;C:\Users\admin\.m2\repository\org\mongodb\mongodb-driver\3.12.0\mongodb-driver-3.12.0.jar;C:\Users\admin\.m2\repository\org\mongodb\mongodb-driver-core\3.12.0\mongodb-driver-core-3.12.0.jar;C:\Users\admin\.m2\repository\org\mongodb\bson\3.12.0\bson-3.12.0.jar;C:\Users\admin\.m2\repository\commons-io\commons-io\2.15.1\commons-io-2.15.1.jar;"/>
    <property name="sun.cpu.endian" value="little"/>
    <property name="user.home" value="C:\Users\admin"/>
    <property name="user.language" value="en"/>
    <property name="java.specification.vendor" value="Oracle Corporation"/>
    <property name="java.version.date" value="2023-07-18"/>
    <property name="java.home" value="C:\Program Files\Java\jdk-11"/>
    <property name="file.separator" value="\"/>
    <property name="basedir" value="C:\Users\admin\IdeaProjects\AppiumUpskills_TestNGFramework_JDK11"/>
    <property name="java.vm.compressedOopsMode" value="32-bit"/>
    <property name="line.separator" value="&#10;"/>
    <property name="java.specification.name" value="Java Platform API Specification"/>
    <property name="java.vm.specification.vendor" value="Oracle Corporation"/>
    <property name="java.awt.graphicsenv" value="sun.awt.Win32GraphicsEnvironment"/>
    <property name="surefire.real.class.path" value="C:\Users\admin\AppData\Local\Temp\surefire7507510371248238762\surefirebooter-20231215222408070_3.jar"/>
    <property name="user.script" value=""/>
    <property name="sun.management.compiler" value="HotSpot 64-Bit Tiered Compilers"/>
    <property name="java.runtime.version" value="11.0.20+9-LTS-256"/>
    <property name="user.name" value="admin"/>
    <property name="path.separator" value=";"/>
    <property name="os.version" value="10.0"/>
    <property name="java.runtime.name" value="Java(TM) SE Runtime Environment"/>
    <property name="file.encoding" value="Cp1252"/>
    <property name="java.vm.name" value="Java HotSpot(TM) 64-Bit Server VM"/>
    <property name="java.vendor.version" value="18.9"/>
    <property name="localRepository" value="C:\Users\admin\.m2\repository"/>
    <property name="java.vendor.url.bug" value="https://bugreport.java.com/bugreport/"/>
    <property name="java.io.tmpdir" value="C:\Users\admin\AppData\Local\Temp\"/>
    <property name="java.version" value="11.0.20"/>
    <property name="user.dir" value="C:\Users\admin\IdeaProjects\AppiumUpskills_TestNGFramework_JDK11"/>
    <property name="os.arch" value="amd64"/>
    <property name="java.vm.specification.name" value="Java Virtual Machine Specification"/>
    <property name="java.awt.printerjob" value="sun.awt.windows.WPrinterJob"/>
    <property name="sun.os.patch.level" value=""/>
    <property name="java.library.path" value="C:\Program Files\Java\jdk-11\bin;C:\Windows\Sun\Java\bin;C:\Windows\system32;C:\Windows;C:\Program Files\Common Files\Oracle\Java\javapath;C:\Program Files (x86)\Common Files\Oracle\Java\javapath;C:\Windows\system32;C:\Windows;C:\Windows\System32\Wbem;C:\Windows\System32\WindowsPowerShell\v1.0\;C:\Windows\System32\OpenSSH\;C:\Program Files\nodejs\;C:\Program Files\Git\cmd;C:\Program Files\Docker\Docker\resources\bin;C:\ProgramData\DockerDesktop\version-bin;C:\Program Files\Java\jdk-11\bin;C:\Users\admin\AppData\Local\Android\Sdk\cmdline-tools;C:\Users\admin\AppData\Local\Android\Sdk\platform-tools;C:\Program Files\Maven\apache-maven-3.9.6\bin;C:\Users\admin\AppData\Local\Microsoft\WindowsApps;C:\Users\admin\AppData\Local\Programs\Microsoft VS Code\bin;C:\Users\admin\AppData\Roaming\npm;."/>
    <property name="java.vendor" value="Oracle Corporation"/>
    <property name="java.vm.info" value="mixed mode"/>
    <property name="java.vm.version" value="11.0.20+9-LTS-256"/>
    <property name="java.specification.maintenance.version" value="2"/>
    <property name="sun.io.unicode.encoding" value="UnicodeLittle"/>
    <property name="java.class.version" value="55.0"/>
  </properties>
  <testcase name="tc01PozitifTest" classname="generalstore.tests.TC01_PozitifTest" time="133.637">
    <failure message="Can&apos;t locate an element by this strategy: By.chained({AppiumBy.id: com.androidsample.generalstore:id/toolbar_title})" type="org.openqa.selenium.NoSuchElementException"><![CDATA[org.openqa.selenium.NoSuchElementException: Can't locate an element by this strategy: By.chained({AppiumBy.id: com.androidsample.generalstore:id/toolbar_title})
	at io.appium.java_client.pagefactory.AppiumElementLocator.findElement(AppiumElementLocator.java:166)
	at io.appium.java_client.pagefactory.interceptors.InterceptorOfASingleElement.call(InterceptorOfASingleElement.java:64)
	at io.appium.java_client.proxy.Interceptor.intercept(Interceptor.java:77)
	at org.openqa.selenium.remote.RemoteWebElement$ByteBuddy$LM7NnuoO.getText(Unknown Source)
	at generalstore.pages.FormSayfasi.sayfaBasliginiDogrula(FormSayfasi.java:63)
	at generalstore.tests.TC01_PozitifTest.tc01PozitifTest(TC01_PozitifTest.java:38)
	at java.base/jdk.internal.reflect.NativeMethodAccessorImpl.invoke0(Native Method)
	at java.base/jdk.internal.reflect.NativeMethodAccessorImpl.invoke(NativeMethodAccessorImpl.java:62)
	at java.base/jdk.internal.reflect.DelegatingMethodAccessorImpl.invoke(DelegatingMethodAccessorImpl.java:43)
	at java.base/java.lang.reflect.Method.invoke(Method.java:566)
	at org.testng.internal.invokers.MethodInvocationHelper.invokeMethod(MethodInvocationHelper.java:139)
	at org.testng.internal.invokers.TestInvoker.invokeMethod(TestInvoker.java:664)
	at org.testng.internal.invokers.TestInvoker.invokeTestMethod(TestInvoker.java:227)
	at org.testng.internal.invokers.MethodRunner.runInSequence(MethodRunner.java:50)
	at org.testng.internal.invokers.TestInvoker$MethodInvocationAgent.invoke(TestInvoker.java:957)
	at org.testng.internal.invokers.TestInvoker.invokeTestMethods(TestInvoker.java:200)
	at org.testng.internal.invokers.TestMethodWorker.invokeTestMethods(TestMethodWorker.java:148)
	at org.testng.internal.invokers.TestMethodWorker.run(TestMethodWorker.java:128)
	at java.base/java.util.ArrayList.forEach(ArrayList.java:1541)
	at org.testng.TestRunner.privateRun(TestRunner.java:848)
	at org.testng.TestRunner.run(TestRunner.java:621)
	at org.testng.SuiteRunner.runTest(SuiteRunner.java:443)
	at org.testng.SuiteRunner.runSequentially(SuiteRunner.java:437)
	at org.testng.SuiteRunner.privateRun(SuiteRunner.java:397)
	at org.testng.SuiteRunner.run(SuiteRunner.java:336)
	at org.testng.SuiteRunnerWorker.runSuite(SuiteRunnerWorker.java:52)
	at org.testng.SuiteRunnerWorker.run(SuiteRunnerWorker.java:95)
	at org.testng.TestNG.runSuitesSequentially(TestNG.java:1280)
	at org.testng.TestNG.runSuitesLocally(TestNG.java:1200)
	at org.testng.TestNG.runSuites(TestNG.java:1114)
	at org.testng.TestNG.run(TestNG.java:1082)
	at org.apache.maven.surefire.testng.TestNGExecutor.run(TestNGExecutor.java:308)
	at org.apache.maven.surefire.testng.TestNGXmlTestSuite.execute(TestNGXmlTestSuite.java:71)
	at org.apache.maven.surefire.testng.TestNGProvider.invoke(TestNGProvider.java:113)
	at org.apache.maven.surefire.booter.ForkedBooter.runSuitesInProcess(ForkedBooter.java:385)
	at org.apache.maven.surefire.booter.ForkedBooter.execute(ForkedBooter.java:162)
	at org.apache.maven.surefire.booter.ForkedBooter.run(ForkedBooter.java:507)
	at org.apache.maven.surefire.booter.ForkedBooter.main(ForkedBooter.java:495)
Caused by: org.openqa.selenium.TimeoutException: Expected condition failed: waiting for io.appium.java_client.pagefactory.AppiumElementLocator$WaitingFunction@2cd388f5 (tried for 1 second(s) with 500 milliseconds interval)
	at org.openqa.selenium.support.ui.FluentWait.timeoutException(FluentWait.java:261)
	at org.openqa.selenium.support.ui.FluentWait.until(FluentWait.java:229)
	at io.appium.java_client.pagefactory.AppiumElementLocator.waitFor(AppiumElementLocator.java:135)
	at io.appium.java_client.pagefactory.AppiumElementLocator.findElement(AppiumElementLocator.java:160)
	... 37 more
Caused by: org.openqa.selenium.NoSuchElementException: Cannot locate an element using By.chained({AppiumBy.id: com.androidsample.generalstore:id/toolbar_title})
For documentation on this error, please visit: https://www.selenium.dev/documentation/webdriver/troubleshooting/errors#no-such-element-exception
Build info: version: '4.16.1', revision: '9b4c83354e'
System info: os.name: 'Windows 10', os.arch: 'amd64', os.version: '10.0', java.version: '11.0.20'
Driver info: driver.version: RemoteWebDriver
	at io.appium.java_client.pagefactory.bys.builder.ByChained.findElement(ByChained.java:77)
	at org.openqa.selenium.remote.ElementLocation$ElementFinder$1.findElement(ElementLocation.java:139)
	at org.openqa.selenium.remote.ElementLocation.findElement(ElementLocation.java:59)
	at org.openqa.selenium.remote.RemoteWebDriver.findElement(RemoteWebDriver.java:360)
	at org.openqa.selenium.remote.RemoteWebDriver.findElement(RemoteWebDriver.java:354)
	at io.appium.java_client.pagefactory.bys.ContentMappedBy.findElement(ContentMappedBy.java:53)
	at org.openqa.selenium.remote.ElementLocation$ElementFinder$1.findElement(ElementLocation.java:139)
	at org.openqa.selenium.remote.ElementLocation.findElement(ElementLocation.java:59)
	at org.openqa.selenium.remote.RemoteWebDriver.findElement(RemoteWebDriver.java:360)
	at org.openqa.selenium.remote.RemoteWebDriver.findElement(RemoteWebDriver.java:354)
	at io.appium.java_client.pagefactory.AppiumElementLocator.lambda$findElement$1(AppiumElementLocator.java:160)
	at io.appium.java_client.pagefactory.AppiumElementLocator$WaitingFunction.apply(AppiumElementLocator.java:217)
	at io.appium.java_client.pagefactory.AppiumElementLocator$WaitingFunction.apply(AppiumElementLocator.java:210)
	at org.openqa.selenium.support.ui.FluentWait.until(FluentWait.java:204)
	... 39 more
]]></failure>
    <system-out><![CDATA[&amp#27;[35m[Appium]&amp#27;[39m Welcome to Appium v2.2.2
&amp#27;[35m[Appium]&amp#27;[39m Attempting to load driver uiautomator2...
&amp#27;[35m[Appium]&amp#27;[39m Requiring driver at C:\Users\admin\.appium\node_modules\appium-uiautomator2-driver
&amp#27;[35m[Appium]&amp#27;[39m Appium REST http interface listener started on http://0.0.0.0:4723
&amp#27;[35m[Appium]&amp#27;[39m You can provide the following URLs in your client code to connect to this server:
&amp#27;[35m[Appium]&amp#27;[39m 	http://192.168.0.240:4723/
&amp#27;[35m[Appium]&amp#27;[39m 	http://127.0.0.1:4723/ (only accessible from the same host)
&amp#27;[35m[Appium]&amp#27;[39m Available drivers:
&amp#27;[35m[Appium]&amp#27;[39m   - uiautomator2@2.34.1 (automationName 'UiAutomator2')
&amp#27;[35m[Appium]&amp#27;[39m No plugins have been installed. Use the "appium plugin" command to install the one(s) you want to use.
&amp#27;[38;5;0m[HTTP]&amp#27;[0m &amp#27;[37m-->&amp#27;[39m &amp#27;[37mGET&amp#27;[39m &amp#27;[37m/status&amp#27;[39m
&amp#27;[38;5;0m[HTTP]&amp#27;[0m &amp#27;[90m{}&amp#27;[39m
&amp#27;[38;5;16m[AppiumDriver@1576]&amp#27;[0m Calling AppiumDriver.getStatus() with args: []
&amp#27;[38;5;16m[AppiumDriver@1576]&amp#27;[0m Responding to client with driver.getStatus() result: {"ready":true,"message":"The server is ready to accept new connections","build":{"version":"2.2.2"}}
&amp#27;[38;5;0m[HTTP]&amp#27;[0m &amp#27;[37m<-- GET /status &amp#27;[39m&amp#27;[32m200&amp#27;[39m &amp#27;[90m11 ms - 110&amp#27;[39m
&amp#27;[38;5;0m[HTTP]&amp#27;[0m &amp#27;[90m&amp#27;[39m
&amp#27;[38;5;0m[HTTP]&amp#27;[0m Request idempotency key: b814b36d-9562-412d-939f-41725b0c6d85
&amp#27;[38;5;0m[HTTP]&amp#27;[0m &amp#27;[37m-->&amp#27;[39m &amp#27;[37mPOST&amp#27;[39m &amp#27;[37m/session&amp#27;[39m
&amp#27;[38;5;0m[HTTP]&amp#27;[0m &amp#27;[90m{"capabilities":{"firstMatch":[{}],"alwaysMatch":{"appium:app":"C:\\Users\\admin\\IdeaProjects\\AppiumUpskills_TestNGFramework_JDK11\\src\\test\\resources\\General-Store.apk","appium:automationName":"UIAutomator2","platformName":"ANDROID"}}}&amp#27;[39m
&amp#27;[38;5;16m[AppiumDriver@1576]&amp#27;[0m Calling AppiumDriver.createSession() with args: [null,null,{"firstMatch":[{}],"alwaysMatch":{"appium:app":"C:\\Users\\admin\\IdeaProjects\\AppiumUpskills_TestNGFramework_JDK11\\src\\test\\resources\\General-Store.apk","appium:automationName":"UIAutomator2","platformName":"ANDROID"}}]
&amp#27;[38;5;16m[AppiumDriver@1576]&amp#27;[0m Event 'newSessionRequested' logged at 1702668261072 (21:24:21 GMT+0200 (Eastern European Standard Time))
&amp#27;[35m[Appium]&amp#27;[39m Attempting to find matching driver for automationName 'UIAutomator2' and platformName 'ANDROID'
&amp#27;[35m[Appium]&amp#27;[39m The 'uiautomator2' driver was installed and matched caps.
&amp#27;[35m[Appium]&amp#27;[39m Will require it at C:\Users\admin\.appium\node_modules\appium-uiautomator2-driver
&amp#27;[35m[Appium]&amp#27;[39m Requiring driver at C:\Users\admin\.appium\node_modules\appium-uiautomator2-driver
&amp#27;[38;5;16m[AppiumDriver@1576]&amp#27;[0m Appium v2.2.2 creating new AndroidUiautomator2Driver (v2.34.1) session
&amp#27;[38;5;16m[AppiumDriver@1576]&amp#27;[0m Checking BaseDriver versions for Appium and AndroidUiautomator2Driver
&amp#27;[38;5;16m[AppiumDriver@1576]&amp#27;[0m Appium's BaseDriver version is 9.4.2
&amp#27;[38;5;16m[AppiumDriver@1576]&amp#27;[0m AndroidUiautomator2Driver's BaseDriver version is 9.4.2
&amp#27;[38;5;32m[AndroidUiautomator2Driver@1b09]&amp#27;[0m Creating session with W3C capabilities: {
&amp#27;[38;5;32m[AndroidUiautomator2Driver@1b09]&amp#27;[0m   "alwaysMatch": {
&amp#27;[38;5;32m[AndroidUiautomator2Driver@1b09]&amp#27;[0m     "platformName": "ANDROID",
&amp#27;[38;5;32m[AndroidUiautomator2Driver@1b09]&amp#27;[0m     "appium:app": "C:\\Users\\admin\\IdeaProjects\\AppiumUpskills_TestNGFramework_JDK11\\src\\test\\resources\\General-Store.apk",
&amp#27;[38;5;32m[AndroidUiautomator2Driver@1b09]&amp#27;[0m     "appium:automationName": "UIAutomator2"
&amp#27;[38;5;32m[AndroidUiautomator2Driver@1b09]&amp#27;[0m   },
&amp#27;[38;5;32m[AndroidUiautomator2Driver@1b09]&amp#27;[0m   "firstMatch": [
&amp#27;[38;5;32m[AndroidUiautomator2Driver@1b09]&amp#27;[0m     {}
&amp#27;[38;5;32m[AndroidUiautomator2Driver@1b09]&amp#27;[0m   ]
&amp#27;[38;5;32m[AndroidUiautomator2Driver@1b09]&amp#27;[0m }
&amp#27;[38;5;32m[AndroidUiautomator2Driver@1b09 (4dd9307a)]&amp#27;[0m Session created with session id: 4dd9307a-7c2e-4e60-8422-cb0d8b0d514f
&amp#27;[38;5;48m[BaseDriver]&amp#27;[0m Using local app 'C:\Users\admin\IdeaProjects\AppiumUpskills_TestNGFramework_JDK11\src\test\resources\General-Store.apk'
&amp#27;[38;5;32m[AndroidUiautomator2Driver@1b09 (4dd9307a)]&amp#27;[0m Checking whether app is actually present
&amp#27;[38;5;64m[ADB]&amp#27;[0m Found 1 'build-tools' folders under 'C:\Users\admin\AppData\Local\Android\Sdk' (newest first):
&amp#27;[38;5;64m[ADB]&amp#27;[0m     C:\Users\admin\AppData\Local\Android\Sdk\build-tools\34.0.0
&amp#27;[38;5;64m[ADB]&amp#27;[0m Using 'adb.exe' from 'C:\Users\admin\AppData\Local\Android\Sdk\platform-tools\adb.exe'
&amp#27;[38;5;64m[ADB]&amp#27;[0m Running 'C:\Users\admin\AppData\Local\Android\Sdk\platform-tools\adb.exe -P 5037 start-server'
&amp#27;[38;5;80m[AndroidDriver]&amp#27;[0m Retrieving device list
&amp#27;[38;5;64m[ADB]&amp#27;[0m Trying to find connected Android devices
&amp#27;[38;5;64m[ADB]&amp#27;[0m Getting connected devices
&amp#27;[38;5;64m[ADB]&amp#27;[0m Connected devices: [{"udid":"RZ8NA1VZJ1N","state":"device"}]
&amp#27;[38;5;80m[AndroidDriver]&amp#27;[0m Using device: RZ8NA1VZJ1N
&amp#27;[38;5;64m[ADB]&amp#27;[0m Using 'adb.exe' from 'C:\Users\admin\AppData\Local\Android\Sdk\platform-tools\adb.exe'
&amp#27;[38;5;64m[ADB]&amp#27;[0m Running 'C:\Users\admin\AppData\Local\Android\Sdk\platform-tools\adb.exe -P 5037 start-server'
&amp#27;[38;5;64m[ADB]&amp#27;[0m Setting device id to RZ8NA1VZJ1N
&amp#27;[38;5;64m[ADB]&amp#27;[0m Running 'C:\Users\admin\AppData\Local\Android\Sdk\platform-tools\adb.exe -P 5037 -s RZ8NA1VZJ1N shell getprop ro.build.version.sdk'
&amp#27;[38;5;64m[ADB]&amp#27;[0m Current device property 'ro.build.version.sdk': 33
&amp#27;[38;5;64m[ADB]&amp#27;[0m Getting device platform version
&amp#27;[38;5;64m[ADB]&amp#27;[0m Running 'C:\Users\admin\AppData\Local\Android\Sdk\platform-tools\adb.exe -P 5037 -s RZ8NA1VZJ1N shell getprop ro.build.version.release'
&amp#27;[38;5;64m[ADB]&amp#27;[0m Current device property 'ro.build.version.release': 13
&amp#27;[38;5;64m[ADB]&amp#27;[0m Device API level: 33
&amp#27;[38;5;32m[AndroidUiautomator2Driver@1b09 (4dd9307a)]&amp#27;[0m Relaxing hidden api policy
&amp#27;[38;5;64m[ADB]&amp#27;[0m Running 'C:\Users\admin\AppData\Local\Android\Sdk\platform-tools\adb.exe -P 5037 -s RZ8NA1VZJ1N shell 'settings put global hidden_api_policy_pre_p_apps 1;settings put global hidden_api_policy_p_apps 1;settings put global hidden_api_policy 1''
&amp#27;[38;5;80m[AndroidDriver]&amp#27;[0m Parsing package and activity from app manifest
&amp#27;[38;5;64m[ADB]&amp#27;[0m Package name: 'com.androidsample.generalstore'
&amp#27;[38;5;64m[ADB]&amp#27;[0m Main activity name: 'com.androidsample.generalstore.SplashActivity'
&amp#27;[38;5;80m[AndroidDriver]&amp#27;[0m Parsed package and activity are: com.androidsample.generalstore/com.androidsample.generalstore.SplashActivity
&amp#27;[38;5;80m[AndroidDriver]&amp#27;[0m Pushing settings apk to device...
&amp#27;[38;5;64m[ADB]&amp#27;[0m Getting package info for 'io.appium.settings'
&amp#27;[38;5;64m[ADB]&amp#27;[0m Running 'C:\Users\admin\AppData\Local\Android\Sdk\platform-tools\adb.exe -P 5037 -s RZ8NA1VZJ1N shell dumpsys package io.appium.settings'
&amp#27;[38;5;64m[ADB]&amp#27;[0m The version name of the installed 'io.appium.settings' is greater or equal to the application version name ('5.2.0' >= '5.2.0')
&amp#27;[38;5;64m[ADB]&amp#27;[0m There is no need to install/upgrade 'C:\Users\admin\.appium\node_modules\appium-uiautomator2-driver\node_modules\io.appium.settings\apks\settings_apk-debug.apk'
&amp#27;[38;5;64m[ADB]&amp#27;[0m Getting IDs of all 'io.appium.settings' processes
&amp#27;[38;5;64m[ADB]&amp#27;[0m Running 'C:\Users\admin\AppData\Local\Android\Sdk\platform-tools\adb.exe -P 5037 -s RZ8NA1VZJ1N shell 'pgrep --help; echo $?''
&amp#27;[38;5;64m[ADB]&amp#27;[0m Running 'C:\Users\admin\AppData\Local\Android\Sdk\platform-tools\adb.exe -P 5037 -s RZ8NA1VZJ1N shell pgrep -f \(\[\[:blank:\]\]\|\^\)io\.appium\.settings\(\[\[:blank:\]\]\|\$\)'
&amp#27;[38;5;80m[AndroidDriver]&amp#27;[0m io.appium.settings is already running. There is no need to reset its permissions.
&amp#27;[38;5;64m[ADB]&amp#27;[0m Running 'C:\Users\admin\AppData\Local\Android\Sdk\platform-tools\adb.exe -P 5037 -s RZ8NA1VZJ1N shell appops set io.appium.settings android:mock_location allow'
&amp#27;[38;5;64m[ADB]&amp#27;[0m Running 'C:\Users\admin\AppData\Local\Android\Sdk\platform-tools\adb.exe -P 5037 -s RZ8NA1VZJ1N shell "[ -e '/data/local/tmp/mock_apps.json' ] && echo __PASS__"'
&amp#27;[38;5;64m[ADB]&amp#27;[0m Running 'C:\Users\admin\AppData\Local\Android\Sdk\platform-tools\adb.exe -P 5037 -s RZ8NA1VZJ1N shell cat /data/local/tmp/mock_apps.json'
&amp#27;[38;5;96m[Logcat]&amp#27;[0m Starting logs capture with command: C:\\Users\\admin\\AppData\\Local\\Android\\Sdk\\platform-tools\\adb.exe -P 5037 -s RZ8NA1VZJ1N logcat -v threadtime
&amp#27;[38;5;32m[AndroidUiautomator2Driver@1b09 (4dd9307a)]&amp#27;[0m Forwarding UiAutomator2 Server port 6790 to local port 8200
&amp#27;[38;5;64m[ADB]&amp#27;[0m Forwarding system: 8200 to device: 6790
&amp#27;[38;5;64m[ADB]&amp#27;[0m Running 'C:\Users\admin\AppData\Local\Android\Sdk\platform-tools\adb.exe -P 5037 -s RZ8NA1VZJ1N forward tcp:8200 tcp:6790'
&amp#27;[38;5;64m[ADB]&amp#27;[0m Checking app cert for C:\Users\admin\.appium\node_modules\appium-uiautomator2-driver\node_modules\appium-uiautomator2-server\apks\appium-uiautomator2-server-v5.12.16.apk
&amp#27;[38;5;64m[ADB]&amp#27;[0m Checking app cert for C:\Users\admin\.appium\node_modules\appium-uiautomator2-driver\node_modules\appium-uiautomator2-server\apks\appium-uiautomator2-server-debug-androidTest.apk
&amp#27;[38;5;64m[ADB]&amp#27;[0m Using 'apksigner.jar' from 'C:\Users\admin\AppData\Local\Android\Sdk\build-tools\34.0.0\lib\apksigner.jar'
&amp#27;[38;5;64m[ADB]&amp#27;[0m Starting apksigner: 'C:\\Program Files\\Java\\jdk-11\\bin\\java.exe' -Xmx1024M -Xss1m -jar C:\\Users\\admin\\AppData\\Local\\Android\\Sdk\\build-tools\\34.0.0\\lib\\apksigner.jar verify --print-certs C:\\Users\\admin\\.appium\\node_modules\\appium-uiautomator2-driver\\node_modules\\appium-uiautomator2-server\\apks\\appium-uiautomator2-server-debug-androidTest.apk
&amp#27;[38;5;64m[ADB]&amp#27;[0m Starting apksigner: 'C:\\Program Files\\Java\\jdk-11\\bin\\java.exe' -Xmx1024M -Xss1m -jar C:\\Users\\admin\\AppData\\Local\\Android\\Sdk\\build-tools\\34.0.0\\lib\\apksigner.jar verify --print-certs C:\\Users\\admin\\.appium\\node_modules\\appium-uiautomator2-driver\\node_modules\\appium-uiautomator2-server\\apks\\appium-uiautomator2-server-v5.12.16.apk
&amp#27;[38;5;64m[ADB]&amp#27;[0m apksigner stdout: Signer #1 certificate DN: EMAILADDRESS=android@android.com, CN=Android, OU=Android, O=Android, L=Mountain View, ST=California, C=US
&amp#27;[38;5;64m[ADB]&amp#27;[0m Signer #1 certificate SHA-256 digest: a40da80a59d170caa950cf15c18c454d47a39b26989d8b640ecd745ba71bf5dc
&amp#27;[38;5;64m[ADB]&amp#27;[0m Signer #1 certificate SHA-1 digest: 61ed377e85d386a8dfee6b864bd85b0bfaa5af81
&amp#27;[38;5;64m[ADB]&amp#27;[0m Signer #1 certificate MD5 digest: e89b158e4bcf988ebd09eb83f5378e87
&amp#27;[38;5;64m[ADB]&amp#27;[0m 
&amp#27;[38;5;64m[ADB]&amp#27;[0m sha256 hash did match for 'appium-uiautomator2-server-debug-androidTest.apk'
&amp#27;[38;5;64m[ADB]&amp#27;[0m 'C:\Users\admin\.appium\node_modules\appium-uiautomator2-driver\node_modules\appium-uiautomator2-server\apks\appium-uiautomator2-server-debug-androidTest.apk' is signed with the default certificate
&amp#27;[38;5;64m[ADB]&amp#27;[0m Getting install status for io.appium.uiautomator2.server.test
&amp#27;[38;5;64m[ADB]&amp#27;[0m Running 'C:\Users\admin\AppData\Local\Android\Sdk\platform-tools\adb.exe -P 5037 -s RZ8NA1VZJ1N shell pm path io.appium.uiautomator2.server.test'
&amp#27;[38;5;64m[ADB]&amp#27;[0m 'io.appium.uiautomator2.server.test' is installed
&amp#27;[38;5;64m[ADB]&amp#27;[0m apksigner stdout: Signer #1 certificate DN: EMAILADDRESS=android@android.com, CN=Android, OU=Android, O=Android, L=Mountain View, ST=California, C=US
&amp#27;[38;5;64m[ADB]&amp#27;[0m Signer #1 certificate SHA-256 digest: a40da80a59d170caa950cf15c18c454d47a39b26989d8b640ecd745ba71bf5dc
&amp#27;[38;5;64m[ADB]&amp#27;[0m Signer #1 certificate SHA-1 digest: 61ed377e85d386a8dfee6b864bd85b0bfaa5af81
&amp#27;[38;5;64m[ADB]&amp#27;[0m Signer #1 certificate MD5 digest: e89b158e4bcf988ebd09eb83f5378e87
&amp#27;[38;5;64m[ADB]&amp#27;[0m 
&amp#27;[38;5;64m[ADB]&amp#27;[0m sha256 hash did match for 'appium-uiautomator2-server-v5.12.16.apk'
&amp#27;[38;5;64m[ADB]&amp#27;[0m 'C:\Users\admin\.appium\node_modules\appium-uiautomator2-driver\node_modules\appium-uiautomator2-server\apks\appium-uiautomator2-server-v5.12.16.apk' is signed with the default certificate
&amp#27;[38;5;64m[ADB]&amp#27;[0m Getting package info for 'io.appium.uiautomator2.server'
&amp#27;[38;5;64m[ADB]&amp#27;[0m Running 'C:\Users\admin\AppData\Local\Android\Sdk\platform-tools\adb.exe -P 5037 -s RZ8NA1VZJ1N shell dumpsys package io.appium.uiautomator2.server'
&amp#27;[38;5;64m[ADB]&amp#27;[0m The version name of the installed 'io.appium.uiautomator2.server' is greater or equal to the application version name ('5.12.16' >= '5.12.16')
&amp#27;[38;5;32m[AndroidUiautomator2Driver@1b09 (4dd9307a)]&amp#27;[0m Server packages status: [{"wasSigned":true,"installState":"sameVersionInstalled","appPath":"C:\\Users\\admin\\.appium\\node_modules\\appium-uiautomator2-driver\\node_modules\\appium-uiautomator2-server\\apks\\appium-uiautomator2-server-v5.12.16.apk","appId":"io.appium.uiautomator2.server"},{"wasSigned":true,"installState":"sameVersionInstalled","appPath":"C:\\Users\\admin\\.appium\\node_modules\\appium-uiautomator2-driver\\node_modules\\appium-uiautomator2-server\\apks\\appium-uiautomator2-server-debug-androidTest.apk","appId":"io.appium.uiautomator2.server.test"}]
&amp#27;[38;5;32m[AndroidUiautomator2Driver@1b09 (4dd9307a)]&amp#27;[0m Server packages are not going to be (re)installed
&amp#27;[38;5;32m[AndroidUiautomator2Driver@1b09 (4dd9307a)]&amp#27;[0m Waiting up to 30000ms for services to be available
&amp#27;[38;5;64m[ADB]&amp#27;[0m Running 'C:\Users\admin\AppData\Local\Android\Sdk\platform-tools\adb.exe -P 5037 -s RZ8NA1VZJ1N shell pm list instrumentation'
&amp#27;[38;5;32m[AndroidUiautomator2Driver@1b09 (4dd9307a)]&amp#27;[0m Instrumentation target 'io.appium.uiautomator2.server.test/androidx.test.runner.AndroidJUnitRunner' is available
&amp#27;[38;5;64m[ADB]&amp#27;[0m Adding packages ["io.appium.settings","io.appium.uiautomator2.server","io.appium.uiautomator2.server.test"] to Doze whitelist
&amp#27;[38;5;64m[ADB]&amp#27;[0m Got the following command chunks to execute: [["dumpsys","deviceidle","whitelist","+io.appium.settings",";","dumpsys","deviceidle","whitelist","+io.appium.uiautomator2.server",";","dumpsys","deviceidle","whitelist","+io.appium.uiautomator2.server.test",";"]]
&amp#27;[38;5;64m[ADB]&amp#27;[0m Running 'C:\Users\admin\AppData\Local\Android\Sdk\platform-tools\adb.exe -P 5037 -s RZ8NA1VZJ1N shell dumpsys deviceidle whitelist +io.appium.settings ; dumpsys deviceidle whitelist +io.appium.uiautomator2.server ; dumpsys deviceidle whitelist +io.appium.uiautomator2.server.test ;'
&amp#27;[38;5;64m[ADB]&amp#27;[0m Checking app cert for C:\Users\admin\IdeaProjects\AppiumUpskills_TestNGFramework_JDK11\src\test\resources\General-Store.apk
&amp#27;[38;5;64m[ADB]&amp#27;[0m Starting apksigner: 'C:\\Program Files\\Java\\jdk-11\\bin\\java.exe' -Xmx1024M -Xss1m -jar C:\\Users\\admin\\AppData\\Local\\Android\\Sdk\\build-tools\\34.0.0\\lib\\apksigner.jar verify --print-certs C:\\Users\\admin\\IdeaProjects\\AppiumUpskills_TestNGFramework_JDK11\\src\\test\\resources\\General-Store.apk
&amp#27;[38;5;64m[ADB]&amp#27;[0m apksigner stdout: Signer #1 certificate DN: EMAILADDRESS=android@android.com, CN=Android, OU=Android, O=Android, L=Mountain View, ST=California, C=US
&amp#27;[38;5;64m[ADB]&amp#27;[0m Signer #1 certificate SHA-256 digest: a40da80a59d170caa950cf15c18c454d47a39b26989d8b640ecd745ba71bf5dc
&amp#27;[38;5;64m[ADB]&amp#27;[0m Signer #1 certificate SHA-1 digest: 61ed377e85d386a8dfee6b864bd85b0bfaa5af81
&amp#27;[38;5;64m[ADB]&amp#27;[0m Signer #1 certificate MD5 digest: e89b158e4bcf988ebd09eb83f5378e87
&amp#27;[38;5;64m[ADB]&amp#27;[0m 
&amp#27;[38;5;64m[ADB]&amp#27;[0m sha256 hash did match for 'General-Store.apk'
&amp#27;[38;5;64m[ADB]&amp#27;[0m 'C:\Users\admin\IdeaProjects\AppiumUpskills_TestNGFramework_JDK11\src\test\resources\General-Store.apk' is signed with the default certificate
&amp#27;[38;5;64m[ADB]&amp#27;[0m Getting package info for 'com.androidsample.generalstore'
&amp#27;[38;5;64m[ADB]&amp#27;[0m Running 'C:\Users\admin\AppData\Local\Android\Sdk\platform-tools\adb.exe -P 5037 -s RZ8NA1VZJ1N shell dumpsys package com.androidsample.generalstore'
&amp#27;[38;5;64m[ADB]&amp#27;[0m The version name of the installed 'com.androidsample.generalstore' is greater or equal to the application version name ('1.0.0' >= '1.0.0')
&amp#27;[38;5;64m[ADB]&amp#27;[0m There is no need to install/upgrade 'C:\Users\admin\IdeaProjects\AppiumUpskills_TestNGFramework_JDK11\src\test\resources\General-Store.apk'
&amp#27;[38;5;80m[AndroidDriver]&amp#27;[0m Performing fast reset on 'com.androidsample.generalstore'
&amp#27;[38;5;64m[ADB]&amp#27;[0m Getting install status for com.androidsample.generalstore
&amp#27;[38;5;64m[ADB]&amp#27;[0m Running 'C:\Users\admin\AppData\Local\Android\Sdk\platform-tools\adb.exe -P 5037 -s RZ8NA1VZJ1N shell pm path com.androidsample.generalstore'
&amp#27;[38;5;64m[ADB]&amp#27;[0m 'com.androidsample.generalstore' is installed
&amp#27;[38;5;64m[ADB]&amp#27;[0m Running 'C:\Users\admin\AppData\Local\Android\Sdk\platform-tools\adb.exe -P 5037 -s RZ8NA1VZJ1N shell am force-stop com.androidsample.generalstore'
&amp#27;[38;5;64m[ADB]&amp#27;[0m Running 'C:\Users\admin\AppData\Local\Android\Sdk\platform-tools\adb.exe -P 5037 -s RZ8NA1VZJ1N shell pm clear com.androidsample.generalstore'
&amp#27;[38;5;80m[AndroidDriver]&amp#27;[0m Performed fast reset on the installed 'com.androidsample.generalstore' application (stop and clear)
&amp#27;[38;5;32m[AndroidUiautomator2Driver@1b09 (4dd9307a)]&amp#27;[0m Performing shallow cleanup of automation leftovers
&amp#27;[38;5;32m[AndroidUiautomator2Driver@1b09 (4dd9307a)]&amp#27;[0m No obsolete sessions have been detected (socket hang up)
&amp#27;[38;5;64m[ADB]&amp#27;[0m Running 'C:\Users\admin\AppData\Local\Android\Sdk\platform-tools\adb.exe -P 5037 -s RZ8NA1VZJ1N shell am force-stop io.appium.uiautomator2.server.test'
&amp#27;[38;5;32m[AndroidUiautomator2Driver@1b09 (4dd9307a)]&amp#27;[0m Starting UIAutomator2 server 5.12.16
&amp#27;[38;5;32m[AndroidUiautomator2Driver@1b09 (4dd9307a)]&amp#27;[0m Using UIAutomator2 server from 'C:\Users\admin\.appium\node_modules\appium-uiautomator2-driver\node_modules\appium-uiautomator2-server\apks\appium-uiautomator2-server-v5.12.16.apk' and test from 'C:\Users\admin\.appium\node_modules\appium-uiautomator2-driver\node_modules\appium-uiautomator2-server\apks\appium-uiautomator2-server-debug-androidTest.apk'
&amp#27;[38;5;32m[AndroidUiautomator2Driver@1b09 (4dd9307a)]&amp#27;[0m Waiting up to 30000ms for UiAutomator2 to be online...
&amp#27;[38;5;64m[ADB]&amp#27;[0m Creating ADB subprocess with args: ["-P","5037","-s","RZ8NA1VZJ1N","shell","am","instrument","-w","-e","disableAnalytics","true","io.appium.uiautomator2.server.test/androidx.test.runner.AndroidJUnitRunner"]
&amp#27;[38;5;32m[AndroidUiautomator2Driver@1b09 (4dd9307a)]&amp#27;[0m Matched '/status' to command name 'getStatus'
&amp#27;[38;5;32m[AndroidUiautomator2Driver@1b09 (4dd9307a)]&amp#27;[0m Proxying [GET /status] to [GET http://127.0.0.1:8200/status] with no body
&amp#27;[38;5;32m[AndroidUiautomator2Driver@1b09 (4dd9307a)]&amp#27;[0m socket hang up
&amp#27;[38;5;32m[AndroidUiautomator2Driver@1b09 (4dd9307a)]&amp#27;[0m Matched '/status' to command name 'getStatus'
&amp#27;[38;5;32m[AndroidUiautomator2Driver@1b09 (4dd9307a)]&amp#27;[0m Proxying [GET /status] to [GET http://127.0.0.1:8200/status] with no body
&amp#27;[38;5;32m[AndroidUiautomator2Driver@1b09 (4dd9307a)]&amp#27;[0m socket hang up
&amp#27;[38;5;112m[Instrumentation]&amp#27;[0m io.appium.uiautomator2.server.test.AppiumUiAutomator2Server:
&amp#27;[38;5;32m[AndroidUiautomator2Driver@1b09 (4dd9307a)]&amp#27;[0m Matched '/status' to command name 'getStatus'
&amp#27;[38;5;32m[AndroidUiautomator2Driver@1b09 (4dd9307a)]&amp#27;[0m Proxying [GET /status] to [GET http://127.0.0.1:8200/status] with no body
&amp#27;[38;5;32m[AndroidUiautomator2Driver@1b09 (4dd9307a)]&amp#27;[0m socket hang up
&amp#27;[38;5;32m[AndroidUiautomator2Driver@1b09 (4dd9307a)]&amp#27;[0m Matched '/status' to command name 'getStatus'
&amp#27;[38;5;32m[AndroidUiautomator2Driver@1b09 (4dd9307a)]&amp#27;[0m Proxying [GET /status] to [GET http://127.0.0.1:8200/status] with no body
&amp#27;[38;5;32m[AndroidUiautomator2Driver@1b09 (4dd9307a)]&amp#27;[0m socket hang up
&amp#27;[38;5;32m[AndroidUiautomator2Driver@1b09 (4dd9307a)]&amp#27;[0m Matched '/status' to command name 'getStatus'
&amp#27;[38;5;32m[AndroidUiautomator2Driver@1b09 (4dd9307a)]&amp#27;[0m Proxying [GET /status] to [GET http://127.0.0.1:8200/status] with no body
&amp#27;[38;5;32m[AndroidUiautomator2Driver@1b09 (4dd9307a)]&amp#27;[0m Got response with status 200: {"sessionId":"None","value":{"message":"UiAutomator2 Server is ready to accept commands","ready":true}}
&amp#27;[38;5;32m[AndroidUiautomator2Driver@1b09 (4dd9307a)]&amp#27;[0m The initialization of the instrumentation process took 4296ms
&amp#27;[38;5;32m[AndroidUiautomator2Driver@1b09 (4dd9307a)]&amp#27;[0m Matched '/session' to command name 'createSession'
&amp#27;[38;5;32m[AndroidUiautomator2Driver@1b09 (4dd9307a)]&amp#27;[0m Proxying [POST /session] to [POST http://127.0.0.1:8200/session] with body: {"capabilities":{"firstMatch":[{"platformName":"ANDROID","app":"C:\\Users\\admin\\IdeaProjects\\AppiumUpskills_TestNGFramework_JDK11\\src\\test\\resources\\General-Store.apk","automationName":"UIAutomator2","platform":"LINUX","webStorageEnabled":false,"takesScreenshot":true,"javascriptEnabled":true,"databaseEnabled":false,"networkConnectionEnabled":true,"locationContextEnabled":false,"warnings":{},"desired":{"platformName":"ANDROID","app":"C:\\Users\\admin\\IdeaProjects\\AppiumUpskills_TestNGFramework_JDK11\\src\\test\\resources\\General-Store.apk","automationName":"UIAutomator2"},"deviceName":"RZ8NA1VZJ1N","deviceUDID":"RZ8NA1VZJ1N","appPackage":"com.androidsample.generalstore"}],"alwaysMatch":{}}}
&amp#27;[38;5;32m[AndroidUiautomator2Driver@1b09 (4dd9307a)]&amp#27;[0m Got response with status 200: {"sessionId":"8d605ba8-ba10-464d-8fc6-4d5ebd3881f5","value":{"capabilities":{"firstMatch":[{"platformName":"ANDROID","app":"C:\\Users\\admin\\IdeaProjects\\AppiumUpskills_TestNGFramework_JDK11\\src\\test\\resources\\General-Store.apk","automationName":"UIAutomator2","platform":"LINUX","webStorageEnabled":false,"takesScreenshot":true,"javascriptEnabled":true,"databaseEnabled":false,"networkConnectionEnabled":true,"locationContextEnabled":false,"warnings":{},"desired":{"platformName":"ANDROID","app":"C:\\Users\\admin\\IdeaProjects\\AppiumUpskills_TestNGFramework_JDK11\\src\\test\\resources\\General-Store.apk","automationName":"UIAutomator2"},"deviceName":"RZ8NA1VZJ1N","deviceUDID":"RZ8NA1VZJ1N","appPackage":"com.androidsample.generalstore"}],"alwaysMatch":{}},"sessionId":"8d605ba8-ba10-464d-8fc6-4d5ebd3881f5"}}
&amp#27;[38;5;32m[AndroidUiautomator2Driver@1b09 (4dd9307a)]&amp#27;[0m Determined the downstream protocol as 'W3C'
&amp#27;[38;5;32m[AndroidUiautomator2Driver@1b09 (4dd9307a)]&amp#27;[0m Proxying [GET /appium/device/pixel_ratio] to [GET http://127.0.0.1:8200/session/8d605ba8-ba10-464d-8fc6-4d5ebd3881f5/appium/device/pixel_ratio] with no body
&amp#27;[38;5;32m[AndroidUiautomator2Driver@1b09 (4dd9307a)]&amp#27;[0m Matched '/appium/device/system_bars' to command name 'getSystemBars'
&amp#27;[38;5;32m[AndroidUiautomator2Driver@1b09 (4dd9307a)]&amp#27;[0m Proxying [GET /appium/device/system_bars] to [GET http://127.0.0.1:8200/session/8d605ba8-ba10-464d-8fc6-4d5ebd3881f5/appium/device/system_bars] with no body
&amp#27;[38;5;32m[AndroidUiautomator2Driver@1b09 (4dd9307a)]&amp#27;[0m Matched '/window/current/size' to command name 'getWindowSize'
&amp#27;[38;5;32m[AndroidUiautomator2Driver@1b09 (4dd9307a)]&amp#27;[0m Proxying [GET /window/current/size] to [GET http://127.0.0.1:8200/session/8d605ba8-ba10-464d-8fc6-4d5ebd3881f5/window/current/size] with no body
&amp#27;[38;5;32m[AndroidUiautomator2Driver@1b09 (4dd9307a)]&amp#27;[0m Proxying [GET /appium/device/info] to [GET http://127.0.0.1:8200/session/8d605ba8-ba10-464d-8fc6-4d5ebd3881f5/appium/device/info] with no body
&amp#27;[38;5;64m[ADB]&amp#27;[0m Running 'C:\Users\admin\AppData\Local\Android\Sdk\platform-tools\adb.exe -P 5037 -s RZ8NA1VZJ1N shell dumpsys window'
&amp#27;[38;5;32m[AndroidUiautomator2Driver@1b09 (4dd9307a)]&amp#27;[0m Got response with status 200: {"sessionId":"8d605ba8-ba10-464d-8fc6-4d5ebd3881f5","value":2.625}
&amp#27;[38;5;32m[AndroidUiautomator2Driver@1b09 (4dd9307a)]&amp#27;[0m Got response with status 200: {"sessionId":"8d605ba8-ba10-464d-8fc6-4d5ebd3881f5","value":{"statusBar":87}}
&amp#27;[38;5;32m[AndroidUiautomator2Driver@1b09 (4dd9307a)]&amp#27;[0m Got response with status 200: {"sessionId":"8d605ba8-ba10-464d-8fc6-4d5ebd3881f5","value":{"height":2186,"width":1080}}
&amp#27;[38;5;32m[AndroidUiautomator2Driver@1b09 (4dd9307a)]&amp#27;[0m Got response with status 200: {"sessionId":"8d605ba8-ba10-464d-8fc6-4d5ebd3881f5","value":{"androidId":"f7b25b95edb894ef","apiVersion":"33","bluetooth":{"state":"OFF"},"brand":"samsung","carrierName":"Telenet","displayDensity":420,"locale":"en_US","manufacturer":"samsung","model":"SM-A515F","networks":[{"capabilities":{"SSID":null,"linkDownBandwidthKbps":22596,"linkUpstreamBandwidthKbps":7054,"networkCapabilities":"NET_CAPABILITY_NOT_METERED,NET_CAPABILITY_INTERNET,NET_CAPABILITY_NOT_RESTRICTED,NET_CAPABILITY_TRUSTED,NET_CAPABILITY_NOT_VPN,NET_CAPABILITY_VALIDATED,NET_CAPABILITY_NOT_ROAMING,NET_CAPABILITY_FOREGROUND,NET_CAPABILITY_NOT_CONGESTED,NET_CAPABILITY_NOT_SUSPENDED","signalStrength":-71,"transportTypes":"TRANSPORT_WIFI"},"detailedState":"CONNECTED","extraInfo":"","isAvailable":true,"isConnected":true,"isFailover":false,"isRoaming":false,"state":"CONNECTED","subtype":-1,"subtypeName":"","type":1,"typeName":"WIFI"},{"capabilities":{"SSID":null,"linkDownBandwidthKbps":30000,"linkUpstreamBandwidthKbps":15000,"networkCapabilities":"...
&amp#27;[38;5;80m[AndroidDriver]&amp#27;[0m Screen already unlocked, doing nothing
&amp#27;[38;5;32m[AndroidUiautomator2Driver@1b09 (4dd9307a)]&amp#27;[0m Starting 'com.androidsample.generalstore/com.androidsample.generalstore.SplashActivity and waiting for 'com.androidsample.generalstore/com.androidsample.generalstore.SplashActivity'
&amp#27;[38;5;64m[ADB]&amp#27;[0m Running 'C:\Users\admin\AppData\Local\Android\Sdk\platform-tools\adb.exe -P 5037 -s RZ8NA1VZJ1N shell am start -W -n com.androidsample.generalstore/com.androidsample.generalstore.SplashActivity -S -a android.intent.action.MAIN -c android.intent.category.LAUNCHER -f 0x10200000'
&amp#27;[38;5;64m[ADB]&amp#27;[0m Waiting up to 20000ms for activity matching pkg: 'com.androidsample.generalstore' and activity: 'com.androidsample.generalstore.SplashActivity' to be focused
&amp#27;[38;5;64m[ADB]&amp#27;[0m Possible activities, to be checked: 'com.androidsample.generalstore.SplashActivity', 'com.androidsample.generalstore.com.androidsample.generalstore.SplashActivity'
&amp#27;[38;5;64m[ADB]&amp#27;[0m Getting focused package and activity
&amp#27;[38;5;64m[ADB]&amp#27;[0m Running 'C:\Users\admin\AppData\Local\Android\Sdk\platform-tools\adb.exe -P 5037 -s RZ8NA1VZJ1N shell dumpsys window displays'
&amp#27;[38;5;64m[ADB]&amp#27;[0m Found package: 'com.androidsample.generalstore' and fully qualified activity name : 'com.androidsample.generalstore.SplashActivity'
&amp#27;[38;5;16m[AppiumDriver@1576]&amp#27;[0m New AndroidUiautomator2Driver session created successfully, session 4dd9307a-7c2e-4e60-8422-cb0d8b0d514f added to master session list
&amp#27;[38;5;16m[AppiumDriver@1576]&amp#27;[0m Event 'newSessionStarted' logged at 1702668279539 (21:24:39 GMT+0200 (Eastern European Standard Time))
&amp#27;[38;5;32m[AndroidUiautomator2Driver@1b09 (4dd9307a)]&amp#27;[0m Cached the protocol value 'W3C' for the new session 4dd9307a-7c2e-4e60-8422-cb0d8b0d514f
&amp#27;[38;5;32m[AndroidUiautomator2Driver@1b09 (4dd9307a)]&amp#27;[0m Responding to client with driver.createSession() result: {"capabilities":{"platformName":"ANDROID","app":"C:\\Users\\admin\\IdeaProjects\\AppiumUpskills_TestNGFramework_JDK11\\src\\test\\resources\\General-Store.apk","automationName":"UIAutomator2","platform":"LINUX","webStorageEnabled":false,"takesScreenshot":true,"javascriptEnabled":true,"databaseEnabled":false,"networkConnectionEnabled":true,"locationContextEnabled":false,"warnings":{},"desired":{"platformName":"ANDROID","app":"C:\\Users\\admin\\IdeaProjects\\AppiumUpskills_TestNGFramework_JDK11\\src\\test\\resources\\General-Store.apk","automationName":"UIAutomator2"},"deviceName":"RZ8NA1VZJ1N","deviceUDID":"RZ8NA1VZJ1N","appPackage":"com.androidsample.generalstore","pixelRatio":"2.625","statBarHeight":87,"viewportRect":{"left":0,"top":87,"width":1080,"height":2099},"deviceApiLevel":33,"platformVersion":"13","deviceManufacturer":"samsung","deviceModel":"SM-A515F","deviceScreenSize":"1080x2400","deviceScreenDensity":420}}
&amp#27;[38;5;0m[HTTP]&amp#27;[0m &amp#27;[37m<-- POST /session &amp#27;[39m&amp#27;[32m200&amp#27;[39m &amp#27;[90m18471 ms - 993&amp#27;[39m
&amp#27;[38;5;0m[HTTP]&amp#27;[0m &amp#27;[90m&amp#27;[39m
&amp#27;[38;5;0m[HTTP]&amp#27;[0m &amp#27;[37m-->&amp#27;[39m &amp#27;[37mPOST&amp#27;[39m &amp#27;[37m/session/4dd9307a-7c2e-4e60-8422-cb0d8b0d514f/timeouts&amp#27;[39m
&amp#27;[38;5;0m[HTTP]&amp#27;[0m &amp#27;[90m{"implicit":60000}&amp#27;[39m
&amp#27;[38;5;32m[AndroidUiautomator2Driver@1b09 (4dd9307a)]&amp#27;[0m Calling AppiumDriver.timeouts() with args: [null,null,null,null,60000,"4dd9307a-7c2e-4e60-8422-cb0d8b0d514f"]
&amp#27;[38;5;32m[AndroidUiautomator2Driver@1b09 (4dd9307a)]&amp#27;[0m W3C timeout argument: {"implicit":60000}}
&amp#27;[38;5;32m[AndroidUiautomator2Driver@1b09 (4dd9307a)]&amp#27;[0m Set implicit wait to 60000ms
&amp#27;[38;5;32m[AndroidUiautomator2Driver@1b09 (4dd9307a)]&amp#27;[0m Responding to client with driver.timeouts() result: null
&amp#27;[38;5;0m[HTTP]&amp#27;[0m &amp#27;[37m<-- POST /session/4dd9307a-7c2e-4e60-8422-cb0d8b0d514f/timeouts &amp#27;[39m&amp#27;[32m200&amp#27;[39m &amp#27;[90m5 ms - 14&amp#27;[39m
&amp#27;[38;5;0m[HTTP]&amp#27;[0m &amp#27;[90m&amp#27;[39m
&amp#27;[38;5;0m[HTTP]&amp#27;[0m &amp#27;[37m-->&amp#27;[39m &amp#27;[37mGET&amp#27;[39m &amp#27;[37m/session/4dd9307a-7c2e-4e60-8422-cb0d8b0d514f/context&amp#27;[39m
&amp#27;[38;5;0m[HTTP]&amp#27;[0m &amp#27;[90m{}&amp#27;[39m
&amp#27;[38;5;32m[AndroidUiautomator2Driver@1b09 (4dd9307a)]&amp#27;[0m Calling AppiumDriver.getCurrentContext() with args: ["4dd9307a-7c2e-4e60-8422-cb0d8b0d514f"]
&amp#27;[38;5;32m[AndroidUiautomator2Driver@1b09 (4dd9307a)]&amp#27;[0m Responding to client with driver.getCurrentContext() result: "NATIVE_APP"
&amp#27;[38;5;0m[HTTP]&amp#27;[0m &amp#27;[37m<-- GET /session/4dd9307a-7c2e-4e60-8422-cb0d8b0d514f/context &amp#27;[39m&amp#27;[32m200&amp#27;[39m &amp#27;[90m7 ms - 22&amp#27;[39m
&amp#27;[38;5;0m[HTTP]&amp#27;[0m &amp#27;[90m&amp#27;[39m
&amp#27;[38;5;0m[HTTP]&amp#27;[0m &amp#27;[37m-->&amp#27;[39m &amp#27;[37mPOST&amp#27;[39m &amp#27;[37m/session/4dd9307a-7c2e-4e60-8422-cb0d8b0d514f/element&amp#27;[39m
&amp#27;[38;5;0m[HTTP]&amp#27;[0m &amp#27;[90m{"using":"id","value":"com.androidsample.generalstore:id/spinnerCountry"}&amp#27;[39m
&amp#27;[38;5;32m[AndroidUiautomator2Driver@1b09 (4dd9307a)]&amp#27;[0m Calling AppiumDriver.findElement() with args: ["id","com.androidsample.generalstore:id/spinnerCountry","4dd9307a-7c2e-4e60-8422-cb0d8b0d514f"]
&amp#27;[38;5;32m[AndroidUiautomator2Driver@1b09 (4dd9307a)]&amp#27;[0m Valid locator strategies for this request: xpath, id, class name, accessibility id, css selector, -android uiautomator
&amp#27;[38;5;32m[AndroidUiautomator2Driver@1b09 (4dd9307a)]&amp#27;[0m Waiting up to 60000 ms for condition
&amp#27;[38;5;32m[AndroidUiautomator2Driver@1b09 (4dd9307a)]&amp#27;[0m Matched '/element' to command name 'findElement'
&amp#27;[38;5;32m[AndroidUiautomator2Driver@1b09 (4dd9307a)]&amp#27;[0m Proxying [POST /element] to [POST http://127.0.0.1:8200/session/8d605ba8-ba10-464d-8fc6-4d5ebd3881f5/element] with body: {"strategy":"id","selector":"com.androidsample.generalstore:id/spinnerCountry","context":"","multiple":false}
&amp#27;[38;5;32m[AndroidUiautomator2Driver@1b09 (4dd9307a)]&amp#27;[0m Got response with status 404: {"sessionId":"8d605ba8-ba10-464d-8fc6-4d5ebd3881f5","value":{"error":"no such element","message":"An element could not be located on the page using the given search parameters","stacktrace":"io.appium.uiautomator2.common.exceptions.ElementNotFoundException: An element could not be located on the page using the given search parameters\n\tat io.appium.uiautomator2.handler.FindElement.safeHandle(FindElement.java:63)\n\tat io.appium.uiautomator2.handler.request.SafeRequestHandler.handle(SafeRequestHandler.java:59)\n\tat io.appium.uiautomator2.server.AppiumServlet.handleRequest(AppiumServlet.java:277)\n\tat io.appium.uiautomator2.server.AppiumServlet.handleHttpRequest(AppiumServlet.java:271)\n\tat io.appium.uiautomator2.http.ServerHandler.channelRead(ServerHandler.java:77)\n\tat io.netty.channel.AbstractChannelHandlerContext.invokeChannelRead(AbstractChannelHandlerContext.java:366)\n\tat io.netty.channel.AbstractChannelHandlerContext.invokeChannelRead(AbstractChannelHandlerContext.java:352)\n\tat io.netty.chann...
&amp#27;[38;5;128m[W3C]&amp#27;[0m Matched W3C error code 'no such element' to NoSuchElementError
&amp#27;[38;5;32m[AndroidUiautomator2Driver@1b09 (4dd9307a)]&amp#27;[0m Waited for 86 ms so far
&amp#27;[38;5;32m[AndroidUiautomator2Driver@1b09 (4dd9307a)]&amp#27;[0m Matched '/element' to command name 'findElement'
&amp#27;[38;5;32m[AndroidUiautomator2Driver@1b09 (4dd9307a)]&amp#27;[0m Proxying [POST /element] to [POST http://127.0.0.1:8200/session/8d605ba8-ba10-464d-8fc6-4d5ebd3881f5/element] with body: {"strategy":"id","selector":"com.androidsample.generalstore:id/spinnerCountry","context":"","multiple":false}
&amp#27;[38;5;32m[AndroidUiautomator2Driver@1b09 (4dd9307a)]&amp#27;[0m Got response with status 404: {"sessionId":"8d605ba8-ba10-464d-8fc6-4d5ebd3881f5","value":{"error":"no such element","message":"An element could not be located on the page using the given search parameters","stacktrace":"io.appium.uiautomator2.common.exceptions.ElementNotFoundException: An element could not be located on the page using the given search parameters\n\tat io.appium.uiautomator2.handler.FindElement.safeHandle(FindElement.java:63)\n\tat io.appium.uiautomator2.handler.request.SafeRequestHandler.handle(SafeRequestHandler.java:59)\n\tat io.appium.uiautomator2.server.AppiumServlet.handleRequest(AppiumServlet.java:277)\n\tat io.appium.uiautomator2.server.AppiumServlet.handleHttpRequest(AppiumServlet.java:271)\n\tat io.appium.uiautomator2.http.ServerHandler.channelRead(ServerHandler.java:77)\n\tat io.netty.channel.AbstractChannelHandlerContext.invokeChannelRead(AbstractChannelHandlerContext.java:366)\n\tat io.netty.channel.AbstractChannelHandlerContext.invokeChannelRead(AbstractChannelHandlerContext.java:352)\n\tat io.netty.chann...
&amp#27;[38;5;128m[W3C]&amp#27;[0m Matched W3C error code 'no such element' to NoSuchElementError
&amp#27;[38;5;32m[AndroidUiautomator2Driver@1b09 (4dd9307a)]&amp#27;[0m Waited for 630 ms so far
&amp#27;[38;5;32m[AndroidUiautomator2Driver@1b09 (4dd9307a)]&amp#27;[0m Matched '/element' to command name 'findElement'
&amp#27;[38;5;32m[AndroidUiautomator2Driver@1b09 (4dd9307a)]&amp#27;[0m Proxying [POST /element] to [POST http://127.0.0.1:8200/session/8d605ba8-ba10-464d-8fc6-4d5ebd3881f5/element] with body: {"strategy":"id","selector":"com.androidsample.generalstore:id/spinnerCountry","context":"","multiple":false}
&amp#27;[38;5;32m[AndroidUiautomator2Driver@1b09 (4dd9307a)]&amp#27;[0m Got response with status 404: {"sessionId":"8d605ba8-ba10-464d-8fc6-4d5ebd3881f5","value":{"error":"no such element","message":"An element could not be located on the page using the given search parameters","stacktrace":"io.appium.uiautomator2.common.exceptions.ElementNotFoundException: An element could not be located on the page using the given search parameters\n\tat io.appium.uiautomator2.handler.FindElement.safeHandle(FindElement.java:63)\n\tat io.appium.uiautomator2.handler.request.SafeRequestHandler.handle(SafeRequestHandler.java:59)\n\tat io.appium.uiautomator2.server.AppiumServlet.handleRequest(AppiumServlet.java:277)\n\tat io.appium.uiautomator2.server.AppiumServlet.handleHttpRequest(AppiumServlet.java:271)\n\tat io.appium.uiautomator2.http.ServerHandler.channelRead(ServerHandler.java:77)\n\tat io.netty.channel.AbstractChannelHandlerContext.invokeChannelRead(AbstractChannelHandlerContext.java:366)\n\tat io.netty.channel.AbstractChannelHandlerContext.invokeChannelRead(AbstractChannelHandlerContext.java:352)\n\tat io.netty.chann...
&amp#27;[38;5;128m[W3C]&amp#27;[0m Matched W3C error code 'no such element' to NoSuchElementError
&amp#27;[38;5;32m[AndroidUiautomator2Driver@1b09 (4dd9307a)]&amp#27;[0m Waited for 1201 ms so far
&amp#27;[38;5;32m[AndroidUiautomator2Driver@1b09 (4dd9307a)]&amp#27;[0m Matched '/element' to command name 'findElement'
&amp#27;[38;5;32m[AndroidUiautomator2Driver@1b09 (4dd9307a)]&amp#27;[0m Proxying [POST /element] to [POST http://127.0.0.1:8200/session/8d605ba8-ba10-464d-8fc6-4d5ebd3881f5/element] with body: {"strategy":"id","selector":"com.androidsample.generalstore:id/spinnerCountry","context":"","multiple":false}
&amp#27;[38;5;32m[AndroidUiautomator2Driver@1b09 (4dd9307a)]&amp#27;[0m Got response with status 200: {"sessionId":"8d605ba8-ba10-464d-8fc6-4d5ebd3881f5","value":{"ELEMENT":"00000000-0000-0053-ffff-ffff0000001a","element-6066-11e4-a52e-4f735466cecf":"00000000-0000-0053-ffff-ffff0000001a"}}
&amp#27;[38;5;32m[AndroidUiautomator2Driver@1b09 (4dd9307a)]&amp#27;[0m Responding to client with driver.findElement() result: {"element-6066-11e4-a52e-4f735466cecf":"00000000-0000-0053-ffff-ffff0000001a","ELEMENT":"00000000-0000-0053-ffff-ffff0000001a"}
&amp#27;[38;5;0m[HTTP]&amp#27;[0m &amp#27;[37m<-- POST /session/4dd9307a-7c2e-4e60-8422-cb0d8b0d514f/element &amp#27;[39m&amp#27;[32m200&amp#27;[39m &amp#27;[90m2277 ms - 137&amp#27;[39m
&amp#27;[38;5;0m[HTTP]&amp#27;[0m &amp#27;[90m&amp#27;[39m
&amp#27;[38;5;0m[HTTP]&amp#27;[0m &amp#27;[37m-->&amp#27;[39m &amp#27;[37mPOST&amp#27;[39m &amp#27;[37m/session/4dd9307a-7c2e-4e60-8422-cb0d8b0d514f/element/00000000-0000-0053-ffff-ffff0000001a/click&amp#27;[39m
&amp#27;[38;5;0m[HTTP]&amp#27;[0m &amp#27;[90m{"id":"00000000-0000-0053-ffff-ffff0000001a"}&amp#27;[39m
&amp#27;[38;5;32m[AndroidUiautomator2Driver@1b09 (4dd9307a)]&amp#27;[0m Calling AppiumDriver.click() with args: ["00000000-0000-0053-ffff-ffff0000001a","4dd9307a-7c2e-4e60-8422-cb0d8b0d514f"]
&amp#27;[38;5;32m[AndroidUiautomator2Driver@1b09 (4dd9307a)]&amp#27;[0m Matched '/element/00000000-0000-0053-ffff-ffff0000001a/click' to command name 'click'
&amp#27;[38;5;32m[AndroidUiautomator2Driver@1b09 (4dd9307a)]&amp#27;[0m Proxying [POST /element/00000000-0000-0053-ffff-ffff0000001a/click] to [POST http://127.0.0.1:8200/session/8d605ba8-ba10-464d-8fc6-4d5ebd3881f5/element/00000000-0000-0053-ffff-ffff0000001a/click] with body: {"element":"00000000-0000-0053-ffff-ffff0000001a"}
&amp#27;[38;5;32m[AndroidUiautomator2Driver@1b09 (4dd9307a)]&amp#27;[0m Got response with status 200: {"sessionId":"8d605ba8-ba10-464d-8fc6-4d5ebd3881f5","value":null}
&amp#27;[38;5;32m[AndroidUiautomator2Driver@1b09 (4dd9307a)]&amp#27;[0m Responding to client with driver.click() result: null
&amp#27;[38;5;0m[HTTP]&amp#27;[0m &amp#27;[37m<-- POST /session/4dd9307a-7c2e-4e60-8422-cb0d8b0d514f/element/00000000-0000-0053-ffff-ffff0000001a/click &amp#27;[39m&amp#27;[32m200&amp#27;[39m &amp#27;[90m714 ms - 14&amp#27;[39m
&amp#27;[38;5;0m[HTTP]&amp#27;[0m &amp#27;[90m&amp#27;[39m
&amp#27;[38;5;0m[HTTP]&amp#27;[0m &amp#27;[37m-->&amp#27;[39m &amp#27;[37mPOST&amp#27;[39m &amp#27;[37m/session/4dd9307a-7c2e-4e60-8422-cb0d8b0d514f/element&amp#27;[39m
&amp#27;[38;5;0m[HTTP]&amp#27;[0m &amp#27;[90m{"using":"-android uiautomator","value":"new UiScrollable(new UiSelector()).scrollIntoView(text(\"Austria\"))"}&amp#27;[39m
&amp#27;[38;5;32m[AndroidUiautomator2Driver@1b09 (4dd9307a)]&amp#27;[0m Calling AppiumDriver.findElement() with args: ["-android uiautomator","new UiScrollable(new UiSelector()).scrollIntoView(text(\"Austria\"))","4dd9307a-7c2e-4e60-8422-cb0d8b0d514f"]
&amp#27;[38;5;32m[AndroidUiautomator2Driver@1b09 (4dd9307a)]&amp#27;[0m Valid locator strategies for this request: xpath, id, class name, accessibility id, css selector, -android uiautomator
&amp#27;[38;5;32m[AndroidUiautomator2Driver@1b09 (4dd9307a)]&amp#27;[0m Waiting up to 60000 ms for condition
&amp#27;[38;5;32m[AndroidUiautomator2Driver@1b09 (4dd9307a)]&amp#27;[0m Matched '/element' to command name 'findElement'
&amp#27;[38;5;32m[AndroidUiautomator2Driver@1b09 (4dd9307a)]&amp#27;[0m Proxying [POST /element] to [POST http://127.0.0.1:8200/session/8d605ba8-ba10-464d-8fc6-4d5ebd3881f5/element] with body: {"strategy":"-android uiautomator","selector":"new UiScrollable(new UiSelector()).scrollIntoView(text(\"Austria\"))","context":"","multiple":false}
&amp#27;[38;5;32m[AndroidUiautomator2Driver@1b09 (4dd9307a)]&amp#27;[0m Got response with status 200: {"sessionId":"8d605ba8-ba10-464d-8fc6-4d5ebd3881f5","value":{"ELEMENT":"00000000-0000-0054-ffff-ffff0000002b","element-6066-11e4-a52e-4f735466cecf":"00000000-0000-0054-ffff-ffff0000002b"}}
&amp#27;[38;5;32m[AndroidUiautomator2Driver@1b09 (4dd9307a)]&amp#27;[0m Responding to client with driver.findElement() result: {"element-6066-11e4-a52e-4f735466cecf":"00000000-0000-0054-ffff-ffff0000002b","ELEMENT":"00000000-0000-0054-ffff-ffff0000002b"}
&amp#27;[38;5;0m[HTTP]&amp#27;[0m &amp#27;[37m<-- POST /session/4dd9307a-7c2e-4e60-8422-cb0d8b0d514f/element &amp#27;[39m&amp#27;[32m200&amp#27;[39m &amp#27;[90m5370 ms - 137&amp#27;[39m
&amp#27;[38;5;0m[HTTP]&amp#27;[0m &amp#27;[90m&amp#27;[39m
&amp#27;[38;5;0m[HTTP]&amp#27;[0m &amp#27;[37m-->&amp#27;[39m &amp#27;[37mPOST&amp#27;[39m &amp#27;[37m/session/4dd9307a-7c2e-4e60-8422-cb0d8b0d514f/element&amp#27;[39m
&amp#27;[38;5;0m[HTTP]&amp#27;[0m &amp#27;[90m{"using":"xpath","value":"//android.widget.TextView[@text=\"Austria\"]"}&amp#27;[39m
&amp#27;[38;5;32m[AndroidUiautomator2Driver@1b09 (4dd9307a)]&amp#27;[0m Calling AppiumDriver.findElement() with args: ["xpath","//android.widget.TextView[@text=\"Austria\"]","4dd9307a-7c2e-4e60-8422-cb0d8b0d514f"]
&amp#27;[38;5;32m[AndroidUiautomator2Driver@1b09 (4dd9307a)]&amp#27;[0m Valid locator strategies for this request: xpath, id, class name, accessibility id, css selector, -android uiautomator
&amp#27;[38;5;32m[AndroidUiautomator2Driver@1b09 (4dd9307a)]&amp#27;[0m Waiting up to 60000 ms for condition
&amp#27;[38;5;32m[AndroidUiautomator2Driver@1b09 (4dd9307a)]&amp#27;[0m Matched '/element' to command name 'findElement'
&amp#27;[38;5;32m[AndroidUiautomator2Driver@1b09 (4dd9307a)]&amp#27;[0m Proxying [POST /element] to [POST http://127.0.0.1:8200/session/8d605ba8-ba10-464d-8fc6-4d5ebd3881f5/element] with body: {"strategy":"xpath","selector":"//android.widget.TextView[@text=\"Austria\"]","context":"","multiple":false}
&amp#27;[38;5;32m[AndroidUiautomator2Driver@1b09 (4dd9307a)]&amp#27;[0m Got response with status 200: {"sessionId":"8d605ba8-ba10-464d-8fc6-4d5ebd3881f5","value":{"ELEMENT":"00000000-0000-0054-ffff-ffff0000002b","element-6066-11e4-a52e-4f735466cecf":"00000000-0000-0054-ffff-ffff0000002b"}}
&amp#27;[38;5;32m[AndroidUiautomator2Driver@1b09 (4dd9307a)]&amp#27;[0m Responding to client with driver.findElement() result: {"element-6066-11e4-a52e-4f735466cecf":"00000000-0000-0054-ffff-ffff0000002b","ELEMENT":"00000000-0000-0054-ffff-ffff0000002b"}
&amp#27;[38;5;0m[HTTP]&amp#27;[0m &amp#27;[37m<-- POST /session/4dd9307a-7c2e-4e60-8422-cb0d8b0d514f/element &amp#27;[39m&amp#27;[32m200&amp#27;[39m &amp#27;[90m520 ms - 137&amp#27;[39m
&amp#27;[38;5;0m[HTTP]&amp#27;[0m &amp#27;[90m&amp#27;[39m
&amp#27;[38;5;0m[HTTP]&amp#27;[0m &amp#27;[37m-->&amp#27;[39m &amp#27;[37mPOST&amp#27;[39m &amp#27;[37m/session/4dd9307a-7c2e-4e60-8422-cb0d8b0d514f/element/00000000-0000-0054-ffff-ffff0000002b/click&amp#27;[39m
&amp#27;[38;5;0m[HTTP]&amp#27;[0m &amp#27;[90m{"id":"00000000-0000-0054-ffff-ffff0000002b"}&amp#27;[39m
&amp#27;[38;5;32m[AndroidUiautomator2Driver@1b09 (4dd9307a)]&amp#27;[0m Calling AppiumDriver.click() with args: ["00000000-0000-0054-ffff-ffff0000002b","4dd9307a-7c2e-4e60-8422-cb0d8b0d514f"]
&amp#27;[38;5;32m[AndroidUiautomator2Driver@1b09 (4dd9307a)]&amp#27;[0m Matched '/element/00000000-0000-0054-ffff-ffff0000002b/click' to command name 'click'
&amp#27;[38;5;32m[AndroidUiautomator2Driver@1b09 (4dd9307a)]&amp#27;[0m Proxying [POST /element/00000000-0000-0054-ffff-ffff0000002b/click] to [POST http://127.0.0.1:8200/session/8d605ba8-ba10-464d-8fc6-4d5ebd3881f5/element/00000000-0000-0054-ffff-ffff0000002b/click] with body: {"element":"00000000-0000-0054-ffff-ffff0000002b"}
&amp#27;[38;5;32m[AndroidUiautomator2Driver@1b09 (4dd9307a)]&amp#27;[0m Got response with status 200: {"sessionId":"8d605ba8-ba10-464d-8fc6-4d5ebd3881f5","value":null}
&amp#27;[38;5;32m[AndroidUiautomator2Driver@1b09 (4dd9307a)]&amp#27;[0m Responding to client with driver.click() result: null
&amp#27;[38;5;0m[HTTP]&amp#27;[0m &amp#27;[37m<-- POST /session/4dd9307a-7c2e-4e60-8422-cb0d8b0d514f/element/00000000-0000-0054-ffff-ffff0000002b/click &amp#27;[39m&amp#27;[32m200&amp#27;[39m &amp#27;[90m746 ms - 14&amp#27;[39m
&amp#27;[38;5;0m[HTTP]&amp#27;[0m &amp#27;[90m&amp#27;[39m
&amp#27;[38;5;0m[HTTP]&amp#27;[0m &amp#27;[37m-->&amp#27;[39m &amp#27;[37mGET&amp#27;[39m &amp#27;[37m/session/4dd9307a-7c2e-4e60-8422-cb0d8b0d514f/context&amp#27;[39m
&amp#27;[38;5;0m[HTTP]&amp#27;[0m &amp#27;[90m{}&amp#27;[39m
&amp#27;[38;5;32m[AndroidUiautomator2Driver@1b09 (4dd9307a)]&amp#27;[0m Calling AppiumDriver.getCurrentContext() with args: ["4dd9307a-7c2e-4e60-8422-cb0d8b0d514f"]
&amp#27;[38;5;32m[AndroidUiautomator2Driver@1b09 (4dd9307a)]&amp#27;[0m Responding to client with driver.getCurrentContext() result: "NATIVE_APP"
&amp#27;[38;5;0m[HTTP]&amp#27;[0m &amp#27;[37m<-- GET /session/4dd9307a-7c2e-4e60-8422-cb0d8b0d514f/context &amp#27;[39m&amp#27;[32m200&amp#27;[39m &amp#27;[90m9 ms - 22&amp#27;[39m
&amp#27;[38;5;0m[HTTP]&amp#27;[0m &amp#27;[90m&amp#27;[39m
&amp#27;[38;5;0m[HTTP]&amp#27;[0m &amp#27;[37m-->&amp#27;[39m &amp#27;[37mPOST&amp#27;[39m &amp#27;[37m/session/4dd9307a-7c2e-4e60-8422-cb0d8b0d514f/element&amp#27;[39m
&amp#27;[38;5;0m[HTTP]&amp#27;[0m &amp#27;[90m{"using":"id","value":"com.androidsample.generalstore:id/nameField"}&amp#27;[39m
&amp#27;[38;5;32m[AndroidUiautomator2Driver@1b09 (4dd9307a)]&amp#27;[0m Calling AppiumDriver.findElement() with args: ["id","com.androidsample.generalstore:id/nameField","4dd9307a-7c2e-4e60-8422-cb0d8b0d514f"]
&amp#27;[38;5;32m[AndroidUiautomator2Driver@1b09 (4dd9307a)]&amp#27;[0m Valid locator strategies for this request: xpath, id, class name, accessibility id, css selector, -android uiautomator
&amp#27;[38;5;32m[AndroidUiautomator2Driver@1b09 (4dd9307a)]&amp#27;[0m Waiting up to 60000 ms for condition
&amp#27;[38;5;32m[AndroidUiautomator2Driver@1b09 (4dd9307a)]&amp#27;[0m Matched '/element' to command name 'findElement'
&amp#27;[38;5;32m[AndroidUiautomator2Driver@1b09 (4dd9307a)]&amp#27;[0m Proxying [POST /element] to [POST http://127.0.0.1:8200/session/8d605ba8-ba10-464d-8fc6-4d5ebd3881f5/element] with body: {"strategy":"id","selector":"com.androidsample.generalstore:id/nameField","context":"","multiple":false}
&amp#27;[38;5;32m[AndroidUiautomator2Driver@1b09 (4dd9307a)]&amp#27;[0m Got response with status 200: {"sessionId":"8d605ba8-ba10-464d-8fc6-4d5ebd3881f5","value":{"ELEMENT":"00000000-0000-0053-ffff-ffff0000001c","element-6066-11e4-a52e-4f735466cecf":"00000000-0000-0053-ffff-ffff0000001c"}}
&amp#27;[38;5;32m[AndroidUiautomator2Driver@1b09 (4dd9307a)]&amp#27;[0m Responding to client with driver.findElement() result: {"element-6066-11e4-a52e-4f735466cecf":"00000000-0000-0053-ffff-ffff0000001c","ELEMENT":"00000000-0000-0053-ffff-ffff0000001c"}
&amp#27;[38;5;0m[HTTP]&amp#27;[0m &amp#27;[37m<-- POST /session/4dd9307a-7c2e-4e60-8422-cb0d8b0d514f/element &amp#27;[39m&amp#27;[32m200&amp#27;[39m &amp#27;[90m110 ms - 137&amp#27;[39m
&amp#27;[38;5;0m[HTTP]&amp#27;[0m &amp#27;[90m&amp#27;[39m
&amp#27;[38;5;0m[HTTP]&amp#27;[0m &amp#27;[37m-->&amp#27;[39m &amp#27;[37mPOST&amp#27;[39m &amp#27;[37m/session/4dd9307a-7c2e-4e60-8422-cb0d8b0d514f/element/00000000-0000-0053-ffff-ffff0000001c/value&amp#27;[39m
&amp#27;[38;5;0m[HTTP]&amp#27;[0m &amp#27;[90m{"id":"00000000-0000-0053-ffff-ffff0000001c","text":"Safinaz","value":["S","a","f","i","n","a","z"]}&amp#27;[39m
&amp#27;[38;5;32m[AndroidUiautomator2Driver@1b09 (4dd9307a)]&amp#27;[0m Calling AppiumDriver.setValue() with args: [["S","a","f","i","n","a","z"],"00000000-0000-0053-ffff-ffff0000001c","4dd9307a-7c2e-4e60-8422-cb0d8b0d514f"]
&amp#27;[38;5;32m[AndroidUiautomator2Driver@1b09 (4dd9307a)]&amp#27;[0m Matched '/element/00000000-0000-0053-ffff-ffff0000001c/value' to command name 'setValue'
&amp#27;[38;5;32m[AndroidUiautomator2Driver@1b09 (4dd9307a)]&amp#27;[0m Added 'value' property ["S","a","f","i","n","a","z"] to 'setValue' request body
&amp#27;[38;5;32m[AndroidUiautomator2Driver@1b09 (4dd9307a)]&amp#27;[0m Proxying [POST /element/00000000-0000-0053-ffff-ffff0000001c/value] to [POST http://127.0.0.1:8200/session/8d605ba8-ba10-464d-8fc6-4d5ebd3881f5/element/00000000-0000-0053-ffff-ffff0000001c/value] with body: {"elementId":"00000000-0000-0053-ffff-ffff0000001c","text":"Safinaz","replace":false,"value":["S","a","f","i","n","a","z"]}
&amp#27;[38;5;32m[AndroidUiautomator2Driver@1b09 (4dd9307a)]&amp#27;[0m Got response with status 200: {"sessionId":"8d605ba8-ba10-464d-8fc6-4d5ebd3881f5","value":null}
&amp#27;[38;5;32m[AndroidUiautomator2Driver@1b09 (4dd9307a)]&amp#27;[0m Responding to client with driver.setValue() result: null
&amp#27;[38;5;0m[HTTP]&amp#27;[0m &amp#27;[37m<-- POST /session/4dd9307a-7c2e-4e60-8422-cb0d8b0d514f/element/00000000-0000-0053-ffff-ffff0000001c/value &amp#27;[39m&amp#27;[32m200&amp#27;[39m &amp#27;[90m639 ms - 14&amp#27;[39m
&amp#27;[38;5;0m[HTTP]&amp#27;[0m &amp#27;[90m&amp#27;[39m
&amp#27;[38;5;0m[HTTP]&amp#27;[0m &amp#27;[37m-->&amp#27;[39m &amp#27;[37mGET&amp#27;[39m &amp#27;[37m/session/4dd9307a-7c2e-4e60-8422-cb0d8b0d514f/context&amp#27;[39m
&amp#27;[38;5;0m[HTTP]&amp#27;[0m &amp#27;[90m{}&amp#27;[39m
&amp#27;[38;5;32m[AndroidUiautomator2Driver@1b09 (4dd9307a)]&amp#27;[0m Calling AppiumDriver.getCurrentContext() with args: ["4dd9307a-7c2e-4e60-8422-cb0d8b0d514f"]
&amp#27;[38;5;32m[AndroidUiautomator2Driver@1b09 (4dd9307a)]&amp#27;[0m Responding to client with driver.getCurrentContext() result: "NATIVE_APP"
&amp#27;[38;5;0m[HTTP]&amp#27;[0m &amp#27;[37m<-- GET /session/4dd9307a-7c2e-4e60-8422-cb0d8b0d514f/context &amp#27;[39m&amp#27;[32m200&amp#27;[39m &amp#27;[90m3 ms - 22&amp#27;[39m
&amp#27;[38;5;0m[HTTP]&amp#27;[0m &amp#27;[90m&amp#27;[39m
&amp#27;[38;5;0m[HTTP]&amp#27;[0m &amp#27;[37m-->&amp#27;[39m &amp#27;[37mPOST&amp#27;[39m &amp#27;[37m/session/4dd9307a-7c2e-4e60-8422-cb0d8b0d514f/element&amp#27;[39m
&amp#27;[38;5;0m[HTTP]&amp#27;[0m &amp#27;[90m{"using":"id","value":"com.androidsample.generalstore:id/radioFemale"}&amp#27;[39m
&amp#27;[38;5;32m[AndroidUiautomator2Driver@1b09 (4dd9307a)]&amp#27;[0m Calling AppiumDriver.findElement() with args: ["id","com.androidsample.generalstore:id/radioFemale","4dd9307a-7c2e-4e60-8422-cb0d8b0d514f"]
&amp#27;[38;5;32m[AndroidUiautomator2Driver@1b09 (4dd9307a)]&amp#27;[0m Valid locator strategies for this request: xpath, id, class name, accessibility id, css selector, -android uiautomator
&amp#27;[38;5;32m[AndroidUiautomator2Driver@1b09 (4dd9307a)]&amp#27;[0m Waiting up to 60000 ms for condition
&amp#27;[38;5;32m[AndroidUiautomator2Driver@1b09 (4dd9307a)]&amp#27;[0m Matched '/element' to command name 'findElement'
&amp#27;[38;5;32m[AndroidUiautomator2Driver@1b09 (4dd9307a)]&amp#27;[0m Proxying [POST /element] to [POST http://127.0.0.1:8200/session/8d605ba8-ba10-464d-8fc6-4d5ebd3881f5/element] with body: {"strategy":"id","selector":"com.androidsample.generalstore:id/radioFemale","context":"","multiple":false}
&amp#27;[38;5;32m[AndroidUiautomator2Driver@1b09 (4dd9307a)]&amp#27;[0m Got response with status 200: {"sessionId":"8d605ba8-ba10-464d-8fc6-4d5ebd3881f5","value":{"ELEMENT":"00000000-0000-0053-ffff-ffff00000020","element-6066-11e4-a52e-4f735466cecf":"00000000-0000-0053-ffff-ffff00000020"}}
&amp#27;[38;5;32m[AndroidUiautomator2Driver@1b09 (4dd9307a)]&amp#27;[0m Responding to client with driver.findElement() result: {"element-6066-11e4-a52e-4f735466cecf":"00000000-0000-0053-ffff-ffff00000020","ELEMENT":"00000000-0000-0053-ffff-ffff00000020"}
&amp#27;[38;5;0m[HTTP]&amp#27;[0m &amp#27;[37m<-- POST /session/4dd9307a-7c2e-4e60-8422-cb0d8b0d514f/element &amp#27;[39m&amp#27;[32m200&amp#27;[39m &amp#27;[90m557 ms - 137&amp#27;[39m
&amp#27;[38;5;0m[HTTP]&amp#27;[0m &amp#27;[90m&amp#27;[39m
&amp#27;[38;5;0m[HTTP]&amp#27;[0m &amp#27;[37m-->&amp#27;[39m &amp#27;[37mPOST&amp#27;[39m &amp#27;[37m/session/4dd9307a-7c2e-4e60-8422-cb0d8b0d514f/element/00000000-0000-0053-ffff-ffff00000020/click&amp#27;[39m
&amp#27;[38;5;0m[HTTP]&amp#27;[0m &amp#27;[90m{"id":"00000000-0000-0053-ffff-ffff00000020"}&amp#27;[39m
&amp#27;[38;5;32m[AndroidUiautomator2Driver@1b09 (4dd9307a)]&amp#27;[0m Calling AppiumDriver.click() with args: ["00000000-0000-0053-ffff-ffff00000020","4dd9307a-7c2e-4e60-8422-cb0d8b0d514f"]
&amp#27;[38;5;32m[AndroidUiautomator2Driver@1b09 (4dd9307a)]&amp#27;[0m Matched '/element/00000000-0000-0053-ffff-ffff00000020/click' to command name 'click'
&amp#27;[38;5;32m[AndroidUiautomator2Driver@1b09 (4dd9307a)]&amp#27;[0m Proxying [POST /element/00000000-0000-0053-ffff-ffff00000020/click] to [POST http://127.0.0.1:8200/session/8d605ba8-ba10-464d-8fc6-4d5ebd3881f5/element/00000000-0000-0053-ffff-ffff00000020/click] with body: {"element":"00000000-0000-0053-ffff-ffff00000020"}
&amp#27;[38;5;32m[AndroidUiautomator2Driver@1b09 (4dd9307a)]&amp#27;[0m Got response with status 200: {"sessionId":"8d605ba8-ba10-464d-8fc6-4d5ebd3881f5","value":null}
&amp#27;[38;5;32m[AndroidUiautomator2Driver@1b09 (4dd9307a)]&amp#27;[0m Responding to client with driver.click() result: null
&amp#27;[38;5;0m[HTTP]&amp#27;[0m &amp#27;[37m<-- POST /session/4dd9307a-7c2e-4e60-8422-cb0d8b0d514f/element/00000000-0000-0053-ffff-ffff00000020/click &amp#27;[39m&amp#27;[32m200&amp#27;[39m &amp#27;[90m82 ms - 14&amp#27;[39m
&amp#27;[38;5;0m[HTTP]&amp#27;[0m &amp#27;[90m&amp#27;[39m
&amp#27;[38;5;0m[HTTP]&amp#27;[0m &amp#27;[37m-->&amp#27;[39m &amp#27;[37mGET&amp#27;[39m &amp#27;[37m/session/4dd9307a-7c2e-4e60-8422-cb0d8b0d514f/context&amp#27;[39m
&amp#27;[38;5;0m[HTTP]&amp#27;[0m &amp#27;[90m{}&amp#27;[39m
&amp#27;[38;5;32m[AndroidUiautomator2Driver@1b09 (4dd9307a)]&amp#27;[0m Calling AppiumDriver.getCurrentContext() with args: ["4dd9307a-7c2e-4e60-8422-cb0d8b0d514f"]
&amp#27;[38;5;32m[AndroidUiautomator2Driver@1b09 (4dd9307a)]&amp#27;[0m Responding to client with driver.getCurrentContext() result: "NATIVE_APP"
&amp#27;[38;5;0m[HTTP]&amp#27;[0m &amp#27;[37m<-- GET /session/4dd9307a-7c2e-4e60-8422-cb0d8b0d514f/context &amp#27;[39m&amp#27;[32m200&amp#27;[39m &amp#27;[90m3 ms - 22&amp#27;[39m
&amp#27;[38;5;0m[HTTP]&amp#27;[0m &amp#27;[90m&amp#27;[39m
&amp#27;[38;5;0m[HTTP]&amp#27;[0m &amp#27;[37m-->&amp#27;[39m &amp#27;[37mPOST&amp#27;[39m &amp#27;[37m/session/4dd9307a-7c2e-4e60-8422-cb0d8b0d514f/element&amp#27;[39m
&amp#27;[38;5;0m[HTTP]&amp#27;[0m &amp#27;[90m{"using":"id","value":"com.androidsample.generalstore:id/btnLetsShop"}&amp#27;[39m
&amp#27;[38;5;32m[AndroidUiautomator2Driver@1b09 (4dd9307a)]&amp#27;[0m Calling AppiumDriver.findElement() with args: ["id","com.androidsample.generalstore:id/btnLetsShop","4dd9307a-7c2e-4e60-8422-cb0d8b0d514f"]
&amp#27;[38;5;32m[AndroidUiautomator2Driver@1b09 (4dd9307a)]&amp#27;[0m Valid locator strategies for this request: xpath, id, class name, accessibility id, css selector, -android uiautomator
&amp#27;[38;5;32m[AndroidUiautomator2Driver@1b09 (4dd9307a)]&amp#27;[0m Waiting up to 60000 ms for condition
&amp#27;[38;5;32m[AndroidUiautomator2Driver@1b09 (4dd9307a)]&amp#27;[0m Matched '/element' to command name 'findElement'
&amp#27;[38;5;32m[AndroidUiautomator2Driver@1b09 (4dd9307a)]&amp#27;[0m Proxying [POST /element] to [POST http://127.0.0.1:8200/session/8d605ba8-ba10-464d-8fc6-4d5ebd3881f5/element] with body: {"strategy":"id","selector":"com.androidsample.generalstore:id/btnLetsShop","context":"","multiple":false}
&amp#27;[38;5;32m[AndroidUiautomator2Driver@1b09 (4dd9307a)]&amp#27;[0m Got response with status 200: {"sessionId":"8d605ba8-ba10-464d-8fc6-4d5ebd3881f5","value":{"ELEMENT":"00000000-0000-0053-ffff-ffff00000021","element-6066-11e4-a52e-4f735466cecf":"00000000-0000-0053-ffff-ffff00000021"}}
&amp#27;[38;5;32m[AndroidUiautomator2Driver@1b09 (4dd9307a)]&amp#27;[0m Responding to client with driver.findElement() result: {"element-6066-11e4-a52e-4f735466cecf":"00000000-0000-0053-ffff-ffff00000021","ELEMENT":"00000000-0000-0053-ffff-ffff00000021"}
&amp#27;[38;5;0m[HTTP]&amp#27;[0m &amp#27;[37m<-- POST /session/4dd9307a-7c2e-4e60-8422-cb0d8b0d514f/element &amp#27;[39m&amp#27;[32m200&amp#27;[39m &amp#27;[90m89 ms - 137&amp#27;[39m
&amp#27;[38;5;0m[HTTP]&amp#27;[0m &amp#27;[90m&amp#27;[39m
&amp#27;[38;5;0m[HTTP]&amp#27;[0m &amp#27;[37m-->&amp#27;[39m &amp#27;[37mPOST&amp#27;[39m &amp#27;[37m/session/4dd9307a-7c2e-4e60-8422-cb0d8b0d514f/element/00000000-0000-0053-ffff-ffff00000021/click&amp#27;[39m
&amp#27;[38;5;0m[HTTP]&amp#27;[0m &amp#27;[90m{"id":"00000000-0000-0053-ffff-ffff00000021"}&amp#27;[39m
&amp#27;[38;5;32m[AndroidUiautomator2Driver@1b09 (4dd9307a)]&amp#27;[0m Calling AppiumDriver.click() with args: ["00000000-0000-0053-ffff-ffff00000021","4dd9307a-7c2e-4e60-8422-cb0d8b0d514f"]
&amp#27;[38;5;32m[AndroidUiautomator2Driver@1b09 (4dd9307a)]&amp#27;[0m Matched '/element/00000000-0000-0053-ffff-ffff00000021/click' to command name 'click'
&amp#27;[38;5;32m[AndroidUiautomator2Driver@1b09 (4dd9307a)]&amp#27;[0m Proxying [POST /element/00000000-0000-0053-ffff-ffff00000021/click] to [POST http://127.0.0.1:8200/session/8d605ba8-ba10-464d-8fc6-4d5ebd3881f5/element/00000000-0000-0053-ffff-ffff00000021/click] with body: {"element":"00000000-0000-0053-ffff-ffff00000021"}
&amp#27;[38;5;32m[AndroidUiautomator2Driver@1b09 (4dd9307a)]&amp#27;[0m Got response with status 200: {"sessionId":"8d605ba8-ba10-464d-8fc6-4d5ebd3881f5","value":null}
&amp#27;[38;5;32m[AndroidUiautomator2Driver@1b09 (4dd9307a)]&amp#27;[0m Responding to client with driver.click() result: null
&amp#27;[38;5;0m[HTTP]&amp#27;[0m &amp#27;[37m<-- POST /session/4dd9307a-7c2e-4e60-8422-cb0d8b0d514f/element/00000000-0000-0053-ffff-ffff00000021/click &amp#27;[39m&amp#27;[32m200&amp#27;[39m &amp#27;[90m589 ms - 14&amp#27;[39m
&amp#27;[38;5;0m[HTTP]&amp#27;[0m &amp#27;[90m&amp#27;[39m
&amp#27;[38;5;0m[HTTP]&amp#27;[0m &amp#27;[37m-->&amp#27;[39m &amp#27;[37mPOST&amp#27;[39m &amp#27;[37m/session/4dd9307a-7c2e-4e60-8422-cb0d8b0d514f/element&amp#27;[39m
&amp#27;[38;5;0m[HTTP]&amp#27;[0m &amp#27;[90m{"using":"-android uiautomator","value":"new UiScrollable(new UiSelector()).scrollIntoView(text(\"Converse All Star\"))"}&amp#27;[39m
&amp#27;[38;5;32m[AndroidUiautomator2Driver@1b09 (4dd9307a)]&amp#27;[0m Calling AppiumDriver.findElement() with args: ["-android uiautomator","new UiScrollable(new UiSelector()).scrollIntoView(text(\"Converse All Star\"))","4dd9307a-7c2e-4e60-8422-cb0d8b0d514f"]
&amp#27;[38;5;32m[AndroidUiautomator2Driver@1b09 (4dd9307a)]&amp#27;[0m Valid locator strategies for this request: xpath, id, class name, accessibility id, css selector, -android uiautomator
&amp#27;[38;5;32m[AndroidUiautomator2Driver@1b09 (4dd9307a)]&amp#27;[0m Waiting up to 60000 ms for condition
&amp#27;[38;5;32m[AndroidUiautomator2Driver@1b09 (4dd9307a)]&amp#27;[0m Matched '/element' to command name 'findElement'
&amp#27;[38;5;32m[AndroidUiautomator2Driver@1b09 (4dd9307a)]&amp#27;[0m Proxying [POST /element] to [POST http://127.0.0.1:8200/session/8d605ba8-ba10-464d-8fc6-4d5ebd3881f5/element] with body: {"strategy":"-android uiautomator","selector":"new UiScrollable(new UiSelector()).scrollIntoView(text(\"Converse All Star\"))","context":"","multiple":false}
&amp#27;[38;5;32m[AndroidUiautomator2Driver@1b09 (4dd9307a)]&amp#27;[0m Got response with status 200: {"sessionId":"8d605ba8-ba10-464d-8fc6-4d5ebd3881f5","value":{"ELEMENT":"00000000-0000-0055-ffff-ffff00000067","element-6066-11e4-a52e-4f735466cecf":"00000000-0000-0055-ffff-ffff00000067"}}
&amp#27;[38;5;32m[AndroidUiautomator2Driver@1b09 (4dd9307a)]&amp#27;[0m Responding to client with driver.findElement() result: {"element-6066-11e4-a52e-4f735466cecf":"00000000-0000-0055-ffff-ffff00000067","ELEMENT":"00000000-0000-0055-ffff-ffff00000067"}
&amp#27;[38;5;0m[HTTP]&amp#27;[0m &amp#27;[37m<-- POST /session/4dd9307a-7c2e-4e60-8422-cb0d8b0d514f/element &amp#27;[39m&amp#27;[32m200&amp#27;[39m &amp#27;[90m5403 ms - 137&amp#27;[39m
&amp#27;[38;5;0m[HTTP]&amp#27;[0m &amp#27;[90m&amp#27;[39m
&amp#27;[38;5;0m[HTTP]&amp#27;[0m &amp#27;[37m-->&amp#27;[39m &amp#27;[37mGET&amp#27;[39m &amp#27;[37m/session/4dd9307a-7c2e-4e60-8422-cb0d8b0d514f/context&amp#27;[39m
&amp#27;[38;5;0m[HTTP]&amp#27;[0m &amp#27;[90m{}&amp#27;[39m
&amp#27;[38;5;32m[AndroidUiautomator2Driver@1b09 (4dd9307a)]&amp#27;[0m Calling AppiumDriver.getCurrentContext() with args: ["4dd9307a-7c2e-4e60-8422-cb0d8b0d514f"]
&amp#27;[38;5;32m[AndroidUiautomator2Driver@1b09 (4dd9307a)]&amp#27;[0m Responding to client with driver.getCurrentContext() result: "NATIVE_APP"
&amp#27;[38;5;0m[HTTP]&amp#27;[0m &amp#27;[37m<-- GET /session/4dd9307a-7c2e-4e60-8422-cb0d8b0d514f/context &amp#27;[39m&amp#27;[32m200&amp#27;[39m &amp#27;[90m4 ms - 22&amp#27;[39m
&amp#27;[38;5;0m[HTTP]&amp#27;[0m &amp#27;[90m&amp#27;[39m
&amp#27;[38;5;0m[HTTP]&amp#27;[0m &amp#27;[37m-->&amp#27;[39m &amp#27;[37mPOST&amp#27;[39m &amp#27;[37m/session/4dd9307a-7c2e-4e60-8422-cb0d8b0d514f/elements&amp#27;[39m
&amp#27;[38;5;0m[HTTP]&amp#27;[0m &amp#27;[90m{"using":"xpath","value":"//android.widget.TextView[@text=\"ADD TO CART\"]"}&amp#27;[39m
&amp#27;[38;5;32m[AndroidUiautomator2Driver@1b09 (4dd9307a)]&amp#27;[0m Calling AppiumDriver.findElements() with args: ["xpath","//android.widget.TextView[@text=\"ADD TO CART\"]","4dd9307a-7c2e-4e60-8422-cb0d8b0d514f"]
&amp#27;[38;5;32m[AndroidUiautomator2Driver@1b09 (4dd9307a)]&amp#27;[0m Valid locator strategies for this request: xpath, id, class name, accessibility id, css selector, -android uiautomator
&amp#27;[38;5;32m[AndroidUiautomator2Driver@1b09 (4dd9307a)]&amp#27;[0m Waiting up to 60000 ms for condition
&amp#27;[38;5;32m[AndroidUiautomator2Driver@1b09 (4dd9307a)]&amp#27;[0m Matched '/elements' to command name 'findElements'
&amp#27;[38;5;32m[AndroidUiautomator2Driver@1b09 (4dd9307a)]&amp#27;[0m Proxying [POST /elements] to [POST http://127.0.0.1:8200/session/8d605ba8-ba10-464d-8fc6-4d5ebd3881f5/elements] with body: {"strategy":"xpath","selector":"//android.widget.TextView[@text=\"ADD TO CART\"]","context":"","multiple":true}
&amp#27;[38;5;32m[AndroidUiautomator2Driver@1b09 (4dd9307a)]&amp#27;[0m Got response with status 200: {"sessionId":"8d605ba8-ba10-464d-8fc6-4d5ebd3881f5","value":[{"ELEMENT":"00000000-0000-0055-ffff-ffff0000006b","element-6066-11e4-a52e-4f735466cecf":"00000000-0000-0055-ffff-ffff0000006b"},{"ELEMENT":"00000000-0000-0055-ffff-ffff00000073","element-6066-11e4-a52e-4f735466cecf":"00000000-0000-0055-ffff-ffff00000073"}]}
&amp#27;[38;5;32m[AndroidUiautomator2Driver@1b09 (4dd9307a)]&amp#27;[0m Responding to client with driver.findElements() result: [{"element-6066-11e4-a52e-4f735466cecf":"00000000-0000-0055-ffff-ffff0000006b","ELEMENT":"00000000-0000-0055-ffff-ffff0000006b"},{"element-6066-11e4-a52e-4f735466cecf":"00000000-0000-0055-ffff-ffff00000073","ELEMENT":"00000000-0000-0055-ffff-ffff00000073"}]
&amp#27;[38;5;0m[HTTP]&amp#27;[0m &amp#27;[37m<-- POST /session/4dd9307a-7c2e-4e60-8422-cb0d8b0d514f/elements &amp#27;[39m&amp#27;[32m200&amp#27;[39m &amp#27;[90m313 ms - 267&amp#27;[39m
&amp#27;[38;5;0m[HTTP]&amp#27;[0m &amp#27;[90m&amp#27;[39m
&amp#27;[38;5;0m[HTTP]&amp#27;[0m &amp#27;[37m-->&amp#27;[39m &amp#27;[37mPOST&amp#27;[39m &amp#27;[37m/session/4dd9307a-7c2e-4e60-8422-cb0d8b0d514f/element/00000000-0000-0055-ffff-ffff00000073/click&amp#27;[39m
&amp#27;[38;5;0m[HTTP]&amp#27;[0m &amp#27;[90m{"id":"00000000-0000-0055-ffff-ffff00000073"}&amp#27;[39m
&amp#27;[38;5;32m[AndroidUiautomator2Driver@1b09 (4dd9307a)]&amp#27;[0m Calling AppiumDriver.click() with args: ["00000000-0000-0055-ffff-ffff00000073","4dd9307a-7c2e-4e60-8422-cb0d8b0d514f"]
&amp#27;[38;5;32m[AndroidUiautomator2Driver@1b09 (4dd9307a)]&amp#27;[0m Matched '/element/00000000-0000-0055-ffff-ffff00000073/click' to command name 'click'
&amp#27;[38;5;32m[AndroidUiautomator2Driver@1b09 (4dd9307a)]&amp#27;[0m Proxying [POST /element/00000000-0000-0055-ffff-ffff00000073/click] to [POST http://127.0.0.1:8200/session/8d605ba8-ba10-464d-8fc6-4d5ebd3881f5/element/00000000-0000-0055-ffff-ffff00000073/click] with body: {"element":"00000000-0000-0055-ffff-ffff00000073"}
&amp#27;[38;5;32m[AndroidUiautomator2Driver@1b09 (4dd9307a)]&amp#27;[0m Got response with status 200: {"sessionId":"8d605ba8-ba10-464d-8fc6-4d5ebd3881f5","value":null}
&amp#27;[38;5;32m[AndroidUiautomator2Driver@1b09 (4dd9307a)]&amp#27;[0m Responding to client with driver.click() result: null
&amp#27;[38;5;0m[HTTP]&amp#27;[0m &amp#27;[37m<-- POST /session/4dd9307a-7c2e-4e60-8422-cb0d8b0d514f/element/00000000-0000-0055-ffff-ffff00000073/click &amp#27;[39m&amp#27;[32m200&amp#27;[39m &amp#27;[90m600 ms - 14&amp#27;[39m
&amp#27;[38;5;0m[HTTP]&amp#27;[0m &amp#27;[90m&amp#27;[39m
&amp#27;[38;5;0m[HTTP]&amp#27;[0m &amp#27;[37m-->&amp#27;[39m &amp#27;[37mPOST&amp#27;[39m &amp#27;[37m/session/4dd9307a-7c2e-4e60-8422-cb0d8b0d514f/element&amp#27;[39m
&amp#27;[38;5;0m[HTTP]&amp#27;[0m &amp#27;[90m{"using":"-android uiautomator","value":"new UiScrollable(new UiSelector()).scrollIntoView(text(\"LeBron Soldier 12 \"))"}&amp#27;[39m
&amp#27;[38;5;32m[AndroidUiautomator2Driver@1b09 (4dd9307a)]&amp#27;[0m Calling AppiumDriver.findElement() with args: ["-android uiautomator","new UiScrollable(new UiSelector()).scrollIntoView(text(\"LeBron Soldier 12 \"))","4dd9307a-7c2e-4e60-8422-cb0d8b0d514f"]
&amp#27;[38;5;32m[AndroidUiautomator2Driver@1b09 (4dd9307a)]&amp#27;[0m Valid locator strategies for this request: xpath, id, class name, accessibility id, css selector, -android uiautomator
&amp#27;[38;5;32m[AndroidUiautomator2Driver@1b09 (4dd9307a)]&amp#27;[0m Waiting up to 60000 ms for condition
&amp#27;[38;5;32m[AndroidUiautomator2Driver@1b09 (4dd9307a)]&amp#27;[0m Matched '/element' to command name 'findElement'
&amp#27;[38;5;32m[AndroidUiautomator2Driver@1b09 (4dd9307a)]&amp#27;[0m Proxying [POST /element] to [POST http://127.0.0.1:8200/session/8d605ba8-ba10-464d-8fc6-4d5ebd3881f5/element] with body: {"strategy":"-android uiautomator","selector":"new UiScrollable(new UiSelector()).scrollIntoView(text(\"LeBron Soldier 12 \"))","context":"","multiple":false}
&amp#27;[38;5;32m[AndroidUiautomator2Driver@1b09 (4dd9307a)]&amp#27;[0m Got response with status 200: {"sessionId":"8d605ba8-ba10-464d-8fc6-4d5ebd3881f5","value":{"ELEMENT":"00000000-0000-0055-ffff-ffff0000004e","element-6066-11e4-a52e-4f735466cecf":"00000000-0000-0055-ffff-ffff0000004e"}}
&amp#27;[38;5;32m[AndroidUiautomator2Driver@1b09 (4dd9307a)]&amp#27;[0m Responding to client with driver.findElement() result: {"element-6066-11e4-a52e-4f735466cecf":"00000000-0000-0055-ffff-ffff0000004e","ELEMENT":"00000000-0000-0055-ffff-ffff0000004e"}
&amp#27;[38;5;0m[HTTP]&amp#27;[0m &amp#27;[37m<-- POST /session/4dd9307a-7c2e-4e60-8422-cb0d8b0d514f/element &amp#27;[39m&amp#27;[32m200&amp#27;[39m &amp#27;[90m9526 ms - 137&amp#27;[39m
&amp#27;[38;5;0m[HTTP]&amp#27;[0m &amp#27;[90m&amp#27;[39m
&amp#27;[38;5;0m[HTTP]&amp#27;[0m &amp#27;[37m-->&amp#27;[39m &amp#27;[37mGET&amp#27;[39m &amp#27;[37m/session/4dd9307a-7c2e-4e60-8422-cb0d8b0d514f/context&amp#27;[39m
&amp#27;[38;5;0m[HTTP]&amp#27;[0m &amp#27;[90m{}&amp#27;[39m
&amp#27;[38;5;32m[AndroidUiautomator2Driver@1b09 (4dd9307a)]&amp#27;[0m Calling AppiumDriver.getCurrentContext() with args: ["4dd9307a-7c2e-4e60-8422-cb0d8b0d514f"]
&amp#27;[38;5;32m[AndroidUiautomator2Driver@1b09 (4dd9307a)]&amp#27;[0m Responding to client with driver.getCurrentContext() result: "NATIVE_APP"
&amp#27;[38;5;0m[HTTP]&amp#27;[0m &amp#27;[37m<-- GET /session/4dd9307a-7c2e-4e60-8422-cb0d8b0d514f/context &amp#27;[39m&amp#27;[32m200&amp#27;[39m &amp#27;[90m4 ms - 22&amp#27;[39m
&amp#27;[38;5;0m[HTTP]&amp#27;[0m &amp#27;[90m&amp#27;[39m
&amp#27;[38;5;0m[HTTP]&amp#27;[0m &amp#27;[37m-->&amp#27;[39m &amp#27;[37mPOST&amp#27;[39m &amp#27;[37m/session/4dd9307a-7c2e-4e60-8422-cb0d8b0d514f/elements&amp#27;[39m
&amp#27;[38;5;0m[HTTP]&amp#27;[0m &amp#27;[90m{"using":"xpath","value":"//android.widget.TextView[@text=\"ADD TO CART\"]"}&amp#27;[39m
&amp#27;[38;5;32m[AndroidUiautomator2Driver@1b09 (4dd9307a)]&amp#27;[0m Calling AppiumDriver.findElements() with args: ["xpath","//android.widget.TextView[@text=\"ADD TO CART\"]","4dd9307a-7c2e-4e60-8422-cb0d8b0d514f"]
&amp#27;[38;5;32m[AndroidUiautomator2Driver@1b09 (4dd9307a)]&amp#27;[0m Valid locator strategies for this request: xpath, id, class name, accessibility id, css selector, -android uiautomator
&amp#27;[38;5;32m[AndroidUiautomator2Driver@1b09 (4dd9307a)]&amp#27;[0m Waiting up to 60000 ms for condition
&amp#27;[38;5;32m[AndroidUiautomator2Driver@1b09 (4dd9307a)]&amp#27;[0m Matched '/elements' to command name 'findElements'
&amp#27;[38;5;32m[AndroidUiautomator2Driver@1b09 (4dd9307a)]&amp#27;[0m Proxying [POST /elements] to [POST http://127.0.0.1:8200/session/8d605ba8-ba10-464d-8fc6-4d5ebd3881f5/elements] with body: {"strategy":"xpath","selector":"//android.widget.TextView[@text=\"ADD TO CART\"]","context":"","multiple":true}
&amp#27;[38;5;32m[AndroidUiautomator2Driver@1b09 (4dd9307a)]&amp#27;[0m Got response with status 200: {"sessionId":"8d605ba8-ba10-464d-8fc6-4d5ebd3881f5","value":[{"ELEMENT":"00000000-0000-0055-ffff-ffff00000083","element-6066-11e4-a52e-4f735466cecf":"00000000-0000-0055-ffff-ffff00000083"},{"ELEMENT":"00000000-0000-0055-ffff-ffff00000052","element-6066-11e4-a52e-4f735466cecf":"00000000-0000-0055-ffff-ffff00000052"}]}
&amp#27;[38;5;32m[AndroidUiautomator2Driver@1b09 (4dd9307a)]&amp#27;[0m Responding to client with driver.findElements() result: [{"element-6066-11e4-a52e-4f735466cecf":"00000000-0000-0055-ffff-ffff00000083","ELEMENT":"00000000-0000-0055-ffff-ffff00000083"},{"element-6066-11e4-a52e-4f735466cecf":"00000000-0000-0055-ffff-ffff00000052","ELEMENT":"00000000-0000-0055-ffff-ffff00000052"}]
&amp#27;[38;5;0m[HTTP]&amp#27;[0m &amp#27;[37m<-- POST /session/4dd9307a-7c2e-4e60-8422-cb0d8b0d514f/elements &amp#27;[39m&amp#27;[32m200&amp#27;[39m &amp#27;[90m234 ms - 267&amp#27;[39m
&amp#27;[38;5;0m[HTTP]&amp#27;[0m &amp#27;[90m&amp#27;[39m
&amp#27;[38;5;0m[HTTP]&amp#27;[0m &amp#27;[37m-->&amp#27;[39m &amp#27;[37mPOST&amp#27;[39m &amp#27;[37m/session/4dd9307a-7c2e-4e60-8422-cb0d8b0d514f/element/00000000-0000-0055-ffff-ffff00000052/click&amp#27;[39m
&amp#27;[38;5;0m[HTTP]&amp#27;[0m &amp#27;[90m{"id":"00000000-0000-0055-ffff-ffff00000052"}&amp#27;[39m
&amp#27;[38;5;32m[AndroidUiautomator2Driver@1b09 (4dd9307a)]&amp#27;[0m Calling AppiumDriver.click() with args: ["00000000-0000-0055-ffff-ffff00000052","4dd9307a-7c2e-4e60-8422-cb0d8b0d514f"]
&amp#27;[38;5;32m[AndroidUiautomator2Driver@1b09 (4dd9307a)]&amp#27;[0m Matched '/element/00000000-0000-0055-ffff-ffff00000052/click' to command name 'click'
&amp#27;[38;5;32m[AndroidUiautomator2Driver@1b09 (4dd9307a)]&amp#27;[0m Proxying [POST /element/00000000-0000-0055-ffff-ffff00000052/click] to [POST http://127.0.0.1:8200/session/8d605ba8-ba10-464d-8fc6-4d5ebd3881f5/element/00000000-0000-0055-ffff-ffff00000052/click] with body: {"element":"00000000-0000-0055-ffff-ffff00000052"}
&amp#27;[38;5;32m[AndroidUiautomator2Driver@1b09 (4dd9307a)]&amp#27;[0m Got response with status 200: {"sessionId":"8d605ba8-ba10-464d-8fc6-4d5ebd3881f5","value":null}
&amp#27;[38;5;32m[AndroidUiautomator2Driver@1b09 (4dd9307a)]&amp#27;[0m Responding to client with driver.click() result: null
&amp#27;[38;5;0m[HTTP]&amp#27;[0m &amp#27;[37m<-- POST /session/4dd9307a-7c2e-4e60-8422-cb0d8b0d514f/element/00000000-0000-0055-ffff-ffff00000052/click &amp#27;[39m&amp#27;[32m200&amp#27;[39m &amp#27;[90m58 ms - 14&amp#27;[39m
&amp#27;[38;5;0m[HTTP]&amp#27;[0m &amp#27;[90m&amp#27;[39m
&amp#27;[38;5;0m[HTTP]&amp#27;[0m &amp#27;[37m-->&amp#27;[39m &amp#27;[37mGET&amp#27;[39m &amp#27;[37m/session/4dd9307a-7c2e-4e60-8422-cb0d8b0d514f/context&amp#27;[39m
&amp#27;[38;5;0m[HTTP]&amp#27;[0m &amp#27;[90m{}&amp#27;[39m
&amp#27;[38;5;32m[AndroidUiautomator2Driver@1b09 (4dd9307a)]&amp#27;[0m Calling AppiumDriver.getCurrentContext() with args: ["4dd9307a-7c2e-4e60-8422-cb0d8b0d514f"]
&amp#27;[38;5;32m[AndroidUiautomator2Driver@1b09 (4dd9307a)]&amp#27;[0m Responding to client with driver.getCurrentContext() result: "NATIVE_APP"
&amp#27;[38;5;0m[HTTP]&amp#27;[0m &amp#27;[37m<-- GET /session/4dd9307a-7c2e-4e60-8422-cb0d8b0d514f/context &amp#27;[39m&amp#27;[32m200&amp#27;[39m &amp#27;[90m5 ms - 22&amp#27;[39m
&amp#27;[38;5;0m[HTTP]&amp#27;[0m &amp#27;[90m&amp#27;[39m
&amp#27;[38;5;0m[HTTP]&amp#27;[0m &amp#27;[37m-->&amp#27;[39m &amp#27;[37mPOST&amp#27;[39m &amp#27;[37m/session/4dd9307a-7c2e-4e60-8422-cb0d8b0d514f/element&amp#27;[39m
&amp#27;[38;5;0m[HTTP]&amp#27;[0m &amp#27;[90m{"using":"id","value":"com.androidsample.generalstore:id/appbar_btn_cart"}&amp#27;[39m
&amp#27;[38;5;32m[AndroidUiautomator2Driver@1b09 (4dd9307a)]&amp#27;[0m Calling AppiumDriver.findElement() with args: ["id","com.androidsample.generalstore:id/appbar_btn_cart","4dd9307a-7c2e-4e60-8422-cb0d8b0d514f"]
&amp#27;[38;5;32m[AndroidUiautomator2Driver@1b09 (4dd9307a)]&amp#27;[0m Valid locator strategies for this request: xpath, id, class name, accessibility id, css selector, -android uiautomator
&amp#27;[38;5;32m[AndroidUiautomator2Driver@1b09 (4dd9307a)]&amp#27;[0m Waiting up to 60000 ms for condition
&amp#27;[38;5;32m[AndroidUiautomator2Driver@1b09 (4dd9307a)]&amp#27;[0m Matched '/element' to command name 'findElement'
&amp#27;[38;5;32m[AndroidUiautomator2Driver@1b09 (4dd9307a)]&amp#27;[0m Proxying [POST /element] to [POST http://127.0.0.1:8200/session/8d605ba8-ba10-464d-8fc6-4d5ebd3881f5/element] with body: {"strategy":"id","selector":"com.androidsample.generalstore:id/appbar_btn_cart","context":"","multiple":false}
&amp#27;[38;5;32m[AndroidUiautomator2Driver@1b09 (4dd9307a)]&amp#27;[0m Got response with status 200: {"sessionId":"8d605ba8-ba10-464d-8fc6-4d5ebd3881f5","value":{"ELEMENT":"00000000-0000-0055-ffff-ffff00000045","element-6066-11e4-a52e-4f735466cecf":"00000000-0000-0055-ffff-ffff00000045"}}
&amp#27;[38;5;32m[AndroidUiautomator2Driver@1b09 (4dd9307a)]&amp#27;[0m Responding to client with driver.findElement() result: {"element-6066-11e4-a52e-4f735466cecf":"00000000-0000-0055-ffff-ffff00000045","ELEMENT":"00000000-0000-0055-ffff-ffff00000045"}
&amp#27;[38;5;0m[HTTP]&amp#27;[0m &amp#27;[37m<-- POST /session/4dd9307a-7c2e-4e60-8422-cb0d8b0d514f/element &amp#27;[39m&amp#27;[32m200&amp#27;[39m &amp#27;[90m547 ms - 137&amp#27;[39m
&amp#27;[38;5;0m[HTTP]&amp#27;[0m &amp#27;[90m&amp#27;[39m
&amp#27;[38;5;0m[HTTP]&amp#27;[0m &amp#27;[37m-->&amp#27;[39m &amp#27;[37mPOST&amp#27;[39m &amp#27;[37m/session/4dd9307a-7c2e-4e60-8422-cb0d8b0d514f/element/00000000-0000-0055-ffff-ffff00000045/click&amp#27;[39m
&amp#27;[38;5;0m[HTTP]&amp#27;[0m &amp#27;[90m{"id":"00000000-0000-0055-ffff-ffff00000045"}&amp#27;[39m
&amp#27;[38;5;32m[AndroidUiautomator2Driver@1b09 (4dd9307a)]&amp#27;[0m Calling AppiumDriver.click() with args: ["00000000-0000-0055-ffff-ffff00000045","4dd9307a-7c2e-4e60-8422-cb0d8b0d514f"]
&amp#27;[38;5;32m[AndroidUiautomator2Driver@1b09 (4dd9307a)]&amp#27;[0m Matched '/element/00000000-0000-0055-ffff-ffff00000045/click' to command name 'click'
&amp#27;[38;5;32m[AndroidUiautomator2Driver@1b09 (4dd9307a)]&amp#27;[0m Proxying [POST /element/00000000-0000-0055-ffff-ffff00000045/click] to [POST http://127.0.0.1:8200/session/8d605ba8-ba10-464d-8fc6-4d5ebd3881f5/element/00000000-0000-0055-ffff-ffff00000045/click] with body: {"element":"00000000-0000-0055-ffff-ffff00000045"}
&amp#27;[38;5;32m[AndroidUiautomator2Driver@1b09 (4dd9307a)]&amp#27;[0m Got response with status 200: {"sessionId":"8d605ba8-ba10-464d-8fc6-4d5ebd3881f5","value":null}
&amp#27;[38;5;32m[AndroidUiautomator2Driver@1b09 (4dd9307a)]&amp#27;[0m Responding to client with driver.click() result: null
&amp#27;[38;5;0m[HTTP]&amp#27;[0m &amp#27;[37m<-- POST /session/4dd9307a-7c2e-4e60-8422-cb0d8b0d514f/element/00000000-0000-0055-ffff-ffff00000045/click &amp#27;[39m&amp#27;[32m200&amp#27;[39m &amp#27;[90m89 ms - 14&amp#27;[39m
&amp#27;[38;5;0m[HTTP]&amp#27;[0m &amp#27;[90m&amp#27;[39m
&amp#27;[38;5;0m[HTTP]&amp#27;[0m &amp#27;[37m-->&amp#27;[39m &amp#27;[37mGET&amp#27;[39m &amp#27;[37m/session/4dd9307a-7c2e-4e60-8422-cb0d8b0d514f/context&amp#27;[39m
&amp#27;[38;5;0m[HTTP]&amp#27;[0m &amp#27;[90m{}&amp#27;[39m
&amp#27;[38;5;32m[AndroidUiautomator2Driver@1b09 (4dd9307a)]&amp#27;[0m Calling AppiumDriver.getCurrentContext() with args: ["4dd9307a-7c2e-4e60-8422-cb0d8b0d514f"]
&amp#27;[38;5;32m[AndroidUiautomator2Driver@1b09 (4dd9307a)]&amp#27;[0m Responding to client with driver.getCurrentContext() result: "NATIVE_APP"
&amp#27;[38;5;0m[HTTP]&amp#27;[0m &amp#27;[37m<-- GET /session/4dd9307a-7c2e-4e60-8422-cb0d8b0d514f/context &amp#27;[39m&amp#27;[32m200&amp#27;[39m &amp#27;[90m2 ms - 22&amp#27;[39m
&amp#27;[38;5;0m[HTTP]&amp#27;[0m &amp#27;[90m&amp#27;[39m
&amp#27;[38;5;0m[HTTP]&amp#27;[0m &amp#27;[37m-->&amp#27;[39m &amp#27;[37mPOST&amp#27;[39m &amp#27;[37m/session/4dd9307a-7c2e-4e60-8422-cb0d8b0d514f/elements&amp#27;[39m
&amp#27;[38;5;0m[HTTP]&amp#27;[0m &amp#27;[90m{"using":"id","value":"com.androidsample.generalstore:id/productPrice"}&amp#27;[39m
&amp#27;[38;5;32m[AndroidUiautomator2Driver@1b09 (4dd9307a)]&amp#27;[0m Calling AppiumDriver.findElements() with args: ["id","com.androidsample.generalstore:id/productPrice","4dd9307a-7c2e-4e60-8422-cb0d8b0d514f"]
&amp#27;[38;5;32m[AndroidUiautomator2Driver@1b09 (4dd9307a)]&amp#27;[0m Valid locator strategies for this request: xpath, id, class name, accessibility id, css selector, -android uiautomator
&amp#27;[38;5;32m[AndroidUiautomator2Driver@1b09 (4dd9307a)]&amp#27;[0m Waiting up to 60000 ms for condition
&amp#27;[38;5;32m[AndroidUiautomator2Driver@1b09 (4dd9307a)]&amp#27;[0m Matched '/elements' to command name 'findElements'
&amp#27;[38;5;32m[AndroidUiautomator2Driver@1b09 (4dd9307a)]&amp#27;[0m Proxying [POST /elements] to [POST http://127.0.0.1:8200/session/8d605ba8-ba10-464d-8fc6-4d5ebd3881f5/elements] with body: {"strategy":"id","selector":"com.androidsample.generalstore:id/productPrice","context":"","multiple":true}
&amp#27;[38;5;32m[AndroidUiautomator2Driver@1b09 (4dd9307a)]&amp#27;[0m Got response with status 200: {"sessionId":"8d605ba8-ba10-464d-8fc6-4d5ebd3881f5","value":[{"ELEMENT":"00000000-0000-0056-ffff-ffff000000a7","element-6066-11e4-a52e-4f735466cecf":"00000000-0000-0056-ffff-ffff000000a7"},{"ELEMENT":"00000000-0000-0056-ffff-ffff000000af","element-6066-11e4-a52e-4f735466cecf":"00000000-0000-0056-ffff-ffff000000af"}]}
&amp#27;[38;5;32m[AndroidUiautomator2Driver@1b09 (4dd9307a)]&amp#27;[0m Responding to client with driver.findElements() result: [{"element-6066-11e4-a52e-4f735466cecf":"00000000-0000-0056-ffff-ffff000000a7","ELEMENT":"00000000-0000-0056-ffff-ffff000000a7"},{"element-6066-11e4-a52e-4f735466cecf":"00000000-0000-0056-ffff-ffff000000af","ELEMENT":"00000000-0000-0056-ffff-ffff000000af"}]
&amp#27;[38;5;0m[HTTP]&amp#27;[0m &amp#27;[37m<-- POST /session/4dd9307a-7c2e-4e60-8422-cb0d8b0d514f/elements &amp#27;[39m&amp#27;[32m200&amp#27;[39m &amp#27;[90m1090 ms - 267&amp#27;[39m
&amp#27;[38;5;0m[HTTP]&amp#27;[0m &amp#27;[90m&amp#27;[39m
&amp#27;[38;5;0m[HTTP]&amp#27;[0m &amp#27;[37m-->&amp#27;[39m &amp#27;[37mGET&amp#27;[39m &amp#27;[37m/session/4dd9307a-7c2e-4e60-8422-cb0d8b0d514f/context&amp#27;[39m
&amp#27;[38;5;0m[HTTP]&amp#27;[0m &amp#27;[90m{}&amp#27;[39m
&amp#27;[38;5;32m[AndroidUiautomator2Driver@1b09 (4dd9307a)]&amp#27;[0m Calling AppiumDriver.getCurrentContext() with args: ["4dd9307a-7c2e-4e60-8422-cb0d8b0d514f"]
&amp#27;[38;5;32m[AndroidUiautomator2Driver@1b09 (4dd9307a)]&amp#27;[0m Responding to client with driver.getCurrentContext() result: "NATIVE_APP"
&amp#27;[38;5;0m[HTTP]&amp#27;[0m &amp#27;[37m<-- GET /session/4dd9307a-7c2e-4e60-8422-cb0d8b0d514f/context &amp#27;[39m&amp#27;[32m200&amp#27;[39m &amp#27;[90m2 ms - 22&amp#27;[39m
&amp#27;[38;5;0m[HTTP]&amp#27;[0m &amp#27;[90m&amp#27;[39m
&amp#27;[38;5;0m[HTTP]&amp#27;[0m &amp#27;[37m-->&amp#27;[39m &amp#27;[37mPOST&amp#27;[39m &amp#27;[37m/session/4dd9307a-7c2e-4e60-8422-cb0d8b0d514f/elements&amp#27;[39m
&amp#27;[38;5;0m[HTTP]&amp#27;[0m &amp#27;[90m{"using":"id","value":"com.androidsample.generalstore:id/productPrice"}&amp#27;[39m
&amp#27;[38;5;32m[AndroidUiautomator2Driver@1b09 (4dd9307a)]&amp#27;[0m Calling AppiumDriver.findElements() with args: ["id","com.androidsample.generalstore:id/productPrice","4dd9307a-7c2e-4e60-8422-cb0d8b0d514f"]
&amp#27;[38;5;32m[AndroidUiautomator2Driver@1b09 (4dd9307a)]&amp#27;[0m Valid locator strategies for this request: xpath, id, class name, accessibility id, css selector, -android uiautomator
&amp#27;[38;5;32m[AndroidUiautomator2Driver@1b09 (4dd9307a)]&amp#27;[0m Waiting up to 60000 ms for condition
&amp#27;[38;5;32m[AndroidUiautomator2Driver@1b09 (4dd9307a)]&amp#27;[0m Matched '/elements' to command name 'findElements'
&amp#27;[38;5;32m[AndroidUiautomator2Driver@1b09 (4dd9307a)]&amp#27;[0m Proxying [POST /elements] to [POST http://127.0.0.1:8200/session/8d605ba8-ba10-464d-8fc6-4d5ebd3881f5/elements] with body: {"strategy":"id","selector":"com.androidsample.generalstore:id/productPrice","context":"","multiple":true}
&amp#27;[38;5;32m[AndroidUiautomator2Driver@1b09 (4dd9307a)]&amp#27;[0m Got response with status 200: {"sessionId":"8d605ba8-ba10-464d-8fc6-4d5ebd3881f5","value":[{"ELEMENT":"00000000-0000-0056-ffff-ffff000000a7","element-6066-11e4-a52e-4f735466cecf":"00000000-0000-0056-ffff-ffff000000a7"},{"ELEMENT":"00000000-0000-0056-ffff-ffff000000af","element-6066-11e4-a52e-4f735466cecf":"00000000-0000-0056-ffff-ffff000000af"}]}
&amp#27;[38;5;32m[AndroidUiautomator2Driver@1b09 (4dd9307a)]&amp#27;[0m Responding to client with driver.findElements() result: [{"element-6066-11e4-a52e-4f735466cecf":"00000000-0000-0056-ffff-ffff000000a7","ELEMENT":"00000000-0000-0056-ffff-ffff000000a7"},{"element-6066-11e4-a52e-4f735466cecf":"00000000-0000-0056-ffff-ffff000000af","ELEMENT":"00000000-0000-0056-ffff-ffff000000af"}]
&amp#27;[38;5;0m[HTTP]&amp#27;[0m &amp#27;[37m<-- POST /session/4dd9307a-7c2e-4e60-8422-cb0d8b0d514f/elements &amp#27;[39m&amp#27;[32m200&amp#27;[39m &amp#27;[90m134 ms - 267&amp#27;[39m
&amp#27;[38;5;0m[HTTP]&amp#27;[0m &amp#27;[90m&amp#27;[39m
&amp#27;[38;5;0m[HTTP]&amp#27;[0m &amp#27;[37m-->&amp#27;[39m &amp#27;[37mGET&amp#27;[39m &amp#27;[37m/session/4dd9307a-7c2e-4e60-8422-cb0d8b0d514f/context&amp#27;[39m
&amp#27;[38;5;0m[HTTP]&amp#27;[0m &amp#27;[90m{}&amp#27;[39m
&amp#27;[38;5;32m[AndroidUiautomator2Driver@1b09 (4dd9307a)]&amp#27;[0m Calling AppiumDriver.getCurrentContext() with args: ["4dd9307a-7c2e-4e60-8422-cb0d8b0d514f"]
&amp#27;[38;5;32m[AndroidUiautomator2Driver@1b09 (4dd9307a)]&amp#27;[0m Responding to client with driver.getCurrentContext() result: "NATIVE_APP"
&amp#27;[38;5;0m[HTTP]&amp#27;[0m &amp#27;[37m<-- GET /session/4dd9307a-7c2e-4e60-8422-cb0d8b0d514f/context &amp#27;[39m&amp#27;[32m200&amp#27;[39m &amp#27;[90m3 ms - 22&amp#27;[39m
&amp#27;[38;5;0m[HTTP]&amp#27;[0m &amp#27;[90m&amp#27;[39m
&amp#27;[38;5;0m[HTTP]&amp#27;[0m &amp#27;[37m-->&amp#27;[39m &amp#27;[37mPOST&amp#27;[39m &amp#27;[37m/session/4dd9307a-7c2e-4e60-8422-cb0d8b0d514f/elements&amp#27;[39m
&amp#27;[38;5;0m[HTTP]&amp#27;[0m &amp#27;[90m{"using":"id","value":"com.androidsample.generalstore:id/productPrice"}&amp#27;[39m
&amp#27;[38;5;32m[AndroidUiautomator2Driver@1b09 (4dd9307a)]&amp#27;[0m Calling AppiumDriver.findElements() with args: ["id","com.androidsample.generalstore:id/productPrice","4dd9307a-7c2e-4e60-8422-cb0d8b0d514f"]
&amp#27;[38;5;32m[AndroidUiautomator2Driver@1b09 (4dd9307a)]&amp#27;[0m Valid locator strategies for this request: xpath, id, class name, accessibility id, css selector, -android uiautomator
&amp#27;[38;5;32m[AndroidUiautomator2Driver@1b09 (4dd9307a)]&amp#27;[0m Waiting up to 60000 ms for condition
&amp#27;[38;5;32m[AndroidUiautomator2Driver@1b09 (4dd9307a)]&amp#27;[0m Matched '/elements' to command name 'findElements'
&amp#27;[38;5;32m[AndroidUiautomator2Driver@1b09 (4dd9307a)]&amp#27;[0m Proxying [POST /elements] to [POST http://127.0.0.1:8200/session/8d605ba8-ba10-464d-8fc6-4d5ebd3881f5/elements] with body: {"strategy":"id","selector":"com.androidsample.generalstore:id/productPrice","context":"","multiple":true}
&amp#27;[38;5;32m[AndroidUiautomator2Driver@1b09 (4dd9307a)]&amp#27;[0m Got response with status 200: {"sessionId":"8d605ba8-ba10-464d-8fc6-4d5ebd3881f5","value":[{"ELEMENT":"00000000-0000-0056-ffff-ffff000000a7","element-6066-11e4-a52e-4f735466cecf":"00000000-0000-0056-ffff-ffff000000a7"},{"ELEMENT":"00000000-0000-0056-ffff-ffff000000af","element-6066-11e4-a52e-4f735466cecf":"00000000-0000-0056-ffff-ffff000000af"}]}
&amp#27;[38;5;32m[AndroidUiautomator2Driver@1b09 (4dd9307a)]&amp#27;[0m Responding to client with driver.findElements() result: [{"element-6066-11e4-a52e-4f735466cecf":"00000000-0000-0056-ffff-ffff000000a7","ELEMENT":"00000000-0000-0056-ffff-ffff000000a7"},{"element-6066-11e4-a52e-4f735466cecf":"00000000-0000-0056-ffff-ffff000000af","ELEMENT":"00000000-0000-0056-ffff-ffff000000af"}]
&amp#27;[38;5;0m[HTTP]&amp#27;[0m &amp#27;[37m<-- POST /session/4dd9307a-7c2e-4e60-8422-cb0d8b0d514f/elements &amp#27;[39m&amp#27;[32m200&amp#27;[39m &amp#27;[90m167 ms - 267&amp#27;[39m
&amp#27;[38;5;0m[HTTP]&amp#27;[0m &amp#27;[90m&amp#27;[39m
&amp#27;[38;5;0m[HTTP]&amp#27;[0m &amp#27;[37m-->&amp#27;[39m &amp#27;[37mGET&amp#27;[39m &amp#27;[37m/session/4dd9307a-7c2e-4e60-8422-cb0d8b0d514f/element/00000000-0000-0056-ffff-ffff000000a7/text&amp#27;[39m
&amp#27;[38;5;0m[HTTP]&amp#27;[0m &amp#27;[90m{}&amp#27;[39m
&amp#27;[38;5;32m[AndroidUiautomator2Driver@1b09 (4dd9307a)]&amp#27;[0m Driver proxy active, passing request on via HTTP proxy
&amp#27;[38;5;32m[AndroidUiautomator2Driver@1b09 (4dd9307a)]&amp#27;[0m Matched '/session/4dd9307a-7c2e-4e60-8422-cb0d8b0d514f/element/00000000-0000-0056-ffff-ffff000000a7/text' to command name 'getText'
&amp#27;[38;5;32m[AndroidUiautomator2Driver@1b09 (4dd9307a)]&amp#27;[0m Proxying [GET /session/4dd9307a-7c2e-4e60-8422-cb0d8b0d514f/element/00000000-0000-0056-ffff-ffff000000a7/text] to [GET http://127.0.0.1:8200/session/8d605ba8-ba10-464d-8fc6-4d5ebd3881f5/element/00000000-0000-0056-ffff-ffff000000a7/text] with no body
&amp#27;[38;5;32m[AndroidUiautomator2Driver@1b09 (4dd9307a)]&amp#27;[0m Got response with status 200: {"sessionId":"8d605ba8-ba10-464d-8fc6-4d5ebd3881f5","value":"$170.97"}
&amp#27;[38;5;32m[AndroidUiautomator2Driver@1b09 (4dd9307a)]&amp#27;[0m Replacing sessionId 8d605ba8-ba10-464d-8fc6-4d5ebd3881f5 with 4dd9307a-7c2e-4e60-8422-cb0d8b0d514f
&amp#27;[38;5;0m[HTTP]&amp#27;[0m &amp#27;[37m<-- GET /session/4dd9307a-7c2e-4e60-8422-cb0d8b0d514f/element/00000000-0000-0056-ffff-ffff000000a7/text &amp#27;[39m&amp#27;[32m200&amp#27;[39m &amp#27;[90m38 ms - 70&amp#27;[39m
&amp#27;[38;5;0m[HTTP]&amp#27;[0m &amp#27;[90m&amp#27;[39m
&amp#27;[38;5;0m[HTTP]&amp#27;[0m &amp#27;[37m-->&amp#27;[39m &amp#27;[37mGET&amp#27;[39m &amp#27;[37m/session/4dd9307a-7c2e-4e60-8422-cb0d8b0d514f/context&amp#27;[39m
&amp#27;[38;5;0m[HTTP]&amp#27;[0m &amp#27;[90m{}&amp#27;[39m
&amp#27;[38;5;32m[AndroidUiautomator2Driver@1b09 (4dd9307a)]&amp#27;[0m Calling AppiumDriver.getCurrentContext() with args: ["4dd9307a-7c2e-4e60-8422-cb0d8b0d514f"]
&amp#27;[38;5;32m[AndroidUiautomator2Driver@1b09 (4dd9307a)]&amp#27;[0m Responding to client with driver.getCurrentContext() result: "NATIVE_APP"
&amp#27;[38;5;0m[HTTP]&amp#27;[0m &amp#27;[37m<-- GET /session/4dd9307a-7c2e-4e60-8422-cb0d8b0d514f/context &amp#27;[39m&amp#27;[32m200&amp#27;[39m &amp#27;[90m2 ms - 22&amp#27;[39m
&amp#27;[38;5;0m[HTTP]&amp#27;[0m &amp#27;[90m&amp#27;[39m
&amp#27;[38;5;0m[HTTP]&amp#27;[0m &amp#27;[37m-->&amp#27;[39m &amp#27;[37mPOST&amp#27;[39m &amp#27;[37m/session/4dd9307a-7c2e-4e60-8422-cb0d8b0d514f/elements&amp#27;[39m
&amp#27;[38;5;0m[HTTP]&amp#27;[0m &amp#27;[90m{"using":"id","value":"com.androidsample.generalstore:id/productPrice"}&amp#27;[39m
&amp#27;[38;5;32m[AndroidUiautomator2Driver@1b09 (4dd9307a)]&amp#27;[0m Calling AppiumDriver.findElements() with args: ["id","com.androidsample.generalstore:id/productPrice","4dd9307a-7c2e-4e60-8422-cb0d8b0d514f"]
&amp#27;[38;5;32m[AndroidUiautomator2Driver@1b09 (4dd9307a)]&amp#27;[0m Valid locator strategies for this request: xpath, id, class name, accessibility id, css selector, -android uiautomator
&amp#27;[38;5;32m[AndroidUiautomator2Driver@1b09 (4dd9307a)]&amp#27;[0m Waiting up to 60000 ms for condition
&amp#27;[38;5;32m[AndroidUiautomator2Driver@1b09 (4dd9307a)]&amp#27;[0m Matched '/elements' to command name 'findElements'
&amp#27;[38;5;32m[AndroidUiautomator2Driver@1b09 (4dd9307a)]&amp#27;[0m Proxying [POST /elements] to [POST http://127.0.0.1:8200/session/8d605ba8-ba10-464d-8fc6-4d5ebd3881f5/elements] with body: {"strategy":"id","selector":"com.androidsample.generalstore:id/productPrice","context":"","multiple":true}
&amp#27;[38;5;32m[AndroidUiautomator2Driver@1b09 (4dd9307a)]&amp#27;[0m Got response with status 200: {"sessionId":"8d605ba8-ba10-464d-8fc6-4d5ebd3881f5","value":[{"ELEMENT":"00000000-0000-0056-ffff-ffff000000a7","element-6066-11e4-a52e-4f735466cecf":"00000000-0000-0056-ffff-ffff000000a7"},{"ELEMENT":"00000000-0000-0056-ffff-ffff000000af","element-6066-11e4-a52e-4f735466cecf":"00000000-0000-0056-ffff-ffff000000af"}]}
&amp#27;[38;5;32m[AndroidUiautomator2Driver@1b09 (4dd9307a)]&amp#27;[0m Responding to client with driver.findElements() result: [{"element-6066-11e4-a52e-4f735466cecf":"00000000-0000-0056-ffff-ffff000000a7","ELEMENT":"00000000-0000-0056-ffff-ffff000000a7"},{"element-6066-11e4-a52e-4f735466cecf":"00000000-0000-0056-ffff-ffff000000af","ELEMENT":"00000000-0000-0056-ffff-ffff000000af"}]
&amp#27;[38;5;0m[HTTP]&amp#27;[0m &amp#27;[37m<-- POST /session/4dd9307a-7c2e-4e60-8422-cb0d8b0d514f/elements &amp#27;[39m&amp#27;[32m200&amp#27;[39m &amp#27;[90m155 ms - 267&amp#27;[39m
&amp#27;[38;5;0m[HTTP]&amp#27;[0m &amp#27;[90m&amp#27;[39m
&amp#27;[38;5;0m[HTTP]&amp#27;[0m &amp#27;[37m-->&amp#27;[39m &amp#27;[37mGET&amp#27;[39m &amp#27;[37m/session/4dd9307a-7c2e-4e60-8422-cb0d8b0d514f/context&amp#27;[39m
&amp#27;[38;5;0m[HTTP]&amp#27;[0m &amp#27;[90m{}&amp#27;[39m
&amp#27;[38;5;32m[AndroidUiautomator2Driver@1b09 (4dd9307a)]&amp#27;[0m Calling AppiumDriver.getCurrentContext() with args: ["4dd9307a-7c2e-4e60-8422-cb0d8b0d514f"]
&amp#27;[38;5;32m[AndroidUiautomator2Driver@1b09 (4dd9307a)]&amp#27;[0m Responding to client with driver.getCurrentContext() result: "NATIVE_APP"
&amp#27;[38;5;0m[HTTP]&amp#27;[0m &amp#27;[37m<-- GET /session/4dd9307a-7c2e-4e60-8422-cb0d8b0d514f/context &amp#27;[39m&amp#27;[32m200&amp#27;[39m &amp#27;[90m3 ms - 22&amp#27;[39m
&amp#27;[38;5;0m[HTTP]&amp#27;[0m &amp#27;[90m&amp#27;[39m
&amp#27;[38;5;0m[HTTP]&amp#27;[0m &amp#27;[37m-->&amp#27;[39m &amp#27;[37mPOST&amp#27;[39m &amp#27;[37m/session/4dd9307a-7c2e-4e60-8422-cb0d8b0d514f/elements&amp#27;[39m
&amp#27;[38;5;0m[HTTP]&amp#27;[0m &amp#27;[90m{"using":"id","value":"com.androidsample.generalstore:id/productPrice"}&amp#27;[39m
&amp#27;[38;5;32m[AndroidUiautomator2Driver@1b09 (4dd9307a)]&amp#27;[0m Calling AppiumDriver.findElements() with args: ["id","com.androidsample.generalstore:id/productPrice","4dd9307a-7c2e-4e60-8422-cb0d8b0d514f"]
&amp#27;[38;5;32m[AndroidUiautomator2Driver@1b09 (4dd9307a)]&amp#27;[0m Valid locator strategies for this request: xpath, id, class name, accessibility id, css selector, -android uiautomator
&amp#27;[38;5;32m[AndroidUiautomator2Driver@1b09 (4dd9307a)]&amp#27;[0m Waiting up to 60000 ms for condition
&amp#27;[38;5;32m[AndroidUiautomator2Driver@1b09 (4dd9307a)]&amp#27;[0m Matched '/elements' to command name 'findElements'
&amp#27;[38;5;32m[AndroidUiautomator2Driver@1b09 (4dd9307a)]&amp#27;[0m Proxying [POST /elements] to [POST http://127.0.0.1:8200/session/8d605ba8-ba10-464d-8fc6-4d5ebd3881f5/elements] with body: {"strategy":"id","selector":"com.androidsample.generalstore:id/productPrice","context":"","multiple":true}
&amp#27;[38;5;32m[AndroidUiautomator2Driver@1b09 (4dd9307a)]&amp#27;[0m Got response with status 200: {"sessionId":"8d605ba8-ba10-464d-8fc6-4d5ebd3881f5","value":[{"ELEMENT":"00000000-0000-0056-ffff-ffff000000a7","element-6066-11e4-a52e-4f735466cecf":"00000000-0000-0056-ffff-ffff000000a7"},{"ELEMENT":"00000000-0000-0056-ffff-ffff000000af","element-6066-11e4-a52e-4f735466cecf":"00000000-0000-0056-ffff-ffff000000af"}]}
&amp#27;[38;5;32m[AndroidUiautomator2Driver@1b09 (4dd9307a)]&amp#27;[0m Responding to client with driver.findElements() result: [{"element-6066-11e4-a52e-4f735466cecf":"00000000-0000-0056-ffff-ffff000000a7","ELEMENT":"00000000-0000-0056-ffff-ffff000000a7"},{"element-6066-11e4-a52e-4f735466cecf":"00000000-0000-0056-ffff-ffff000000af","ELEMENT":"00000000-0000-0056-ffff-ffff000000af"}]
&amp#27;[38;5;0m[HTTP]&amp#27;[0m &amp#27;[37m<-- POST /session/4dd9307a-7c2e-4e60-8422-cb0d8b0d514f/elements &amp#27;[39m&amp#27;[32m200&amp#27;[39m &amp#27;[90m125 ms - 267&amp#27;[39m
&amp#27;[38;5;0m[HTTP]&amp#27;[0m &amp#27;[90m&amp#27;[39m
&amp#27;[38;5;0m[HTTP]&amp#27;[0m &amp#27;[37m-->&amp#27;[39m &amp#27;[37mGET&amp#27;[39m &amp#27;[37m/session/4dd9307a-7c2e-4e60-8422-cb0d8b0d514f/element/00000000-0000-0056-ffff-ffff000000af/text&amp#27;[39m
&amp#27;[38;5;0m[HTTP]&amp#27;[0m &amp#27;[90m{}&amp#27;[39m
&amp#27;[38;5;32m[AndroidUiautomator2Driver@1b09 (4dd9307a)]&amp#27;[0m Driver proxy active, passing request on via HTTP proxy
&amp#27;[38;5;32m[AndroidUiautomator2Driver@1b09 (4dd9307a)]&amp#27;[0m Matched '/session/4dd9307a-7c2e-4e60-8422-cb0d8b0d514f/element/00000000-0000-0056-ffff-ffff000000af/text' to command name 'getText'
&amp#27;[38;5;32m[AndroidUiautomator2Driver@1b09 (4dd9307a)]&amp#27;[0m Proxying [GET /session/4dd9307a-7c2e-4e60-8422-cb0d8b0d514f/element/00000000-0000-0056-ffff-ffff000000af/text] to [GET http://127.0.0.1:8200/session/8d605ba8-ba10-464d-8fc6-4d5ebd3881f5/element/00000000-0000-0056-ffff-ffff000000af/text] with no body
&amp#27;[38;5;32m[AndroidUiautomator2Driver@1b09 (4dd9307a)]&amp#27;[0m Got response with status 200: {"sessionId":"8d605ba8-ba10-464d-8fc6-4d5ebd3881f5","value":"$130.0"}
&amp#27;[38;5;32m[AndroidUiautomator2Driver@1b09 (4dd9307a)]&amp#27;[0m Replacing sessionId 8d605ba8-ba10-464d-8fc6-4d5ebd3881f5 with 4dd9307a-7c2e-4e60-8422-cb0d8b0d514f
&amp#27;[38;5;0m[HTTP]&amp#27;[0m &amp#27;[37m<-- GET /session/4dd9307a-7c2e-4e60-8422-cb0d8b0d514f/element/00000000-0000-0056-ffff-ffff000000af/text &amp#27;[39m&amp#27;[32m200&amp#27;[39m &amp#27;[90m39 ms - 69&amp#27;[39m
&amp#27;[38;5;0m[HTTP]&amp#27;[0m &amp#27;[90m&amp#27;[39m
&amp#27;[38;5;0m[HTTP]&amp#27;[0m &amp#27;[37m-->&amp#27;[39m &amp#27;[37mGET&amp#27;[39m &amp#27;[37m/session/4dd9307a-7c2e-4e60-8422-cb0d8b0d514f/context&amp#27;[39m
&amp#27;[38;5;0m[HTTP]&amp#27;[0m &amp#27;[90m{}&amp#27;[39m
&amp#27;[38;5;32m[AndroidUiautomator2Driver@1b09 (4dd9307a)]&amp#27;[0m Calling AppiumDriver.getCurrentContext() with args: ["4dd9307a-7c2e-4e60-8422-cb0d8b0d514f"]
&amp#27;[38;5;32m[AndroidUiautomator2Driver@1b09 (4dd9307a)]&amp#27;[0m Responding to client with driver.getCurrentContext() result: "NATIVE_APP"
&amp#27;[38;5;0m[HTTP]&amp#27;[0m &amp#27;[37m<-- GET /session/4dd9307a-7c2e-4e60-8422-cb0d8b0d514f/context &amp#27;[39m&amp#27;[32m200&amp#27;[39m &amp#27;[90m1 ms - 22&amp#27;[39m
&amp#27;[38;5;0m[HTTP]&amp#27;[0m &amp#27;[90m&amp#27;[39m
&amp#27;[38;5;0m[HTTP]&amp#27;[0m &amp#27;[37m-->&amp#27;[39m &amp#27;[37mPOST&amp#27;[39m &amp#27;[37m/session/4dd9307a-7c2e-4e60-8422-cb0d8b0d514f/elements&amp#27;[39m
&amp#27;[38;5;0m[HTTP]&amp#27;[0m &amp#27;[90m{"using":"id","value":"com.androidsample.generalstore:id/productPrice"}&amp#27;[39m
&amp#27;[38;5;32m[AndroidUiautomator2Driver@1b09 (4dd9307a)]&amp#27;[0m Calling AppiumDriver.findElements() with args: ["id","com.androidsample.generalstore:id/productPrice","4dd9307a-7c2e-4e60-8422-cb0d8b0d514f"]
&amp#27;[38;5;32m[AndroidUiautomator2Driver@1b09 (4dd9307a)]&amp#27;[0m Valid locator strategies for this request: xpath, id, class name, accessibility id, css selector, -android uiautomator
&amp#27;[38;5;32m[AndroidUiautomator2Driver@1b09 (4dd9307a)]&amp#27;[0m Waiting up to 60000 ms for condition
&amp#27;[38;5;32m[AndroidUiautomator2Driver@1b09 (4dd9307a)]&amp#27;[0m Matched '/elements' to command name 'findElements'
&amp#27;[38;5;32m[AndroidUiautomator2Driver@1b09 (4dd9307a)]&amp#27;[0m Proxying [POST /elements] to [POST http://127.0.0.1:8200/session/8d605ba8-ba10-464d-8fc6-4d5ebd3881f5/elements] with body: {"strategy":"id","selector":"com.androidsample.generalstore:id/productPrice","context":"","multiple":true}
&amp#27;[38;5;32m[AndroidUiautomator2Driver@1b09 (4dd9307a)]&amp#27;[0m Got response with status 200: {"sessionId":"8d605ba8-ba10-464d-8fc6-4d5ebd3881f5","value":[{"ELEMENT":"00000000-0000-0056-ffff-ffff000000a7","element-6066-11e4-a52e-4f735466cecf":"00000000-0000-0056-ffff-ffff000000a7"},{"ELEMENT":"00000000-0000-0056-ffff-ffff000000af","element-6066-11e4-a52e-4f735466cecf":"00000000-0000-0056-ffff-ffff000000af"}]}
&amp#27;[38;5;32m[AndroidUiautomator2Driver@1b09 (4dd9307a)]&amp#27;[0m Responding to client with driver.findElements() result: [{"element-6066-11e4-a52e-4f735466cecf":"00000000-0000-0056-ffff-ffff000000a7","ELEMENT":"00000000-0000-0056-ffff-ffff000000a7"},{"element-6066-11e4-a52e-4f735466cecf":"00000000-0000-0056-ffff-ffff000000af","ELEMENT":"00000000-0000-0056-ffff-ffff000000af"}]
&amp#27;[38;5;0m[HTTP]&amp#27;[0m &amp#27;[37m<-- POST /session/4dd9307a-7c2e-4e60-8422-cb0d8b0d514f/elements &amp#27;[39m&amp#27;[32m200&amp#27;[39m &amp#27;[90m167 ms - 267&amp#27;[39m
&amp#27;[38;5;0m[HTTP]&amp#27;[0m &amp#27;[90m&amp#27;[39m
&amp#27;[38;5;0m[HTTP]&amp#27;[0m &amp#27;[37m-->&amp#27;[39m &amp#27;[37mGET&amp#27;[39m &amp#27;[37m/session/4dd9307a-7c2e-4e60-8422-cb0d8b0d514f/context&amp#27;[39m
&amp#27;[38;5;0m[HTTP]&amp#27;[0m &amp#27;[90m{}&amp#27;[39m
&amp#27;[38;5;32m[AndroidUiautomator2Driver@1b09 (4dd9307a)]&amp#27;[0m Calling AppiumDriver.getCurrentContext() with args: ["4dd9307a-7c2e-4e60-8422-cb0d8b0d514f"]
&amp#27;[38;5;32m[AndroidUiautomator2Driver@1b09 (4dd9307a)]&amp#27;[0m Responding to client with driver.getCurrentContext() result: "NATIVE_APP"
&amp#27;[38;5;0m[HTTP]&amp#27;[0m &amp#27;[37m<-- GET /session/4dd9307a-7c2e-4e60-8422-cb0d8b0d514f/context &amp#27;[39m&amp#27;[32m200&amp#27;[39m &amp#27;[90m3 ms - 22&amp#27;[39m
&amp#27;[38;5;0m[HTTP]&amp#27;[0m &amp#27;[90m&amp#27;[39m
&amp#27;[38;5;0m[HTTP]&amp#27;[0m &amp#27;[37m-->&amp#27;[39m &amp#27;[37mPOST&amp#27;[39m &amp#27;[37m/session/4dd9307a-7c2e-4e60-8422-cb0d8b0d514f/element&amp#27;[39m
&amp#27;[38;5;0m[HTTP]&amp#27;[0m &amp#27;[90m{"using":"id","value":"com.androidsample.generalstore:id/totalAmountLbl"}&amp#27;[39m
&amp#27;[38;5;32m[AndroidUiautomator2Driver@1b09 (4dd9307a)]&amp#27;[0m Calling AppiumDriver.findElement() with args: ["id","com.androidsample.generalstore:id/totalAmountLbl","4dd9307a-7c2e-4e60-8422-cb0d8b0d514f"]
&amp#27;[38;5;32m[AndroidUiautomator2Driver@1b09 (4dd9307a)]&amp#27;[0m Valid locator strategies for this request: xpath, id, class name, accessibility id, css selector, -android uiautomator
&amp#27;[38;5;32m[AndroidUiautomator2Driver@1b09 (4dd9307a)]&amp#27;[0m Waiting up to 60000 ms for condition
&amp#27;[38;5;32m[AndroidUiautomator2Driver@1b09 (4dd9307a)]&amp#27;[0m Matched '/element' to command name 'findElement'
&amp#27;[38;5;32m[AndroidUiautomator2Driver@1b09 (4dd9307a)]&amp#27;[0m Proxying [POST /element] to [POST http://127.0.0.1:8200/session/8d605ba8-ba10-464d-8fc6-4d5ebd3881f5/element] with body: {"strategy":"id","selector":"com.androidsample.generalstore:id/totalAmountLbl","context":"","multiple":false}
&amp#27;[38;5;32m[AndroidUiautomator2Driver@1b09 (4dd9307a)]&amp#27;[0m Got response with status 200: {"sessionId":"8d605ba8-ba10-464d-8fc6-4d5ebd3881f5","value":{"ELEMENT":"00000000-0000-0056-ffff-ffff0000009b","element-6066-11e4-a52e-4f735466cecf":"00000000-0000-0056-ffff-ffff0000009b"}}
&amp#27;[38;5;32m[AndroidUiautomator2Driver@1b09 (4dd9307a)]&amp#27;[0m Responding to client with driver.findElement() result: {"element-6066-11e4-a52e-4f735466cecf":"00000000-0000-0056-ffff-ffff0000009b","ELEMENT":"00000000-0000-0056-ffff-ffff0000009b"}
&amp#27;[38;5;0m[HTTP]&amp#27;[0m &amp#27;[37m<-- POST /session/4dd9307a-7c2e-4e60-8422-cb0d8b0d514f/element &amp#27;[39m&amp#27;[32m200&amp#27;[39m &amp#27;[90m134 ms - 137&amp#27;[39m
&amp#27;[38;5;0m[HTTP]&amp#27;[0m &amp#27;[90m&amp#27;[39m
&amp#27;[38;5;0m[HTTP]&amp#27;[0m &amp#27;[37m-->&amp#27;[39m &amp#27;[37mGET&amp#27;[39m &amp#27;[37m/session/4dd9307a-7c2e-4e60-8422-cb0d8b0d514f/element/00000000-0000-0056-ffff-ffff0000009b/text&amp#27;[39m
&amp#27;[38;5;0m[HTTP]&amp#27;[0m &amp#27;[90m{}&amp#27;[39m
&amp#27;[38;5;32m[AndroidUiautomator2Driver@1b09 (4dd9307a)]&amp#27;[0m Driver proxy active, passing request on via HTTP proxy
&amp#27;[38;5;32m[AndroidUiautomator2Driver@1b09 (4dd9307a)]&amp#27;[0m Matched '/session/4dd9307a-7c2e-4e60-8422-cb0d8b0d514f/element/00000000-0000-0056-ffff-ffff0000009b/text' to command name 'getText'
&amp#27;[38;5;32m[AndroidUiautomator2Driver@1b09 (4dd9307a)]&amp#27;[0m Proxying [GET /session/4dd9307a-7c2e-4e60-8422-cb0d8b0d514f/element/00000000-0000-0056-ffff-ffff0000009b/text] to [GET http://127.0.0.1:8200/session/8d605ba8-ba10-464d-8fc6-4d5ebd3881f5/element/00000000-0000-0056-ffff-ffff0000009b/text] with no body
&amp#27;[38;5;32m[AndroidUiautomator2Driver@1b09 (4dd9307a)]&amp#27;[0m Got response with status 200: {"sessionId":"8d605ba8-ba10-464d-8fc6-4d5ebd3881f5","value":"$ 300.97"}
&amp#27;[38;5;32m[AndroidUiautomator2Driver@1b09 (4dd9307a)]&amp#27;[0m Replacing sessionId 8d605ba8-ba10-464d-8fc6-4d5ebd3881f5 with 4dd9307a-7c2e-4e60-8422-cb0d8b0d514f
&amp#27;[38;5;0m[HTTP]&amp#27;[0m &amp#27;[37m<-- GET /session/4dd9307a-7c2e-4e60-8422-cb0d8b0d514f/element/00000000-0000-0056-ffff-ffff0000009b/text &amp#27;[39m&amp#27;[32m200&amp#27;[39m &amp#27;[90m35 ms - 71&amp#27;[39m
&amp#27;[38;5;0m[HTTP]&amp#27;[0m &amp#27;[90m&amp#27;[39m
&amp#27;[38;5;0m[HTTP]&amp#27;[0m &amp#27;[37m-->&amp#27;[39m &amp#27;[37mGET&amp#27;[39m &amp#27;[37m/session/4dd9307a-7c2e-4e60-8422-cb0d8b0d514f/context&amp#27;[39m
&amp#27;[38;5;0m[HTTP]&amp#27;[0m &amp#27;[90m{}&amp#27;[39m
&amp#27;[38;5;32m[AndroidUiautomator2Driver@1b09 (4dd9307a)]&amp#27;[0m Calling AppiumDriver.getCurrentContext() with args: ["4dd9307a-7c2e-4e60-8422-cb0d8b0d514f"]
&amp#27;[38;5;32m[AndroidUiautomator2Driver@1b09 (4dd9307a)]&amp#27;[0m Responding to client with driver.getCurrentContext() result: "NATIVE_APP"
&amp#27;[38;5;0m[HTTP]&amp#27;[0m &amp#27;[37m<-- GET /session/4dd9307a-7c2e-4e60-8422-cb0d8b0d514f/context &amp#27;[39m&amp#27;[32m200&amp#27;[39m &amp#27;[90m3 ms - 22&amp#27;[39m
&amp#27;[38;5;0m[HTTP]&amp#27;[0m &amp#27;[90m&amp#27;[39m
&amp#27;[38;5;0m[HTTP]&amp#27;[0m &amp#27;[37m-->&amp#27;[39m &amp#27;[37mPOST&amp#27;[39m &amp#27;[37m/session/4dd9307a-7c2e-4e60-8422-cb0d8b0d514f/element&amp#27;[39m
&amp#27;[38;5;0m[HTTP]&amp#27;[0m &amp#27;[90m{"using":"class name","value":"android.widget.CheckBox"}&amp#27;[39m
&amp#27;[38;5;32m[AndroidUiautomator2Driver@1b09 (4dd9307a)]&amp#27;[0m Calling AppiumDriver.findElement() with args: ["class name","android.widget.CheckBox","4dd9307a-7c2e-4e60-8422-cb0d8b0d514f"]
&amp#27;[38;5;32m[AndroidUiautomator2Driver@1b09 (4dd9307a)]&amp#27;[0m Valid locator strategies for this request: xpath, id, class name, accessibility id, css selector, -android uiautomator
&amp#27;[38;5;32m[AndroidUiautomator2Driver@1b09 (4dd9307a)]&amp#27;[0m Waiting up to 60000 ms for condition
&amp#27;[38;5;32m[AndroidUiautomator2Driver@1b09 (4dd9307a)]&amp#27;[0m Matched '/element' to command name 'findElement'
&amp#27;[38;5;32m[AndroidUiautomator2Driver@1b09 (4dd9307a)]&amp#27;[0m Proxying [POST /element] to [POST http://127.0.0.1:8200/session/8d605ba8-ba10-464d-8fc6-4d5ebd3881f5/element] with body: {"strategy":"class name","selector":"android.widget.CheckBox","context":"","multiple":false}
&amp#27;[38;5;32m[AndroidUiautomator2Driver@1b09 (4dd9307a)]&amp#27;[0m Got response with status 200: {"sessionId":"8d605ba8-ba10-464d-8fc6-4d5ebd3881f5","value":{"ELEMENT":"00000000-0000-0056-ffff-ffff0000009c","element-6066-11e4-a52e-4f735466cecf":"00000000-0000-0056-ffff-ffff0000009c"}}
&amp#27;[38;5;32m[AndroidUiautomator2Driver@1b09 (4dd9307a)]&amp#27;[0m Responding to client with driver.findElement() result: {"element-6066-11e4-a52e-4f735466cecf":"00000000-0000-0056-ffff-ffff0000009c","ELEMENT":"00000000-0000-0056-ffff-ffff0000009c"}
&amp#27;[38;5;0m[HTTP]&amp#27;[0m &amp#27;[37m<-- POST /session/4dd9307a-7c2e-4e60-8422-cb0d8b0d514f/element &amp#27;[39m&amp#27;[32m200&amp#27;[39m &amp#27;[90m152 ms - 137&amp#27;[39m
&amp#27;[38;5;0m[HTTP]&amp#27;[0m &amp#27;[90m&amp#27;[39m
&amp#27;[38;5;0m[HTTP]&amp#27;[0m &amp#27;[37m-->&amp#27;[39m &amp#27;[37mPOST&amp#27;[39m &amp#27;[37m/session/4dd9307a-7c2e-4e60-8422-cb0d8b0d514f/element/00000000-0000-0056-ffff-ffff0000009c/click&amp#27;[39m
&amp#27;[38;5;0m[HTTP]&amp#27;[0m &amp#27;[90m{"id":"00000000-0000-0056-ffff-ffff0000009c"}&amp#27;[39m
&amp#27;[38;5;32m[AndroidUiautomator2Driver@1b09 (4dd9307a)]&amp#27;[0m Calling AppiumDriver.click() with args: ["00000000-0000-0056-ffff-ffff0000009c","4dd9307a-7c2e-4e60-8422-cb0d8b0d514f"]
&amp#27;[38;5;32m[AndroidUiautomator2Driver@1b09 (4dd9307a)]&amp#27;[0m Matched '/element/00000000-0000-0056-ffff-ffff0000009c/click' to command name 'click'
&amp#27;[38;5;32m[AndroidUiautomator2Driver@1b09 (4dd9307a)]&amp#27;[0m Proxying [POST /element/00000000-0000-0056-ffff-ffff0000009c/click] to [POST http://127.0.0.1:8200/session/8d605ba8-ba10-464d-8fc6-4d5ebd3881f5/element/00000000-0000-0056-ffff-ffff0000009c/click] with body: {"element":"00000000-0000-0056-ffff-ffff0000009c"}
&amp#27;[38;5;32m[AndroidUiautomator2Driver@1b09 (4dd9307a)]&amp#27;[0m Got response with status 200: {"sessionId":"8d605ba8-ba10-464d-8fc6-4d5ebd3881f5","value":null}
&amp#27;[38;5;32m[AndroidUiautomator2Driver@1b09 (4dd9307a)]&amp#27;[0m Responding to client with driver.click() result: null
&amp#27;[38;5;0m[HTTP]&amp#27;[0m &amp#27;[37m<-- POST /session/4dd9307a-7c2e-4e60-8422-cb0d8b0d514f/element/00000000-0000-0056-ffff-ffff0000009c/click &amp#27;[39m&amp#27;[32m200&amp#27;[39m &amp#27;[90m82 ms - 14&amp#27;[39m
&amp#27;[38;5;0m[HTTP]&amp#27;[0m &amp#27;[90m&amp#27;[39m
&amp#27;[38;5;0m[HTTP]&amp#27;[0m &amp#27;[37m-->&amp#27;[39m &amp#27;[37mGET&amp#27;[39m &amp#27;[37m/session/4dd9307a-7c2e-4e60-8422-cb0d8b0d514f/context&amp#27;[39m
&amp#27;[38;5;0m[HTTP]&amp#27;[0m &amp#27;[90m{}&amp#27;[39m
&amp#27;[38;5;32m[AndroidUiautomator2Driver@1b09 (4dd9307a)]&amp#27;[0m Calling AppiumDriver.getCurrentContext() with args: ["4dd9307a-7c2e-4e60-8422-cb0d8b0d514f"]
&amp#27;[38;5;32m[AndroidUiautomator2Driver@1b09 (4dd9307a)]&amp#27;[0m Responding to client with driver.getCurrentContext() result: "NATIVE_APP"
&amp#27;[38;5;0m[HTTP]&amp#27;[0m &amp#27;[37m<-- GET /session/4dd9307a-7c2e-4e60-8422-cb0d8b0d514f/context &amp#27;[39m&amp#27;[32m200&amp#27;[39m &amp#27;[90m3 ms - 22&amp#27;[39m
&amp#27;[38;5;0m[HTTP]&amp#27;[0m &amp#27;[90m&amp#27;[39m
&amp#27;[38;5;0m[HTTP]&amp#27;[0m &amp#27;[37m-->&amp#27;[39m &amp#27;[37mPOST&amp#27;[39m &amp#27;[37m/session/4dd9307a-7c2e-4e60-8422-cb0d8b0d514f/element&amp#27;[39m
&amp#27;[38;5;0m[HTTP]&amp#27;[0m &amp#27;[90m{"using":"id","value":"com.androidsample.generalstore:id/btnProceed"}&amp#27;[39m
&amp#27;[38;5;32m[AndroidUiautomator2Driver@1b09 (4dd9307a)]&amp#27;[0m Calling AppiumDriver.findElement() with args: ["id","com.androidsample.generalstore:id/btnProceed","4dd9307a-7c2e-4e60-8422-cb0d8b0d514f"]
&amp#27;[38;5;32m[AndroidUiautomator2Driver@1b09 (4dd9307a)]&amp#27;[0m Valid locator strategies for this request: xpath, id, class name, accessibility id, css selector, -android uiautomator
&amp#27;[38;5;32m[AndroidUiautomator2Driver@1b09 (4dd9307a)]&amp#27;[0m Waiting up to 60000 ms for condition
&amp#27;[38;5;32m[AndroidUiautomator2Driver@1b09 (4dd9307a)]&amp#27;[0m Matched '/element' to command name 'findElement'
&amp#27;[38;5;32m[AndroidUiautomator2Driver@1b09 (4dd9307a)]&amp#27;[0m Proxying [POST /element] to [POST http://127.0.0.1:8200/session/8d605ba8-ba10-464d-8fc6-4d5ebd3881f5/element] with body: {"strategy":"id","selector":"com.androidsample.generalstore:id/btnProceed","context":"","multiple":false}
&amp#27;[38;5;32m[AndroidUiautomator2Driver@1b09 (4dd9307a)]&amp#27;[0m Got response with status 200: {"sessionId":"8d605ba8-ba10-464d-8fc6-4d5ebd3881f5","value":{"ELEMENT":"00000000-0000-0056-ffff-ffff0000009d","element-6066-11e4-a52e-4f735466cecf":"00000000-0000-0056-ffff-ffff0000009d"}}
&amp#27;[38;5;32m[AndroidUiautomator2Driver@1b09 (4dd9307a)]&amp#27;[0m Responding to client with driver.findElement() result: {"element-6066-11e4-a52e-4f735466cecf":"00000000-0000-0056-ffff-ffff0000009d","ELEMENT":"00000000-0000-0056-ffff-ffff0000009d"}
&amp#27;[38;5;0m[HTTP]&amp#27;[0m &amp#27;[37m<-- POST /session/4dd9307a-7c2e-4e60-8422-cb0d8b0d514f/element &amp#27;[39m&amp#27;[32m200&amp#27;[39m &amp#27;[90m777 ms - 137&amp#27;[39m
&amp#27;[38;5;0m[HTTP]&amp#27;[0m &amp#27;[90m&amp#27;[39m
&amp#27;[38;5;0m[HTTP]&amp#27;[0m &amp#27;[37m-->&amp#27;[39m &amp#27;[37mPOST&amp#27;[39m &amp#27;[37m/session/4dd9307a-7c2e-4e60-8422-cb0d8b0d514f/element/00000000-0000-0056-ffff-ffff0000009d/click&amp#27;[39m
&amp#27;[38;5;0m[HTTP]&amp#27;[0m &amp#27;[90m{"id":"00000000-0000-0056-ffff-ffff0000009d"}&amp#27;[39m
&amp#27;[38;5;32m[AndroidUiautomator2Driver@1b09 (4dd9307a)]&amp#27;[0m Calling AppiumDriver.click() with args: ["00000000-0000-0056-ffff-ffff0000009d","4dd9307a-7c2e-4e60-8422-cb0d8b0d514f"]
&amp#27;[38;5;32m[AndroidUiautomator2Driver@1b09 (4dd9307a)]&amp#27;[0m Matched '/element/00000000-0000-0056-ffff-ffff0000009d/click' to command name 'click'
&amp#27;[38;5;32m[AndroidUiautomator2Driver@1b09 (4dd9307a)]&amp#27;[0m Proxying [POST /element/00000000-0000-0056-ffff-ffff0000009d/click] to [POST http://127.0.0.1:8200/session/8d605ba8-ba10-464d-8fc6-4d5ebd3881f5/element/00000000-0000-0056-ffff-ffff0000009d/click] with body: {"element":"00000000-0000-0056-ffff-ffff0000009d"}
&amp#27;[38;5;32m[AndroidUiautomator2Driver@1b09 (4dd9307a)]&amp#27;[0m Got response with status 200: {"sessionId":"8d605ba8-ba10-464d-8fc6-4d5ebd3881f5","value":null}
&amp#27;[38;5;32m[AndroidUiautomator2Driver@1b09 (4dd9307a)]&amp#27;[0m Responding to client with driver.click() result: null
&amp#27;[38;5;0m[HTTP]&amp#27;[0m &amp#27;[37m<-- POST /session/4dd9307a-7c2e-4e60-8422-cb0d8b0d514f/element/00000000-0000-0056-ffff-ffff0000009d/click &amp#27;[39m&amp#27;[32m200&amp#27;[39m &amp#27;[90m113 ms - 14&amp#27;[39m
&amp#27;[38;5;0m[HTTP]&amp#27;[0m &amp#27;[90m&amp#27;[39m
&amp#27;[38;5;0m[HTTP]&amp#27;[0m &amp#27;[37m-->&amp#27;[39m &amp#27;[37mPOST&amp#27;[39m &amp#27;[37m/session/4dd9307a-7c2e-4e60-8422-cb0d8b0d514f/context&amp#27;[39m
&amp#27;[38;5;0m[HTTP]&amp#27;[0m &amp#27;[90m{"name":"WEBVIEW_com.androidsample.generalstore"}&amp#27;[39m
&amp#27;[38;5;32m[AndroidUiautomator2Driver@1b09 (4dd9307a)]&amp#27;[0m Calling AppiumDriver.setContext() with args: ["WEBVIEW_com.androidsample.generalstore","4dd9307a-7c2e-4e60-8422-cb0d8b0d514f"]
&amp#27;[38;5;80m[AndroidDriver]&amp#27;[0m Getting a list of available webviews
&amp#27;[38;5;64m[ADB]&amp#27;[0m Running 'C:\Users\admin\AppData\Local\Android\Sdk\platform-tools\adb.exe -P 5037 -s RZ8NA1VZJ1N shell cat /proc/net/unix'
&amp#27;[38;5;80m[AndroidDriver]&amp#27;[0m Parsed 1 active devtools socket: ["@webview_devtools_remote_20321"]
&amp#27;[38;5;80m[AndroidDriver]&amp#27;[0m Collecting CDP data of 1 webview
&amp#27;[38;5;80m[AndroidDriver]&amp#27;[0m Forwarding remote port webview_devtools_remote_20321 to a local port in range 10900..11000
&amp#27;[38;5;80m[AndroidDriver]&amp#27;[0m You could use the 'webviewDevtoolsPort' capability to customize the starting port number
&amp#27;[38;5;64m[ADB]&amp#27;[0m Running 'C:\Users\admin\AppData\Local\Android\Sdk\platform-tools\adb.exe -P 5037 -s RZ8NA1VZJ1N forward tcp:10900 localabstract:webview_devtools_remote_20321'
&amp#27;[38;5;64m[ADB]&amp#27;[0m Removing forwarded port socket connection: 10900 
&amp#27;[38;5;64m[ADB]&amp#27;[0m Running 'C:\Users\admin\AppData\Local\Android\Sdk\platform-tools\adb.exe -P 5037 -s RZ8NA1VZJ1N forward --remove tcp:10900'
&amp#27;[38;5;80m[AndroidDriver]&amp#27;[0m CDP data collection completed
&amp#27;[38;5;80m[AndroidDriver]&amp#27;[0m WEBVIEW_20321 mapped to pid 20321
&amp#27;[38;5;80m[AndroidDriver]&amp#27;[0m Getting process name for webview 'WEBVIEW_20321'
&amp#27;[38;5;64m[ADB]&amp#27;[0m Running 'C:\Users\admin\AppData\Local\Android\Sdk\platform-tools\adb.exe -P 5037 -s RZ8NA1VZJ1N shell ps --help'
&amp#27;[38;5;64m[ADB]&amp#27;[0m Running 'C:\Users\admin\AppData\Local\Android\Sdk\platform-tools\adb.exe -P 5037 -s RZ8NA1VZJ1N shell ps -A'
&amp#27;[38;5;80m[AndroidDriver]&amp#27;[0m Got process name: 'com.androidsample.generalstore'
&amp#27;[38;5;80m[AndroidDriver]&amp#27;[0m Found 1 webview: ["WEBVIEW_com.androidsample.generalstore"]
&amp#27;[38;5;32m[AndroidUiautomator2Driver@1b09 (4dd9307a)]&amp#27;[0m Available contexts: ["NATIVE_APP","WEBVIEW_com.androidsample.generalstore"]
&amp#27;[38;5;32m[AndroidUiautomator2Driver@1b09 (4dd9307a)]&amp#27;[0m Connecting to chrome-backed webview context 'WEBVIEW_com.androidsample.generalstore'
&amp#27;[38;5;32m[AndroidUiautomator2Driver@1b09 (4dd9307a)]&amp#27;[0m A port was not given, using random free port: 65072
&amp#27;[38;5;32m[AndroidUiautomator2Driver@1b09 (4dd9307a)]&amp#27;[0m Passing web view details to the Chromedriver constructor: {
&amp#27;[38;5;32m[AndroidUiautomator2Driver@1b09 (4dd9307a)]&amp#27;[0m   "info": {
&amp#27;[38;5;32m[AndroidUiautomator2Driver@1b09 (4dd9307a)]&amp#27;[0m     "Android-Package": "com.androidsample.generalstore",
&amp#27;[38;5;32m[AndroidUiautomator2Driver@1b09 (4dd9307a)]&amp#27;[0m     "Browser": "Chrome/120.0.6099.43",
&amp#27;[38;5;32m[AndroidUiautomator2Driver@1b09 (4dd9307a)]&amp#27;[0m     "Protocol-Version": "1.3",
&amp#27;[38;5;32m[AndroidUiautomator2Driver@1b09 (4dd9307a)]&amp#27;[0m     "User-Agent": "Mozilla/5.0 (Linux; Android 13; SM-A515F Build/TP1A.220624.014; wv) AppleWebKit/537.36 (KHTML, like Gecko) Version/4.0 Chrome/120.0.6099.43 Mobile Safari/537.36",
&amp#27;[38;5;32m[AndroidUiautomator2Driver@1b09 (4dd9307a)]&amp#27;[0m     "V8-Version": "12.0.267.8",
&amp#27;[38;5;32m[AndroidUiautomator2Driver@1b09 (4dd9307a)]&amp#27;[0m     "WebKit-Version": "537.36 (@9e5f587998e186f3d5fc27e6ec3ecab2bde85af2)",
&amp#27;[38;5;32m[AndroidUiautomator2Driver@1b09 (4dd9307a)]&amp#27;[0m     "webSocketDebuggerUrl": "ws://127.0.0.1:10900/devtools/browser"
&amp#27;[38;5;32m[AndroidUiautomator2Driver@1b09 (4dd9307a)]&amp#27;[0m   },
&amp#27;[38;5;32m[AndroidUiautomator2Driver@1b09 (4dd9307a)]&amp#27;[0m   "process": {
&amp#27;[38;5;32m[AndroidUiautomator2Driver@1b09 (4dd9307a)]&amp#27;[0m     "name": "com.androidsample.generalstore",
&amp#27;[38;5;32m[AndroidUiautomator2Driver@1b09 (4dd9307a)]&amp#27;[0m     "id": "20321"
&amp#27;[38;5;32m[AndroidUiautomator2Driver@1b09 (4dd9307a)]&amp#27;[0m   }
&amp#27;[38;5;32m[AndroidUiautomator2Driver@1b09 (4dd9307a)]&amp#27;[0m }
&amp#27;[38;5;32m[AndroidUiautomator2Driver@1b09 (4dd9307a)]&amp#27;[0m Automated Chromedriver download is disabled. Use 'chromedriver_autodownload' server feature to enable it
&amp#27;[38;5;80m[AndroidDriver]&amp#27;[0m Precalculated Chromedriver capabilities: {
&amp#27;[38;5;80m[AndroidDriver]&amp#27;[0m   "androidPackage": "com.androidsample.generalstore",
&amp#27;[38;5;80m[AndroidDriver]&amp#27;[0m   "androidUseRunningApp": true,
&amp#27;[38;5;80m[AndroidDriver]&amp#27;[0m   "androidProcess": "com.androidsample.generalstore",
&amp#27;[38;5;80m[AndroidDriver]&amp#27;[0m   "androidDeviceSerial": "RZ8NA1VZJ1N"
&amp#27;[38;5;80m[AndroidDriver]&amp#27;[0m }
&amp#27;[38;5;32m[AndroidUiautomator2Driver@1b09 (4dd9307a)]&amp#27;[0m Before starting chromedriver, androidPackage is 'com.androidsample.generalstore'
&amp#27;[38;5;144m[Chromedriver@2658]&amp#27;[0m Changed state to 'starting'
&amp#27;[38;5;144m[Chromedriver@2658]&amp#27;[0m Using the static Chromedriver->Chrome mapping
&amp#27;[38;5;144m[Chromedriver@2658]&amp#27;[0m The most recent known Chrome version: 119.0.6045
&amp#27;[38;5;144m[Chromedriver@2658]&amp#27;[0m Found 2 executables in 'C:\Users\admin\.appium\node_modules\appium-uiautomator2-driver\node_modules\appium-chromedriver\chromedriver\win'
&amp#27;[38;5;144m[Chromedriver@2658]&amp#27;[0m The following Chromedriver executables were found:
&amp#27;[38;5;144m[Chromedriver@2658]&amp#27;[0m     'C:\Users\admin\.appium\node_modules\appium-uiautomator2-driver\node_modules\appium-chromedriver\chromedriver\win\chromedriver-win64_v120.0.6099.71.exe' (version '120.0.6099.71', minimum Chrome version '120')
&amp#27;[38;5;144m[Chromedriver@2658]&amp#27;[0m     'C:\Users\admin\.appium\node_modules\appium-uiautomator2-driver\node_modules\appium-chromedriver\chromedriver\win\chromedriver-win64_v119.0.6045.105.exe' (version '119.0.6045.105', minimum Chrome version '119.0.6045')
&amp#27;[38;5;144m[Chromedriver@2658]&amp#27;[0m Found 1 Chromedriver, which is missing in the list of known versions: {"120.0.6099.71":"120"}
&amp#27;[38;5;144m[Chromedriver@2658]&amp#27;[0m No mapping path provided
&amp#27;[38;5;144m[Chromedriver@2658]&amp#27;[0m Browser version in the supplied details: Chrome/120.0.6099.43
&amp#27;[38;5;144m[Chromedriver@2658]&amp#27;[0m Found Chrome bundle 'undefined' version '120.0.6099'
&amp#27;[38;5;144m[Chromedriver@2658]&amp#27;[0m Found 1 executable capable of automating Chrome '120.0.6099'.
&amp#27;[38;5;144m[Chromedriver@2658]&amp#27;[0m Choosing the most recent, 'C:\Users\admin\.appium\node_modules\appium-uiautomator2-driver\node_modules\appium-chromedriver\chromedriver\win\chromedriver-win64_v120.0.6099.71.exe'.
&amp#27;[38;5;144m[Chromedriver@2658]&amp#27;[0m If a specific version is required, specify it with the `chromedriverExecutable`desired capability.
&amp#27;[38;5;144m[Chromedriver@2658]&amp#27;[0m Set chromedriver binary as: C:\Users\admin\.appium\node_modules\appium-uiautomator2-driver\node_modules\appium-chromedriver\chromedriver\win\chromedriver-win64_v120.0.6099.71.exe
&amp#27;[38;5;144m[Chromedriver@2658]&amp#27;[0m Killing any old chromedrivers, running: wmic process where "commandline like '%chromedriver.exe%--port=65072%'" delete
&amp#27;[38;5;144m[Chromedriver@2658]&amp#27;[0m Successfully cleaned up old chromedrivers
&amp#27;[38;5;144m[Chromedriver@2658]&amp#27;[0m Cleaning this device's adb forwarded port socket connections: RZ8NA1VZJ1N
&amp#27;[38;5;64m[ADB]&amp#27;[0m List forwarding ports
&amp#27;[38;5;64m[ADB]&amp#27;[0m Running 'C:\Users\admin\AppData\Local\Android\Sdk\platform-tools\adb.exe -P 5037 -s RZ8NA1VZJ1N forward --list'
&amp#27;[38;5;144m[Chromedriver@2658]&amp#27;[0m Spawning chromedriver with: C:\Users\admin\.appium\node_modules\appium-uiautomator2-driver\node_modules\appium-chromedriver\chromedriver\win\chromedriver-win64_v120.0.6099.71.exe --port=65072 --adb-port=5037 --verbose
&amp#27;[38;5;144m[Chromedriver@2658]&amp#27;[0m ChromeDriver version: '120.0.6099.71'
&amp#27;[38;5;144m[Chromedriver@2658]&amp#27;[0m Matched '/status' to command name 'getStatus'
&amp#27;[38;5;144m[Chromedriver@2658]&amp#27;[0m Proxying [GET /status] to [GET http://127.0.0.1:65072/status] with no body
&amp#27;[38;5;144m[Chromedriver@2658]&amp#27;[0m connect ECONNREFUSED 127.0.0.1:65072
&amp#27;[38;5;144m[Chromedriver@2658]&amp#27;[0m Matched '/status' to command name 'getStatus'
&amp#27;[38;5;144m[Chromedriver@2658]&amp#27;[0m Proxying [GET /status] to [GET http://127.0.0.1:65072/status] with no body
&amp#27;[38;5;144m[Chromedriver@2658]&amp#27;[0m Got response with status 200: {"value":{"build":{"version":"120.0.6099.71 (9729082fe6174c0a371fc66501f5efc5d69d3d2b-refs/branch-heads/6099_56@{#13})"},"message":"ChromeDriver ready for new sessions.","os":{"arch":"x86_64","name":"Windows NT","version":"10.0.21996"},"ready":true}}
&amp#27;[38;5;144m[Chromedriver@2658]&amp#27;[0m Starting W3C Chromedriver session with capabilities: {
&amp#27;[38;5;144m[Chromedriver@2658]&amp#27;[0m   "capabilities": {
&amp#27;[38;5;144m[Chromedriver@2658]&amp#27;[0m     "alwaysMatch": {
&amp#27;[38;5;144m[Chromedriver@2658]&amp#27;[0m       "goog:chromeOptions": {
&amp#27;[38;5;144m[Chromedriver@2658]&amp#27;[0m         "androidPackage": "com.androidsample.generalstore",
&amp#27;[38;5;144m[Chromedriver@2658]&amp#27;[0m         "androidUseRunningApp": true,
&amp#27;[38;5;144m[Chromedriver@2658]&amp#27;[0m         "androidProcess": "com.androidsample.generalstore",
&amp#27;[38;5;144m[Chromedriver@2658]&amp#27;[0m         "androidDeviceSerial": "RZ8NA1VZJ1N"
&amp#27;[38;5;144m[Chromedriver@2658]&amp#27;[0m       },
&amp#27;[38;5;144m[Chromedriver@2658]&amp#27;[0m       "goog:loggingPrefs": {
&amp#27;[38;5;144m[Chromedriver@2658]&amp#27;[0m         "browser": "ALL"
&amp#27;[38;5;144m[Chromedriver@2658]&amp#27;[0m       }
&amp#27;[38;5;144m[Chromedriver@2658]&amp#27;[0m     }
&amp#27;[38;5;144m[Chromedriver@2658]&amp#27;[0m   }
&amp#27;[38;5;144m[Chromedriver@2658]&amp#27;[0m }
&amp#27;[38;5;144m[Chromedriver@2658]&amp#27;[0m Matched '/session' to command name 'createSession'
&amp#27;[38;5;144m[Chromedriver@2658]&amp#27;[0m Proxying [POST /session] to [POST http://127.0.0.1:65072/session] with body: {"capabilities":{"alwaysMatch":{"goog:chromeOptions":{"androidPackage":"com.androidsample.generalstore","androidUseRunningApp":true,"androidProcess":"com.androidsample.generalstore","androidDeviceSerial":"RZ8NA1VZJ1N"},"goog:loggingPrefs":{"browser":"ALL"}}}}
&amp#27;[38;5;144m[Chromedriver@2658]&amp#27;[0m Webview version: 'Chrome/120.0.6099.43'
&amp#27;[38;5;144m[Chromedriver@2658]&amp#27;[0m Got response with status 200: {"value":{"capabilities":{"acceptInsecureCerts":false,"browserName":"chrome","browserVersion":"120.0.6099.43","chrome":{"chromedriverVersion":"120.0.6099.71 (9729082fe6174c0a371fc66501f5efc5d69d3d2b-refs/branch-heads/6099_56@{#13})"},"fedcm:accounts":true,"goog:chromeOptions":{"debuggerAddress":"localhost:65082"},"pageLoadStrategy":"normal","platformName":"android","proxy":{},"setWindowRect":false,"strictFileInteractability":false,"timeouts":{"implicit":0,"pageLoad":300000,"script":30000},"unhandledPromptBehavior":"dismiss and notify","webauthn:extension:credBlob":false,"webauthn:extension:largeBlob":false,"webauthn:extension:minPinLength":false,"webauthn:extension:prf":false,"webauthn:virtualAuthenticators":false},"sessionId":"434ce7b0f923cf5f64399eacf45c5135"}}
&amp#27;[38;5;144m[Chromedriver@2658]&amp#27;[0m Determined the downstream protocol as 'W3C'
&amp#27;[38;5;144m[Chromedriver@2658 (434ce7b0)]&amp#27;[0m Changed state to 'online'
&amp#27;[38;5;32m[AndroidUiautomator2Driver@1b09 (4dd9307a)]&amp#27;[0m Responding to client with driver.setContext() result: null
&amp#27;[38;5;0m[HTTP]&amp#27;[0m &amp#27;[37m<-- POST /session/4dd9307a-7c2e-4e60-8422-cb0d8b0d514f/context &amp#27;[39m&amp#27;[32m200&amp#27;[39m &amp#27;[90m3705 ms - 14&amp#27;[39m
&amp#27;[38;5;0m[HTTP]&amp#27;[0m &amp#27;[90m&amp#27;[39m
&amp#27;[38;5;0m[HTTP]&amp#27;[0m &amp#27;[37m-->&amp#27;[39m &amp#27;[37mGET&amp#27;[39m &amp#27;[37m/session/4dd9307a-7c2e-4e60-8422-cb0d8b0d514f/context&amp#27;[39m
&amp#27;[38;5;0m[HTTP]&amp#27;[0m &amp#27;[90m{}&amp#27;[39m
&amp#27;[38;5;32m[AndroidUiautomator2Driver@1b09 (4dd9307a)]&amp#27;[0m Calling AppiumDriver.getCurrentContext() with args: ["4dd9307a-7c2e-4e60-8422-cb0d8b0d514f"]
&amp#27;[38;5;32m[AndroidUiautomator2Driver@1b09 (4dd9307a)]&amp#27;[0m Responding to client with driver.getCurrentContext() result: "WEBVIEW_com.androidsample.generalstore"
&amp#27;[38;5;0m[HTTP]&amp#27;[0m &amp#27;[37m<-- GET /session/4dd9307a-7c2e-4e60-8422-cb0d8b0d514f/context &amp#27;[39m&amp#27;[32m200&amp#27;[39m &amp#27;[90m2 ms - 50&amp#27;[39m
&amp#27;[38;5;0m[HTTP]&amp#27;[0m &amp#27;[90m&amp#27;[39m
&amp#27;[38;5;0m[HTTP]&amp#27;[0m &amp#27;[37m-->&amp#27;[39m &amp#27;[37mGET&amp#27;[39m &amp#27;[37m/session/4dd9307a-7c2e-4e60-8422-cb0d8b0d514f/context&amp#27;[39m
&amp#27;[38;5;0m[HTTP]&amp#27;[0m &amp#27;[90m{}&amp#27;[39m
&amp#27;[38;5;32m[AndroidUiautomator2Driver@1b09 (4dd9307a)]&amp#27;[0m Calling AppiumDriver.getCurrentContext() with args: ["4dd9307a-7c2e-4e60-8422-cb0d8b0d514f"]
&amp#27;[38;5;32m[AndroidUiautomator2Driver@1b09 (4dd9307a)]&amp#27;[0m Responding to client with driver.getCurrentContext() result: "WEBVIEW_com.androidsample.generalstore"
&amp#27;[38;5;0m[HTTP]&amp#27;[0m &amp#27;[37m<-- GET /session/4dd9307a-7c2e-4e60-8422-cb0d8b0d514f/context &amp#27;[39m&amp#27;[32m200&amp#27;[39m &amp#27;[90m2 ms - 50&amp#27;[39m
&amp#27;[38;5;0m[HTTP]&amp#27;[0m &amp#27;[90m&amp#27;[39m
&amp#27;[38;5;0m[HTTP]&amp#27;[0m &amp#27;[37m-->&amp#27;[39m &amp#27;[37mPOST&amp#27;[39m &amp#27;[37m/session/4dd9307a-7c2e-4e60-8422-cb0d8b0d514f/element&amp#27;[39m
&amp#27;[38;5;0m[HTTP]&amp#27;[0m &amp#27;[90m{"using":"id","value":"W0wltc"}&amp#27;[39m
&amp#27;[38;5;32m[AndroidUiautomator2Driver@1b09 (4dd9307a)]&amp#27;[0m Driver proxy active, passing request on via HTTP proxy
&amp#27;[38;5;144m[Chromedriver@2658 (434ce7b0)]&amp#27;[0m Matched '/session/4dd9307a-7c2e-4e60-8422-cb0d8b0d514f/element' to command name 'findElement'
&amp#27;[38;5;144m[Chromedriver@2658 (434ce7b0)]&amp#27;[0m Proxying [POST /session/4dd9307a-7c2e-4e60-8422-cb0d8b0d514f/element] to [POST http://127.0.0.1:65072/session/434ce7b0f923cf5f64399eacf45c5135/element] with body: {"using":"id","value":"W0wltc"}
&amp#27;[38;5;144m[Chromedriver@2658 (434ce7b0)]&amp#27;[0m Got response with status 400: {"value":{"error":"invalid argument","message":"invalid argument: invalid locator\n  (Session info: chrome=120.0.6099.43)","stacktrace":"\tGetHandleVerifier [0x00007FF746744D02+56194]\n\t(No symbol) [0x00007FF7466B04B2]\n\t(No symbol) [0x00007FF7465576AA]\n\t(No symbol) [0x00007FF7465A0D65]\n\t(No symbol) [0x00007FF7465A17EC]\n\t(No symbol) [0x00007FF7465E4D77]\n\t(No symbol) [0x00007FF7465C5EBF]\n\t(No symbol) [0x00007FF7465E2786]\n\t(No symbol) [0x00007FF7465C5C23]\n\t(No symbol) [0x00007FF746594A45]\n\t(No symbol) [0x00007FF746595AD4]\n\tGetHandleVerifier [0x00007FF746ABD5BB+3695675]\n\tGetHandleVerifier [0x00007FF746B16197+4059159]\n\tGetHandleVerifier [0x00007FF746B0DF63+4025827]\n\tGetHandleVerifier [0x00007FF7467DF029+687785]\n\t(No symbol) [0x00007FF7466BB508]\n\t(No symbol) [0x00007FF7466B7564]\n\t(No symbol) [0x00007FF7466B76E9]\n\t(No symbol) [0x00007FF7466A8094]\n\tBaseThreadInitThunk [0x00007FFA682954E0+16]\n\tRtlUserThreadStart [0x00007FFA69A6485B+43]\n"}}
&amp#27;[38;5;128m[W3C]&amp#27;[0m Matched W3C error code 'invalid argument' to InvalidArgumentError
&amp#27;[38;5;0m[HTTP]&amp#27;[0m &amp#27;[37m<-- POST /session/4dd9307a-7c2e-4e60-8422-cb0d8b0d514f/element &amp#27;[39m&amp#27;[33m400&amp#27;[39m &amp#27;[90m85 ms - 984&amp#27;[39m
&amp#27;[38;5;0m[HTTP]&amp#27;[0m &amp#27;[90m&amp#27;[39m
&amp#27;[38;5;0m[HTTP]&amp#27;[0m &amp#27;[37m-->&amp#27;[39m &amp#27;[37mPOST&amp#27;[39m &amp#27;[37m/session/4dd9307a-7c2e-4e60-8422-cb0d8b0d514f/element&amp#27;[39m
&amp#27;[38;5;0m[HTTP]&amp#27;[0m &amp#27;[90m{"using":"css selector","value":"#W0wltc"}&amp#27;[39m
&amp#27;[38;5;32m[AndroidUiautomator2Driver@1b09 (4dd9307a)]&amp#27;[0m Driver proxy active, passing request on via HTTP proxy
&amp#27;[38;5;144m[Chromedriver@2658 (434ce7b0)]&amp#27;[0m Matched '/session/4dd9307a-7c2e-4e60-8422-cb0d8b0d514f/element' to command name 'findElement'
&amp#27;[38;5;144m[Chromedriver@2658 (434ce7b0)]&amp#27;[0m Proxying [POST /session/4dd9307a-7c2e-4e60-8422-cb0d8b0d514f/element] to [POST http://127.0.0.1:65072/session/434ce7b0f923cf5f64399eacf45c5135/element] with body: {"using":"css selector","value":"#W0wltc"}
&amp#27;[38;5;144m[Chromedriver@2658 (434ce7b0)]&amp#27;[0m Got response with status 200: {"value":{"element-6066-11e4-a52e-4f735466cecf":"3BE780571AFCC8243666734D5D6C1246_element_22"}}
&amp#27;[38;5;0m[HTTP]&amp#27;[0m &amp#27;[37m<-- POST /session/4dd9307a-7c2e-4e60-8422-cb0d8b0d514f/element &amp#27;[39m&amp#27;[32m200&amp#27;[39m &amp#27;[90m145 ms - 151&amp#27;[39m
&amp#27;[38;5;0m[HTTP]&amp#27;[0m &amp#27;[90m&amp#27;[39m
&amp#27;[38;5;0m[HTTP]&amp#27;[0m &amp#27;[37m-->&amp#27;[39m &amp#27;[37mPOST&amp#27;[39m &amp#27;[37m/session/4dd9307a-7c2e-4e60-8422-cb0d8b0d514f/execute/sync&amp#27;[39m
&amp#27;[38;5;0m[HTTP]&amp#27;[0m &amp#27;[90m{"script":"arguments[0].scrollIntoView(true);","args":[{"element-6066-11e4-a52e-4f735466cecf":"3BE780571AFCC8243666734D5D6C1246_element_22"}]}&amp#27;[39m
&amp#27;[38;5;32m[AndroidUiautomator2Driver@1b09 (4dd9307a)]&amp#27;[0m Calling AppiumDriver.execute() with args: ["arguments[0].scrollIntoView(true);",[{"element-6066-11e4-a52e-4f735466cecf":"3BE780571AFCC8243666734D5D6C1246_element_22"}],"4dd9307a-7c2e-4e60-8422-cb0d8b0d514f"]
&amp#27;[38;5;144m[Chromedriver@2658 (434ce7b0)]&amp#27;[0m Matched '/execute/sync' to command name 'execute'
&amp#27;[38;5;144m[Chromedriver@2658 (434ce7b0)]&amp#27;[0m Did not know how to rewrite the original URL '/execute/sync' for W3C protocol
&amp#27;[38;5;144m[Chromedriver@2658 (434ce7b0)]&amp#27;[0m Proxying [POST /execute/sync] to [POST http://127.0.0.1:65072/session/434ce7b0f923cf5f64399eacf45c5135/execute/sync] with body: {"script":"arguments[0].scrollIntoView(true);","args":[{"element-6066-11e4-a52e-4f735466cecf":"3BE780571AFCC8243666734D5D6C1246_element_22"}]}
&amp#27;[38;5;144m[Chromedriver@2658 (434ce7b0)]&amp#27;[0m Got response with status 200: {"value":null}
&amp#27;[38;5;32m[AndroidUiautomator2Driver@1b09 (4dd9307a)]&amp#27;[0m Responding to client with driver.execute() result: null
&amp#27;[38;5;0m[HTTP]&amp#27;[0m &amp#27;[37m<-- POST /session/4dd9307a-7c2e-4e60-8422-cb0d8b0d514f/execute/sync &amp#27;[39m&amp#27;[32m200&amp#27;[39m &amp#27;[90m113 ms - 14&amp#27;[39m
&amp#27;[38;5;0m[HTTP]&amp#27;[0m &amp#27;[90m&amp#27;[39m
&amp#27;[38;5;0m[HTTP]&amp#27;[0m &amp#27;[37m-->&amp#27;[39m &amp#27;[37mGET&amp#27;[39m &amp#27;[37m/session/4dd9307a-7c2e-4e60-8422-cb0d8b0d514f/context&amp#27;[39m
&amp#27;[38;5;0m[HTTP]&amp#27;[0m &amp#27;[90m{}&amp#27;[39m
&amp#27;[38;5;32m[AndroidUiautomator2Driver@1b09 (4dd9307a)]&amp#27;[0m Calling AppiumDriver.getCurrentContext() with args: ["4dd9307a-7c2e-4e60-8422-cb0d8b0d514f"]
&amp#27;[38;5;32m[AndroidUiautomator2Driver@1b09 (4dd9307a)]&amp#27;[0m Responding to client with driver.getCurrentContext() result: "WEBVIEW_com.androidsample.generalstore"
&amp#27;[38;5;0m[HTTP]&amp#27;[0m &amp#27;[37m<-- GET /session/4dd9307a-7c2e-4e60-8422-cb0d8b0d514f/context &amp#27;[39m&amp#27;[32m200&amp#27;[39m &amp#27;[90m2 ms - 50&amp#27;[39m
&amp#27;[38;5;0m[HTTP]&amp#27;[0m &amp#27;[90m&amp#27;[39m
&amp#27;[38;5;0m[HTTP]&amp#27;[0m &amp#27;[37m-->&amp#27;[39m &amp#27;[37mGET&amp#27;[39m &amp#27;[37m/session/4dd9307a-7c2e-4e60-8422-cb0d8b0d514f/context&amp#27;[39m
&amp#27;[38;5;0m[HTTP]&amp#27;[0m &amp#27;[90m{}&amp#27;[39m
&amp#27;[38;5;32m[AndroidUiautomator2Driver@1b09 (4dd9307a)]&amp#27;[0m Calling AppiumDriver.getCurrentContext() with args: ["4dd9307a-7c2e-4e60-8422-cb0d8b0d514f"]
&amp#27;[38;5;32m[AndroidUiautomator2Driver@1b09 (4dd9307a)]&amp#27;[0m Responding to client with driver.getCurrentContext() result: "WEBVIEW_com.androidsample.generalstore"
&amp#27;[38;5;0m[HTTP]&amp#27;[0m &amp#27;[37m<-- GET /session/4dd9307a-7c2e-4e60-8422-cb0d8b0d514f/context &amp#27;[39m&amp#27;[32m200&amp#27;[39m &amp#27;[90m2 ms - 50&amp#27;[39m
&amp#27;[38;5;0m[HTTP]&amp#27;[0m &amp#27;[90m&amp#27;[39m
&amp#27;[38;5;0m[HTTP]&amp#27;[0m &amp#27;[37m-->&amp#27;[39m &amp#27;[37mPOST&amp#27;[39m &amp#27;[37m/session/4dd9307a-7c2e-4e60-8422-cb0d8b0d514f/element&amp#27;[39m
&amp#27;[38;5;0m[HTTP]&amp#27;[0m &amp#27;[90m{"using":"css selector","value":"#W0wltc"}&amp#27;[39m
&amp#27;[38;5;32m[AndroidUiautomator2Driver@1b09 (4dd9307a)]&amp#27;[0m Driver proxy active, passing request on via HTTP proxy
&amp#27;[38;5;144m[Chromedriver@2658 (434ce7b0)]&amp#27;[0m Matched '/session/4dd9307a-7c2e-4e60-8422-cb0d8b0d514f/element' to command name 'findElement'
&amp#27;[38;5;144m[Chromedriver@2658 (434ce7b0)]&amp#27;[0m Proxying [POST /session/4dd9307a-7c2e-4e60-8422-cb0d8b0d514f/element] to [POST http://127.0.0.1:65072/session/434ce7b0f923cf5f64399eacf45c5135/element] with body: {"using":"css selector","value":"#W0wltc"}
&amp#27;[38;5;144m[Chromedriver@2658 (434ce7b0)]&amp#27;[0m Got response with status 200: {"value":{"element-6066-11e4-a52e-4f735466cecf":"3BE780571AFCC8243666734D5D6C1246_element_22"}}
&amp#27;[38;5;0m[HTTP]&amp#27;[0m &amp#27;[37m<-- POST /session/4dd9307a-7c2e-4e60-8422-cb0d8b0d514f/element &amp#27;[39m&amp#27;[32m200&amp#27;[39m &amp#27;[90m193 ms - 151&amp#27;[39m
&amp#27;[38;5;0m[HTTP]&amp#27;[0m &amp#27;[90m&amp#27;[39m
&amp#27;[38;5;0m[HTTP]&amp#27;[0m &amp#27;[37m-->&amp#27;[39m &amp#27;[37mPOST&amp#27;[39m &amp#27;[37m/session/4dd9307a-7c2e-4e60-8422-cb0d8b0d514f/element/3BE780571AFCC8243666734D5D6C1246_element_22/click&amp#27;[39m
&amp#27;[38;5;0m[HTTP]&amp#27;[0m &amp#27;[90m{"id":"3BE780571AFCC8243666734D5D6C1246_element_22"}&amp#27;[39m
&amp#27;[38;5;32m[AndroidUiautomator2Driver@1b09 (4dd9307a)]&amp#27;[0m Driver proxy active, passing request on via HTTP proxy
&amp#27;[38;5;144m[Chromedriver@2658 (434ce7b0)]&amp#27;[0m Matched '/session/4dd9307a-7c2e-4e60-8422-cb0d8b0d514f/element/3BE780571AFCC8243666734D5D6C1246_element_22/click' to command name 'click'
&amp#27;[38;5;144m[Chromedriver@2658 (434ce7b0)]&amp#27;[0m Proxying [POST /session/4dd9307a-7c2e-4e60-8422-cb0d8b0d514f/element/3BE780571AFCC8243666734D5D6C1246_element_22/click] to [POST http://127.0.0.1:65072/session/434ce7b0f923cf5f64399eacf45c5135/element/3BE780571AFCC8243666734D5D6C1246_element_22/click] with body: {"id":"3BE780571AFCC8243666734D5D6C1246_element_22"}
&amp#27;[38;5;144m[Chromedriver@2658 (434ce7b0)]&amp#27;[0m Got response with status 200: {"value":null}
&amp#27;[38;5;0m[HTTP]&amp#27;[0m &amp#27;[37m<-- POST /session/4dd9307a-7c2e-4e60-8422-cb0d8b0d514f/element/3BE780571AFCC8243666734D5D6C1246_element_22/click &amp#27;[39m&amp#27;[32m200&amp#27;[39m &amp#27;[90m470 ms - 14&amp#27;[39m
&amp#27;[38;5;0m[HTTP]&amp#27;[0m &amp#27;[90m&amp#27;[39m
&amp#27;[38;5;0m[HTTP]&amp#27;[0m &amp#27;[37m-->&amp#27;[39m &amp#27;[37mGET&amp#27;[39m &amp#27;[37m/session/4dd9307a-7c2e-4e60-8422-cb0d8b0d514f/context&amp#27;[39m
&amp#27;[38;5;0m[HTTP]&amp#27;[0m &amp#27;[90m{}&amp#27;[39m
&amp#27;[38;5;32m[AndroidUiautomator2Driver@1b09 (4dd9307a)]&amp#27;[0m Calling AppiumDriver.getCurrentContext() with args: ["4dd9307a-7c2e-4e60-8422-cb0d8b0d514f"]
&amp#27;[38;5;32m[AndroidUiautomator2Driver@1b09 (4dd9307a)]&amp#27;[0m Responding to client with driver.getCurrentContext() result: "WEBVIEW_com.androidsample.generalstore"
&amp#27;[38;5;0m[HTTP]&amp#27;[0m &amp#27;[37m<-- GET /session/4dd9307a-7c2e-4e60-8422-cb0d8b0d514f/context &amp#27;[39m&amp#27;[32m200&amp#27;[39m &amp#27;[90m3 ms - 50&amp#27;[39m
&amp#27;[38;5;0m[HTTP]&amp#27;[0m &amp#27;[90m&amp#27;[39m
&amp#27;[38;5;0m[HTTP]&amp#27;[0m &amp#27;[37m-->&amp#27;[39m &amp#27;[37mGET&amp#27;[39m &amp#27;[37m/session/4dd9307a-7c2e-4e60-8422-cb0d8b0d514f/context&amp#27;[39m
&amp#27;[38;5;0m[HTTP]&amp#27;[0m &amp#27;[90m{}&amp#27;[39m
&amp#27;[38;5;32m[AndroidUiautomator2Driver@1b09 (4dd9307a)]&amp#27;[0m Calling AppiumDriver.getCurrentContext() with args: ["4dd9307a-7c2e-4e60-8422-cb0d8b0d514f"]
&amp#27;[38;5;32m[AndroidUiautomator2Driver@1b09 (4dd9307a)]&amp#27;[0m Responding to client with driver.getCurrentContext() result: "WEBVIEW_com.androidsample.generalstore"
&amp#27;[38;5;0m[HTTP]&amp#27;[0m &amp#27;[37m<-- GET /session/4dd9307a-7c2e-4e60-8422-cb0d8b0d514f/context &amp#27;[39m&amp#27;[32m200&amp#27;[39m &amp#27;[90m1 ms - 50&amp#27;[39m
&amp#27;[38;5;0m[HTTP]&amp#27;[0m &amp#27;[90m&amp#27;[39m
&amp#27;[38;5;0m[HTTP]&amp#27;[0m &amp#27;[37m-->&amp#27;[39m &amp#27;[37mPOST&amp#27;[39m &amp#27;[37m/session/4dd9307a-7c2e-4e60-8422-cb0d8b0d514f/element&amp#27;[39m
&amp#27;[38;5;0m[HTTP]&amp#27;[0m &amp#27;[90m{"using":"name","value":"q"}&amp#27;[39m
&amp#27;[38;5;32m[AndroidUiautomator2Driver@1b09 (4dd9307a)]&amp#27;[0m Driver proxy active, passing request on via HTTP proxy
&amp#27;[38;5;144m[Chromedriver@2658 (434ce7b0)]&amp#27;[0m Matched '/session/4dd9307a-7c2e-4e60-8422-cb0d8b0d514f/element' to command name 'findElement'
&amp#27;[38;5;144m[Chromedriver@2658 (434ce7b0)]&amp#27;[0m Proxying [POST /session/4dd9307a-7c2e-4e60-8422-cb0d8b0d514f/element] to [POST http://127.0.0.1:65072/session/434ce7b0f923cf5f64399eacf45c5135/element] with body: {"using":"name","value":"q"}
&amp#27;[38;5;144m[Chromedriver@2658 (434ce7b0)]&amp#27;[0m Got response with status 400: {"value":{"error":"invalid argument","message":"invalid argument: invalid locator\n  (Session info: chrome=120.0.6099.43)","stacktrace":"\tGetHandleVerifier [0x00007FF746744D02+56194]\n\t(No symbol) [0x00007FF7466B04B2]\n\t(No symbol) [0x00007FF7465576AA]\n\t(No symbol) [0x00007FF7465A0D65]\n\t(No symbol) [0x00007FF7465A17EC]\n\t(No symbol) [0x00007FF7465E4D77]\n\t(No symbol) [0x00007FF7465C5EBF]\n\t(No symbol) [0x00007FF7465E2786]\n\t(No symbol) [0x00007FF7465C5C23]\n\t(No symbol) [0x00007FF746594A45]\n\t(No symbol) [0x00007FF746595AD4]\n\tGetHandleVerifier [0x00007FF746ABD5BB+3695675]\n\tGetHandleVerifier [0x00007FF746B16197+4059159]\n\tGetHandleVerifier [0x00007FF746B0DF63+4025827]\n\tGetHandleVerifier [0x00007FF7467DF029+687785]\n\t(No symbol) [0x00007FF7466BB508]\n\t(No symbol) [0x00007FF7466B7564]\n\t(No symbol) [0x00007FF7466B76E9]\n\t(No symbol) [0x00007FF7466A8094]\n\tBaseThreadInitThunk [0x00007FFA682954E0+16]\n\tRtlUserThreadStart [0x00007FFA69A6485B+43]\n"}}
&amp#27;[38;5;128m[W3C]&amp#27;[0m Matched W3C error code 'invalid argument' to InvalidArgumentError
&amp#27;[38;5;0m[HTTP]&amp#27;[0m &amp#27;[37m<-- POST /session/4dd9307a-7c2e-4e60-8422-cb0d8b0d514f/element &amp#27;[39m&amp#27;[33m400&amp#27;[39m &amp#27;[90m22 ms - 984&amp#27;[39m
&amp#27;[38;5;0m[HTTP]&amp#27;[0m &amp#27;[90m&amp#27;[39m
&amp#27;[38;5;0m[HTTP]&amp#27;[0m &amp#27;[37m-->&amp#27;[39m &amp#27;[37mPOST&amp#27;[39m &amp#27;[37m/session/4dd9307a-7c2e-4e60-8422-cb0d8b0d514f/element&amp#27;[39m
&amp#27;[38;5;0m[HTTP]&amp#27;[0m &amp#27;[90m{"using":"css selector","value":"*[name='q']"}&amp#27;[39m
&amp#27;[38;5;32m[AndroidUiautomator2Driver@1b09 (4dd9307a)]&amp#27;[0m Driver proxy active, passing request on via HTTP proxy
&amp#27;[38;5;144m[Chromedriver@2658 (434ce7b0)]&amp#27;[0m Matched '/session/4dd9307a-7c2e-4e60-8422-cb0d8b0d514f/element' to command name 'findElement'
&amp#27;[38;5;144m[Chromedriver@2658 (434ce7b0)]&amp#27;[0m Proxying [POST /session/4dd9307a-7c2e-4e60-8422-cb0d8b0d514f/element] to [POST http://127.0.0.1:65072/session/434ce7b0f923cf5f64399eacf45c5135/element] with body: {"using":"css selector","value":"*[name='q']"}
&amp#27;[38;5;144m[Chromedriver@2658 (434ce7b0)]&amp#27;[0m Got response with status 200: {"value":{"element-6066-11e4-a52e-4f735466cecf":"3BE780571AFCC8243666734D5D6C1246_element_23"}}
&amp#27;[38;5;0m[HTTP]&amp#27;[0m &amp#27;[37m<-- POST /session/4dd9307a-7c2e-4e60-8422-cb0d8b0d514f/element &amp#27;[39m&amp#27;[32m200&amp#27;[39m &amp#27;[90m84 ms - 151&amp#27;[39m
&amp#27;[38;5;0m[HTTP]&amp#27;[0m &amp#27;[90m&amp#27;[39m
&amp#27;[38;5;0m[HTTP]&amp#27;[0m &amp#27;[37m-->&amp#27;[39m &amp#27;[37mPOST&amp#27;[39m &amp#27;[37m/session/4dd9307a-7c2e-4e60-8422-cb0d8b0d514f/element/3BE780571AFCC8243666734D5D6C1246_element_23/value&amp#27;[39m
&amp#27;[38;5;0m[HTTP]&amp#27;[0m &amp#27;[90m{"id":"3BE780571AFCC8243666734D5D6C1246_element_23","text":"Temel Reisî€‡","value":["T","e","m","e","l"," ","R","e","i","s","î€‡"]}&amp#27;[39m
&amp#27;[38;5;32m[AndroidUiautomator2Driver@1b09 (4dd9307a)]&amp#27;[0m Driver proxy active, passing request on via HTTP proxy
&amp#27;[38;5;144m[Chromedriver@2658 (434ce7b0)]&amp#27;[0m Matched '/session/4dd9307a-7c2e-4e60-8422-cb0d8b0d514f/element/3BE780571AFCC8243666734D5D6C1246_element_23/value' to command name 'setValue'
&amp#27;[38;5;144m[Chromedriver@2658 (434ce7b0)]&amp#27;[0m Proxying [POST /session/4dd9307a-7c2e-4e60-8422-cb0d8b0d514f/element/3BE780571AFCC8243666734D5D6C1246_element_23/value] to [POST http://127.0.0.1:65072/session/434ce7b0f923cf5f64399eacf45c5135/element/3BE780571AFCC8243666734D5D6C1246_element_23/value] with body: {"id":"3BE780571AFCC8243666734D5D6C1246_element_23","text":"Temel Reisî€‡","value":["T","e","m","e","l"," ","R","e","i","s","î€‡"]}
&amp#27;[38;5;144m[Chromedriver@2658 (434ce7b0)]&amp#27;[0m Got response with status 200: {"value":null}
&amp#27;[38;5;0m[HTTP]&amp#27;[0m &amp#27;[37m<-- POST /session/4dd9307a-7c2e-4e60-8422-cb0d8b0d514f/element/3BE780571AFCC8243666734D5D6C1246_element_23/value &amp#27;[39m&amp#27;[32m200&amp#27;[39m &amp#27;[90m1471 ms - 14&amp#27;[39m
&amp#27;[38;5;0m[HTTP]&amp#27;[0m &amp#27;[90m&amp#27;[39m
&amp#27;[38;5;0m[HTTP]&amp#27;[0m &amp#27;[37m-->&amp#27;[39m &amp#27;[37mPOST&amp#27;[39m &amp#27;[37m/session/4dd9307a-7c2e-4e60-8422-cb0d8b0d514f/execute/sync&amp#27;[39m
&amp#27;[38;5;0m[HTTP]&amp#27;[0m &amp#27;[90m{"script":"mobile: pressKey","args":[{"keycode":4}]}&amp#27;[39m
&amp#27;[38;5;32m[AndroidUiautomator2Driver@1b09 (4dd9307a)]&amp#27;[0m Calling AppiumDriver.execute() with args: ["mobile: pressKey",[{"keycode":4}],"4dd9307a-7c2e-4e60-8422-cb0d8b0d514f"]
&amp#27;[38;5;32m[AndroidUiautomator2Driver@1b09 (4dd9307a)]&amp#27;[0m Executing method 'mobile: pressKey'
&amp#27;[38;5;32m[AndroidUiautomator2Driver@1b09 (4dd9307a)]&amp#27;[0m Matched '/appium/device/press_keycode' to command name 'pressKeyCode'
&amp#27;[38;5;32m[AndroidUiautomator2Driver@1b09 (4dd9307a)]&amp#27;[0m Proxying [POST /appium/device/press_keycode] to [POST http://127.0.0.1:8200/session/8d605ba8-ba10-464d-8fc6-4d5ebd3881f5/appium/device/press_keycode] with body: {"keycode":4}
&amp#27;[38;5;32m[AndroidUiautomator2Driver@1b09 (4dd9307a)]&amp#27;[0m Got response with status 200: {"sessionId":"8d605ba8-ba10-464d-8fc6-4d5ebd3881f5","value":null}
&amp#27;[38;5;32m[AndroidUiautomator2Driver@1b09 (4dd9307a)]&amp#27;[0m Responding to client with driver.execute() result: null
&amp#27;[38;5;0m[HTTP]&amp#27;[0m &amp#27;[37m<-- POST /session/4dd9307a-7c2e-4e60-8422-cb0d8b0d514f/execute/sync &amp#27;[39m&amp#27;[32m200&amp#27;[39m &amp#27;[90m504 ms - 14&amp#27;[39m
&amp#27;[38;5;0m[HTTP]&amp#27;[0m &amp#27;[90m&amp#27;[39m
&amp#27;[38;5;0m[HTTP]&amp#27;[0m &amp#27;[37m-->&amp#27;[39m &amp#27;[37mPOST&amp#27;[39m &amp#27;[37m/session/4dd9307a-7c2e-4e60-8422-cb0d8b0d514f/context&amp#27;[39m
&amp#27;[38;5;0m[HTTP]&amp#27;[0m &amp#27;[90m{"name":"NATIVE_APP"}&amp#27;[39m
&amp#27;[38;5;32m[AndroidUiautomator2Driver@1b09 (4dd9307a)]&amp#27;[0m Calling AppiumDriver.setContext() with args: ["NATIVE_APP","4dd9307a-7c2e-4e60-8422-cb0d8b0d514f"]
&amp#27;[38;5;80m[AndroidDriver]&amp#27;[0m Getting a list of available webviews
&amp#27;[38;5;64m[ADB]&amp#27;[0m Running 'C:\Users\admin\AppData\Local\Android\Sdk\platform-tools\adb.exe -P 5037 -s RZ8NA1VZJ1N shell cat /proc/net/unix'
&amp#27;[38;5;80m[AndroidDriver]&amp#27;[0m Parsed 1 active devtools socket: ["@webview_devtools_remote_20321"]
&amp#27;[38;5;80m[AndroidDriver]&amp#27;[0m Collecting CDP data of 1 webview
&amp#27;[38;5;80m[AndroidDriver]&amp#27;[0m Forwarding remote port webview_devtools_remote_20321 to a local port in range 10900..11000
&amp#27;[38;5;80m[AndroidDriver]&amp#27;[0m You could use the 'webviewDevtoolsPort' capability to customize the starting port number
&amp#27;[38;5;64m[ADB]&amp#27;[0m Running 'C:\Users\admin\AppData\Local\Android\Sdk\platform-tools\adb.exe -P 5037 -s RZ8NA1VZJ1N forward tcp:10900 localabstract:webview_devtools_remote_20321'
&amp#27;[38;5;64m[ADB]&amp#27;[0m Removing forwarded port socket connection: 10900 
&amp#27;[38;5;64m[ADB]&amp#27;[0m Running 'C:\Users\admin\AppData\Local\Android\Sdk\platform-tools\adb.exe -P 5037 -s RZ8NA1VZJ1N forward --remove tcp:10900'
&amp#27;[38;5;80m[AndroidDriver]&amp#27;[0m CDP data collection completed
&amp#27;[38;5;80m[AndroidDriver]&amp#27;[0m WEBVIEW_20321 mapped to pid 20321
&amp#27;[38;5;80m[AndroidDriver]&amp#27;[0m Getting process name for webview 'WEBVIEW_20321'
&amp#27;[38;5;64m[ADB]&amp#27;[0m Running 'C:\Users\admin\AppData\Local\Android\Sdk\platform-tools\adb.exe -P 5037 -s RZ8NA1VZJ1N shell ps -A'
&amp#27;[38;5;80m[AndroidDriver]&amp#27;[0m Got process name: 'com.androidsample.generalstore'
&amp#27;[38;5;80m[AndroidDriver]&amp#27;[0m Found 1 webview: ["WEBVIEW_com.androidsample.generalstore"]
&amp#27;[38;5;32m[AndroidUiautomator2Driver@1b09 (4dd9307a)]&amp#27;[0m Available contexts: ["NATIVE_APP","WEBVIEW_com.androidsample.generalstore"]
&amp#27;[38;5;32m[AndroidUiautomator2Driver@1b09 (4dd9307a)]&amp#27;[0m Responding to client with driver.setContext() result: null
&amp#27;[38;5;0m[HTTP]&amp#27;[0m &amp#27;[37m<-- POST /session/4dd9307a-7c2e-4e60-8422-cb0d8b0d514f/context &amp#27;[39m&amp#27;[32m200&amp#27;[39m &amp#27;[90m502 ms - 14&amp#27;[39m
&amp#27;[38;5;0m[HTTP]&amp#27;[0m &amp#27;[90m&amp#27;[39m
&amp#27;[38;5;0m[HTTP]&amp#27;[0m &amp#27;[37m-->&amp#27;[39m &amp#27;[37mGET&amp#27;[39m &amp#27;[37m/session/4dd9307a-7c2e-4e60-8422-cb0d8b0d514f/context&amp#27;[39m
&amp#27;[38;5;0m[HTTP]&amp#27;[0m &amp#27;[90m{}&amp#27;[39m
&amp#27;[38;5;32m[AndroidUiautomator2Driver@1b09 (4dd9307a)]&amp#27;[0m Calling AppiumDriver.getCurrentContext() with args: ["4dd9307a-7c2e-4e60-8422-cb0d8b0d514f"]
&amp#27;[38;5;32m[AndroidUiautomator2Driver@1b09 (4dd9307a)]&amp#27;[0m Responding to client with driver.getCurrentContext() result: "NATIVE_APP"
&amp#27;[38;5;0m[HTTP]&amp#27;[0m &amp#27;[37m<-- GET /session/4dd9307a-7c2e-4e60-8422-cb0d8b0d514f/context &amp#27;[39m&amp#27;[32m200&amp#27;[39m &amp#27;[90m3 ms - 22&amp#27;[39m
&amp#27;[38;5;0m[HTTP]&amp#27;[0m &amp#27;[90m&amp#27;[39m
&amp#27;[38;5;0m[HTTP]&amp#27;[0m &amp#27;[37m-->&amp#27;[39m &amp#27;[37mPOST&amp#27;[39m &amp#27;[37m/session/4dd9307a-7c2e-4e60-8422-cb0d8b0d514f/element&amp#27;[39m
&amp#27;[38;5;0m[HTTP]&amp#27;[0m &amp#27;[90m{"using":"id","value":"com.androidsample.generalstore:id/toolbar_title"}&amp#27;[39m
&amp#27;[38;5;32m[AndroidUiautomator2Driver@1b09 (4dd9307a)]&amp#27;[0m Calling AppiumDriver.findElement() with args: ["id","com.androidsample.generalstore:id/toolbar_title","4dd9307a-7c2e-4e60-8422-cb0d8b0d514f"]
&amp#27;[38;5;32m[AndroidUiautomator2Driver@1b09 (4dd9307a)]&amp#27;[0m Valid locator strategies for this request: xpath, id, class name, accessibility id, css selector, -android uiautomator
&amp#27;[38;5;32m[AndroidUiautomator2Driver@1b09 (4dd9307a)]&amp#27;[0m Waiting up to 60000 ms for condition
&amp#27;[38;5;32m[AndroidUiautomator2Driver@1b09 (4dd9307a)]&amp#27;[0m Matched '/element' to command name 'findElement'
&amp#27;[38;5;32m[AndroidUiautomator2Driver@1b09 (4dd9307a)]&amp#27;[0m Proxying [POST /element] to [POST http://127.0.0.1:8200/session/8d605ba8-ba10-464d-8fc6-4d5ebd3881f5/element] with body: {"strategy":"id","selector":"com.androidsample.generalstore:id/toolbar_title","context":"","multiple":false}
&amp#27;[38;5;32m[AndroidUiautomator2Driver@1b09 (4dd9307a)]&amp#27;[0m Got response with status 404: {"sessionId":"8d605ba8-ba10-464d-8fc6-4d5ebd3881f5","value":{"error":"no such element","message":"An element could not be located on the page using the given search parameters","stacktrace":"io.appium.uiautomator2.common.exceptions.ElementNotFoundException: An element could not be located on the page using the given search parameters\n\tat io.appium.uiautomator2.handler.FindElement.safeHandle(FindElement.java:63)\n\tat io.appium.uiautomator2.handler.request.SafeRequestHandler.handle(SafeRequestHandler.java:59)\n\tat io.appium.uiautomator2.server.AppiumServlet.handleRequest(AppiumServlet.java:277)\n\tat io.appium.uiautomator2.server.AppiumServlet.handleHttpRequest(AppiumServlet.java:271)\n\tat io.appium.uiautomator2.http.ServerHandler.channelRead(ServerHandler.java:77)\n\tat io.netty.channel.AbstractChannelHandlerContext.invokeChannelRead(AbstractChannelHandlerContext.java:366)\n\tat io.netty.channel.AbstractChannelHandlerContext.invokeChannelRead(AbstractChannelHandlerContext.java:352)\n\tat io.netty.chann...
&amp#27;[38;5;128m[W3C]&amp#27;[0m Matched W3C error code 'no such element' to NoSuchElementError
&amp#27;[38;5;32m[AndroidUiautomator2Driver@1b09 (4dd9307a)]&amp#27;[0m Waited for 160 ms so far
&amp#27;[38;5;32m[AndroidUiautomator2Driver@1b09 (4dd9307a)]&amp#27;[0m Matched '/element' to command name 'findElement'
&amp#27;[38;5;32m[AndroidUiautomator2Driver@1b09 (4dd9307a)]&amp#27;[0m Proxying [POST /element] to [POST http://127.0.0.1:8200/session/8d605ba8-ba10-464d-8fc6-4d5ebd3881f5/element] with body: {"strategy":"id","selector":"com.androidsample.generalstore:id/toolbar_title","context":"","multiple":false}
&amp#27;[38;5;32m[AndroidUiautomator2Driver@1b09 (4dd9307a)]&amp#27;[0m Got response with status 404: {"sessionId":"8d605ba8-ba10-464d-8fc6-4d5ebd3881f5","value":{"error":"no such element","message":"An element could not be located on the page using the given search parameters","stacktrace":"io.appium.uiautomator2.common.exceptions.ElementNotFoundException: An element could not be located on the page using the given search parameters\n\tat io.appium.uiautomator2.handler.FindElement.safeHandle(FindElement.java:63)\n\tat io.appium.uiautomator2.handler.request.SafeRequestHandler.handle(SafeRequestHandler.java:59)\n\tat io.appium.uiautomator2.server.AppiumServlet.handleRequest(AppiumServlet.java:277)\n\tat io.appium.uiautomator2.server.AppiumServlet.handleHttpRequest(AppiumServlet.java:271)\n\tat io.appium.uiautomator2.http.ServerHandler.channelRead(ServerHandler.java:77)\n\tat io.netty.channel.AbstractChannelHandlerContext.invokeChannelRead(AbstractChannelHandlerContext.java:366)\n\tat io.netty.channel.AbstractChannelHandlerContext.invokeChannelRead(AbstractChannelHandlerContext.java:352)\n\tat io.netty.chann...
&amp#27;[38;5;128m[W3C]&amp#27;[0m Matched W3C error code 'no such element' to NoSuchElementError
&amp#27;[38;5;32m[AndroidUiautomator2Driver@1b09 (4dd9307a)]&amp#27;[0m Waited for 2032 ms so far
&amp#27;[38;5;32m[AndroidUiautomator2Driver@1b09 (4dd9307a)]&amp#27;[0m Matched '/element' to command name 'findElement'
&amp#27;[38;5;32m[AndroidUiautomator2Driver@1b09 (4dd9307a)]&amp#27;[0m Proxying [POST /element] to [POST http://127.0.0.1:8200/session/8d605ba8-ba10-464d-8fc6-4d5ebd3881f5/element] with body: {"strategy":"id","selector":"com.androidsample.generalstore:id/toolbar_title","context":"","multiple":false}
&amp#27;[38;5;32m[AndroidUiautomator2Driver@1b09 (4dd9307a)]&amp#27;[0m Got response with status 404: {"sessionId":"8d605ba8-ba10-464d-8fc6-4d5ebd3881f5","value":{"error":"no such element","message":"An element could not be located on the page using the given search parameters","stacktrace":"io.appium.uiautomator2.common.exceptions.ElementNotFoundException: An element could not be located on the page using the given search parameters\n\tat io.appium.uiautomator2.handler.FindElement.safeHandle(FindElement.java:63)\n\tat io.appium.uiautomator2.handler.request.SafeRequestHandler.handle(SafeRequestHandler.java:59)\n\tat io.appium.uiautomator2.server.AppiumServlet.handleRequest(AppiumServlet.java:277)\n\tat io.appium.uiautomator2.server.AppiumServlet.handleHttpRequest(AppiumServlet.java:271)\n\tat io.appium.uiautomator2.http.ServerHandler.channelRead(ServerHandler.java:77)\n\tat io.netty.channel.AbstractChannelHandlerContext.invokeChannelRead(AbstractChannelHandlerContext.java:366)\n\tat io.netty.channel.AbstractChannelHandlerContext.invokeChannelRead(AbstractChannelHandlerContext.java:352)\n\tat io.netty.chann...
&amp#27;[38;5;128m[W3C]&amp#27;[0m Matched W3C error code 'no such element' to NoSuchElementError
&amp#27;[38;5;32m[AndroidUiautomator2Driver@1b09 (4dd9307a)]&amp#27;[0m Waited for 2999 ms so far
&amp#27;[38;5;32m[AndroidUiautomator2Driver@1b09 (4dd9307a)]&amp#27;[0m Matched '/element' to command name 'findElement'
&amp#27;[38;5;32m[AndroidUiautomator2Driver@1b09 (4dd9307a)]&amp#27;[0m Proxying [POST /element] to [POST http://127.0.0.1:8200/session/8d605ba8-ba10-464d-8fc6-4d5ebd3881f5/element] with body: {"strategy":"id","selector":"com.androidsample.generalstore:id/toolbar_title","context":"","multiple":false}
&amp#27;[38;5;32m[AndroidUiautomator2Driver@1b09 (4dd9307a)]&amp#27;[0m Got response with status 404: {"sessionId":"8d605ba8-ba10-464d-8fc6-4d5ebd3881f5","value":{"error":"no such element","message":"An element could not be located on the page using the given search parameters","stacktrace":"io.appium.uiautomator2.common.exceptions.ElementNotFoundException: An element could not be located on the page using the given search parameters\n\tat io.appium.uiautomator2.handler.FindElement.safeHandle(FindElement.java:63)\n\tat io.appium.uiautomator2.handler.request.SafeRequestHandler.handle(SafeRequestHandler.java:59)\n\tat io.appium.uiautomator2.server.AppiumServlet.handleRequest(AppiumServlet.java:277)\n\tat io.appium.uiautomator2.server.AppiumServlet.handleHttpRequest(AppiumServlet.java:271)\n\tat io.appium.uiautomator2.http.ServerHandler.channelRead(ServerHandler.java:77)\n\tat io.netty.channel.AbstractChannelHandlerContext.invokeChannelRead(AbstractChannelHandlerContext.java:366)\n\tat io.netty.channel.AbstractChannelHandlerContext.invokeChannelRead(AbstractChannelHandlerContext.java:352)\n\tat io.netty.chann...
&amp#27;[38;5;128m[W3C]&amp#27;[0m Matched W3C error code 'no such element' to NoSuchElementError
&amp#27;[38;5;32m[AndroidUiautomator2Driver@1b09 (4dd9307a)]&amp#27;[0m Waited for 4097 ms so far
&amp#27;[38;5;32m[AndroidUiautomator2Driver@1b09 (4dd9307a)]&amp#27;[0m Matched '/element' to command name 'findElement'
&amp#27;[38;5;32m[AndroidUiautomator2Driver@1b09 (4dd9307a)]&amp#27;[0m Proxying [POST /element] to [POST http://127.0.0.1:8200/session/8d605ba8-ba10-464d-8fc6-4d5ebd3881f5/element] with body: {"strategy":"id","selector":"com.androidsample.generalstore:id/toolbar_title","context":"","multiple":false}
&amp#27;[38;5;32m[AndroidUiautomator2Driver@1b09 (4dd9307a)]&amp#27;[0m Got response with status 404: {"sessionId":"8d605ba8-ba10-464d-8fc6-4d5ebd3881f5","value":{"error":"no such element","message":"An element could not be located on the page using the given search parameters","stacktrace":"io.appium.uiautomator2.common.exceptions.ElementNotFoundException: An element could not be located on the page using the given search parameters\n\tat io.appium.uiautomator2.handler.FindElement.safeHandle(FindElement.java:63)\n\tat io.appium.uiautomator2.handler.request.SafeRequestHandler.handle(SafeRequestHandler.java:59)\n\tat io.appium.uiautomator2.server.AppiumServlet.handleRequest(AppiumServlet.java:277)\n\tat io.appium.uiautomator2.server.AppiumServlet.handleHttpRequest(AppiumServlet.java:271)\n\tat io.appium.uiautomator2.http.ServerHandler.channelRead(ServerHandler.java:77)\n\tat io.netty.channel.AbstractChannelHandlerContext.invokeChannelRead(AbstractChannelHandlerContext.java:366)\n\tat io.netty.channel.AbstractChannelHandlerContext.invokeChannelRead(AbstractChannelHandlerContext.java:352)\n\tat io.netty.chann...
&amp#27;[38;5;128m[W3C]&amp#27;[0m Matched W3C error code 'no such element' to NoSuchElementError
&amp#27;[38;5;32m[AndroidUiautomator2Driver@1b09 (4dd9307a)]&amp#27;[0m Waited for 5191 ms so far
&amp#27;[38;5;32m[AndroidUiautomator2Driver@1b09 (4dd9307a)]&amp#27;[0m Matched '/element' to command name 'findElement'
&amp#27;[38;5;32m[AndroidUiautomator2Driver@1b09 (4dd9307a)]&amp#27;[0m Proxying [POST /element] to [POST http://127.0.0.1:8200/session/8d605ba8-ba10-464d-8fc6-4d5ebd3881f5/element] with body: {"strategy":"id","selector":"com.androidsample.generalstore:id/toolbar_title","context":"","multiple":false}
&amp#27;[38;5;32m[AndroidUiautomator2Driver@1b09 (4dd9307a)]&amp#27;[0m Got response with status 404: {"sessionId":"8d605ba8-ba10-464d-8fc6-4d5ebd3881f5","value":{"error":"no such element","message":"An element could not be located on the page using the given search parameters","stacktrace":"io.appium.uiautomator2.common.exceptions.ElementNotFoundException: An element could not be located on the page using the given search parameters\n\tat io.appium.uiautomator2.handler.FindElement.safeHandle(FindElement.java:63)\n\tat io.appium.uiautomator2.handler.request.SafeRequestHandler.handle(SafeRequestHandler.java:59)\n\tat io.appium.uiautomator2.server.AppiumServlet.handleRequest(AppiumServlet.java:277)\n\tat io.appium.uiautomator2.server.AppiumServlet.handleHttpRequest(AppiumServlet.java:271)\n\tat io.appium.uiautomator2.http.ServerHandler.channelRead(ServerHandler.java:77)\n\tat io.netty.channel.AbstractChannelHandlerContext.invokeChannelRead(AbstractChannelHandlerContext.java:366)\n\tat io.netty.channel.AbstractChannelHandlerContext.invokeChannelRead(AbstractChannelHandlerContext.java:352)\n\tat io.netty.chann...
&amp#27;[38;5;128m[W3C]&amp#27;[0m Matched W3C error code 'no such element' to NoSuchElementError
&amp#27;[38;5;32m[AndroidUiautomator2Driver@1b09 (4dd9307a)]&amp#27;[0m Waited for 6081 ms so far
&amp#27;[38;5;32m[AndroidUiautomator2Driver@1b09 (4dd9307a)]&amp#27;[0m Matched '/element' to command name 'findElement'
&amp#27;[38;5;32m[AndroidUiautomator2Driver@1b09 (4dd9307a)]&amp#27;[0m Proxying [POST /element] to [POST http://127.0.0.1:8200/session/8d605ba8-ba10-464d-8fc6-4d5ebd3881f5/element] with body: {"strategy":"id","selector":"com.androidsample.generalstore:id/toolbar_title","context":"","multiple":false}
&amp#27;[38;5;32m[AndroidUiautomator2Driver@1b09 (4dd9307a)]&amp#27;[0m Got response with status 404: {"sessionId":"8d605ba8-ba10-464d-8fc6-4d5ebd3881f5","value":{"error":"no such element","message":"An element could not be located on the page using the given search parameters","stacktrace":"io.appium.uiautomator2.common.exceptions.ElementNotFoundException: An element could not be located on the page using the given search parameters\n\tat io.appium.uiautomator2.handler.FindElement.safeHandle(FindElement.java:63)\n\tat io.appium.uiautomator2.handler.request.SafeRequestHandler.handle(SafeRequestHandler.java:59)\n\tat io.appium.uiautomator2.server.AppiumServlet.handleRequest(AppiumServlet.java:277)\n\tat io.appium.uiautomator2.server.AppiumServlet.handleHttpRequest(AppiumServlet.java:271)\n\tat io.appium.uiautomator2.http.ServerHandler.channelRead(ServerHandler.java:77)\n\tat io.netty.channel.AbstractChannelHandlerContext.invokeChannelRead(AbstractChannelHandlerContext.java:366)\n\tat io.netty.channel.AbstractChannelHandlerContext.invokeChannelRead(AbstractChannelHandlerContext.java:352)\n\tat io.netty.chann...
&amp#27;[38;5;128m[W3C]&amp#27;[0m Matched W3C error code 'no such element' to NoSuchElementError
&amp#27;[38;5;32m[AndroidUiautomator2Driver@1b09 (4dd9307a)]&amp#27;[0m Waited for 6996 ms so far
&amp#27;[38;5;32m[AndroidUiautomator2Driver@1b09 (4dd9307a)]&amp#27;[0m Matched '/element' to command name 'findElement'
&amp#27;[38;5;32m[AndroidUiautomator2Driver@1b09 (4dd9307a)]&amp#27;[0m Proxying [POST /element] to [POST http://127.0.0.1:8200/session/8d605ba8-ba10-464d-8fc6-4d5ebd3881f5/element] with body: {"strategy":"id","selector":"com.androidsample.generalstore:id/toolbar_title","context":"","multiple":false}
&amp#27;[38;5;32m[AndroidUiautomator2Driver@1b09 (4dd9307a)]&amp#27;[0m Got response with status 404: {"sessionId":"8d605ba8-ba10-464d-8fc6-4d5ebd3881f5","value":{"error":"no such element","message":"An element could not be located on the page using the given search parameters","stacktrace":"io.appium.uiautomator2.common.exceptions.ElementNotFoundException: An element could not be located on the page using the given search parameters\n\tat io.appium.uiautomator2.handler.FindElement.safeHandle(FindElement.java:63)\n\tat io.appium.uiautomator2.handler.request.SafeRequestHandler.handle(SafeRequestHandler.java:59)\n\tat io.appium.uiautomator2.server.AppiumServlet.handleRequest(AppiumServlet.java:277)\n\tat io.appium.uiautomator2.server.AppiumServlet.handleHttpRequest(AppiumServlet.java:271)\n\tat io.appium.uiautomator2.http.ServerHandler.channelRead(ServerHandler.java:77)\n\tat io.netty.channel.AbstractChannelHandlerContext.invokeChannelRead(AbstractChannelHandlerContext.java:366)\n\tat io.netty.channel.AbstractChannelHandlerContext.invokeChannelRead(AbstractChannelHandlerContext.java:352)\n\tat io.netty.chann...
&amp#27;[38;5;128m[W3C]&amp#27;[0m Matched W3C error code 'no such element' to NoSuchElementError
&amp#27;[38;5;32m[AndroidUiautomator2Driver@1b09 (4dd9307a)]&amp#27;[0m Waited for 7969 ms so far
&amp#27;[38;5;32m[AndroidUiautomator2Driver@1b09 (4dd9307a)]&amp#27;[0m Matched '/element' to command name 'findElement'
&amp#27;[38;5;32m[AndroidUiautomator2Driver@1b09 (4dd9307a)]&amp#27;[0m Proxying [POST /element] to [POST http://127.0.0.1:8200/session/8d605ba8-ba10-464d-8fc6-4d5ebd3881f5/element] with body: {"strategy":"id","selector":"com.androidsample.generalstore:id/toolbar_title","context":"","multiple":false}
&amp#27;[38;5;32m[AndroidUiautomator2Driver@1b09 (4dd9307a)]&amp#27;[0m Got response with status 404: {"sessionId":"8d605ba8-ba10-464d-8fc6-4d5ebd3881f5","value":{"error":"no such element","message":"An element could not be located on the page using the given search parameters","stacktrace":"io.appium.uiautomator2.common.exceptions.ElementNotFoundException: An element could not be located on the page using the given search parameters\n\tat io.appium.uiautomator2.handler.FindElement.safeHandle(FindElement.java:63)\n\tat io.appium.uiautomator2.handler.request.SafeRequestHandler.handle(SafeRequestHandler.java:59)\n\tat io.appium.uiautomator2.server.AppiumServlet.handleRequest(AppiumServlet.java:277)\n\tat io.appium.uiautomator2.server.AppiumServlet.handleHttpRequest(AppiumServlet.java:271)\n\tat io.appium.uiautomator2.http.ServerHandler.channelRead(ServerHandler.java:77)\n\tat io.netty.channel.AbstractChannelHandlerContext.invokeChannelRead(AbstractChannelHandlerContext.java:366)\n\tat io.netty.channel.AbstractChannelHandlerContext.invokeChannelRead(AbstractChannelHandlerContext.java:352)\n\tat io.netty.chann...
&amp#27;[38;5;128m[W3C]&amp#27;[0m Matched W3C error code 'no such element' to NoSuchElementError
&amp#27;[38;5;32m[AndroidUiautomator2Driver@1b09 (4dd9307a)]&amp#27;[0m Waited for 8936 ms so far
&amp#27;[38;5;32m[AndroidUiautomator2Driver@1b09 (4dd9307a)]&amp#27;[0m Matched '/element' to command name 'findElement'
&amp#27;[38;5;32m[AndroidUiautomator2Driver@1b09 (4dd9307a)]&amp#27;[0m Proxying [POST /element] to [POST http://127.0.0.1:8200/session/8d605ba8-ba10-464d-8fc6-4d5ebd3881f5/element] with body: {"strategy":"id","selector":"com.androidsample.generalstore:id/toolbar_title","context":"","multiple":false}
&amp#27;[38;5;32m[AndroidUiautomator2Driver@1b09 (4dd9307a)]&amp#27;[0m Got response with status 404: {"sessionId":"8d605ba8-ba10-464d-8fc6-4d5ebd3881f5","value":{"error":"no such element","message":"An element could not be located on the page using the given search parameters","stacktrace":"io.appium.uiautomator2.common.exceptions.ElementNotFoundException: An element could not be located on the page using the given search parameters\n\tat io.appium.uiautomator2.handler.FindElement.safeHandle(FindElement.java:63)\n\tat io.appium.uiautomator2.handler.request.SafeRequestHandler.handle(SafeRequestHandler.java:59)\n\tat io.appium.uiautomator2.server.AppiumServlet.handleRequest(AppiumServlet.java:277)\n\tat io.appium.uiautomator2.server.AppiumServlet.handleHttpRequest(AppiumServlet.java:271)\n\tat io.appium.uiautomator2.http.ServerHandler.channelRead(ServerHandler.java:77)\n\tat io.netty.channel.AbstractChannelHandlerContext.invokeChannelRead(AbstractChannelHandlerContext.java:366)\n\tat io.netty.channel.AbstractChannelHandlerContext.invokeChannelRead(AbstractChannelHandlerContext.java:352)\n\tat io.netty.chann...
&amp#27;[38;5;128m[W3C]&amp#27;[0m Matched W3C error code 'no such element' to NoSuchElementError
&amp#27;[38;5;32m[AndroidUiautomator2Driver@1b09 (4dd9307a)]&amp#27;[0m Waited for 9917 ms so far
&amp#27;[38;5;32m[AndroidUiautomator2Driver@1b09 (4dd9307a)]&amp#27;[0m Matched '/element' to command name 'findElement'
&amp#27;[38;5;32m[AndroidUiautomator2Driver@1b09 (4dd9307a)]&amp#27;[0m Proxying [POST /element] to [POST http://127.0.0.1:8200/session/8d605ba8-ba10-464d-8fc6-4d5ebd3881f5/element] with body: {"strategy":"id","selector":"com.androidsample.generalstore:id/toolbar_title","context":"","multiple":false}
&amp#27;[38;5;32m[AndroidUiautomator2Driver@1b09 (4dd9307a)]&amp#27;[0m Got response with status 404: {"sessionId":"8d605ba8-ba10-464d-8fc6-4d5ebd3881f5","value":{"error":"no such element","message":"An element could not be located on the page using the given search parameters","stacktrace":"io.appium.uiautomator2.common.exceptions.ElementNotFoundException: An element could not be located on the page using the given search parameters\n\tat io.appium.uiautomator2.handler.FindElement.safeHandle(FindElement.java:63)\n\tat io.appium.uiautomator2.handler.request.SafeRequestHandler.handle(SafeRequestHandler.java:59)\n\tat io.appium.uiautomator2.server.AppiumServlet.handleRequest(AppiumServlet.java:277)\n\tat io.appium.uiautomator2.server.AppiumServlet.handleHttpRequest(AppiumServlet.java:271)\n\tat io.appium.uiautomator2.http.ServerHandler.channelRead(ServerHandler.java:77)\n\tat io.netty.channel.AbstractChannelHandlerContext.invokeChannelRead(AbstractChannelHandlerContext.java:366)\n\tat io.netty.channel.AbstractChannelHandlerContext.invokeChannelRead(AbstractChannelHandlerContext.java:352)\n\tat io.netty.chann...
&amp#27;[38;5;128m[W3C]&amp#27;[0m Matched W3C error code 'no such element' to NoSuchElementError
&amp#27;[38;5;32m[AndroidUiautomator2Driver@1b09 (4dd9307a)]&amp#27;[0m Waited for 10975 ms so far
&amp#27;[38;5;32m[AndroidUiautomator2Driver@1b09 (4dd9307a)]&amp#27;[0m Matched '/element' to command name 'findElement'
&amp#27;[38;5;32m[AndroidUiautomator2Driver@1b09 (4dd9307a)]&amp#27;[0m Proxying [POST /element] to [POST http://127.0.0.1:8200/session/8d605ba8-ba10-464d-8fc6-4d5ebd3881f5/element] with body: {"strategy":"id","selector":"com.androidsample.generalstore:id/toolbar_title","context":"","multiple":false}
&amp#27;[38;5;32m[AndroidUiautomator2Driver@1b09 (4dd9307a)]&amp#27;[0m Got response with status 404: {"sessionId":"8d605ba8-ba10-464d-8fc6-4d5ebd3881f5","value":{"error":"no such element","message":"An element could not be located on the page using the given search parameters","stacktrace":"io.appium.uiautomator2.common.exceptions.ElementNotFoundException: An element could not be located on the page using the given search parameters\n\tat io.appium.uiautomator2.handler.FindElement.safeHandle(FindElement.java:63)\n\tat io.appium.uiautomator2.handler.request.SafeRequestHandler.handle(SafeRequestHandler.java:59)\n\tat io.appium.uiautomator2.server.AppiumServlet.handleRequest(AppiumServlet.java:277)\n\tat io.appium.uiautomator2.server.AppiumServlet.handleHttpRequest(AppiumServlet.java:271)\n\tat io.appium.uiautomator2.http.ServerHandler.channelRead(ServerHandler.java:77)\n\tat io.netty.channel.AbstractChannelHandlerContext.invokeChannelRead(AbstractChannelHandlerContext.java:366)\n\tat io.netty.channel.AbstractChannelHandlerContext.invokeChannelRead(AbstractChannelHandlerContext.java:352)\n\tat io.netty.chann...
&amp#27;[38;5;128m[W3C]&amp#27;[0m Matched W3C error code 'no such element' to NoSuchElementError
&amp#27;[38;5;32m[AndroidUiautomator2Driver@1b09 (4dd9307a)]&amp#27;[0m Waited for 12050 ms so far
&amp#27;[38;5;32m[AndroidUiautomator2Driver@1b09 (4dd9307a)]&amp#27;[0m Matched '/element' to command name 'findElement'
&amp#27;[38;5;32m[AndroidUiautomator2Driver@1b09 (4dd9307a)]&amp#27;[0m Proxying [POST /element] to [POST http://127.0.0.1:8200/session/8d605ba8-ba10-464d-8fc6-4d5ebd3881f5/element] with body: {"strategy":"id","selector":"com.androidsample.generalstore:id/toolbar_title","context":"","multiple":false}
&amp#27;[38;5;32m[AndroidUiautomator2Driver@1b09 (4dd9307a)]&amp#27;[0m Got response with status 404: {"sessionId":"8d605ba8-ba10-464d-8fc6-4d5ebd3881f5","value":{"error":"no such element","message":"An element could not be located on the page using the given search parameters","stacktrace":"io.appium.uiautomator2.common.exceptions.ElementNotFoundException: An element could not be located on the page using the given search parameters\n\tat io.appium.uiautomator2.handler.FindElement.safeHandle(FindElement.java:63)\n\tat io.appium.uiautomator2.handler.request.SafeRequestHandler.handle(SafeRequestHandler.java:59)\n\tat io.appium.uiautomator2.server.AppiumServlet.handleRequest(AppiumServlet.java:277)\n\tat io.appium.uiautomator2.server.AppiumServlet.handleHttpRequest(AppiumServlet.java:271)\n\tat io.appium.uiautomator2.http.ServerHandler.channelRead(ServerHandler.java:77)\n\tat io.netty.channel.AbstractChannelHandlerContext.invokeChannelRead(AbstractChannelHandlerContext.java:366)\n\tat io.netty.channel.AbstractChannelHandlerContext.invokeChannelRead(AbstractChannelHandlerContext.java:352)\n\tat io.netty.chann...
&amp#27;[38;5;128m[W3C]&amp#27;[0m Matched W3C error code 'no such element' to NoSuchElementError
&amp#27;[38;5;32m[AndroidUiautomator2Driver@1b09 (4dd9307a)]&amp#27;[0m Waited for 13001 ms so far
&amp#27;[38;5;32m[AndroidUiautomator2Driver@1b09 (4dd9307a)]&amp#27;[0m Matched '/element' to command name 'findElement'
&amp#27;[38;5;32m[AndroidUiautomator2Driver@1b09 (4dd9307a)]&amp#27;[0m Proxying [POST /element] to [POST http://127.0.0.1:8200/session/8d605ba8-ba10-464d-8fc6-4d5ebd3881f5/element] with body: {"strategy":"id","selector":"com.androidsample.generalstore:id/toolbar_title","context":"","multiple":false}
&amp#27;[38;5;32m[AndroidUiautomator2Driver@1b09 (4dd9307a)]&amp#27;[0m Got response with status 404: {"sessionId":"8d605ba8-ba10-464d-8fc6-4d5ebd3881f5","value":{"error":"no such element","message":"An element could not be located on the page using the given search parameters","stacktrace":"io.appium.uiautomator2.common.exceptions.ElementNotFoundException: An element could not be located on the page using the given search parameters\n\tat io.appium.uiautomator2.handler.FindElement.safeHandle(FindElement.java:63)\n\tat io.appium.uiautomator2.handler.request.SafeRequestHandler.handle(SafeRequestHandler.java:59)\n\tat io.appium.uiautomator2.server.AppiumServlet.handleRequest(AppiumServlet.java:277)\n\tat io.appium.uiautomator2.server.AppiumServlet.handleHttpRequest(AppiumServlet.java:271)\n\tat io.appium.uiautomator2.http.ServerHandler.channelRead(ServerHandler.java:77)\n\tat io.netty.channel.AbstractChannelHandlerContext.invokeChannelRead(AbstractChannelHandlerContext.java:366)\n\tat io.netty.channel.AbstractChannelHandlerContext.invokeChannelRead(AbstractChannelHandlerContext.java:352)\n\tat io.netty.chann...
&amp#27;[38;5;128m[W3C]&amp#27;[0m Matched W3C error code 'no such element' to NoSuchElementError
&amp#27;[38;5;32m[AndroidUiautomator2Driver@1b09 (4dd9307a)]&amp#27;[0m Waited for 14011 ms so far
&amp#27;[38;5;32m[AndroidUiautomator2Driver@1b09 (4dd9307a)]&amp#27;[0m Matched '/element' to command name 'findElement'
&amp#27;[38;5;32m[AndroidUiautomator2Driver@1b09 (4dd9307a)]&amp#27;[0m Proxying [POST /element] to [POST http://127.0.0.1:8200/session/8d605ba8-ba10-464d-8fc6-4d5ebd3881f5/element] with body: {"strategy":"id","selector":"com.androidsample.generalstore:id/toolbar_title","context":"","multiple":false}
&amp#27;[38;5;32m[AndroidUiautomator2Driver@1b09 (4dd9307a)]&amp#27;[0m Got response with status 404: {"sessionId":"8d605ba8-ba10-464d-8fc6-4d5ebd3881f5","value":{"error":"no such element","message":"An element could not be located on the page using the given search parameters","stacktrace":"io.appium.uiautomator2.common.exceptions.ElementNotFoundException: An element could not be located on the page using the given search parameters\n\tat io.appium.uiautomator2.handler.FindElement.safeHandle(FindElement.java:63)\n\tat io.appium.uiautomator2.handler.request.SafeRequestHandler.handle(SafeRequestHandler.java:59)\n\tat io.appium.uiautomator2.server.AppiumServlet.handleRequest(AppiumServlet.java:277)\n\tat io.appium.uiautomator2.server.AppiumServlet.handleHttpRequest(AppiumServlet.java:271)\n\tat io.appium.uiautomator2.http.ServerHandler.channelRead(ServerHandler.java:77)\n\tat io.netty.channel.AbstractChannelHandlerContext.invokeChannelRead(AbstractChannelHandlerContext.java:366)\n\tat io.netty.channel.AbstractChannelHandlerContext.invokeChannelRead(AbstractChannelHandlerContext.java:352)\n\tat io.netty.chann...
&amp#27;[38;5;128m[W3C]&amp#27;[0m Matched W3C error code 'no such element' to NoSuchElementError
&amp#27;[38;5;32m[AndroidUiautomator2Driver@1b09 (4dd9307a)]&amp#27;[0m Waited for 15113 ms so far
&amp#27;[38;5;32m[AndroidUiautomator2Driver@1b09 (4dd9307a)]&amp#27;[0m Matched '/element' to command name 'findElement'
&amp#27;[38;5;32m[AndroidUiautomator2Driver@1b09 (4dd9307a)]&amp#27;[0m Proxying [POST /element] to [POST http://127.0.0.1:8200/session/8d605ba8-ba10-464d-8fc6-4d5ebd3881f5/element] with body: {"strategy":"id","selector":"com.androidsample.generalstore:id/toolbar_title","context":"","multiple":false}
&amp#27;[38;5;32m[AndroidUiautomator2Driver@1b09 (4dd9307a)]&amp#27;[0m Got response with status 404: {"sessionId":"8d605ba8-ba10-464d-8fc6-4d5ebd3881f5","value":{"error":"no such element","message":"An element could not be located on the page using the given search parameters","stacktrace":"io.appium.uiautomator2.common.exceptions.ElementNotFoundException: An element could not be located on the page using the given search parameters\n\tat io.appium.uiautomator2.handler.FindElement.safeHandle(FindElement.java:63)\n\tat io.appium.uiautomator2.handler.request.SafeRequestHandler.handle(SafeRequestHandler.java:59)\n\tat io.appium.uiautomator2.server.AppiumServlet.handleRequest(AppiumServlet.java:277)\n\tat io.appium.uiautomator2.server.AppiumServlet.handleHttpRequest(AppiumServlet.java:271)\n\tat io.appium.uiautomator2.http.ServerHandler.channelRead(ServerHandler.java:77)\n\tat io.netty.channel.AbstractChannelHandlerContext.invokeChannelRead(AbstractChannelHandlerContext.java:366)\n\tat io.netty.channel.AbstractChannelHandlerContext.invokeChannelRead(AbstractChannelHandlerContext.java:352)\n\tat io.netty.chann...
&amp#27;[38;5;128m[W3C]&amp#27;[0m Matched W3C error code 'no such element' to NoSuchElementError
&amp#27;[38;5;32m[AndroidUiautomator2Driver@1b09 (4dd9307a)]&amp#27;[0m Waited for 16130 ms so far
&amp#27;[38;5;32m[AndroidUiautomator2Driver@1b09 (4dd9307a)]&amp#27;[0m Matched '/element' to command name 'findElement'
&amp#27;[38;5;32m[AndroidUiautomator2Driver@1b09 (4dd9307a)]&amp#27;[0m Proxying [POST /element] to [POST http://127.0.0.1:8200/session/8d605ba8-ba10-464d-8fc6-4d5ebd3881f5/element] with body: {"strategy":"id","selector":"com.androidsample.generalstore:id/toolbar_title","context":"","multiple":false}
&amp#27;[38;5;32m[AndroidUiautomator2Driver@1b09 (4dd9307a)]&amp#27;[0m Got response with status 404: {"sessionId":"8d605ba8-ba10-464d-8fc6-4d5ebd3881f5","value":{"error":"no such element","message":"An element could not be located on the page using the given search parameters","stacktrace":"io.appium.uiautomator2.common.exceptions.ElementNotFoundException: An element could not be located on the page using the given search parameters\n\tat io.appium.uiautomator2.handler.FindElement.safeHandle(FindElement.java:63)\n\tat io.appium.uiautomator2.handler.request.SafeRequestHandler.handle(SafeRequestHandler.java:59)\n\tat io.appium.uiautomator2.server.AppiumServlet.handleRequest(AppiumServlet.java:277)\n\tat io.appium.uiautomator2.server.AppiumServlet.handleHttpRequest(AppiumServlet.java:271)\n\tat io.appium.uiautomator2.http.ServerHandler.channelRead(ServerHandler.java:77)\n\tat io.netty.channel.AbstractChannelHandlerContext.invokeChannelRead(AbstractChannelHandlerContext.java:366)\n\tat io.netty.channel.AbstractChannelHandlerContext.invokeChannelRead(AbstractChannelHandlerContext.java:352)\n\tat io.netty.chann...
&amp#27;[38;5;128m[W3C]&amp#27;[0m Matched W3C error code 'no such element' to NoSuchElementError
&amp#27;[38;5;32m[AndroidUiautomator2Driver@1b09 (4dd9307a)]&amp#27;[0m Waited for 17222 ms so far
&amp#27;[38;5;32m[AndroidUiautomator2Driver@1b09 (4dd9307a)]&amp#27;[0m Matched '/element' to command name 'findElement'
&amp#27;[38;5;32m[AndroidUiautomator2Driver@1b09 (4dd9307a)]&amp#27;[0m Proxying [POST /element] to [POST http://127.0.0.1:8200/session/8d605ba8-ba10-464d-8fc6-4d5ebd3881f5/element] with body: {"strategy":"id","selector":"com.androidsample.generalstore:id/toolbar_title","context":"","multiple":false}
&amp#27;[38;5;32m[AndroidUiautomator2Driver@1b09 (4dd9307a)]&amp#27;[0m Got response with status 404: {"sessionId":"8d605ba8-ba10-464d-8fc6-4d5ebd3881f5","value":{"error":"no such element","message":"An element could not be located on the page using the given search parameters","stacktrace":"io.appium.uiautomator2.common.exceptions.ElementNotFoundException: An element could not be located on the page using the given search parameters\n\tat io.appium.uiautomator2.handler.FindElement.safeHandle(FindElement.java:63)\n\tat io.appium.uiautomator2.handler.request.SafeRequestHandler.handle(SafeRequestHandler.java:59)\n\tat io.appium.uiautomator2.server.AppiumServlet.handleRequest(AppiumServlet.java:277)\n\tat io.appium.uiautomator2.server.AppiumServlet.handleHttpRequest(AppiumServlet.java:271)\n\tat io.appium.uiautomator2.http.ServerHandler.channelRead(ServerHandler.java:77)\n\tat io.netty.channel.AbstractChannelHandlerContext.invokeChannelRead(AbstractChannelHandlerContext.java:366)\n\tat io.netty.channel.AbstractChannelHandlerContext.invokeChannelRead(AbstractChannelHandlerContext.java:352)\n\tat io.netty.chann...
&amp#27;[38;5;128m[W3C]&amp#27;[0m Matched W3C error code 'no such element' to NoSuchElementError
&amp#27;[38;5;32m[AndroidUiautomator2Driver@1b09 (4dd9307a)]&amp#27;[0m Waited for 18188 ms so far
&amp#27;[38;5;32m[AndroidUiautomator2Driver@1b09 (4dd9307a)]&amp#27;[0m Matched '/element' to command name 'findElement'
&amp#27;[38;5;32m[AndroidUiautomator2Driver@1b09 (4dd9307a)]&amp#27;[0m Proxying [POST /element] to [POST http://127.0.0.1:8200/session/8d605ba8-ba10-464d-8fc6-4d5ebd3881f5/element] with body: {"strategy":"id","selector":"com.androidsample.generalstore:id/toolbar_title","context":"","multiple":false}
&amp#27;[38;5;32m[AndroidUiautomator2Driver@1b09 (4dd9307a)]&amp#27;[0m Got response with status 404: {"sessionId":"8d605ba8-ba10-464d-8fc6-4d5ebd3881f5","value":{"error":"no such element","message":"An element could not be located on the page using the given search parameters","stacktrace":"io.appium.uiautomator2.common.exceptions.ElementNotFoundException: An element could not be located on the page using the given search parameters\n\tat io.appium.uiautomator2.handler.FindElement.safeHandle(FindElement.java:63)\n\tat io.appium.uiautomator2.handler.request.SafeRequestHandler.handle(SafeRequestHandler.java:59)\n\tat io.appium.uiautomator2.server.AppiumServlet.handleRequest(AppiumServlet.java:277)\n\tat io.appium.uiautomator2.server.AppiumServlet.handleHttpRequest(AppiumServlet.java:271)\n\tat io.appium.uiautomator2.http.ServerHandler.channelRead(ServerHandler.java:77)\n\tat io.netty.channel.AbstractChannelHandlerContext.invokeChannelRead(AbstractChannelHandlerContext.java:366)\n\tat io.netty.channel.AbstractChannelHandlerContext.invokeChannelRead(AbstractChannelHandlerContext.java:352)\n\tat io.netty.chann...
&amp#27;[38;5;128m[W3C]&amp#27;[0m Matched W3C error code 'no such element' to NoSuchElementError
&amp#27;[38;5;32m[AndroidUiautomator2Driver@1b09 (4dd9307a)]&amp#27;[0m Waited for 18997 ms so far
&amp#27;[38;5;32m[AndroidUiautomator2Driver@1b09 (4dd9307a)]&amp#27;[0m Matched '/element' to command name 'findElement'
&amp#27;[38;5;32m[AndroidUiautomator2Driver@1b09 (4dd9307a)]&amp#27;[0m Proxying [POST /element] to [POST http://127.0.0.1:8200/session/8d605ba8-ba10-464d-8fc6-4d5ebd3881f5/element] with body: {"strategy":"id","selector":"com.androidsample.generalstore:id/toolbar_title","context":"","multiple":false}
&amp#27;[38;5;32m[AndroidUiautomator2Driver@1b09 (4dd9307a)]&amp#27;[0m Got response with status 404: {"sessionId":"8d605ba8-ba10-464d-8fc6-4d5ebd3881f5","value":{"error":"no such element","message":"An element could not be located on the page using the given search parameters","stacktrace":"io.appium.uiautomator2.common.exceptions.ElementNotFoundException: An element could not be located on the page using the given search parameters\n\tat io.appium.uiautomator2.handler.FindElement.safeHandle(FindElement.java:63)\n\tat io.appium.uiautomator2.handler.request.SafeRequestHandler.handle(SafeRequestHandler.java:59)\n\tat io.appium.uiautomator2.server.AppiumServlet.handleRequest(AppiumServlet.java:277)\n\tat io.appium.uiautomator2.server.AppiumServlet.handleHttpRequest(AppiumServlet.java:271)\n\tat io.appium.uiautomator2.http.ServerHandler.channelRead(ServerHandler.java:77)\n\tat io.netty.channel.AbstractChannelHandlerContext.invokeChannelRead(AbstractChannelHandlerContext.java:366)\n\tat io.netty.channel.AbstractChannelHandlerContext.invokeChannelRead(AbstractChannelHandlerContext.java:352)\n\tat io.netty.chann...
&amp#27;[38;5;128m[W3C]&amp#27;[0m Matched W3C error code 'no such element' to NoSuchElementError
&amp#27;[38;5;32m[AndroidUiautomator2Driver@1b09 (4dd9307a)]&amp#27;[0m Waited for 19954 ms so far
&amp#27;[38;5;32m[AndroidUiautomator2Driver@1b09 (4dd9307a)]&amp#27;[0m Matched '/element' to command name 'findElement'
&amp#27;[38;5;32m[AndroidUiautomator2Driver@1b09 (4dd9307a)]&amp#27;[0m Proxying [POST /element] to [POST http://127.0.0.1:8200/session/8d605ba8-ba10-464d-8fc6-4d5ebd3881f5/element] with body: {"strategy":"id","selector":"com.androidsample.generalstore:id/toolbar_title","context":"","multiple":false}
&amp#27;[38;5;32m[AndroidUiautomator2Driver@1b09 (4dd9307a)]&amp#27;[0m Got response with status 404: {"sessionId":"8d605ba8-ba10-464d-8fc6-4d5ebd3881f5","value":{"error":"no such element","message":"An element could not be located on the page using the given search parameters","stacktrace":"io.appium.uiautomator2.common.exceptions.ElementNotFoundException: An element could not be located on the page using the given search parameters\n\tat io.appium.uiautomator2.handler.FindElement.safeHandle(FindElement.java:63)\n\tat io.appium.uiautomator2.handler.request.SafeRequestHandler.handle(SafeRequestHandler.java:59)\n\tat io.appium.uiautomator2.server.AppiumServlet.handleRequest(AppiumServlet.java:277)\n\tat io.appium.uiautomator2.server.AppiumServlet.handleHttpRequest(AppiumServlet.java:271)\n\tat io.appium.uiautomator2.http.ServerHandler.channelRead(ServerHandler.java:77)\n\tat io.netty.channel.AbstractChannelHandlerContext.invokeChannelRead(AbstractChannelHandlerContext.java:366)\n\tat io.netty.channel.AbstractChannelHandlerContext.invokeChannelRead(AbstractChannelHandlerContext.java:352)\n\tat io.netty.chann...
&amp#27;[38;5;128m[W3C]&amp#27;[0m Matched W3C error code 'no such element' to NoSuchElementError
&amp#27;[38;5;32m[AndroidUiautomator2Driver@1b09 (4dd9307a)]&amp#27;[0m Waited for 20993 ms so far
&amp#27;[38;5;32m[AndroidUiautomator2Driver@1b09 (4dd9307a)]&amp#27;[0m Matched '/element' to command name 'findElement'
&amp#27;[38;5;32m[AndroidUiautomator2Driver@1b09 (4dd9307a)]&amp#27;[0m Proxying [POST /element] to [POST http://127.0.0.1:8200/session/8d605ba8-ba10-464d-8fc6-4d5ebd3881f5/element] with body: {"strategy":"id","selector":"com.androidsample.generalstore:id/toolbar_title","context":"","multiple":false}
&amp#27;[38;5;32m[AndroidUiautomator2Driver@1b09 (4dd9307a)]&amp#27;[0m Got response with status 404: {"sessionId":"8d605ba8-ba10-464d-8fc6-4d5ebd3881f5","value":{"error":"no such element","message":"An element could not be located on the page using the given search parameters","stacktrace":"io.appium.uiautomator2.common.exceptions.ElementNotFoundException: An element could not be located on the page using the given search parameters\n\tat io.appium.uiautomator2.handler.FindElement.safeHandle(FindElement.java:63)\n\tat io.appium.uiautomator2.handler.request.SafeRequestHandler.handle(SafeRequestHandler.java:59)\n\tat io.appium.uiautomator2.server.AppiumServlet.handleRequest(AppiumServlet.java:277)\n\tat io.appium.uiautomator2.server.AppiumServlet.handleHttpRequest(AppiumServlet.java:271)\n\tat io.appium.uiautomator2.http.ServerHandler.channelRead(ServerHandler.java:77)\n\tat io.netty.channel.AbstractChannelHandlerContext.invokeChannelRead(AbstractChannelHandlerContext.java:366)\n\tat io.netty.channel.AbstractChannelHandlerContext.invokeChannelRead(AbstractChannelHandlerContext.java:352)\n\tat io.netty.chann...
&amp#27;[38;5;128m[W3C]&amp#27;[0m Matched W3C error code 'no such element' to NoSuchElementError
&amp#27;[38;5;32m[AndroidUiautomator2Driver@1b09 (4dd9307a)]&amp#27;[0m Waited for 22062 ms so far
&amp#27;[38;5;32m[AndroidUiautomator2Driver@1b09 (4dd9307a)]&amp#27;[0m Matched '/element' to command name 'findElement'
&amp#27;[38;5;32m[AndroidUiautomator2Driver@1b09 (4dd9307a)]&amp#27;[0m Proxying [POST /element] to [POST http://127.0.0.1:8200/session/8d605ba8-ba10-464d-8fc6-4d5ebd3881f5/element] with body: {"strategy":"id","selector":"com.androidsample.generalstore:id/toolbar_title","context":"","multiple":false}
&amp#27;[38;5;32m[AndroidUiautomator2Driver@1b09 (4dd9307a)]&amp#27;[0m Got response with status 404: {"sessionId":"8d605ba8-ba10-464d-8fc6-4d5ebd3881f5","value":{"error":"no such element","message":"An element could not be located on the page using the given search parameters","stacktrace":"io.appium.uiautomator2.common.exceptions.ElementNotFoundException: An element could not be located on the page using the given search parameters\n\tat io.appium.uiautomator2.handler.FindElement.safeHandle(FindElement.java:63)\n\tat io.appium.uiautomator2.handler.request.SafeRequestHandler.handle(SafeRequestHandler.java:59)\n\tat io.appium.uiautomator2.server.AppiumServlet.handleRequest(AppiumServlet.java:277)\n\tat io.appium.uiautomator2.server.AppiumServlet.handleHttpRequest(AppiumServlet.java:271)\n\tat io.appium.uiautomator2.http.ServerHandler.channelRead(ServerHandler.java:77)\n\tat io.netty.channel.AbstractChannelHandlerContext.invokeChannelRead(AbstractChannelHandlerContext.java:366)\n\tat io.netty.channel.AbstractChannelHandlerContext.invokeChannelRead(AbstractChannelHandlerContext.java:352)\n\tat io.netty.chann...
&amp#27;[38;5;128m[W3C]&amp#27;[0m Matched W3C error code 'no such element' to NoSuchElementError
&amp#27;[38;5;32m[AndroidUiautomator2Driver@1b09 (4dd9307a)]&amp#27;[0m Waited for 23033 ms so far
&amp#27;[38;5;32m[AndroidUiautomator2Driver@1b09 (4dd9307a)]&amp#27;[0m Matched '/element' to command name 'findElement'
&amp#27;[38;5;32m[AndroidUiautomator2Driver@1b09 (4dd9307a)]&amp#27;[0m Proxying [POST /element] to [POST http://127.0.0.1:8200/session/8d605ba8-ba10-464d-8fc6-4d5ebd3881f5/element] with body: {"strategy":"id","selector":"com.androidsample.generalstore:id/toolbar_title","context":"","multiple":false}
&amp#27;[38;5;32m[AndroidUiautomator2Driver@1b09 (4dd9307a)]&amp#27;[0m Got response with status 404: {"sessionId":"8d605ba8-ba10-464d-8fc6-4d5ebd3881f5","value":{"error":"no such element","message":"An element could not be located on the page using the given search parameters","stacktrace":"io.appium.uiautomator2.common.exceptions.ElementNotFoundException: An element could not be located on the page using the given search parameters\n\tat io.appium.uiautomator2.handler.FindElement.safeHandle(FindElement.java:63)\n\tat io.appium.uiautomator2.handler.request.SafeRequestHandler.handle(SafeRequestHandler.java:59)\n\tat io.appium.uiautomator2.server.AppiumServlet.handleRequest(AppiumServlet.java:277)\n\tat io.appium.uiautomator2.server.AppiumServlet.handleHttpRequest(AppiumServlet.java:271)\n\tat io.appium.uiautomator2.http.ServerHandler.channelRead(ServerHandler.java:77)\n\tat io.netty.channel.AbstractChannelHandlerContext.invokeChannelRead(AbstractChannelHandlerContext.java:366)\n\tat io.netty.channel.AbstractChannelHandlerContext.invokeChannelRead(AbstractChannelHandlerContext.java:352)\n\tat io.netty.chann...
&amp#27;[38;5;128m[W3C]&amp#27;[0m Matched W3C error code 'no such element' to NoSuchElementError
&amp#27;[38;5;32m[AndroidUiautomator2Driver@1b09 (4dd9307a)]&amp#27;[0m Waited for 24135 ms so far
&amp#27;[38;5;32m[AndroidUiautomator2Driver@1b09 (4dd9307a)]&amp#27;[0m Matched '/element' to command name 'findElement'
&amp#27;[38;5;32m[AndroidUiautomator2Driver@1b09 (4dd9307a)]&amp#27;[0m Proxying [POST /element] to [POST http://127.0.0.1:8200/session/8d605ba8-ba10-464d-8fc6-4d5ebd3881f5/element] with body: {"strategy":"id","selector":"com.androidsample.generalstore:id/toolbar_title","context":"","multiple":false}
&amp#27;[38;5;32m[AndroidUiautomator2Driver@1b09 (4dd9307a)]&amp#27;[0m Got response with status 404: {"sessionId":"8d605ba8-ba10-464d-8fc6-4d5ebd3881f5","value":{"error":"no such element","message":"An element could not be located on the page using the given search parameters","stacktrace":"io.appium.uiautomator2.common.exceptions.ElementNotFoundException: An element could not be located on the page using the given search parameters\n\tat io.appium.uiautomator2.handler.FindElement.safeHandle(FindElement.java:63)\n\tat io.appium.uiautomator2.handler.request.SafeRequestHandler.handle(SafeRequestHandler.java:59)\n\tat io.appium.uiautomator2.server.AppiumServlet.handleRequest(AppiumServlet.java:277)\n\tat io.appium.uiautomator2.server.AppiumServlet.handleHttpRequest(AppiumServlet.java:271)\n\tat io.appium.uiautomator2.http.ServerHandler.channelRead(ServerHandler.java:77)\n\tat io.netty.channel.AbstractChannelHandlerContext.invokeChannelRead(AbstractChannelHandlerContext.java:366)\n\tat io.netty.channel.AbstractChannelHandlerContext.invokeChannelRead(AbstractChannelHandlerContext.java:352)\n\tat io.netty.chann...
&amp#27;[38;5;128m[W3C]&amp#27;[0m Matched W3C error code 'no such element' to NoSuchElementError
&amp#27;[38;5;32m[AndroidUiautomator2Driver@1b09 (4dd9307a)]&amp#27;[0m Waited for 25010 ms so far
&amp#27;[38;5;32m[AndroidUiautomator2Driver@1b09 (4dd9307a)]&amp#27;[0m Matched '/element' to command name 'findElement'
&amp#27;[38;5;32m[AndroidUiautomator2Driver@1b09 (4dd9307a)]&amp#27;[0m Proxying [POST /element] to [POST http://127.0.0.1:8200/session/8d605ba8-ba10-464d-8fc6-4d5ebd3881f5/element] with body: {"strategy":"id","selector":"com.androidsample.generalstore:id/toolbar_title","context":"","multiple":false}
&amp#27;[38;5;32m[AndroidUiautomator2Driver@1b09 (4dd9307a)]&amp#27;[0m Got response with status 404: {"sessionId":"8d605ba8-ba10-464d-8fc6-4d5ebd3881f5","value":{"error":"no such element","message":"An element could not be located on the page using the given search parameters","stacktrace":"io.appium.uiautomator2.common.exceptions.ElementNotFoundException: An element could not be located on the page using the given search parameters\n\tat io.appium.uiautomator2.handler.FindElement.safeHandle(FindElement.java:63)\n\tat io.appium.uiautomator2.handler.request.SafeRequestHandler.handle(SafeRequestHandler.java:59)\n\tat io.appium.uiautomator2.server.AppiumServlet.handleRequest(AppiumServlet.java:277)\n\tat io.appium.uiautomator2.server.AppiumServlet.handleHttpRequest(AppiumServlet.java:271)\n\tat io.appium.uiautomator2.http.ServerHandler.channelRead(ServerHandler.java:77)\n\tat io.netty.channel.AbstractChannelHandlerContext.invokeChannelRead(AbstractChannelHandlerContext.java:366)\n\tat io.netty.channel.AbstractChannelHandlerContext.invokeChannelRead(AbstractChannelHandlerContext.java:352)\n\tat io.netty.chann...
&amp#27;[38;5;128m[W3C]&amp#27;[0m Matched W3C error code 'no such element' to NoSuchElementError
&amp#27;[38;5;32m[AndroidUiautomator2Driver@1b09 (4dd9307a)]&amp#27;[0m Waited for 25953 ms so far
&amp#27;[38;5;32m[AndroidUiautomator2Driver@1b09 (4dd9307a)]&amp#27;[0m Matched '/element' to command name 'findElement'
&amp#27;[38;5;32m[AndroidUiautomator2Driver@1b09 (4dd9307a)]&amp#27;[0m Proxying [POST /element] to [POST http://127.0.0.1:8200/session/8d605ba8-ba10-464d-8fc6-4d5ebd3881f5/element] with body: {"strategy":"id","selector":"com.androidsample.generalstore:id/toolbar_title","context":"","multiple":false}
&amp#27;[38;5;32m[AndroidUiautomator2Driver@1b09 (4dd9307a)]&amp#27;[0m Got response with status 404: {"sessionId":"8d605ba8-ba10-464d-8fc6-4d5ebd3881f5","value":{"error":"no such element","message":"An element could not be located on the page using the given search parameters","stacktrace":"io.appium.uiautomator2.common.exceptions.ElementNotFoundException: An element could not be located on the page using the given search parameters\n\tat io.appium.uiautomator2.handler.FindElement.safeHandle(FindElement.java:63)\n\tat io.appium.uiautomator2.handler.request.SafeRequestHandler.handle(SafeRequestHandler.java:59)\n\tat io.appium.uiautomator2.server.AppiumServlet.handleRequest(AppiumServlet.java:277)\n\tat io.appium.uiautomator2.server.AppiumServlet.handleHttpRequest(AppiumServlet.java:271)\n\tat io.appium.uiautomator2.http.ServerHandler.channelRead(ServerHandler.java:77)\n\tat io.netty.channel.AbstractChannelHandlerContext.invokeChannelRead(AbstractChannelHandlerContext.java:366)\n\tat io.netty.channel.AbstractChannelHandlerContext.invokeChannelRead(AbstractChannelHandlerContext.java:352)\n\tat io.netty.chann...
&amp#27;[38;5;128m[W3C]&amp#27;[0m Matched W3C error code 'no such element' to NoSuchElementError
&amp#27;[38;5;32m[AndroidUiautomator2Driver@1b09 (4dd9307a)]&amp#27;[0m Waited for 26826 ms so far
&amp#27;[38;5;32m[AndroidUiautomator2Driver@1b09 (4dd9307a)]&amp#27;[0m Matched '/element' to command name 'findElement'
&amp#27;[38;5;32m[AndroidUiautomator2Driver@1b09 (4dd9307a)]&amp#27;[0m Proxying [POST /element] to [POST http://127.0.0.1:8200/session/8d605ba8-ba10-464d-8fc6-4d5ebd3881f5/element] with body: {"strategy":"id","selector":"com.androidsample.generalstore:id/toolbar_title","context":"","multiple":false}
&amp#27;[38;5;32m[AndroidUiautomator2Driver@1b09 (4dd9307a)]&amp#27;[0m Got response with status 404: {"sessionId":"8d605ba8-ba10-464d-8fc6-4d5ebd3881f5","value":{"error":"no such element","message":"An element could not be located on the page using the given search parameters","stacktrace":"io.appium.uiautomator2.common.exceptions.ElementNotFoundException: An element could not be located on the page using the given search parameters\n\tat io.appium.uiautomator2.handler.FindElement.safeHandle(FindElement.java:63)\n\tat io.appium.uiautomator2.handler.request.SafeRequestHandler.handle(SafeRequestHandler.java:59)\n\tat io.appium.uiautomator2.server.AppiumServlet.handleRequest(AppiumServlet.java:277)\n\tat io.appium.uiautomator2.server.AppiumServlet.handleHttpRequest(AppiumServlet.java:271)\n\tat io.appium.uiautomator2.http.ServerHandler.channelRead(ServerHandler.java:77)\n\tat io.netty.channel.AbstractChannelHandlerContext.invokeChannelRead(AbstractChannelHandlerContext.java:366)\n\tat io.netty.channel.AbstractChannelHandlerContext.invokeChannelRead(AbstractChannelHandlerContext.java:352)\n\tat io.netty.chann...
&amp#27;[38;5;128m[W3C]&amp#27;[0m Matched W3C error code 'no such element' to NoSuchElementError
&amp#27;[38;5;32m[AndroidUiautomator2Driver@1b09 (4dd9307a)]&amp#27;[0m Waited for 27863 ms so far
&amp#27;[38;5;32m[AndroidUiautomator2Driver@1b09 (4dd9307a)]&amp#27;[0m Matched '/element' to command name 'findElement'
&amp#27;[38;5;32m[AndroidUiautomator2Driver@1b09 (4dd9307a)]&amp#27;[0m Proxying [POST /element] to [POST http://127.0.0.1:8200/session/8d605ba8-ba10-464d-8fc6-4d5ebd3881f5/element] with body: {"strategy":"id","selector":"com.androidsample.generalstore:id/toolbar_title","context":"","multiple":false}
&amp#27;[38;5;32m[AndroidUiautomator2Driver@1b09 (4dd9307a)]&amp#27;[0m Got response with status 404: {"sessionId":"8d605ba8-ba10-464d-8fc6-4d5ebd3881f5","value":{"error":"no such element","message":"An element could not be located on the page using the given search parameters","stacktrace":"io.appium.uiautomator2.common.exceptions.ElementNotFoundException: An element could not be located on the page using the given search parameters\n\tat io.appium.uiautomator2.handler.FindElement.safeHandle(FindElement.java:63)\n\tat io.appium.uiautomator2.handler.request.SafeRequestHandler.handle(SafeRequestHandler.java:59)\n\tat io.appium.uiautomator2.server.AppiumServlet.handleRequest(AppiumServlet.java:277)\n\tat io.appium.uiautomator2.server.AppiumServlet.handleHttpRequest(AppiumServlet.java:271)\n\tat io.appium.uiautomator2.http.ServerHandler.channelRead(ServerHandler.java:77)\n\tat io.netty.channel.AbstractChannelHandlerContext.invokeChannelRead(AbstractChannelHandlerContext.java:366)\n\tat io.netty.channel.AbstractChannelHandlerContext.invokeChannelRead(AbstractChannelHandlerContext.java:352)\n\tat io.netty.chann...
&amp#27;[38;5;128m[W3C]&amp#27;[0m Matched W3C error code 'no such element' to NoSuchElementError
&amp#27;[38;5;32m[AndroidUiautomator2Driver@1b09 (4dd9307a)]&amp#27;[0m Waited for 28749 ms so far
&amp#27;[38;5;32m[AndroidUiautomator2Driver@1b09 (4dd9307a)]&amp#27;[0m Matched '/element' to command name 'findElement'
&amp#27;[38;5;32m[AndroidUiautomator2Driver@1b09 (4dd9307a)]&amp#27;[0m Proxying [POST /element] to [POST http://127.0.0.1:8200/session/8d605ba8-ba10-464d-8fc6-4d5ebd3881f5/element] with body: {"strategy":"id","selector":"com.androidsample.generalstore:id/toolbar_title","context":"","multiple":false}
&amp#27;[38;5;32m[AndroidUiautomator2Driver@1b09 (4dd9307a)]&amp#27;[0m Got response with status 404: {"sessionId":"8d605ba8-ba10-464d-8fc6-4d5ebd3881f5","value":{"error":"no such element","message":"An element could not be located on the page using the given search parameters","stacktrace":"io.appium.uiautomator2.common.exceptions.ElementNotFoundException: An element could not be located on the page using the given search parameters\n\tat io.appium.uiautomator2.handler.FindElement.safeHandle(FindElement.java:63)\n\tat io.appium.uiautomator2.handler.request.SafeRequestHandler.handle(SafeRequestHandler.java:59)\n\tat io.appium.uiautomator2.server.AppiumServlet.handleRequest(AppiumServlet.java:277)\n\tat io.appium.uiautomator2.server.AppiumServlet.handleHttpRequest(AppiumServlet.java:271)\n\tat io.appium.uiautomator2.http.ServerHandler.channelRead(ServerHandler.java:77)\n\tat io.netty.channel.AbstractChannelHandlerContext.invokeChannelRead(AbstractChannelHandlerContext.java:366)\n\tat io.netty.channel.AbstractChannelHandlerContext.invokeChannelRead(AbstractChannelHandlerContext.java:352)\n\tat io.netty.chann...
&amp#27;[38;5;128m[W3C]&amp#27;[0m Matched W3C error code 'no such element' to NoSuchElementError
&amp#27;[38;5;32m[AndroidUiautomator2Driver@1b09 (4dd9307a)]&amp#27;[0m Waited for 29652 ms so far
&amp#27;[38;5;32m[AndroidUiautomator2Driver@1b09 (4dd9307a)]&amp#27;[0m Matched '/element' to command name 'findElement'
&amp#27;[38;5;32m[AndroidUiautomator2Driver@1b09 (4dd9307a)]&amp#27;[0m Proxying [POST /element] to [POST http://127.0.0.1:8200/session/8d605ba8-ba10-464d-8fc6-4d5ebd3881f5/element] with body: {"strategy":"id","selector":"com.androidsample.generalstore:id/toolbar_title","context":"","multiple":false}
&amp#27;[38;5;32m[AndroidUiautomator2Driver@1b09 (4dd9307a)]&amp#27;[0m Got response with status 404: {"sessionId":"8d605ba8-ba10-464d-8fc6-4d5ebd3881f5","value":{"error":"no such element","message":"An element could not be located on the page using the given search parameters","stacktrace":"io.appium.uiautomator2.common.exceptions.ElementNotFoundException: An element could not be located on the page using the given search parameters\n\tat io.appium.uiautomator2.handler.FindElement.safeHandle(FindElement.java:63)\n\tat io.appium.uiautomator2.handler.request.SafeRequestHandler.handle(SafeRequestHandler.java:59)\n\tat io.appium.uiautomator2.server.AppiumServlet.handleRequest(AppiumServlet.java:277)\n\tat io.appium.uiautomator2.server.AppiumServlet.handleHttpRequest(AppiumServlet.java:271)\n\tat io.appium.uiautomator2.http.ServerHandler.channelRead(ServerHandler.java:77)\n\tat io.netty.channel.AbstractChannelHandlerContext.invokeChannelRead(AbstractChannelHandlerContext.java:366)\n\tat io.netty.channel.AbstractChannelHandlerContext.invokeChannelRead(AbstractChannelHandlerContext.java:352)\n\tat io.netty.chann...
&amp#27;[38;5;128m[W3C]&amp#27;[0m Matched W3C error code 'no such element' to NoSuchElementError
&amp#27;[38;5;32m[AndroidUiautomator2Driver@1b09 (4dd9307a)]&amp#27;[0m Waited for 30849 ms so far
&amp#27;[38;5;32m[AndroidUiautomator2Driver@1b09 (4dd9307a)]&amp#27;[0m Matched '/element' to command name 'findElement'
&amp#27;[38;5;32m[AndroidUiautomator2Driver@1b09 (4dd9307a)]&amp#27;[0m Proxying [POST /element] to [POST http://127.0.0.1:8200/session/8d605ba8-ba10-464d-8fc6-4d5ebd3881f5/element] with body: {"strategy":"id","selector":"com.androidsample.generalstore:id/toolbar_title","context":"","multiple":false}
&amp#27;[38;5;32m[AndroidUiautomator2Driver@1b09 (4dd9307a)]&amp#27;[0m Got response with status 404: {"sessionId":"8d605ba8-ba10-464d-8fc6-4d5ebd3881f5","value":{"error":"no such element","message":"An element could not be located on the page using the given search parameters","stacktrace":"io.appium.uiautomator2.common.exceptions.ElementNotFoundException: An element could not be located on the page using the given search parameters\n\tat io.appium.uiautomator2.handler.FindElement.safeHandle(FindElement.java:63)\n\tat io.appium.uiautomator2.handler.request.SafeRequestHandler.handle(SafeRequestHandler.java:59)\n\tat io.appium.uiautomator2.server.AppiumServlet.handleRequest(AppiumServlet.java:277)\n\tat io.appium.uiautomator2.server.AppiumServlet.handleHttpRequest(AppiumServlet.java:271)\n\tat io.appium.uiautomator2.http.ServerHandler.channelRead(ServerHandler.java:77)\n\tat io.netty.channel.AbstractChannelHandlerContext.invokeChannelRead(AbstractChannelHandlerContext.java:366)\n\tat io.netty.channel.AbstractChannelHandlerContext.invokeChannelRead(AbstractChannelHandlerContext.java:352)\n\tat io.netty.chann...
&amp#27;[38;5;128m[W3C]&amp#27;[0m Matched W3C error code 'no such element' to NoSuchElementError
&amp#27;[38;5;32m[AndroidUiautomator2Driver@1b09 (4dd9307a)]&amp#27;[0m Waited for 31880 ms so far
&amp#27;[38;5;32m[AndroidUiautomator2Driver@1b09 (4dd9307a)]&amp#27;[0m Matched '/element' to command name 'findElement'
&amp#27;[38;5;32m[AndroidUiautomator2Driver@1b09 (4dd9307a)]&amp#27;[0m Proxying [POST /element] to [POST http://127.0.0.1:8200/session/8d605ba8-ba10-464d-8fc6-4d5ebd3881f5/element] with body: {"strategy":"id","selector":"com.androidsample.generalstore:id/toolbar_title","context":"","multiple":false}
&amp#27;[38;5;32m[AndroidUiautomator2Driver@1b09 (4dd9307a)]&amp#27;[0m Got response with status 404: {"sessionId":"8d605ba8-ba10-464d-8fc6-4d5ebd3881f5","value":{"error":"no such element","message":"An element could not be located on the page using the given search parameters","stacktrace":"io.appium.uiautomator2.common.exceptions.ElementNotFoundException: An element could not be located on the page using the given search parameters\n\tat io.appium.uiautomator2.handler.FindElement.safeHandle(FindElement.java:63)\n\tat io.appium.uiautomator2.handler.request.SafeRequestHandler.handle(SafeRequestHandler.java:59)\n\tat io.appium.uiautomator2.server.AppiumServlet.handleRequest(AppiumServlet.java:277)\n\tat io.appium.uiautomator2.server.AppiumServlet.handleHttpRequest(AppiumServlet.java:271)\n\tat io.appium.uiautomator2.http.ServerHandler.channelRead(ServerHandler.java:77)\n\tat io.netty.channel.AbstractChannelHandlerContext.invokeChannelRead(AbstractChannelHandlerContext.java:366)\n\tat io.netty.channel.AbstractChannelHandlerContext.invokeChannelRead(AbstractChannelHandlerContext.java:352)\n\tat io.netty.chann...
&amp#27;[38;5;128m[W3C]&amp#27;[0m Matched W3C error code 'no such element' to NoSuchElementError
&amp#27;[38;5;32m[AndroidUiautomator2Driver@1b09 (4dd9307a)]&amp#27;[0m Waited for 32826 ms so far
&amp#27;[38;5;32m[AndroidUiautomator2Driver@1b09 (4dd9307a)]&amp#27;[0m Matched '/element' to command name 'findElement'
&amp#27;[38;5;32m[AndroidUiautomator2Driver@1b09 (4dd9307a)]&amp#27;[0m Proxying [POST /element] to [POST http://127.0.0.1:8200/session/8d605ba8-ba10-464d-8fc6-4d5ebd3881f5/element] with body: {"strategy":"id","selector":"com.androidsample.generalstore:id/toolbar_title","context":"","multiple":false}
&amp#27;[38;5;32m[AndroidUiautomator2Driver@1b09 (4dd9307a)]&amp#27;[0m Got response with status 404: {"sessionId":"8d605ba8-ba10-464d-8fc6-4d5ebd3881f5","value":{"error":"no such element","message":"An element could not be located on the page using the given search parameters","stacktrace":"io.appium.uiautomator2.common.exceptions.ElementNotFoundException: An element could not be located on the page using the given search parameters\n\tat io.appium.uiautomator2.handler.FindElement.safeHandle(FindElement.java:63)\n\tat io.appium.uiautomator2.handler.request.SafeRequestHandler.handle(SafeRequestHandler.java:59)\n\tat io.appium.uiautomator2.server.AppiumServlet.handleRequest(AppiumServlet.java:277)\n\tat io.appium.uiautomator2.server.AppiumServlet.handleHttpRequest(AppiumServlet.java:271)\n\tat io.appium.uiautomator2.http.ServerHandler.channelRead(ServerHandler.java:77)\n\tat io.netty.channel.AbstractChannelHandlerContext.invokeChannelRead(AbstractChannelHandlerContext.java:366)\n\tat io.netty.channel.AbstractChannelHandlerContext.invokeChannelRead(AbstractChannelHandlerContext.java:352)\n\tat io.netty.chann...
&amp#27;[38;5;128m[W3C]&amp#27;[0m Matched W3C error code 'no such element' to NoSuchElementError
&amp#27;[38;5;32m[AndroidUiautomator2Driver@1b09 (4dd9307a)]&amp#27;[0m Waited for 33867 ms so far
&amp#27;[38;5;32m[AndroidUiautomator2Driver@1b09 (4dd9307a)]&amp#27;[0m Matched '/element' to command name 'findElement'
&amp#27;[38;5;32m[AndroidUiautomator2Driver@1b09 (4dd9307a)]&amp#27;[0m Proxying [POST /element] to [POST http://127.0.0.1:8200/session/8d605ba8-ba10-464d-8fc6-4d5ebd3881f5/element] with body: {"strategy":"id","selector":"com.androidsample.generalstore:id/toolbar_title","context":"","multiple":false}
&amp#27;[38;5;32m[AndroidUiautomator2Driver@1b09 (4dd9307a)]&amp#27;[0m Got response with status 404: {"sessionId":"8d605ba8-ba10-464d-8fc6-4d5ebd3881f5","value":{"error":"no such element","message":"An element could not be located on the page using the given search parameters","stacktrace":"io.appium.uiautomator2.common.exceptions.ElementNotFoundException: An element could not be located on the page using the given search parameters\n\tat io.appium.uiautomator2.handler.FindElement.safeHandle(FindElement.java:63)\n\tat io.appium.uiautomator2.handler.request.SafeRequestHandler.handle(SafeRequestHandler.java:59)\n\tat io.appium.uiautomator2.server.AppiumServlet.handleRequest(AppiumServlet.java:277)\n\tat io.appium.uiautomator2.server.AppiumServlet.handleHttpRequest(AppiumServlet.java:271)\n\tat io.appium.uiautomator2.http.ServerHandler.channelRead(ServerHandler.java:77)\n\tat io.netty.channel.AbstractChannelHandlerContext.invokeChannelRead(AbstractChannelHandlerContext.java:366)\n\tat io.netty.channel.AbstractChannelHandlerContext.invokeChannelRead(AbstractChannelHandlerContext.java:352)\n\tat io.netty.chann...
&amp#27;[38;5;128m[W3C]&amp#27;[0m Matched W3C error code 'no such element' to NoSuchElementError
&amp#27;[38;5;32m[AndroidUiautomator2Driver@1b09 (4dd9307a)]&amp#27;[0m Waited for 34919 ms so far
&amp#27;[38;5;32m[AndroidUiautomator2Driver@1b09 (4dd9307a)]&amp#27;[0m Matched '/element' to command name 'findElement'
&amp#27;[38;5;32m[AndroidUiautomator2Driver@1b09 (4dd9307a)]&amp#27;[0m Proxying [POST /element] to [POST http://127.0.0.1:8200/session/8d605ba8-ba10-464d-8fc6-4d5ebd3881f5/element] with body: {"strategy":"id","selector":"com.androidsample.generalstore:id/toolbar_title","context":"","multiple":false}
&amp#27;[38;5;32m[AndroidUiautomator2Driver@1b09 (4dd9307a)]&amp#27;[0m Got response with status 404: {"sessionId":"8d605ba8-ba10-464d-8fc6-4d5ebd3881f5","value":{"error":"no such element","message":"An element could not be located on the page using the given search parameters","stacktrace":"io.appium.uiautomator2.common.exceptions.ElementNotFoundException: An element could not be located on the page using the given search parameters\n\tat io.appium.uiautomator2.handler.FindElement.safeHandle(FindElement.java:63)\n\tat io.appium.uiautomator2.handler.request.SafeRequestHandler.handle(SafeRequestHandler.java:59)\n\tat io.appium.uiautomator2.server.AppiumServlet.handleRequest(AppiumServlet.java:277)\n\tat io.appium.uiautomator2.server.AppiumServlet.handleHttpRequest(AppiumServlet.java:271)\n\tat io.appium.uiautomator2.http.ServerHandler.channelRead(ServerHandler.java:77)\n\tat io.netty.channel.AbstractChannelHandlerContext.invokeChannelRead(AbstractChannelHandlerContext.java:366)\n\tat io.netty.channel.AbstractChannelHandlerContext.invokeChannelRead(AbstractChannelHandlerContext.java:352)\n\tat io.netty.chann...
&amp#27;[38;5;128m[W3C]&amp#27;[0m Matched W3C error code 'no such element' to NoSuchElementError
&amp#27;[38;5;32m[AndroidUiautomator2Driver@1b09 (4dd9307a)]&amp#27;[0m Waited for 35996 ms so far
&amp#27;[38;5;32m[AndroidUiautomator2Driver@1b09 (4dd9307a)]&amp#27;[0m Matched '/element' to command name 'findElement'
&amp#27;[38;5;32m[AndroidUiautomator2Driver@1b09 (4dd9307a)]&amp#27;[0m Proxying [POST /element] to [POST http://127.0.0.1:8200/session/8d605ba8-ba10-464d-8fc6-4d5ebd3881f5/element] with body: {"strategy":"id","selector":"com.androidsample.generalstore:id/toolbar_title","context":"","multiple":false}
&amp#27;[38;5;32m[AndroidUiautomator2Driver@1b09 (4dd9307a)]&amp#27;[0m Got response with status 404: {"sessionId":"8d605ba8-ba10-464d-8fc6-4d5ebd3881f5","value":{"error":"no such element","message":"An element could not be located on the page using the given search parameters","stacktrace":"io.appium.uiautomator2.common.exceptions.ElementNotFoundException: An element could not be located on the page using the given search parameters\n\tat io.appium.uiautomator2.handler.FindElement.safeHandle(FindElement.java:63)\n\tat io.appium.uiautomator2.handler.request.SafeRequestHandler.handle(SafeRequestHandler.java:59)\n\tat io.appium.uiautomator2.server.AppiumServlet.handleRequest(AppiumServlet.java:277)\n\tat io.appium.uiautomator2.server.AppiumServlet.handleHttpRequest(AppiumServlet.java:271)\n\tat io.appium.uiautomator2.http.ServerHandler.channelRead(ServerHandler.java:77)\n\tat io.netty.channel.AbstractChannelHandlerContext.invokeChannelRead(AbstractChannelHandlerContext.java:366)\n\tat io.netty.channel.AbstractChannelHandlerContext.invokeChannelRead(AbstractChannelHandlerContext.java:352)\n\tat io.netty.chann...
&amp#27;[38;5;128m[W3C]&amp#27;[0m Matched W3C error code 'no such element' to NoSuchElementError
&amp#27;[38;5;32m[AndroidUiautomator2Driver@1b09 (4dd9307a)]&amp#27;[0m Waited for 37064 ms so far
&amp#27;[38;5;32m[AndroidUiautomator2Driver@1b09 (4dd9307a)]&amp#27;[0m Matched '/element' to command name 'findElement'
&amp#27;[38;5;32m[AndroidUiautomator2Driver@1b09 (4dd9307a)]&amp#27;[0m Proxying [POST /element] to [POST http://127.0.0.1:8200/session/8d605ba8-ba10-464d-8fc6-4d5ebd3881f5/element] with body: {"strategy":"id","selector":"com.androidsample.generalstore:id/toolbar_title","context":"","multiple":false}
&amp#27;[38;5;32m[AndroidUiautomator2Driver@1b09 (4dd9307a)]&amp#27;[0m Got response with status 404: {"sessionId":"8d605ba8-ba10-464d-8fc6-4d5ebd3881f5","value":{"error":"no such element","message":"An element could not be located on the page using the given search parameters","stacktrace":"io.appium.uiautomator2.common.exceptions.ElementNotFoundException: An element could not be located on the page using the given search parameters\n\tat io.appium.uiautomator2.handler.FindElement.safeHandle(FindElement.java:63)\n\tat io.appium.uiautomator2.handler.request.SafeRequestHandler.handle(SafeRequestHandler.java:59)\n\tat io.appium.uiautomator2.server.AppiumServlet.handleRequest(AppiumServlet.java:277)\n\tat io.appium.uiautomator2.server.AppiumServlet.handleHttpRequest(AppiumServlet.java:271)\n\tat io.appium.uiautomator2.http.ServerHandler.channelRead(ServerHandler.java:77)\n\tat io.netty.channel.AbstractChannelHandlerContext.invokeChannelRead(AbstractChannelHandlerContext.java:366)\n\tat io.netty.channel.AbstractChannelHandlerContext.invokeChannelRead(AbstractChannelHandlerContext.java:352)\n\tat io.netty.chann...
&amp#27;[38;5;128m[W3C]&amp#27;[0m Matched W3C error code 'no such element' to NoSuchElementError
&amp#27;[38;5;32m[AndroidUiautomator2Driver@1b09 (4dd9307a)]&amp#27;[0m Waited for 37994 ms so far
&amp#27;[38;5;32m[AndroidUiautomator2Driver@1b09 (4dd9307a)]&amp#27;[0m Matched '/element' to command name 'findElement'
&amp#27;[38;5;32m[AndroidUiautomator2Driver@1b09 (4dd9307a)]&amp#27;[0m Proxying [POST /element] to [POST http://127.0.0.1:8200/session/8d605ba8-ba10-464d-8fc6-4d5ebd3881f5/element] with body: {"strategy":"id","selector":"com.androidsample.generalstore:id/toolbar_title","context":"","multiple":false}
&amp#27;[38;5;32m[AndroidUiautomator2Driver@1b09 (4dd9307a)]&amp#27;[0m Got response with status 404: {"sessionId":"8d605ba8-ba10-464d-8fc6-4d5ebd3881f5","value":{"error":"no such element","message":"An element could not be located on the page using the given search parameters","stacktrace":"io.appium.uiautomator2.common.exceptions.ElementNotFoundException: An element could not be located on the page using the given search parameters\n\tat io.appium.uiautomator2.handler.FindElement.safeHandle(FindElement.java:63)\n\tat io.appium.uiautomator2.handler.request.SafeRequestHandler.handle(SafeRequestHandler.java:59)\n\tat io.appium.uiautomator2.server.AppiumServlet.handleRequest(AppiumServlet.java:277)\n\tat io.appium.uiautomator2.server.AppiumServlet.handleHttpRequest(AppiumServlet.java:271)\n\tat io.appium.uiautomator2.http.ServerHandler.channelRead(ServerHandler.java:77)\n\tat io.netty.channel.AbstractChannelHandlerContext.invokeChannelRead(AbstractChannelHandlerContext.java:366)\n\tat io.netty.channel.AbstractChannelHandlerContext.invokeChannelRead(AbstractChannelHandlerContext.java:352)\n\tat io.netty.chann...
&amp#27;[38;5;128m[W3C]&amp#27;[0m Matched W3C error code 'no such element' to NoSuchElementError
&amp#27;[38;5;32m[AndroidUiautomator2Driver@1b09 (4dd9307a)]&amp#27;[0m Waited for 38986 ms so far
&amp#27;[38;5;32m[AndroidUiautomator2Driver@1b09 (4dd9307a)]&amp#27;[0m Matched '/element' to command name 'findElement'
&amp#27;[38;5;32m[AndroidUiautomator2Driver@1b09 (4dd9307a)]&amp#27;[0m Proxying [POST /element] to [POST http://127.0.0.1:8200/session/8d605ba8-ba10-464d-8fc6-4d5ebd3881f5/element] with body: {"strategy":"id","selector":"com.androidsample.generalstore:id/toolbar_title","context":"","multiple":false}
&amp#27;[38;5;32m[AndroidUiautomator2Driver@1b09 (4dd9307a)]&amp#27;[0m Got response with status 404: {"sessionId":"8d605ba8-ba10-464d-8fc6-4d5ebd3881f5","value":{"error":"no such element","message":"An element could not be located on the page using the given search parameters","stacktrace":"io.appium.uiautomator2.common.exceptions.ElementNotFoundException: An element could not be located on the page using the given search parameters\n\tat io.appium.uiautomator2.handler.FindElement.safeHandle(FindElement.java:63)\n\tat io.appium.uiautomator2.handler.request.SafeRequestHandler.handle(SafeRequestHandler.java:59)\n\tat io.appium.uiautomator2.server.AppiumServlet.handleRequest(AppiumServlet.java:277)\n\tat io.appium.uiautomator2.server.AppiumServlet.handleHttpRequest(AppiumServlet.java:271)\n\tat io.appium.uiautomator2.http.ServerHandler.channelRead(ServerHandler.java:77)\n\tat io.netty.channel.AbstractChannelHandlerContext.invokeChannelRead(AbstractChannelHandlerContext.java:366)\n\tat io.netty.channel.AbstractChannelHandlerContext.invokeChannelRead(AbstractChannelHandlerContext.java:352)\n\tat io.netty.chann...
&amp#27;[38;5;128m[W3C]&amp#27;[0m Matched W3C error code 'no such element' to NoSuchElementError
&amp#27;[38;5;32m[AndroidUiautomator2Driver@1b09 (4dd9307a)]&amp#27;[0m Waited for 40020 ms so far
&amp#27;[38;5;32m[AndroidUiautomator2Driver@1b09 (4dd9307a)]&amp#27;[0m Matched '/element' to command name 'findElement'
&amp#27;[38;5;32m[AndroidUiautomator2Driver@1b09 (4dd9307a)]&amp#27;[0m Proxying [POST /element] to [POST http://127.0.0.1:8200/session/8d605ba8-ba10-464d-8fc6-4d5ebd3881f5/element] with body: {"strategy":"id","selector":"com.androidsample.generalstore:id/toolbar_title","context":"","multiple":false}
&amp#27;[38;5;32m[AndroidUiautomator2Driver@1b09 (4dd9307a)]&amp#27;[0m Got response with status 404: {"sessionId":"8d605ba8-ba10-464d-8fc6-4d5ebd3881f5","value":{"error":"no such element","message":"An element could not be located on the page using the given search parameters","stacktrace":"io.appium.uiautomator2.common.exceptions.ElementNotFoundException: An element could not be located on the page using the given search parameters\n\tat io.appium.uiautomator2.handler.FindElement.safeHandle(FindElement.java:63)\n\tat io.appium.uiautomator2.handler.request.SafeRequestHandler.handle(SafeRequestHandler.java:59)\n\tat io.appium.uiautomator2.server.AppiumServlet.handleRequest(AppiumServlet.java:277)\n\tat io.appium.uiautomator2.server.AppiumServlet.handleHttpRequest(AppiumServlet.java:271)\n\tat io.appium.uiautomator2.http.ServerHandler.channelRead(ServerHandler.java:77)\n\tat io.netty.channel.AbstractChannelHandlerContext.invokeChannelRead(AbstractChannelHandlerContext.java:366)\n\tat io.netty.channel.AbstractChannelHandlerContext.invokeChannelRead(AbstractChannelHandlerContext.java:352)\n\tat io.netty.chann...
&amp#27;[38;5;128m[W3C]&amp#27;[0m Matched W3C error code 'no such element' to NoSuchElementError
&amp#27;[38;5;32m[AndroidUiautomator2Driver@1b09 (4dd9307a)]&amp#27;[0m Waited for 40987 ms so far
&amp#27;[38;5;32m[AndroidUiautomator2Driver@1b09 (4dd9307a)]&amp#27;[0m Matched '/element' to command name 'findElement'
&amp#27;[38;5;32m[AndroidUiautomator2Driver@1b09 (4dd9307a)]&amp#27;[0m Proxying [POST /element] to [POST http://127.0.0.1:8200/session/8d605ba8-ba10-464d-8fc6-4d5ebd3881f5/element] with body: {"strategy":"id","selector":"com.androidsample.generalstore:id/toolbar_title","context":"","multiple":false}
&amp#27;[38;5;32m[AndroidUiautomator2Driver@1b09 (4dd9307a)]&amp#27;[0m Got response with status 404: {"sessionId":"8d605ba8-ba10-464d-8fc6-4d5ebd3881f5","value":{"error":"no such element","message":"An element could not be located on the page using the given search parameters","stacktrace":"io.appium.uiautomator2.common.exceptions.ElementNotFoundException: An element could not be located on the page using the given search parameters\n\tat io.appium.uiautomator2.handler.FindElement.safeHandle(FindElement.java:63)\n\tat io.appium.uiautomator2.handler.request.SafeRequestHandler.handle(SafeRequestHandler.java:59)\n\tat io.appium.uiautomator2.server.AppiumServlet.handleRequest(AppiumServlet.java:277)\n\tat io.appium.uiautomator2.server.AppiumServlet.handleHttpRequest(AppiumServlet.java:271)\n\tat io.appium.uiautomator2.http.ServerHandler.channelRead(ServerHandler.java:77)\n\tat io.netty.channel.AbstractChannelHandlerContext.invokeChannelRead(AbstractChannelHandlerContext.java:366)\n\tat io.netty.channel.AbstractChannelHandlerContext.invokeChannelRead(AbstractChannelHandlerContext.java:352)\n\tat io.netty.chann...
&amp#27;[38;5;128m[W3C]&amp#27;[0m Matched W3C error code 'no such element' to NoSuchElementError
&amp#27;[38;5;32m[AndroidUiautomator2Driver@1b09 (4dd9307a)]&amp#27;[0m Waited for 42075 ms so far
&amp#27;[38;5;32m[AndroidUiautomator2Driver@1b09 (4dd9307a)]&amp#27;[0m Matched '/element' to command name 'findElement'
&amp#27;[38;5;32m[AndroidUiautomator2Driver@1b09 (4dd9307a)]&amp#27;[0m Proxying [POST /element] to [POST http://127.0.0.1:8200/session/8d605ba8-ba10-464d-8fc6-4d5ebd3881f5/element] with body: {"strategy":"id","selector":"com.androidsample.generalstore:id/toolbar_title","context":"","multiple":false}
&amp#27;[38;5;32m[AndroidUiautomator2Driver@1b09 (4dd9307a)]&amp#27;[0m Got response with status 404: {"sessionId":"8d605ba8-ba10-464d-8fc6-4d5ebd3881f5","value":{"error":"no such element","message":"An element could not be located on the page using the given search parameters","stacktrace":"io.appium.uiautomator2.common.exceptions.ElementNotFoundException: An element could not be located on the page using the given search parameters\n\tat io.appium.uiautomator2.handler.FindElement.safeHandle(FindElement.java:63)\n\tat io.appium.uiautomator2.handler.request.SafeRequestHandler.handle(SafeRequestHandler.java:59)\n\tat io.appium.uiautomator2.server.AppiumServlet.handleRequest(AppiumServlet.java:277)\n\tat io.appium.uiautomator2.server.AppiumServlet.handleHttpRequest(AppiumServlet.java:271)\n\tat io.appium.uiautomator2.http.ServerHandler.channelRead(ServerHandler.java:77)\n\tat io.netty.channel.AbstractChannelHandlerContext.invokeChannelRead(AbstractChannelHandlerContext.java:366)\n\tat io.netty.channel.AbstractChannelHandlerContext.invokeChannelRead(AbstractChannelHandlerContext.java:352)\n\tat io.netty.chann...
&amp#27;[38;5;128m[W3C]&amp#27;[0m Matched W3C error code 'no such element' to NoSuchElementError
&amp#27;[38;5;32m[AndroidUiautomator2Driver@1b09 (4dd9307a)]&amp#27;[0m Waited for 43082 ms so far
&amp#27;[38;5;32m[AndroidUiautomator2Driver@1b09 (4dd9307a)]&amp#27;[0m Matched '/element' to command name 'findElement'
&amp#27;[38;5;32m[AndroidUiautomator2Driver@1b09 (4dd9307a)]&amp#27;[0m Proxying [POST /element] to [POST http://127.0.0.1:8200/session/8d605ba8-ba10-464d-8fc6-4d5ebd3881f5/element] with body: {"strategy":"id","selector":"com.androidsample.generalstore:id/toolbar_title","context":"","multiple":false}
&amp#27;[38;5;32m[AndroidUiautomator2Driver@1b09 (4dd9307a)]&amp#27;[0m Got response with status 404: {"sessionId":"8d605ba8-ba10-464d-8fc6-4d5ebd3881f5","value":{"error":"no such element","message":"An element could not be located on the page using the given search parameters","stacktrace":"io.appium.uiautomator2.common.exceptions.ElementNotFoundException: An element could not be located on the page using the given search parameters\n\tat io.appium.uiautomator2.handler.FindElement.safeHandle(FindElement.java:63)\n\tat io.appium.uiautomator2.handler.request.SafeRequestHandler.handle(SafeRequestHandler.java:59)\n\tat io.appium.uiautomator2.server.AppiumServlet.handleRequest(AppiumServlet.java:277)\n\tat io.appium.uiautomator2.server.AppiumServlet.handleHttpRequest(AppiumServlet.java:271)\n\tat io.appium.uiautomator2.http.ServerHandler.channelRead(ServerHandler.java:77)\n\tat io.netty.channel.AbstractChannelHandlerContext.invokeChannelRead(AbstractChannelHandlerContext.java:366)\n\tat io.netty.channel.AbstractChannelHandlerContext.invokeChannelRead(AbstractChannelHandlerContext.java:352)\n\tat io.netty.chann...
&amp#27;[38;5;128m[W3C]&amp#27;[0m Matched W3C error code 'no such element' to NoSuchElementError
&amp#27;[38;5;32m[AndroidUiautomator2Driver@1b09 (4dd9307a)]&amp#27;[0m Waited for 44184 ms so far
&amp#27;[38;5;32m[AndroidUiautomator2Driver@1b09 (4dd9307a)]&amp#27;[0m Matched '/element' to command name 'findElement'
&amp#27;[38;5;32m[AndroidUiautomator2Driver@1b09 (4dd9307a)]&amp#27;[0m Proxying [POST /element] to [POST http://127.0.0.1:8200/session/8d605ba8-ba10-464d-8fc6-4d5ebd3881f5/element] with body: {"strategy":"id","selector":"com.androidsample.generalstore:id/toolbar_title","context":"","multiple":false}
&amp#27;[38;5;32m[AndroidUiautomator2Driver@1b09 (4dd9307a)]&amp#27;[0m Got response with status 404: {"sessionId":"8d605ba8-ba10-464d-8fc6-4d5ebd3881f5","value":{"error":"no such element","message":"An element could not be located on the page using the given search parameters","stacktrace":"io.appium.uiautomator2.common.exceptions.ElementNotFoundException: An element could not be located on the page using the given search parameters\n\tat io.appium.uiautomator2.handler.FindElement.safeHandle(FindElement.java:63)\n\tat io.appium.uiautomator2.handler.request.SafeRequestHandler.handle(SafeRequestHandler.java:59)\n\tat io.appium.uiautomator2.server.AppiumServlet.handleRequest(AppiumServlet.java:277)\n\tat io.appium.uiautomator2.server.AppiumServlet.handleHttpRequest(AppiumServlet.java:271)\n\tat io.appium.uiautomator2.http.ServerHandler.channelRead(ServerHandler.java:77)\n\tat io.netty.channel.AbstractChannelHandlerContext.invokeChannelRead(AbstractChannelHandlerContext.java:366)\n\tat io.netty.channel.AbstractChannelHandlerContext.invokeChannelRead(AbstractChannelHandlerContext.java:352)\n\tat io.netty.chann...
&amp#27;[38;5;128m[W3C]&amp#27;[0m Matched W3C error code 'no such element' to NoSuchElementError
&amp#27;[38;5;32m[AndroidUiautomator2Driver@1b09 (4dd9307a)]&amp#27;[0m Waited for 45276 ms so far
&amp#27;[38;5;32m[AndroidUiautomator2Driver@1b09 (4dd9307a)]&amp#27;[0m Matched '/element' to command name 'findElement'
&amp#27;[38;5;32m[AndroidUiautomator2Driver@1b09 (4dd9307a)]&amp#27;[0m Proxying [POST /element] to [POST http://127.0.0.1:8200/session/8d605ba8-ba10-464d-8fc6-4d5ebd3881f5/element] with body: {"strategy":"id","selector":"com.androidsample.generalstore:id/toolbar_title","context":"","multiple":false}
&amp#27;[38;5;32m[AndroidUiautomator2Driver@1b09 (4dd9307a)]&amp#27;[0m Got response with status 404: {"sessionId":"8d605ba8-ba10-464d-8fc6-4d5ebd3881f5","value":{"error":"no such element","message":"An element could not be located on the page using the given search parameters","stacktrace":"io.appium.uiautomator2.common.exceptions.ElementNotFoundException: An element could not be located on the page using the given search parameters\n\tat io.appium.uiautomator2.handler.FindElement.safeHandle(FindElement.java:63)\n\tat io.appium.uiautomator2.handler.request.SafeRequestHandler.handle(SafeRequestHandler.java:59)\n\tat io.appium.uiautomator2.server.AppiumServlet.handleRequest(AppiumServlet.java:277)\n\tat io.appium.uiautomator2.server.AppiumServlet.handleHttpRequest(AppiumServlet.java:271)\n\tat io.appium.uiautomator2.http.ServerHandler.channelRead(ServerHandler.java:77)\n\tat io.netty.channel.AbstractChannelHandlerContext.invokeChannelRead(AbstractChannelHandlerContext.java:366)\n\tat io.netty.channel.AbstractChannelHandlerContext.invokeChannelRead(AbstractChannelHandlerContext.java:352)\n\tat io.netty.chann...
&amp#27;[38;5;128m[W3C]&amp#27;[0m Matched W3C error code 'no such element' to NoSuchElementError
&amp#27;[38;5;32m[AndroidUiautomator2Driver@1b09 (4dd9307a)]&amp#27;[0m Waited for 46281 ms so far
&amp#27;[38;5;32m[AndroidUiautomator2Driver@1b09 (4dd9307a)]&amp#27;[0m Matched '/element' to command name 'findElement'
&amp#27;[38;5;32m[AndroidUiautomator2Driver@1b09 (4dd9307a)]&amp#27;[0m Proxying [POST /element] to [POST http://127.0.0.1:8200/session/8d605ba8-ba10-464d-8fc6-4d5ebd3881f5/element] with body: {"strategy":"id","selector":"com.androidsample.generalstore:id/toolbar_title","context":"","multiple":false}
&amp#27;[38;5;32m[AndroidUiautomator2Driver@1b09 (4dd9307a)]&amp#27;[0m Got response with status 404: {"sessionId":"8d605ba8-ba10-464d-8fc6-4d5ebd3881f5","value":{"error":"no such element","message":"An element could not be located on the page using the given search parameters","stacktrace":"io.appium.uiautomator2.common.exceptions.ElementNotFoundException: An element could not be located on the page using the given search parameters\n\tat io.appium.uiautomator2.handler.FindElement.safeHandle(FindElement.java:63)\n\tat io.appium.uiautomator2.handler.request.SafeRequestHandler.handle(SafeRequestHandler.java:59)\n\tat io.appium.uiautomator2.server.AppiumServlet.handleRequest(AppiumServlet.java:277)\n\tat io.appium.uiautomator2.server.AppiumServlet.handleHttpRequest(AppiumServlet.java:271)\n\tat io.appium.uiautomator2.http.ServerHandler.channelRead(ServerHandler.java:77)\n\tat io.netty.channel.AbstractChannelHandlerContext.invokeChannelRead(AbstractChannelHandlerContext.java:366)\n\tat io.netty.channel.AbstractChannelHandlerContext.invokeChannelRead(AbstractChannelHandlerContext.java:352)\n\tat io.netty.chann...
&amp#27;[38;5;128m[W3C]&amp#27;[0m Matched W3C error code 'no such element' to NoSuchElementError
&amp#27;[38;5;32m[AndroidUiautomator2Driver@1b09 (4dd9307a)]&amp#27;[0m Waited for 47312 ms so far
&amp#27;[38;5;32m[AndroidUiautomator2Driver@1b09 (4dd9307a)]&amp#27;[0m Matched '/element' to command name 'findElement'
&amp#27;[38;5;32m[AndroidUiautomator2Driver@1b09 (4dd9307a)]&amp#27;[0m Proxying [POST /element] to [POST http://127.0.0.1:8200/session/8d605ba8-ba10-464d-8fc6-4d5ebd3881f5/element] with body: {"strategy":"id","selector":"com.androidsample.generalstore:id/toolbar_title","context":"","multiple":false}
&amp#27;[38;5;32m[AndroidUiautomator2Driver@1b09 (4dd9307a)]&amp#27;[0m Got response with status 404: {"sessionId":"8d605ba8-ba10-464d-8fc6-4d5ebd3881f5","value":{"error":"no such element","message":"An element could not be located on the page using the given search parameters","stacktrace":"io.appium.uiautomator2.common.exceptions.ElementNotFoundException: An element could not be located on the page using the given search parameters\n\tat io.appium.uiautomator2.handler.FindElement.safeHandle(FindElement.java:63)\n\tat io.appium.uiautomator2.handler.request.SafeRequestHandler.handle(SafeRequestHandler.java:59)\n\tat io.appium.uiautomator2.server.AppiumServlet.handleRequest(AppiumServlet.java:277)\n\tat io.appium.uiautomator2.server.AppiumServlet.handleHttpRequest(AppiumServlet.java:271)\n\tat io.appium.uiautomator2.http.ServerHandler.channelRead(ServerHandler.java:77)\n\tat io.netty.channel.AbstractChannelHandlerContext.invokeChannelRead(AbstractChannelHandlerContext.java:366)\n\tat io.netty.channel.AbstractChannelHandlerContext.invokeChannelRead(AbstractChannelHandlerContext.java:352)\n\tat io.netty.chann...
&amp#27;[38;5;128m[W3C]&amp#27;[0m Matched W3C error code 'no such element' to NoSuchElementError
&amp#27;[38;5;32m[AndroidUiautomator2Driver@1b09 (4dd9307a)]&amp#27;[0m Waited for 48374 ms so far
&amp#27;[38;5;32m[AndroidUiautomator2Driver@1b09 (4dd9307a)]&amp#27;[0m Matched '/element' to command name 'findElement'
&amp#27;[38;5;32m[AndroidUiautomator2Driver@1b09 (4dd9307a)]&amp#27;[0m Proxying [POST /element] to [POST http://127.0.0.1:8200/session/8d605ba8-ba10-464d-8fc6-4d5ebd3881f5/element] with body: {"strategy":"id","selector":"com.androidsample.generalstore:id/toolbar_title","context":"","multiple":false}
&amp#27;[38;5;32m[AndroidUiautomator2Driver@1b09 (4dd9307a)]&amp#27;[0m Got response with status 404: {"sessionId":"8d605ba8-ba10-464d-8fc6-4d5ebd3881f5","value":{"error":"no such element","message":"An element could not be located on the page using the given search parameters","stacktrace":"io.appium.uiautomator2.common.exceptions.ElementNotFoundException: An element could not be located on the page using the given search parameters\n\tat io.appium.uiautomator2.handler.FindElement.safeHandle(FindElement.java:63)\n\tat io.appium.uiautomator2.handler.request.SafeRequestHandler.handle(SafeRequestHandler.java:59)\n\tat io.appium.uiautomator2.server.AppiumServlet.handleRequest(AppiumServlet.java:277)\n\tat io.appium.uiautomator2.server.AppiumServlet.handleHttpRequest(AppiumServlet.java:271)\n\tat io.appium.uiautomator2.http.ServerHandler.channelRead(ServerHandler.java:77)\n\tat io.netty.channel.AbstractChannelHandlerContext.invokeChannelRead(AbstractChannelHandlerContext.java:366)\n\tat io.netty.channel.AbstractChannelHandlerContext.invokeChannelRead(AbstractChannelHandlerContext.java:352)\n\tat io.netty.chann...
&amp#27;[38;5;128m[W3C]&amp#27;[0m Matched W3C error code 'no such element' to NoSuchElementError
&amp#27;[38;5;32m[AndroidUiautomator2Driver@1b09 (4dd9307a)]&amp#27;[0m Waited for 49346 ms so far
&amp#27;[38;5;32m[AndroidUiautomator2Driver@1b09 (4dd9307a)]&amp#27;[0m Matched '/element' to command name 'findElement'
&amp#27;[38;5;32m[AndroidUiautomator2Driver@1b09 (4dd9307a)]&amp#27;[0m Proxying [POST /element] to [POST http://127.0.0.1:8200/session/8d605ba8-ba10-464d-8fc6-4d5ebd3881f5/element] with body: {"strategy":"id","selector":"com.androidsample.generalstore:id/toolbar_title","context":"","multiple":false}
&amp#27;[38;5;32m[AndroidUiautomator2Driver@1b09 (4dd9307a)]&amp#27;[0m Got response with status 404: {"sessionId":"8d605ba8-ba10-464d-8fc6-4d5ebd3881f5","value":{"error":"no such element","message":"An element could not be located on the page using the given search parameters","stacktrace":"io.appium.uiautomator2.common.exceptions.ElementNotFoundException: An element could not be located on the page using the given search parameters\n\tat io.appium.uiautomator2.handler.FindElement.safeHandle(FindElement.java:63)\n\tat io.appium.uiautomator2.handler.request.SafeRequestHandler.handle(SafeRequestHandler.java:59)\n\tat io.appium.uiautomator2.server.AppiumServlet.handleRequest(AppiumServlet.java:277)\n\tat io.appium.uiautomator2.server.AppiumServlet.handleHttpRequest(AppiumServlet.java:271)\n\tat io.appium.uiautomator2.http.ServerHandler.channelRead(ServerHandler.java:77)\n\tat io.netty.channel.AbstractChannelHandlerContext.invokeChannelRead(AbstractChannelHandlerContext.java:366)\n\tat io.netty.channel.AbstractChannelHandlerContext.invokeChannelRead(AbstractChannelHandlerContext.java:352)\n\tat io.netty.chann...
&amp#27;[38;5;128m[W3C]&amp#27;[0m Matched W3C error code 'no such element' to NoSuchElementError
&amp#27;[38;5;32m[AndroidUiautomator2Driver@1b09 (4dd9307a)]&amp#27;[0m Waited for 50311 ms so far
&amp#27;[38;5;32m[AndroidUiautomator2Driver@1b09 (4dd9307a)]&amp#27;[0m Matched '/element' to command name 'findElement'
&amp#27;[38;5;32m[AndroidUiautomator2Driver@1b09 (4dd9307a)]&amp#27;[0m Proxying [POST /element] to [POST http://127.0.0.1:8200/session/8d605ba8-ba10-464d-8fc6-4d5ebd3881f5/element] with body: {"strategy":"id","selector":"com.androidsample.generalstore:id/toolbar_title","context":"","multiple":false}
&amp#27;[38;5;32m[AndroidUiautomator2Driver@1b09 (4dd9307a)]&amp#27;[0m Got response with status 404: {"sessionId":"8d605ba8-ba10-464d-8fc6-4d5ebd3881f5","value":{"error":"no such element","message":"An element could not be located on the page using the given search parameters","stacktrace":"io.appium.uiautomator2.common.exceptions.ElementNotFoundException: An element could not be located on the page using the given search parameters\n\tat io.appium.uiautomator2.handler.FindElement.safeHandle(FindElement.java:63)\n\tat io.appium.uiautomator2.handler.request.SafeRequestHandler.handle(SafeRequestHandler.java:59)\n\tat io.appium.uiautomator2.server.AppiumServlet.handleRequest(AppiumServlet.java:277)\n\tat io.appium.uiautomator2.server.AppiumServlet.handleHttpRequest(AppiumServlet.java:271)\n\tat io.appium.uiautomator2.http.ServerHandler.channelRead(ServerHandler.java:77)\n\tat io.netty.channel.AbstractChannelHandlerContext.invokeChannelRead(AbstractChannelHandlerContext.java:366)\n\tat io.netty.channel.AbstractChannelHandlerContext.invokeChannelRead(AbstractChannelHandlerContext.java:352)\n\tat io.netty.chann...
&amp#27;[38;5;128m[W3C]&amp#27;[0m Matched W3C error code 'no such element' to NoSuchElementError
&amp#27;[38;5;32m[AndroidUiautomator2Driver@1b09 (4dd9307a)]&amp#27;[0m Waited for 51331 ms so far
&amp#27;[38;5;32m[AndroidUiautomator2Driver@1b09 (4dd9307a)]&amp#27;[0m Matched '/element' to command name 'findElement'
&amp#27;[38;5;32m[AndroidUiautomator2Driver@1b09 (4dd9307a)]&amp#27;[0m Proxying [POST /element] to [POST http://127.0.0.1:8200/session/8d605ba8-ba10-464d-8fc6-4d5ebd3881f5/element] with body: {"strategy":"id","selector":"com.androidsample.generalstore:id/toolbar_title","context":"","multiple":false}
&amp#27;[38;5;32m[AndroidUiautomator2Driver@1b09 (4dd9307a)]&amp#27;[0m Got response with status 404: {"sessionId":"8d605ba8-ba10-464d-8fc6-4d5ebd3881f5","value":{"error":"no such element","message":"An element could not be located on the page using the given search parameters","stacktrace":"io.appium.uiautomator2.common.exceptions.ElementNotFoundException: An element could not be located on the page using the given search parameters\n\tat io.appium.uiautomator2.handler.FindElement.safeHandle(FindElement.java:63)\n\tat io.appium.uiautomator2.handler.request.SafeRequestHandler.handle(SafeRequestHandler.java:59)\n\tat io.appium.uiautomator2.server.AppiumServlet.handleRequest(AppiumServlet.java:277)\n\tat io.appium.uiautomator2.server.AppiumServlet.handleHttpRequest(AppiumServlet.java:271)\n\tat io.appium.uiautomator2.http.ServerHandler.channelRead(ServerHandler.java:77)\n\tat io.netty.channel.AbstractChannelHandlerContext.invokeChannelRead(AbstractChannelHandlerContext.java:366)\n\tat io.netty.channel.AbstractChannelHandlerContext.invokeChannelRead(AbstractChannelHandlerContext.java:352)\n\tat io.netty.chann...
&amp#27;[38;5;128m[W3C]&amp#27;[0m Matched W3C error code 'no such element' to NoSuchElementError
&amp#27;[38;5;32m[AndroidUiautomator2Driver@1b09 (4dd9307a)]&amp#27;[0m Waited for 52262 ms so far
&amp#27;[38;5;32m[AndroidUiautomator2Driver@1b09 (4dd9307a)]&amp#27;[0m Matched '/element' to command name 'findElement'
&amp#27;[38;5;32m[AndroidUiautomator2Driver@1b09 (4dd9307a)]&amp#27;[0m Proxying [POST /element] to [POST http://127.0.0.1:8200/session/8d605ba8-ba10-464d-8fc6-4d5ebd3881f5/element] with body: {"strategy":"id","selector":"com.androidsample.generalstore:id/toolbar_title","context":"","multiple":false}
&amp#27;[38;5;32m[AndroidUiautomator2Driver@1b09 (4dd9307a)]&amp#27;[0m Got response with status 404: {"sessionId":"8d605ba8-ba10-464d-8fc6-4d5ebd3881f5","value":{"error":"no such element","message":"An element could not be located on the page using the given search parameters","stacktrace":"io.appium.uiautomator2.common.exceptions.ElementNotFoundException: An element could not be located on the page using the given search parameters\n\tat io.appium.uiautomator2.handler.FindElement.safeHandle(FindElement.java:63)\n\tat io.appium.uiautomator2.handler.request.SafeRequestHandler.handle(SafeRequestHandler.java:59)\n\tat io.appium.uiautomator2.server.AppiumServlet.handleRequest(AppiumServlet.java:277)\n\tat io.appium.uiautomator2.server.AppiumServlet.handleHttpRequest(AppiumServlet.java:271)\n\tat io.appium.uiautomator2.http.ServerHandler.channelRead(ServerHandler.java:77)\n\tat io.netty.channel.AbstractChannelHandlerContext.invokeChannelRead(AbstractChannelHandlerContext.java:366)\n\tat io.netty.channel.AbstractChannelHandlerContext.invokeChannelRead(AbstractChannelHandlerContext.java:352)\n\tat io.netty.chann...
&amp#27;[38;5;128m[W3C]&amp#27;[0m Matched W3C error code 'no such element' to NoSuchElementError
&amp#27;[38;5;32m[AndroidUiautomator2Driver@1b09 (4dd9307a)]&amp#27;[0m Waited for 53244 ms so far
&amp#27;[38;5;32m[AndroidUiautomator2Driver@1b09 (4dd9307a)]&amp#27;[0m Matched '/element' to command name 'findElement'
&amp#27;[38;5;32m[AndroidUiautomator2Driver@1b09 (4dd9307a)]&amp#27;[0m Proxying [POST /element] to [POST http://127.0.0.1:8200/session/8d605ba8-ba10-464d-8fc6-4d5ebd3881f5/element] with body: {"strategy":"id","selector":"com.androidsample.generalstore:id/toolbar_title","context":"","multiple":false}
&amp#27;[38;5;32m[AndroidUiautomator2Driver@1b09 (4dd9307a)]&amp#27;[0m Got response with status 404: {"sessionId":"8d605ba8-ba10-464d-8fc6-4d5ebd3881f5","value":{"error":"no such element","message":"An element could not be located on the page using the given search parameters","stacktrace":"io.appium.uiautomator2.common.exceptions.ElementNotFoundException: An element could not be located on the page using the given search parameters\n\tat io.appium.uiautomator2.handler.FindElement.safeHandle(FindElement.java:63)\n\tat io.appium.uiautomator2.handler.request.SafeRequestHandler.handle(SafeRequestHandler.java:59)\n\tat io.appium.uiautomator2.server.AppiumServlet.handleRequest(AppiumServlet.java:277)\n\tat io.appium.uiautomator2.server.AppiumServlet.handleHttpRequest(AppiumServlet.java:271)\n\tat io.appium.uiautomator2.http.ServerHandler.channelRead(ServerHandler.java:77)\n\tat io.netty.channel.AbstractChannelHandlerContext.invokeChannelRead(AbstractChannelHandlerContext.java:366)\n\tat io.netty.channel.AbstractChannelHandlerContext.invokeChannelRead(AbstractChannelHandlerContext.java:352)\n\tat io.netty.chann...
&amp#27;[38;5;128m[W3C]&amp#27;[0m Matched W3C error code 'no such element' to NoSuchElementError
&amp#27;[38;5;32m[AndroidUiautomator2Driver@1b09 (4dd9307a)]&amp#27;[0m Waited for 54198 ms so far
&amp#27;[38;5;32m[AndroidUiautomator2Driver@1b09 (4dd9307a)]&amp#27;[0m Matched '/element' to command name 'findElement'
&amp#27;[38;5;32m[AndroidUiautomator2Driver@1b09 (4dd9307a)]&amp#27;[0m Proxying [POST /element] to [POST http://127.0.0.1:8200/session/8d605ba8-ba10-464d-8fc6-4d5ebd3881f5/element] with body: {"strategy":"id","selector":"com.androidsample.generalstore:id/toolbar_title","context":"","multiple":false}
&amp#27;[38;5;32m[AndroidUiautomator2Driver@1b09 (4dd9307a)]&amp#27;[0m Got response with status 404: {"sessionId":"8d605ba8-ba10-464d-8fc6-4d5ebd3881f5","value":{"error":"no such element","message":"An element could not be located on the page using the given search parameters","stacktrace":"io.appium.uiautomator2.common.exceptions.ElementNotFoundException: An element could not be located on the page using the given search parameters\n\tat io.appium.uiautomator2.handler.FindElement.safeHandle(FindElement.java:63)\n\tat io.appium.uiautomator2.handler.request.SafeRequestHandler.handle(SafeRequestHandler.java:59)\n\tat io.appium.uiautomator2.server.AppiumServlet.handleRequest(AppiumServlet.java:277)\n\tat io.appium.uiautomator2.server.AppiumServlet.handleHttpRequest(AppiumServlet.java:271)\n\tat io.appium.uiautomator2.http.ServerHandler.channelRead(ServerHandler.java:77)\n\tat io.netty.channel.AbstractChannelHandlerContext.invokeChannelRead(AbstractChannelHandlerContext.java:366)\n\tat io.netty.channel.AbstractChannelHandlerContext.invokeChannelRead(AbstractChannelHandlerContext.java:352)\n\tat io.netty.chann...
&amp#27;[38;5;128m[W3C]&amp#27;[0m Matched W3C error code 'no such element' to NoSuchElementError
&amp#27;[38;5;32m[AndroidUiautomator2Driver@1b09 (4dd9307a)]&amp#27;[0m Waited for 55172 ms so far
&amp#27;[38;5;32m[AndroidUiautomator2Driver@1b09 (4dd9307a)]&amp#27;[0m Matched '/element' to command name 'findElement'
&amp#27;[38;5;32m[AndroidUiautomator2Driver@1b09 (4dd9307a)]&amp#27;[0m Proxying [POST /element] to [POST http://127.0.0.1:8200/session/8d605ba8-ba10-464d-8fc6-4d5ebd3881f5/element] with body: {"strategy":"id","selector":"com.androidsample.generalstore:id/toolbar_title","context":"","multiple":false}
&amp#27;[38;5;32m[AndroidUiautomator2Driver@1b09 (4dd9307a)]&amp#27;[0m Got response with status 404: {"sessionId":"8d605ba8-ba10-464d-8fc6-4d5ebd3881f5","value":{"error":"no such element","message":"An element could not be located on the page using the given search parameters","stacktrace":"io.appium.uiautomator2.common.exceptions.ElementNotFoundException: An element could not be located on the page using the given search parameters\n\tat io.appium.uiautomator2.handler.FindElement.safeHandle(FindElement.java:63)\n\tat io.appium.uiautomator2.handler.request.SafeRequestHandler.handle(SafeRequestHandler.java:59)\n\tat io.appium.uiautomator2.server.AppiumServlet.handleRequest(AppiumServlet.java:277)\n\tat io.appium.uiautomator2.server.AppiumServlet.handleHttpRequest(AppiumServlet.java:271)\n\tat io.appium.uiautomator2.http.ServerHandler.channelRead(ServerHandler.java:77)\n\tat io.netty.channel.AbstractChannelHandlerContext.invokeChannelRead(AbstractChannelHandlerContext.java:366)\n\tat io.netty.channel.AbstractChannelHandlerContext.invokeChannelRead(AbstractChannelHandlerContext.java:352)\n\tat io.netty.chann...
&amp#27;[38;5;128m[W3C]&amp#27;[0m Matched W3C error code 'no such element' to NoSuchElementError
&amp#27;[38;5;32m[AndroidUiautomator2Driver@1b09 (4dd9307a)]&amp#27;[0m Waited for 56408 ms so far
&amp#27;[38;5;32m[AndroidUiautomator2Driver@1b09 (4dd9307a)]&amp#27;[0m Matched '/element' to command name 'findElement'
&amp#27;[38;5;32m[AndroidUiautomator2Driver@1b09 (4dd9307a)]&amp#27;[0m Proxying [POST /element] to [POST http://127.0.0.1:8200/session/8d605ba8-ba10-464d-8fc6-4d5ebd3881f5/element] with body: {"strategy":"id","selector":"com.androidsample.generalstore:id/toolbar_title","context":"","multiple":false}
&amp#27;[38;5;32m[AndroidUiautomator2Driver@1b09 (4dd9307a)]&amp#27;[0m Got response with status 404: {"sessionId":"8d605ba8-ba10-464d-8fc6-4d5ebd3881f5","value":{"error":"no such element","message":"An element could not be located on the page using the given search parameters","stacktrace":"io.appium.uiautomator2.common.exceptions.ElementNotFoundException: An element could not be located on the page using the given search parameters\n\tat io.appium.uiautomator2.handler.FindElement.safeHandle(FindElement.java:63)\n\tat io.appium.uiautomator2.handler.request.SafeRequestHandler.handle(SafeRequestHandler.java:59)\n\tat io.appium.uiautomator2.server.AppiumServlet.handleRequest(AppiumServlet.java:277)\n\tat io.appium.uiautomator2.server.AppiumServlet.handleHttpRequest(AppiumServlet.java:271)\n\tat io.appium.uiautomator2.http.ServerHandler.channelRead(ServerHandler.java:77)\n\tat io.netty.channel.AbstractChannelHandlerContext.invokeChannelRead(AbstractChannelHandlerContext.java:366)\n\tat io.netty.channel.AbstractChannelHandlerContext.invokeChannelRead(AbstractChannelHandlerContext.java:352)\n\tat io.netty.chann...
&amp#27;[38;5;128m[W3C]&amp#27;[0m Matched W3C error code 'no such element' to NoSuchElementError
&amp#27;[38;5;32m[AndroidUiautomator2Driver@1b09 (4dd9307a)]&amp#27;[0m Waited for 57326 ms so far
&amp#27;[38;5;32m[AndroidUiautomator2Driver@1b09 (4dd9307a)]&amp#27;[0m Matched '/element' to command name 'findElement'
&amp#27;[38;5;32m[AndroidUiautomator2Driver@1b09 (4dd9307a)]&amp#27;[0m Proxying [POST /element] to [POST http://127.0.0.1:8200/session/8d605ba8-ba10-464d-8fc6-4d5ebd3881f5/element] with body: {"strategy":"id","selector":"com.androidsample.generalstore:id/toolbar_title","context":"","multiple":false}
&amp#27;[38;5;32m[AndroidUiautomator2Driver@1b09 (4dd9307a)]&amp#27;[0m Got response with status 404: {"sessionId":"8d605ba8-ba10-464d-8fc6-4d5ebd3881f5","value":{"error":"no such element","message":"An element could not be located on the page using the given search parameters","stacktrace":"io.appium.uiautomator2.common.exceptions.ElementNotFoundException: An element could not be located on the page using the given search parameters\n\tat io.appium.uiautomator2.handler.FindElement.safeHandle(FindElement.java:63)\n\tat io.appium.uiautomator2.handler.request.SafeRequestHandler.handle(SafeRequestHandler.java:59)\n\tat io.appium.uiautomator2.server.AppiumServlet.handleRequest(AppiumServlet.java:277)\n\tat io.appium.uiautomator2.server.AppiumServlet.handleHttpRequest(AppiumServlet.java:271)\n\tat io.appium.uiautomator2.http.ServerHandler.channelRead(ServerHandler.java:77)\n\tat io.netty.channel.AbstractChannelHandlerContext.invokeChannelRead(AbstractChannelHandlerContext.java:366)\n\tat io.netty.channel.AbstractChannelHandlerContext.invokeChannelRead(AbstractChannelHandlerContext.java:352)\n\tat io.netty.chann...
&amp#27;[38;5;128m[W3C]&amp#27;[0m Matched W3C error code 'no such element' to NoSuchElementError
&amp#27;[38;5;32m[AndroidUiautomator2Driver@1b09 (4dd9307a)]&amp#27;[0m Waited for 58244 ms so far
&amp#27;[38;5;32m[AndroidUiautomator2Driver@1b09 (4dd9307a)]&amp#27;[0m Matched '/element' to command name 'findElement'
&amp#27;[38;5;32m[AndroidUiautomator2Driver@1b09 (4dd9307a)]&amp#27;[0m Proxying [POST /element] to [POST http://127.0.0.1:8200/session/8d605ba8-ba10-464d-8fc6-4d5ebd3881f5/element] with body: {"strategy":"id","selector":"com.androidsample.generalstore:id/toolbar_title","context":"","multiple":false}
&amp#27;[38;5;32m[AndroidUiautomator2Driver@1b09 (4dd9307a)]&amp#27;[0m Got response with status 404: {"sessionId":"8d605ba8-ba10-464d-8fc6-4d5ebd3881f5","value":{"error":"no such element","message":"An element could not be located on the page using the given search parameters","stacktrace":"io.appium.uiautomator2.common.exceptions.ElementNotFoundException: An element could not be located on the page using the given search parameters\n\tat io.appium.uiautomator2.handler.FindElement.safeHandle(FindElement.java:63)\n\tat io.appium.uiautomator2.handler.request.SafeRequestHandler.handle(SafeRequestHandler.java:59)\n\tat io.appium.uiautomator2.server.AppiumServlet.handleRequest(AppiumServlet.java:277)\n\tat io.appium.uiautomator2.server.AppiumServlet.handleHttpRequest(AppiumServlet.java:271)\n\tat io.appium.uiautomator2.http.ServerHandler.channelRead(ServerHandler.java:77)\n\tat io.netty.channel.AbstractChannelHandlerContext.invokeChannelRead(AbstractChannelHandlerContext.java:366)\n\tat io.netty.channel.AbstractChannelHandlerContext.invokeChannelRead(AbstractChannelHandlerContext.java:352)\n\tat io.netty.chann...
&amp#27;[38;5;128m[W3C]&amp#27;[0m Matched W3C error code 'no such element' to NoSuchElementError
&amp#27;[38;5;32m[AndroidUiautomator2Driver@1b09 (4dd9307a)]&amp#27;[0m Waited for 59269 ms so far
&amp#27;[38;5;32m[AndroidUiautomator2Driver@1b09 (4dd9307a)]&amp#27;[0m Matched '/element' to command name 'findElement'
&amp#27;[38;5;32m[AndroidUiautomator2Driver@1b09 (4dd9307a)]&amp#27;[0m Proxying [POST /element] to [POST http://127.0.0.1:8200/session/8d605ba8-ba10-464d-8fc6-4d5ebd3881f5/element] with body: {"strategy":"id","selector":"com.androidsample.generalstore:id/toolbar_title","context":"","multiple":false}
&amp#27;[38;5;32m[AndroidUiautomator2Driver@1b09 (4dd9307a)]&amp#27;[0m Got response with status 404: {"sessionId":"8d605ba8-ba10-464d-8fc6-4d5ebd3881f5","value":{"error":"no such element","message":"An element could not be located on the page using the given search parameters","stacktrace":"io.appium.uiautomator2.common.exceptions.ElementNotFoundException: An element could not be located on the page using the given search parameters\n\tat io.appium.uiautomator2.handler.FindElement.safeHandle(FindElement.java:63)\n\tat io.appium.uiautomator2.handler.request.SafeRequestHandler.handle(SafeRequestHandler.java:59)\n\tat io.appium.uiautomator2.server.AppiumServlet.handleRequest(AppiumServlet.java:277)\n\tat io.appium.uiautomator2.server.AppiumServlet.handleHttpRequest(AppiumServlet.java:271)\n\tat io.appium.uiautomator2.http.ServerHandler.channelRead(ServerHandler.java:77)\n\tat io.netty.channel.AbstractChannelHandlerContext.invokeChannelRead(AbstractChannelHandlerContext.java:366)\n\tat io.netty.channel.AbstractChannelHandlerContext.invokeChannelRead(AbstractChannelHandlerContext.java:352)\n\tat io.netty.chann...
&amp#27;[38;5;128m[W3C]&amp#27;[0m Matched W3C error code 'no such element' to NoSuchElementError
&amp#27;[38;5;32m[AndroidUiautomator2Driver@1b09 (4dd9307a)]&amp#27;[0m Encountered internal error running command: NoSuchElementError: An element could not be located on the page using the given search parameters.
&amp#27;[38;5;32m[AndroidUiautomator2Driver@1b09 (4dd9307a)]&amp#27;[0m     at AndroidUiautomator2Driver.findElOrEls (C:\Users\admin\.appium\node_modules\appium-uiautomator2-driver\node_modules\appium-android-driver\lib\commands\find.ts:87:11)
&amp#27;[38;5;32m[AndroidUiautomator2Driver@1b09 (4dd9307a)]&amp#27;[0m     at runMicrotasks (<anonymous>)
&amp#27;[38;5;32m[AndroidUiautomator2Driver@1b09 (4dd9307a)]&amp#27;[0m     at processTicksAndRejections (node:internal/process/task_queues:96:5)
&amp#27;[38;5;32m[AndroidUiautomator2Driver@1b09 (4dd9307a)]&amp#27;[0m     at AndroidUiautomator2Driver.findElOrElsWithProcessing (C:\Users\admin\AppData\Roaming\npm\node_modules\appium\node_modules\@appium\base-driver\lib\basedriver\commands\find.ts:60:12)
&amp#27;[38;5;32m[AndroidUiautomator2Driver@1b09 (4dd9307a)]&amp#27;[0m     at AndroidUiautomator2Driver.findElement (C:\Users\admin\AppData\Roaming\npm\node_modules\appium\node_modules\@appium\base-driver\lib\basedriver\commands\find.ts:75:12)
&amp#27;[38;5;0m[HTTP]&amp#27;[0m &amp#27;[37m<-- POST /session/4dd9307a-7c2e-4e60-8422-cb0d8b0d514f/element &amp#27;[39m&amp#27;[33m404&amp#27;[39m &amp#27;[90m60343 ms - 926&amp#27;[39m
&amp#27;[38;5;0m[HTTP]&amp#27;[0m &amp#27;[90m&amp#27;[39m
&amp#27;[38;5;0m[HTTP]&amp#27;[0m &amp#27;[37m-->&amp#27;[39m &amp#27;[37mGET&amp#27;[39m &amp#27;[37m/session/4dd9307a-7c2e-4e60-8422-cb0d8b0d514f/screenshot&amp#27;[39m
&amp#27;[38;5;0m[HTTP]&amp#27;[0m &amp#27;[90m{}&amp#27;[39m
&amp#27;[38;5;32m[AndroidUiautomator2Driver@1b09 (4dd9307a)]&amp#27;[0m Calling AppiumDriver.getScreenshot() with args: ["4dd9307a-7c2e-4e60-8422-cb0d8b0d514f"]
&amp#27;[38;5;32m[AndroidUiautomator2Driver@1b09 (4dd9307a)]&amp#27;[0m Matched '/screenshot' to command name 'getScreenshot'
&amp#27;[38;5;32m[AndroidUiautomator2Driver@1b09 (4dd9307a)]&amp#27;[0m Proxying [GET /screenshot] to [GET http://127.0.0.1:8200/session/8d605ba8-ba10-464d-8fc6-4d5ebd3881f5/screenshot] with no body
&amp#27;[38;5;32m[AndroidUiautomator2Driver@1b09 (4dd9307a)]&amp#27;[0m Got response with status 200: {"sessionId":"8d605ba8-ba10-464d-8fc6-4d5ebd3881f5","value":"iVBORw0KGgoAAAANSUhEUgAABDgAAAlgCAYAAABtGofVAAAAAXNSR0IArs4c6QAAAARzQklUCAgICHwIZIgAACAASURBVHic7N13fBv13Qfwz91pS5b3iEd2grMZIQkQoAQCJaw8BGiZhQ4oLU3TljZPy+jztFAKfdoCpVAo0DJLCwlQCCMDSMOIE0LI3svx3tZed/f8IfsiWbIt25JtJZ83L7eWdON3F0u63/e+v+9PyN55kwoiIiIiIiIiojQmDnUDiIiIiIiIiIgGigEOIiIiIiIiIkp7DHAQERERERERUdpjgIOIiIiIiIiI0h4DHERERERERESU9hjgICIiIiIiIqK0xwAHEREREREREaU9BjiIiIiIiIiIKO0xwEFEREREREREaY8BDiIiIiIiIiJKewxwEBEREREREVHaY4CDiIiIiIiIiNIeAxxERERERERElPYY4CAiIiIiIiKitMcABxERERERERGlPQY4iIiIiIiIiCjtMcBBRERERERERGmPAQ4iIiIiIiIiSnsMcBARERERERFR2mOAg4iIiIiIiIjSHgMcRERERERERJT2GOAgIiIiIiIiorTHAAcRERERERERpT0GOIiIiIiIiIgo7THAQURERERERERpjwEOIiIiIiIiIkp7DHAQERERERERUdpjgIOIiIiIiIiI0h4DHERERERERESU9hjgICIiIiIiIqK0xwAHEREREREREaU9BjiIiIiIiIiIKO0xwEFEREREREREaY8BDiIiIiIiIiJKewxwEBEREREREVHaY4CDiIiIiIiIiNIeAxxERERERERElPYY4CAiIiIiIiKitMcABxERERERERGlPQY4iIiIiIiIiCjtMcBBRERERERERGmPAQ4iIiIiIiIiSnu6oW4AEfWPCAGjDPko0+dBgDAkbWiX3dgXqINb8Q3J/omIiIiIiDoxwEGUhiSI+HbO...
&amp#27;[38;5;32m[AndroidUiautomator2Driver@1b09 (4dd9307a)]&amp#27;[0m Responding to client with driver.getScreenshot() result: "iVBORw0KGgoAAAANSUhEUgAABDgAAAlgCAYAAABtGofVAAAAAXNSR0IArs4c6QAAAARzQklUCAgICHwIZIgAACAASURBVHic7N13fBv13Qfwz91pS5b3iEd2grMZIQkQoAQCJaw8BGiZhQ4oLU3TljZPy+jztFAKfdoCpVAo0DJLCwlQCCMDSMOIE0LI3svx3tZed/f8IfsiWbIt25JtJZ83L7eWdON3F0u63/e+v+9PyN55kwoiIiIiIiIiojQmDnUDiIiIiIiIiIgGigEOIiIiIiIiIkp7DHAQERERERERUdpjgIOIiIiIiIiI0h4DHERERERERESU9hjgICIiIiIiIqK0xwAHEREREREREaU9BjiIiIiIiIiIKO0xwEFEREREREREaY8BDiIiIiIiIiJKewxwEBEREREREVHaY4CDiIiIiIiIiNIeAxxERERERERElPYY4CAiIiIiIiKitMcABxERERERERGlPQY4iIiIiIiIiCjtMcBBRERERERERGmPAQ4iIiIiIiIiSnsMcBARERERERFR2mOAg4iIiIiIiIjSHgMcRERERERERJT2GOAgIiIiIiIiorTHAAcRERERERERpT0GOIiIiIiIiIgo7THAQURERERERERpjwEOIiIiIiIiIkp7DHAQERERERERUdpjgIOIiIiIiIiI0h4DHERERERERESU9hjgICIiIiIiIqK0xwAHEREREREREaU9BjiIiIiIiIiIKO0xwEFEREREREREaY8BDiIiIiIiIiJKewxwEBEREREREVHaY4CDiIiIiIiIiNIeAxxERERERERElPYY4CAiIiIiIiKitMcABxERERERERGlPQY4iIiIiIiIiCjtMcBBRERERERERGmPAQ4iIiIiIiIiSnu6oW4AEfWPCAGjDPko0+dBgDAkbWiX3dgXqINb8Q3J/omIiIiIiDoxwEGUhiSI+HbO+bg282xkS9YhCXCoUBFQQ9jg3Y/7G5ehJtgy6G0gIiIiSqZF9jmo8O5DVbB5...
&amp#27;[38;5;0m[HTTP]&amp#27;[0m &amp#27;[37m<-- GET /session/4dd9307a-7c2e-4e60-8422-cb0d8b0d514f/screenshot &amp#27;[39m&amp#27;[32m200&amp#27;[39m &amp#27;[90m1520 ms - 1325596&amp#27;[39m
&amp#27;[38;5;0m[HTTP]&amp#27;[0m &amp#27;[90m&amp#27;[39m
&amp#27;[38;5;0m[HTTP]&amp#27;[0m &amp#27;[37m-->&amp#27;[39m &amp#27;[37mDELETE&amp#27;[39m &amp#27;[37m/session/4dd9307a-7c2e-4e60-8422-cb0d8b0d514f&amp#27;[39m
&amp#27;[38;5;0m[HTTP]&amp#27;[0m &amp#27;[90m{}&amp#27;[39m
&amp#27;[38;5;32m[AndroidUiautomator2Driver@1b09 (4dd9307a)]&amp#27;[0m Calling AppiumDriver.deleteSession() with args: ["4dd9307a-7c2e-4e60-8422-cb0d8b0d514f"]
&amp#27;[38;5;16m[AppiumDriver@1576]&amp#27;[0m Event 'quitSessionRequested' logged at 1702668393200 (21:26:33 GMT+0200 (Eastern European Standard Time))
&amp#27;[38;5;16m[AppiumDriver@1576]&amp#27;[0m Removing session 4dd9307a-7c2e-4e60-8422-cb0d8b0d514f from our master session list
&amp#27;[38;5;32m[AndroidUiautomator2Driver@1b09 (4dd9307a)]&amp#27;[0m Deleting UiAutomator2 session
&amp#27;[38;5;32m[AndroidUiautomator2Driver@1b09 (4dd9307a)]&amp#27;[0m Stopping chromedriver for context WEBVIEW_com.androidsample.generalstore
&amp#27;[38;5;144m[Chromedriver@2658 (434ce7b0)]&amp#27;[0m Changed state to 'stopping'
&amp#27;[38;5;144m[Chromedriver@2658 (434ce7b0)]&amp#27;[0m Proxying [DELETE /] to [DELETE http://127.0.0.1:65072/session/434ce7b0f923cf5f64399eacf45c5135] with no body
&amp#27;[38;5;144m[Chromedriver@2658 (434ce7b0)]&amp#27;[0m Got response with status 200: {"value":null}
&amp#27;[38;5;144m[Chromedriver@2658]&amp#27;[0m Changed state to 'stopped'
&amp#27;[38;5;32m[AndroidUiautomator2Driver@1b09 (4dd9307a)]&amp#27;[0m Deleting UiAutomator2 server session
&amp#27;[38;5;32m[AndroidUiautomator2Driver@1b09 (4dd9307a)]&amp#27;[0m Matched '/' to command name 'deleteSession'
&amp#27;[38;5;32m[AndroidUiautomator2Driver@1b09 (4dd9307a)]&amp#27;[0m Proxying [DELETE /] to [DELETE http://127.0.0.1:8200/session/8d605ba8-ba10-464d-8fc6-4d5ebd3881f5] with no body
&amp#27;[38;5;32m[AndroidUiautomator2Driver@1b09 (4dd9307a)]&amp#27;[0m Got response with status 200: {"sessionId":"8d605ba8-ba10-464d-8fc6-4d5ebd3881f5","value":null}
&amp#27;[38;5;64m[ADB]&amp#27;[0m Running 'C:\Users\admin\AppData\Local\Android\Sdk\platform-tools\adb.exe -P 5037 -s RZ8NA1VZJ1N shell dumpsys activity services io.appium.settings/.recorder.RecorderService'
&amp#27;[38;5;64m[ADB]&amp#27;[0m Running 'C:\Users\admin\AppData\Local\Android\Sdk\platform-tools\adb.exe -P 5037 -s RZ8NA1VZJ1N shell am force-stop com.androidsample.generalstore'
&amp#27;[38;5;96m[Logcat]&amp#27;[0m Stopping logcat capture
&amp#27;[38;5;64m[ADB]&amp#27;[0m Removing forwarded port socket connection: 8200 
&amp#27;[38;5;64m[ADB]&amp#27;[0m Running 'C:\Users\admin\AppData\Local\Android\Sdk\platform-tools\adb.exe -P 5037 -s RZ8NA1VZJ1N forward --remove tcp:8200'
&amp#27;[38;5;32m[AndroidUiautomator2Driver@1b09 (4dd9307a)]&amp#27;[0m Restoring hidden api policy to the device default configuration
&amp#27;[38;5;64m[ADB]&amp#27;[0m Running 'C:\Users\admin\AppData\Local\Android\Sdk\platform-tools\adb.exe -P 5037 -s RZ8NA1VZJ1N shell 'settings delete global hidden_api_policy_pre_p_apps;settings delete global hidden_api_policy_p_apps;settings delete global hidden_api_policy''
&amp#27;[38;5;112m[Instrumentation]&amp#27;[0m .
&amp#27;[38;5;112m[Instrumentation]&amp#27;[0m Time: 118.106
&amp#27;[38;5;112m[Instrumentation]&amp#27;[0m 
&amp#27;[38;5;112m[Instrumentation]&amp#27;[0m OK (1 test)
&amp#27;[38;5;112m[Instrumentation]&amp#27;[0m The process has exited with code 0
&amp#27;[38;5;16m[AppiumDriver@1576]&amp#27;[0m Event 'quitSessionFinished' logged at 1702668393995 (21:26:33 GMT+0200 (Eastern European Standard Time))
&amp#27;[38;5;16m[AppiumDriver@1576]&amp#27;[0m Received response: null
&amp#27;[38;5;16m[AppiumDriver@1576]&amp#27;[0m But deleting session, so not returning
&amp#27;[38;5;16m[AppiumDriver@1576]&amp#27;[0m Responding to client with driver.deleteSession() result: null
&amp#27;[38;5;0m[HTTP]&amp#27;[0m &amp#27;[37m<-- DELETE /session/4dd9307a-7c2e-4e60-8422-cb0d8b0d514f &amp#27;[39m&amp#27;[32m200&amp#27;[39m &amp#27;[90m797 ms - 14&amp#27;[39m
&amp#27;[38;5;0m[HTTP]&amp#27;[0m &amp#27;[90m&amp#27;[39m
]]></system-out>
    <system-err><![CDATA[SLF4J: No SLF4J providers were found.
SLF4J: Defaulting to no-operation (NOP) logger implementation
SLF4J: See https://www.slf4j.org/codes.html#noProviders for further details.
]]></system-err>
  </testcase>
  <testcase name="tc02NegatifTest" classname="generalstore.tests.TC02_NegatifTest" time="14.003">
    <system-out><![CDATA[&amp#27;[38;5;0m[HTTP]&amp#27;[0m Request idempotency key: 48d34024-0354-4e93-a17c-4d553d1fb9c9
&amp#27;[38;5;0m[HTTP]&amp#27;[0m &amp#27;[37m-->&amp#27;[39m &amp#27;[37mPOST&amp#27;[39m &amp#27;[37m/session&amp#27;[39m
&amp#27;[38;5;0m[HTTP]&amp#27;[0m &amp#27;[90m{"capabilities":{"firstMatch":[{}],"alwaysMatch":{"appium:app":"C:\\Users\\admin\\IdeaProjects\\AppiumUpskills_TestNGFramework_JDK11\\src\\test\\resources\\General-Store.apk","appium:automationName":"UIAutomator2","platformName":"ANDROID"}}}&amp#27;[39m
&amp#27;[38;5;16m[AppiumDriver@1576]&amp#27;[0m Calling AppiumDriver.createSession() with args: [null,null,{"firstMatch":[{}],"alwaysMatch":{"appium:app":"C:\\Users\\admin\\IdeaProjects\\AppiumUpskills_TestNGFramework_JDK11\\src\\test\\resources\\General-Store.apk","appium:automationName":"UIAutomator2","platformName":"ANDROID"}}]
&amp#27;[38;5;16m[AppiumDriver@1576]&amp#27;[0m Event 'newSessionRequested' logged at 1702668394047 (21:26:34 GMT+0200 (Eastern European Standard Time))
&amp#27;[35m[Appium]&amp#27;[39m Attempting to find matching driver for automationName 'UIAutomator2' and platformName 'ANDROID'
&amp#27;[35m[Appium]&amp#27;[39m The 'uiautomator2' driver was installed and matched caps.
&amp#27;[35m[Appium]&amp#27;[39m Will require it at C:\Users\admin\.appium\node_modules\appium-uiautomator2-driver
&amp#27;[35m[Appium]&amp#27;[39m Requiring driver at C:\Users\admin\.appium\node_modules\appium-uiautomator2-driver
&amp#27;[38;5;16m[AppiumDriver@1576]&amp#27;[0m Appium v2.2.2 creating new AndroidUiautomator2Driver (v2.34.1) session
&amp#27;[38;5;16m[AppiumDriver@1576]&amp#27;[0m Checking BaseDriver versions for Appium and AndroidUiautomator2Driver
&amp#27;[38;5;16m[AppiumDriver@1576]&amp#27;[0m Appium's BaseDriver version is 9.4.2
&amp#27;[38;5;16m[AppiumDriver@1576]&amp#27;[0m AndroidUiautomator2Driver's BaseDriver version is 9.4.2
&amp#27;[38;5;32m[AndroidUiautomator2Driver@1d11]&amp#27;[0m Creating session with W3C capabilities: {
&amp#27;[38;5;32m[AndroidUiautomator2Driver@1d11]&amp#27;[0m   "alwaysMatch": {
&amp#27;[38;5;32m[AndroidUiautomator2Driver@1d11]&amp#27;[0m     "platformName": "ANDROID",
&amp#27;[38;5;32m[AndroidUiautomator2Driver@1d11]&amp#27;[0m     "appium:app": "C:\\Users\\admin\\IdeaProjects\\AppiumUpskills_TestNGFramework_JDK11\\src\\test\\resources\\General-Store.apk",
&amp#27;[38;5;32m[AndroidUiautomator2Driver@1d11]&amp#27;[0m     "appium:automationName": "UIAutomator2"
&amp#27;[38;5;32m[AndroidUiautomator2Driver@1d11]&amp#27;[0m   },
&amp#27;[38;5;32m[AndroidUiautomator2Driver@1d11]&amp#27;[0m   "firstMatch": [
&amp#27;[38;5;32m[AndroidUiautomator2Driver@1d11]&amp#27;[0m     {}
&amp#27;[38;5;32m[AndroidUiautomator2Driver@1d11]&amp#27;[0m   ]
&amp#27;[38;5;32m[AndroidUiautomator2Driver@1d11]&amp#27;[0m }
&amp#27;[38;5;32m[AndroidUiautomator2Driver@1d11 (4f6a5e6e)]&amp#27;[0m Session created with session id: 4f6a5e6e-221d-4bee-b706-af8c77e4b6c0
&amp#27;[38;5;48m[BaseDriver]&amp#27;[0m Using local app 'C:\Users\admin\IdeaProjects\AppiumUpskills_TestNGFramework_JDK11\src\test\resources\General-Store.apk'
&amp#27;[38;5;32m[AndroidUiautomator2Driver@1d11 (4f6a5e6e)]&amp#27;[0m Checking whether app is actually present
&amp#27;[38;5;64m[ADB]&amp#27;[0m Using 'adb.exe' from 'C:\Users\admin\AppData\Local\Android\Sdk\platform-tools\adb.exe'
&amp#27;[38;5;64m[ADB]&amp#27;[0m Running 'C:\Users\admin\AppData\Local\Android\Sdk\platform-tools\adb.exe -P 5037 start-server'
&amp#27;[38;5;80m[AndroidDriver]&amp#27;[0m Retrieving device list
&amp#27;[38;5;64m[ADB]&amp#27;[0m Trying to find connected Android devices
&amp#27;[38;5;64m[ADB]&amp#27;[0m Getting connected devices
&amp#27;[38;5;64m[ADB]&amp#27;[0m Connected devices: [{"udid":"RZ8NA1VZJ1N","state":"device"}]
&amp#27;[38;5;80m[AndroidDriver]&amp#27;[0m Using device: RZ8NA1VZJ1N
&amp#27;[38;5;64m[ADB]&amp#27;[0m Using 'adb.exe' from 'C:\Users\admin\AppData\Local\Android\Sdk\platform-tools\adb.exe'
&amp#27;[38;5;64m[ADB]&amp#27;[0m Running 'C:\Users\admin\AppData\Local\Android\Sdk\platform-tools\adb.exe -P 5037 start-server'
&amp#27;[38;5;64m[ADB]&amp#27;[0m Setting device id to RZ8NA1VZJ1N
&amp#27;[38;5;64m[ADB]&amp#27;[0m Running 'C:\Users\admin\AppData\Local\Android\Sdk\platform-tools\adb.exe -P 5037 -s RZ8NA1VZJ1N shell getprop ro.build.version.sdk'
&amp#27;[38;5;64m[ADB]&amp#27;[0m Current device property 'ro.build.version.sdk': 33
&amp#27;[38;5;64m[ADB]&amp#27;[0m Getting device platform version
&amp#27;[38;5;64m[ADB]&amp#27;[0m Running 'C:\Users\admin\AppData\Local\Android\Sdk\platform-tools\adb.exe -P 5037 -s RZ8NA1VZJ1N shell getprop ro.build.version.release'
&amp#27;[38;5;64m[ADB]&amp#27;[0m Current device property 'ro.build.version.release': 13
&amp#27;[38;5;64m[ADB]&amp#27;[0m Device API level: 33
&amp#27;[38;5;32m[AndroidUiautomator2Driver@1d11 (4f6a5e6e)]&amp#27;[0m Relaxing hidden api policy
&amp#27;[38;5;64m[ADB]&amp#27;[0m Running 'C:\Users\admin\AppData\Local\Android\Sdk\platform-tools\adb.exe -P 5037 -s RZ8NA1VZJ1N shell 'settings put global hidden_api_policy_pre_p_apps 1;settings put global hidden_api_policy_p_apps 1;settings put global hidden_api_policy 1''
&amp#27;[38;5;80m[AndroidDriver]&amp#27;[0m Parsing package and activity from app manifest
&amp#27;[38;5;64m[ADB]&amp#27;[0m Package name: 'com.androidsample.generalstore'
&amp#27;[38;5;64m[ADB]&amp#27;[0m Main activity name: 'com.androidsample.generalstore.SplashActivity'
&amp#27;[38;5;80m[AndroidDriver]&amp#27;[0m Parsed package and activity are: com.androidsample.generalstore/com.androidsample.generalstore.SplashActivity
&amp#27;[38;5;80m[AndroidDriver]&amp#27;[0m Pushing settings apk to device...
&amp#27;[38;5;64m[ADB]&amp#27;[0m Getting package info for 'io.appium.settings'
&amp#27;[38;5;64m[ADB]&amp#27;[0m Running 'C:\Users\admin\AppData\Local\Android\Sdk\platform-tools\adb.exe -P 5037 -s RZ8NA1VZJ1N shell dumpsys package io.appium.settings'
&amp#27;[38;5;64m[ADB]&amp#27;[0m The version name of the installed 'io.appium.settings' is greater or equal to the application version name ('5.2.0' >= '5.2.0')
&amp#27;[38;5;64m[ADB]&amp#27;[0m There is no need to install/upgrade 'C:\Users\admin\.appium\node_modules\appium-uiautomator2-driver\node_modules\io.appium.settings\apks\settings_apk-debug.apk'
&amp#27;[38;5;64m[ADB]&amp#27;[0m Getting IDs of all 'io.appium.settings' processes
&amp#27;[38;5;64m[ADB]&amp#27;[0m Running 'C:\Users\admin\AppData\Local\Android\Sdk\platform-tools\adb.exe -P 5037 -s RZ8NA1VZJ1N shell 'pgrep --help; echo $?''
&amp#27;[38;5;64m[ADB]&amp#27;[0m Running 'C:\Users\admin\AppData\Local\Android\Sdk\platform-tools\adb.exe -P 5037 -s RZ8NA1VZJ1N shell pgrep -f \(\[\[:blank:\]\]\|\^\)io\.appium\.settings\(\[\[:blank:\]\]\|\$\)'
&amp#27;[38;5;80m[AndroidDriver]&amp#27;[0m io.appium.settings is already running. There is no need to reset its permissions.
&amp#27;[38;5;64m[ADB]&amp#27;[0m Running 'C:\Users\admin\AppData\Local\Android\Sdk\platform-tools\adb.exe -P 5037 -s RZ8NA1VZJ1N shell appops set io.appium.settings android:mock_location allow'
&amp#27;[38;5;64m[ADB]&amp#27;[0m Running 'C:\Users\admin\AppData\Local\Android\Sdk\platform-tools\adb.exe -P 5037 -s RZ8NA1VZJ1N shell "[ -e '/data/local/tmp/mock_apps.json' ] && echo __PASS__"'
&amp#27;[38;5;64m[ADB]&amp#27;[0m Running 'C:\Users\admin\AppData\Local\Android\Sdk\platform-tools\adb.exe -P 5037 -s RZ8NA1VZJ1N shell cat /data/local/tmp/mock_apps.json'
&amp#27;[38;5;96m[Logcat]&amp#27;[0m Starting logs capture with command: C:\\Users\\admin\\AppData\\Local\\Android\\Sdk\\platform-tools\\adb.exe -P 5037 -s RZ8NA1VZJ1N logcat -v threadtime
&amp#27;[38;5;32m[AndroidUiautomator2Driver@1d11 (4f6a5e6e)]&amp#27;[0m Forwarding UiAutomator2 Server port 6790 to local port 8200
&amp#27;[38;5;64m[ADB]&amp#27;[0m Forwarding system: 8200 to device: 6790
&amp#27;[38;5;64m[ADB]&amp#27;[0m Running 'C:\Users\admin\AppData\Local\Android\Sdk\platform-tools\adb.exe -P 5037 -s RZ8NA1VZJ1N forward tcp:8200 tcp:6790'
&amp#27;[38;5;64m[ADB]&amp#27;[0m Checking app cert for C:\Users\admin\.appium\node_modules\appium-uiautomator2-driver\node_modules\appium-uiautomator2-server\apks\appium-uiautomator2-server-v5.12.16.apk
&amp#27;[38;5;64m[ADB]&amp#27;[0m Checking app cert for C:\Users\admin\.appium\node_modules\appium-uiautomator2-driver\node_modules\appium-uiautomator2-server\apks\appium-uiautomator2-server-debug-androidTest.apk
&amp#27;[38;5;64m[ADB]&amp#27;[0m Using the previously cached signature entry for 'appium-uiautomator2-server-debug-androidTest.apk'
&amp#27;[38;5;64m[ADB]&amp#27;[0m sha256 hash did match for 'appium-uiautomator2-server-debug-androidTest.apk'
&amp#27;[38;5;64m[ADB]&amp#27;[0m Getting install status for io.appium.uiautomator2.server.test
&amp#27;[38;5;64m[ADB]&amp#27;[0m Running 'C:\Users\admin\AppData\Local\Android\Sdk\platform-tools\adb.exe -P 5037 -s RZ8NA1VZJ1N shell pm path io.appium.uiautomator2.server.test'
&amp#27;[38;5;64m[ADB]&amp#27;[0m Using the previously cached signature entry for 'appium-uiautomator2-server-v5.12.16.apk'
&amp#27;[38;5;64m[ADB]&amp#27;[0m sha256 hash did match for 'appium-uiautomator2-server-v5.12.16.apk'
&amp#27;[38;5;64m[ADB]&amp#27;[0m Getting package info for 'io.appium.uiautomator2.server'
&amp#27;[38;5;64m[ADB]&amp#27;[0m Running 'C:\Users\admin\AppData\Local\Android\Sdk\platform-tools\adb.exe -P 5037 -s RZ8NA1VZJ1N shell dumpsys package io.appium.uiautomator2.server'
&amp#27;[38;5;64m[ADB]&amp#27;[0m 'io.appium.uiautomator2.server.test' is installed
&amp#27;[38;5;64m[ADB]&amp#27;[0m The version name of the installed 'io.appium.uiautomator2.server' is greater or equal to the application version name ('5.12.16' >= '5.12.16')
&amp#27;[38;5;32m[AndroidUiautomator2Driver@1d11 (4f6a5e6e)]&amp#27;[0m Server packages status: [{"wasSigned":true,"installState":"sameVersionInstalled","appPath":"C:\\Users\\admin\\.appium\\node_modules\\appium-uiautomator2-driver\\node_modules\\appium-uiautomator2-server\\apks\\appium-uiautomator2-server-v5.12.16.apk","appId":"io.appium.uiautomator2.server"},{"wasSigned":true,"installState":"sameVersionInstalled","appPath":"C:\\Users\\admin\\.appium\\node_modules\\appium-uiautomator2-driver\\node_modules\\appium-uiautomator2-server\\apks\\appium-uiautomator2-server-debug-androidTest.apk","appId":"io.appium.uiautomator2.server.test"}]
&amp#27;[38;5;32m[AndroidUiautomator2Driver@1d11 (4f6a5e6e)]&amp#27;[0m Server packages are not going to be (re)installed
&amp#27;[38;5;32m[AndroidUiautomator2Driver@1d11 (4f6a5e6e)]&amp#27;[0m Waiting up to 30000ms for services to be available
&amp#27;[38;5;64m[ADB]&amp#27;[0m Running 'C:\Users\admin\AppData\Local\Android\Sdk\platform-tools\adb.exe -P 5037 -s RZ8NA1VZJ1N shell pm list instrumentation'
&amp#27;[38;5;32m[AndroidUiautomator2Driver@1d11 (4f6a5e6e)]&amp#27;[0m Instrumentation target 'io.appium.uiautomator2.server.test/androidx.test.runner.AndroidJUnitRunner' is available
&amp#27;[38;5;64m[ADB]&amp#27;[0m Adding packages ["io.appium.settings","io.appium.uiautomator2.server","io.appium.uiautomator2.server.test"] to Doze whitelist
&amp#27;[38;5;64m[ADB]&amp#27;[0m Got the following command chunks to execute: [["dumpsys","deviceidle","whitelist","+io.appium.settings",";","dumpsys","deviceidle","whitelist","+io.appium.uiautomator2.server",";","dumpsys","deviceidle","whitelist","+io.appium.uiautomator2.server.test",";"]]
&amp#27;[38;5;64m[ADB]&amp#27;[0m Running 'C:\Users\admin\AppData\Local\Android\Sdk\platform-tools\adb.exe -P 5037 -s RZ8NA1VZJ1N shell dumpsys deviceidle whitelist +io.appium.settings ; dumpsys deviceidle whitelist +io.appium.uiautomator2.server ; dumpsys deviceidle whitelist +io.appium.uiautomator2.server.test ;'
&amp#27;[38;5;64m[ADB]&amp#27;[0m Checking app cert for C:\Users\admin\IdeaProjects\AppiumUpskills_TestNGFramework_JDK11\src\test\resources\General-Store.apk
&amp#27;[38;5;64m[ADB]&amp#27;[0m Using the previously cached signature entry for 'General-Store.apk'
&amp#27;[38;5;64m[ADB]&amp#27;[0m Getting package info for 'com.androidsample.generalstore'
&amp#27;[38;5;64m[ADB]&amp#27;[0m Running 'C:\Users\admin\AppData\Local\Android\Sdk\platform-tools\adb.exe -P 5037 -s RZ8NA1VZJ1N shell dumpsys package com.androidsample.generalstore'
&amp#27;[38;5;64m[ADB]&amp#27;[0m The version name of the installed 'com.androidsample.generalstore' is greater or equal to the application version name ('1.0.0' >= '1.0.0')
&amp#27;[38;5;64m[ADB]&amp#27;[0m There is no need to install/upgrade 'C:\Users\admin\IdeaProjects\AppiumUpskills_TestNGFramework_JDK11\src\test\resources\General-Store.apk'
&amp#27;[38;5;80m[AndroidDriver]&amp#27;[0m Performing fast reset on 'com.androidsample.generalstore'
&amp#27;[38;5;64m[ADB]&amp#27;[0m Getting install status for com.androidsample.generalstore
&amp#27;[38;5;64m[ADB]&amp#27;[0m Running 'C:\Users\admin\AppData\Local\Android\Sdk\platform-tools\adb.exe -P 5037 -s RZ8NA1VZJ1N shell pm path com.androidsample.generalstore'
&amp#27;[38;5;64m[ADB]&amp#27;[0m 'com.androidsample.generalstore' is installed
&amp#27;[38;5;64m[ADB]&amp#27;[0m Running 'C:\Users\admin\AppData\Local\Android\Sdk\platform-tools\adb.exe -P 5037 -s RZ8NA1VZJ1N shell am force-stop com.androidsample.generalstore'
&amp#27;[38;5;64m[ADB]&amp#27;[0m Running 'C:\Users\admin\AppData\Local\Android\Sdk\platform-tools\adb.exe -P 5037 -s RZ8NA1VZJ1N shell pm clear com.androidsample.generalstore'
&amp#27;[38;5;80m[AndroidDriver]&amp#27;[0m Performed fast reset on the installed 'com.androidsample.generalstore' application (stop and clear)
&amp#27;[38;5;32m[AndroidUiautomator2Driver@1d11 (4f6a5e6e)]&amp#27;[0m Performing shallow cleanup of automation leftovers
&amp#27;[38;5;32m[AndroidUiautomator2Driver@1d11 (4f6a5e6e)]&amp#27;[0m No obsolete sessions have been detected (socket hang up)
&amp#27;[38;5;64m[ADB]&amp#27;[0m Running 'C:\Users\admin\AppData\Local\Android\Sdk\platform-tools\adb.exe -P 5037 -s RZ8NA1VZJ1N shell am force-stop io.appium.uiautomator2.server.test'
&amp#27;[38;5;32m[AndroidUiautomator2Driver@1d11 (4f6a5e6e)]&amp#27;[0m Starting UIAutomator2 server 5.12.16
&amp#27;[38;5;32m[AndroidUiautomator2Driver@1d11 (4f6a5e6e)]&amp#27;[0m Using UIAutomator2 server from 'C:\Users\admin\.appium\node_modules\appium-uiautomator2-driver\node_modules\appium-uiautomator2-server\apks\appium-uiautomator2-server-v5.12.16.apk' and test from 'C:\Users\admin\.appium\node_modules\appium-uiautomator2-driver\node_modules\appium-uiautomator2-server\apks\appium-uiautomator2-server-debug-androidTest.apk'
&amp#27;[38;5;32m[AndroidUiautomator2Driver@1d11 (4f6a5e6e)]&amp#27;[0m Waiting up to 30000ms for UiAutomator2 to be online...
&amp#27;[38;5;64m[ADB]&amp#27;[0m Creating ADB subprocess with args: ["-P","5037","-s","RZ8NA1VZJ1N","shell","am","instrument","-w","-e","disableAnalytics","true","io.appium.uiautomator2.server.test/androidx.test.runner.AndroidJUnitRunner"]
&amp#27;[38;5;32m[AndroidUiautomator2Driver@1d11 (4f6a5e6e)]&amp#27;[0m Matched '/status' to command name 'getStatus'
&amp#27;[38;5;32m[AndroidUiautomator2Driver@1d11 (4f6a5e6e)]&amp#27;[0m Proxying [GET /status] to [GET http://127.0.0.1:8200/status] with no body
&amp#27;[38;5;32m[AndroidUiautomator2Driver@1d11 (4f6a5e6e)]&amp#27;[0m socket hang up
&amp#27;[38;5;112m[Instrumentation]&amp#27;[0m io.appium.uiautomator2.server.test.AppiumUiAutomator2Server:
&amp#27;[38;5;32m[AndroidUiautomator2Driver@1d11 (4f6a5e6e)]&amp#27;[0m Matched '/status' to command name 'getStatus'
&amp#27;[38;5;32m[AndroidUiautomator2Driver@1d11 (4f6a5e6e)]&amp#27;[0m Proxying [GET /status] to [GET http://127.0.0.1:8200/status] with no body
&amp#27;[38;5;32m[AndroidUiautomator2Driver@1d11 (4f6a5e6e)]&amp#27;[0m socket hang up
&amp#27;[38;5;32m[AndroidUiautomator2Driver@1d11 (4f6a5e6e)]&amp#27;[0m Matched '/status' to command name 'getStatus'
&amp#27;[38;5;32m[AndroidUiautomator2Driver@1d11 (4f6a5e6e)]&amp#27;[0m Proxying [GET /status] to [GET http://127.0.0.1:8200/status] with no body
&amp#27;[38;5;32m[AndroidUiautomator2Driver@1d11 (4f6a5e6e)]&amp#27;[0m socket hang up
&amp#27;[38;5;32m[AndroidUiautomator2Driver@1d11 (4f6a5e6e)]&amp#27;[0m Matched '/status' to command name 'getStatus'
&amp#27;[38;5;32m[AndroidUiautomator2Driver@1d11 (4f6a5e6e)]&amp#27;[0m Proxying [GET /status] to [GET http://127.0.0.1:8200/status] with no body
&amp#27;[38;5;32m[AndroidUiautomator2Driver@1d11 (4f6a5e6e)]&amp#27;[0m Got response with status 200: {"sessionId":"None","value":{"message":"UiAutomator2 Server is ready to accept commands","ready":true}}
&amp#27;[38;5;32m[AndroidUiautomator2Driver@1d11 (4f6a5e6e)]&amp#27;[0m The initialization of the instrumentation process took 3232ms
&amp#27;[38;5;32m[AndroidUiautomator2Driver@1d11 (4f6a5e6e)]&amp#27;[0m Matched '/session' to command name 'createSession'
&amp#27;[38;5;32m[AndroidUiautomator2Driver@1d11 (4f6a5e6e)]&amp#27;[0m Proxying [POST /session] to [POST http://127.0.0.1:8200/session] with body: {"capabilities":{"firstMatch":[{"platformName":"ANDROID","app":"C:\\Users\\admin\\IdeaProjects\\AppiumUpskills_TestNGFramework_JDK11\\src\\test\\resources\\General-Store.apk","automationName":"UIAutomator2","platform":"LINUX","webStorageEnabled":false,"takesScreenshot":true,"javascriptEnabled":true,"databaseEnabled":false,"networkConnectionEnabled":true,"locationContextEnabled":false,"warnings":{},"desired":{"platformName":"ANDROID","app":"C:\\Users\\admin\\IdeaProjects\\AppiumUpskills_TestNGFramework_JDK11\\src\\test\\resources\\General-Store.apk","automationName":"UIAutomator2"},"deviceName":"RZ8NA1VZJ1N","deviceUDID":"RZ8NA1VZJ1N","appPackage":"com.androidsample.generalstore"}],"alwaysMatch":{}}}
&amp#27;[38;5;32m[AndroidUiautomator2Driver@1d11 (4f6a5e6e)]&amp#27;[0m Got response with status 200: {"sessionId":"22f83c2b-bea8-4e00-a496-e0e9a586a61e","value":{"capabilities":{"firstMatch":[{"platformName":"ANDROID","app":"C:\\Users\\admin\\IdeaProjects\\AppiumUpskills_TestNGFramework_JDK11\\src\\test\\resources\\General-Store.apk","automationName":"UIAutomator2","platform":"LINUX","webStorageEnabled":false,"takesScreenshot":true,"javascriptEnabled":true,"databaseEnabled":false,"networkConnectionEnabled":true,"locationContextEnabled":false,"warnings":{},"desired":{"platformName":"ANDROID","app":"C:\\Users\\admin\\IdeaProjects\\AppiumUpskills_TestNGFramework_JDK11\\src\\test\\resources\\General-Store.apk","automationName":"UIAutomator2"},"deviceName":"RZ8NA1VZJ1N","deviceUDID":"RZ8NA1VZJ1N","appPackage":"com.androidsample.generalstore"}],"alwaysMatch":{}},"sessionId":"22f83c2b-bea8-4e00-a496-e0e9a586a61e"}}
&amp#27;[38;5;32m[AndroidUiautomator2Driver@1d11 (4f6a5e6e)]&amp#27;[0m Determined the downstream protocol as 'W3C'
&amp#27;[38;5;32m[AndroidUiautomator2Driver@1d11 (4f6a5e6e)]&amp#27;[0m Proxying [GET /appium/device/pixel_ratio] to [GET http://127.0.0.1:8200/session/22f83c2b-bea8-4e00-a496-e0e9a586a61e/appium/device/pixel_ratio] with no body
&amp#27;[38;5;32m[AndroidUiautomator2Driver@1d11 (4f6a5e6e)]&amp#27;[0m Matched '/appium/device/system_bars' to command name 'getSystemBars'
&amp#27;[38;5;32m[AndroidUiautomator2Driver@1d11 (4f6a5e6e)]&amp#27;[0m Proxying [GET /appium/device/system_bars] to [GET http://127.0.0.1:8200/session/22f83c2b-bea8-4e00-a496-e0e9a586a61e/appium/device/system_bars] with no body
&amp#27;[38;5;32m[AndroidUiautomator2Driver@1d11 (4f6a5e6e)]&amp#27;[0m Matched '/window/current/size' to command name 'getWindowSize'
&amp#27;[38;5;32m[AndroidUiautomator2Driver@1d11 (4f6a5e6e)]&amp#27;[0m Proxying [GET /window/current/size] to [GET http://127.0.0.1:8200/session/22f83c2b-bea8-4e00-a496-e0e9a586a61e/window/current/size] with no body
&amp#27;[38;5;32m[AndroidUiautomator2Driver@1d11 (4f6a5e6e)]&amp#27;[0m Proxying [GET /appium/device/info] to [GET http://127.0.0.1:8200/session/22f83c2b-bea8-4e00-a496-e0e9a586a61e/appium/device/info] with no body
&amp#27;[38;5;64m[ADB]&amp#27;[0m Running 'C:\Users\admin\AppData\Local\Android\Sdk\platform-tools\adb.exe -P 5037 -s RZ8NA1VZJ1N shell dumpsys window'
&amp#27;[38;5;32m[AndroidUiautomator2Driver@1d11 (4f6a5e6e)]&amp#27;[0m Got response with status 200: {"sessionId":"22f83c2b-bea8-4e00-a496-e0e9a586a61e","value":2.625}
&amp#27;[38;5;32m[AndroidUiautomator2Driver@1d11 (4f6a5e6e)]&amp#27;[0m Got response with status 200: {"sessionId":"22f83c2b-bea8-4e00-a496-e0e9a586a61e","value":{"height":2186,"width":1080}}
&amp#27;[38;5;32m[AndroidUiautomator2Driver@1d11 (4f6a5e6e)]&amp#27;[0m Got response with status 200: {"sessionId":"22f83c2b-bea8-4e00-a496-e0e9a586a61e","value":{"statusBar":87}}
&amp#27;[38;5;32m[AndroidUiautomator2Driver@1d11 (4f6a5e6e)]&amp#27;[0m Got response with status 200: {"sessionId":"22f83c2b-bea8-4e00-a496-e0e9a586a61e","value":{"androidId":"f7b25b95edb894ef","apiVersion":"33","bluetooth":{"state":"OFF"},"brand":"samsung","carrierName":"Telenet","displayDensity":420,"locale":"en_US","manufacturer":"samsung","model":"SM-A515F","networks":[{"capabilities":{"SSID":null,"linkDownBandwidthKbps":25358,"linkUpstreamBandwidthKbps":9371,"networkCapabilities":"NET_CAPABILITY_NOT_METERED,NET_CAPABILITY_INTERNET,NET_CAPABILITY_NOT_RESTRICTED,NET_CAPABILITY_TRUSTED,NET_CAPABILITY_NOT_VPN,NET_CAPABILITY_VALIDATED,NET_CAPABILITY_NOT_ROAMING,NET_CAPABILITY_FOREGROUND,NET_CAPABILITY_NOT_CONGESTED,NET_CAPABILITY_NOT_SUSPENDED","signalStrength":-65,"transportTypes":"TRANSPORT_WIFI"},"detailedState":"CONNECTED","extraInfo":"","isAvailable":true,"isConnected":true,"isFailover":false,"isRoaming":false,"state":"CONNECTED","subtype":-1,"subtypeName":"","type":1,"typeName":"WIFI"},{"capabilities":{"SSID":null,"linkDownBandwidthKbps":30000,"linkUpstreamBandwidthKbps":15000,"networkCapabilities":"...
&amp#27;[38;5;80m[AndroidDriver]&amp#27;[0m Screen already unlocked, doing nothing
&amp#27;[38;5;32m[AndroidUiautomator2Driver@1d11 (4f6a5e6e)]&amp#27;[0m Starting 'com.androidsample.generalstore/com.androidsample.generalstore.SplashActivity and waiting for 'com.androidsample.generalstore/com.androidsample.generalstore.SplashActivity'
&amp#27;[38;5;64m[ADB]&amp#27;[0m Running 'C:\Users\admin\AppData\Local\Android\Sdk\platform-tools\adb.exe -P 5037 -s RZ8NA1VZJ1N shell am start -W -n com.androidsample.generalstore/com.androidsample.generalstore.SplashActivity -S -a android.intent.action.MAIN -c android.intent.category.LAUNCHER -f 0x10200000'
&amp#27;[38;5;64m[ADB]&amp#27;[0m Waiting up to 20000ms for activity matching pkg: 'com.androidsample.generalstore' and activity: 'com.androidsample.generalstore.SplashActivity' to be focused
&amp#27;[38;5;64m[ADB]&amp#27;[0m Possible activities, to be checked: 'com.androidsample.generalstore.SplashActivity', 'com.androidsample.generalstore.com.androidsample.generalstore.SplashActivity'
&amp#27;[38;5;64m[ADB]&amp#27;[0m Getting focused package and activity
&amp#27;[38;5;64m[ADB]&amp#27;[0m Running 'C:\Users\admin\AppData\Local\Android\Sdk\platform-tools\adb.exe -P 5037 -s RZ8NA1VZJ1N shell dumpsys window displays'
&amp#27;[38;5;64m[ADB]&amp#27;[0m Found package: 'com.androidsample.generalstore' and fully qualified activity name : 'com.androidsample.generalstore.SplashActivity'
&amp#27;[38;5;16m[AppiumDriver@1576]&amp#27;[0m New AndroidUiautomator2Driver session created successfully, session 4f6a5e6e-221d-4bee-b706-af8c77e4b6c0 added to master session list
&amp#27;[38;5;16m[AppiumDriver@1576]&amp#27;[0m Event 'newSessionStarted' logged at 1702668402280 (21:26:42 GMT+0200 (Eastern European Standard Time))
&amp#27;[38;5;32m[AndroidUiautomator2Driver@1d11 (4f6a5e6e)]&amp#27;[0m Cached the protocol value 'W3C' for the new session 4f6a5e6e-221d-4bee-b706-af8c77e4b6c0
&amp#27;[38;5;32m[AndroidUiautomator2Driver@1d11 (4f6a5e6e)]&amp#27;[0m Responding to client with driver.createSession() result: {"capabilities":{"platformName":"ANDROID","app":"C:\\Users\\admin\\IdeaProjects\\AppiumUpskills_TestNGFramework_JDK11\\src\\test\\resources\\General-Store.apk","automationName":"UIAutomator2","platform":"LINUX","webStorageEnabled":false,"takesScreenshot":true,"javascriptEnabled":true,"databaseEnabled":false,"networkConnectionEnabled":true,"locationContextEnabled":false,"warnings":{},"desired":{"platformName":"ANDROID","app":"C:\\Users\\admin\\IdeaProjects\\AppiumUpskills_TestNGFramework_JDK11\\src\\test\\resources\\General-Store.apk","automationName":"UIAutomator2"},"deviceName":"RZ8NA1VZJ1N","deviceUDID":"RZ8NA1VZJ1N","appPackage":"com.androidsample.generalstore","pixelRatio":"2.625","statBarHeight":87,"viewportRect":{"left":0,"top":87,"width":1080,"height":2099},"deviceApiLevel":33,"platformVersion":"13","deviceManufacturer":"samsung","deviceModel":"SM-A515F","deviceScreenSize":"1080x2400","deviceScreenDensity":420}}
&amp#27;[38;5;0m[HTTP]&amp#27;[0m &amp#27;[37m<-- POST /session &amp#27;[39m&amp#27;[32m200&amp#27;[39m &amp#27;[90m8236 ms - 993&amp#27;[39m
&amp#27;[38;5;0m[HTTP]&amp#27;[0m &amp#27;[90m&amp#27;[39m
&amp#27;[38;5;0m[HTTP]&amp#27;[0m &amp#27;[37m-->&amp#27;[39m &amp#27;[37mPOST&amp#27;[39m &amp#27;[37m/session/4f6a5e6e-221d-4bee-b706-af8c77e4b6c0/timeouts&amp#27;[39m
&amp#27;[38;5;0m[HTTP]&amp#27;[0m &amp#27;[90m{"implicit":60000}&amp#27;[39m
&amp#27;[38;5;32m[AndroidUiautomator2Driver@1d11 (4f6a5e6e)]&amp#27;[0m Calling AppiumDriver.timeouts() with args: [null,null,null,null,60000,"4f6a5e6e-221d-4bee-b706-af8c77e4b6c0"]
&amp#27;[38;5;32m[AndroidUiautomator2Driver@1d11 (4f6a5e6e)]&amp#27;[0m W3C timeout argument: {"implicit":60000}}
&amp#27;[38;5;32m[AndroidUiautomator2Driver@1d11 (4f6a5e6e)]&amp#27;[0m Set implicit wait to 60000ms
&amp#27;[38;5;32m[AndroidUiautomator2Driver@1d11 (4f6a5e6e)]&amp#27;[0m Responding to client with driver.timeouts() result: null
&amp#27;[38;5;0m[HTTP]&amp#27;[0m &amp#27;[37m<-- POST /session/4f6a5e6e-221d-4bee-b706-af8c77e4b6c0/timeouts &amp#27;[39m&amp#27;[32m200&amp#27;[39m &amp#27;[90m9 ms - 14&amp#27;[39m
&amp#27;[38;5;0m[HTTP]&amp#27;[0m &amp#27;[90m&amp#27;[39m
&amp#27;[38;5;0m[HTTP]&amp#27;[0m &amp#27;[37m-->&amp#27;[39m &amp#27;[37mGET&amp#27;[39m &amp#27;[37m/session/4f6a5e6e-221d-4bee-b706-af8c77e4b6c0/context&amp#27;[39m
&amp#27;[38;5;0m[HTTP]&amp#27;[0m &amp#27;[90m{}&amp#27;[39m
&amp#27;[38;5;32m[AndroidUiautomator2Driver@1d11 (4f6a5e6e)]&amp#27;[0m Calling AppiumDriver.getCurrentContext() with args: ["4f6a5e6e-221d-4bee-b706-af8c77e4b6c0"]
&amp#27;[38;5;32m[AndroidUiautomator2Driver@1d11 (4f6a5e6e)]&amp#27;[0m Responding to client with driver.getCurrentContext() result: "NATIVE_APP"
&amp#27;[38;5;0m[HTTP]&amp#27;[0m &amp#27;[37m<-- GET /session/4f6a5e6e-221d-4bee-b706-af8c77e4b6c0/context &amp#27;[39m&amp#27;[32m200&amp#27;[39m &amp#27;[90m2 ms - 22&amp#27;[39m
&amp#27;[38;5;0m[HTTP]&amp#27;[0m &amp#27;[90m&amp#27;[39m
&amp#27;[38;5;0m[HTTP]&amp#27;[0m &amp#27;[37m-->&amp#27;[39m &amp#27;[37mPOST&amp#27;[39m &amp#27;[37m/session/4f6a5e6e-221d-4bee-b706-af8c77e4b6c0/element&amp#27;[39m
&amp#27;[38;5;0m[HTTP]&amp#27;[0m &amp#27;[90m{"using":"id","value":"com.androidsample.generalstore:id/btnLetsShop"}&amp#27;[39m
&amp#27;[38;5;32m[AndroidUiautomator2Driver@1d11 (4f6a5e6e)]&amp#27;[0m Calling AppiumDriver.findElement() with args: ["id","com.androidsample.generalstore:id/btnLetsShop","4f6a5e6e-221d-4bee-b706-af8c77e4b6c0"]
&amp#27;[38;5;32m[AndroidUiautomator2Driver@1d11 (4f6a5e6e)]&amp#27;[0m Valid locator strategies for this request: xpath, id, class name, accessibility id, css selector, -android uiautomator
&amp#27;[38;5;32m[AndroidUiautomator2Driver@1d11 (4f6a5e6e)]&amp#27;[0m Waiting up to 60000 ms for condition
&amp#27;[38;5;32m[AndroidUiautomator2Driver@1d11 (4f6a5e6e)]&amp#27;[0m Matched '/element' to command name 'findElement'
&amp#27;[38;5;32m[AndroidUiautomator2Driver@1d11 (4f6a5e6e)]&amp#27;[0m Proxying [POST /element] to [POST http://127.0.0.1:8200/session/22f83c2b-bea8-4e00-a496-e0e9a586a61e/element] with body: {"strategy":"id","selector":"com.androidsample.generalstore:id/btnLetsShop","context":"","multiple":false}
&amp#27;[38;5;32m[AndroidUiautomator2Driver@1d11 (4f6a5e6e)]&amp#27;[0m Got response with status 404: {"sessionId":"22f83c2b-bea8-4e00-a496-e0e9a586a61e","value":{"error":"no such element","message":"An element could not be located on the page using the given search parameters","stacktrace":"io.appium.uiautomator2.common.exceptions.ElementNotFoundException: An element could not be located on the page using the given search parameters\n\tat io.appium.uiautomator2.handler.FindElement.safeHandle(FindElement.java:63)\n\tat io.appium.uiautomator2.handler.request.SafeRequestHandler.handle(SafeRequestHandler.java:59)\n\tat io.appium.uiautomator2.server.AppiumServlet.handleRequest(AppiumServlet.java:277)\n\tat io.appium.uiautomator2.server.AppiumServlet.handleHttpRequest(AppiumServlet.java:271)\n\tat io.appium.uiautomator2.http.ServerHandler.channelRead(ServerHandler.java:77)\n\tat io.netty.channel.AbstractChannelHandlerContext.invokeChannelRead(AbstractChannelHandlerContext.java:366)\n\tat io.netty.channel.AbstractChannelHandlerContext.invokeChannelRead(AbstractChannelHandlerContext.java:352)\n\tat io.netty.chann...
&amp#27;[38;5;128m[W3C]&amp#27;[0m Matched W3C error code 'no such element' to NoSuchElementError
&amp#27;[38;5;32m[AndroidUiautomator2Driver@1d11 (4f6a5e6e)]&amp#27;[0m Waited for 407 ms so far
&amp#27;[38;5;32m[AndroidUiautomator2Driver@1d11 (4f6a5e6e)]&amp#27;[0m Matched '/element' to command name 'findElement'
&amp#27;[38;5;32m[AndroidUiautomator2Driver@1d11 (4f6a5e6e)]&amp#27;[0m Proxying [POST /element] to [POST http://127.0.0.1:8200/session/22f83c2b-bea8-4e00-a496-e0e9a586a61e/element] with body: {"strategy":"id","selector":"com.androidsample.generalstore:id/btnLetsShop","context":"","multiple":false}
&amp#27;[38;5;32m[AndroidUiautomator2Driver@1d11 (4f6a5e6e)]&amp#27;[0m Got response with status 404: {"sessionId":"22f83c2b-bea8-4e00-a496-e0e9a586a61e","value":{"error":"no such element","message":"An element could not be located on the page using the given search parameters","stacktrace":"io.appium.uiautomator2.common.exceptions.ElementNotFoundException: An element could not be located on the page using the given search parameters\n\tat io.appium.uiautomator2.handler.FindElement.safeHandle(FindElement.java:63)\n\tat io.appium.uiautomator2.handler.request.SafeRequestHandler.handle(SafeRequestHandler.java:59)\n\tat io.appium.uiautomator2.server.AppiumServlet.handleRequest(AppiumServlet.java:277)\n\tat io.appium.uiautomator2.server.AppiumServlet.handleHttpRequest(AppiumServlet.java:271)\n\tat io.appium.uiautomator2.http.ServerHandler.channelRead(ServerHandler.java:77)\n\tat io.netty.channel.AbstractChannelHandlerContext.invokeChannelRead(AbstractChannelHandlerContext.java:366)\n\tat io.netty.channel.AbstractChannelHandlerContext.invokeChannelRead(AbstractChannelHandlerContext.java:352)\n\tat io.netty.chann...
&amp#27;[38;5;128m[W3C]&amp#27;[0m Matched W3C error code 'no such element' to NoSuchElementError
&amp#27;[38;5;32m[AndroidUiautomator2Driver@1d11 (4f6a5e6e)]&amp#27;[0m Waited for 945 ms so far
&amp#27;[38;5;32m[AndroidUiautomator2Driver@1d11 (4f6a5e6e)]&amp#27;[0m Matched '/element' to command name 'findElement'
&amp#27;[38;5;32m[AndroidUiautomator2Driver@1d11 (4f6a5e6e)]&amp#27;[0m Proxying [POST /element] to [POST http://127.0.0.1:8200/session/22f83c2b-bea8-4e00-a496-e0e9a586a61e/element] with body: {"strategy":"id","selector":"com.androidsample.generalstore:id/btnLetsShop","context":"","multiple":false}
&amp#27;[38;5;32m[AndroidUiautomator2Driver@1d11 (4f6a5e6e)]&amp#27;[0m Got response with status 404: {"sessionId":"22f83c2b-bea8-4e00-a496-e0e9a586a61e","value":{"error":"no such element","message":"An element could not be located on the page using the given search parameters","stacktrace":"io.appium.uiautomator2.common.exceptions.ElementNotFoundException: An element could not be located on the page using the given search parameters\n\tat io.appium.uiautomator2.handler.FindElement.safeHandle(FindElement.java:63)\n\tat io.appium.uiautomator2.handler.request.SafeRequestHandler.handle(SafeRequestHandler.java:59)\n\tat io.appium.uiautomator2.server.AppiumServlet.handleRequest(AppiumServlet.java:277)\n\tat io.appium.uiautomator2.server.AppiumServlet.handleHttpRequest(AppiumServlet.java:271)\n\tat io.appium.uiautomator2.http.ServerHandler.channelRead(ServerHandler.java:77)\n\tat io.netty.channel.AbstractChannelHandlerContext.invokeChannelRead(AbstractChannelHandlerContext.java:366)\n\tat io.netty.channel.AbstractChannelHandlerContext.invokeChannelRead(AbstractChannelHandlerContext.java:352)\n\tat io.netty.chann...
&amp#27;[38;5;128m[W3C]&amp#27;[0m Matched W3C error code 'no such element' to NoSuchElementError
&amp#27;[38;5;32m[AndroidUiautomator2Driver@1d11 (4f6a5e6e)]&amp#27;[0m Waited for 1515 ms so far
&amp#27;[38;5;32m[AndroidUiautomator2Driver@1d11 (4f6a5e6e)]&amp#27;[0m Matched '/element' to command name 'findElement'
&amp#27;[38;5;32m[AndroidUiautomator2Driver@1d11 (4f6a5e6e)]&amp#27;[0m Proxying [POST /element] to [POST http://127.0.0.1:8200/session/22f83c2b-bea8-4e00-a496-e0e9a586a61e/element] with body: {"strategy":"id","selector":"com.androidsample.generalstore:id/btnLetsShop","context":"","multiple":false}
&amp#27;[38;5;32m[AndroidUiautomator2Driver@1d11 (4f6a5e6e)]&amp#27;[0m Got response with status 404: {"sessionId":"22f83c2b-bea8-4e00-a496-e0e9a586a61e","value":{"error":"no such element","message":"An element could not be located on the page using the given search parameters","stacktrace":"io.appium.uiautomator2.common.exceptions.ElementNotFoundException: An element could not be located on the page using the given search parameters\n\tat io.appium.uiautomator2.handler.FindElement.safeHandle(FindElement.java:63)\n\tat io.appium.uiautomator2.handler.request.SafeRequestHandler.handle(SafeRequestHandler.java:59)\n\tat io.appium.uiautomator2.server.AppiumServlet.handleRequest(AppiumServlet.java:277)\n\tat io.appium.uiautomator2.server.AppiumServlet.handleHttpRequest(AppiumServlet.java:271)\n\tat io.appium.uiautomator2.http.ServerHandler.channelRead(ServerHandler.java:77)\n\tat io.netty.channel.AbstractChannelHandlerContext.invokeChannelRead(AbstractChannelHandlerContext.java:366)\n\tat io.netty.channel.AbstractChannelHandlerContext.invokeChannelRead(AbstractChannelHandlerContext.java:352)\n\tat io.netty.chann...
&amp#27;[38;5;128m[W3C]&amp#27;[0m Matched W3C error code 'no such element' to NoSuchElementError
&amp#27;[38;5;32m[AndroidUiautomator2Driver@1d11 (4f6a5e6e)]&amp#27;[0m Waited for 2084 ms so far
&amp#27;[38;5;32m[AndroidUiautomator2Driver@1d11 (4f6a5e6e)]&amp#27;[0m Matched '/element' to command name 'findElement'
&amp#27;[38;5;32m[AndroidUiautomator2Driver@1d11 (4f6a5e6e)]&amp#27;[0m Proxying [POST /element] to [POST http://127.0.0.1:8200/session/22f83c2b-bea8-4e00-a496-e0e9a586a61e/element] with body: {"strategy":"id","selector":"com.androidsample.generalstore:id/btnLetsShop","context":"","multiple":false}
&amp#27;[38;5;32m[AndroidUiautomator2Driver@1d11 (4f6a5e6e)]&amp#27;[0m Got response with status 404: {"sessionId":"22f83c2b-bea8-4e00-a496-e0e9a586a61e","value":{"error":"no such element","message":"An element could not be located on the page using the given search parameters","stacktrace":"io.appium.uiautomator2.common.exceptions.ElementNotFoundException: An element could not be located on the page using the given search parameters\n\tat io.appium.uiautomator2.handler.FindElement.safeHandle(FindElement.java:63)\n\tat io.appium.uiautomator2.handler.request.SafeRequestHandler.handle(SafeRequestHandler.java:59)\n\tat io.appium.uiautomator2.server.AppiumServlet.handleRequest(AppiumServlet.java:277)\n\tat io.appium.uiautomator2.server.AppiumServlet.handleHttpRequest(AppiumServlet.java:271)\n\tat io.appium.uiautomator2.http.ServerHandler.channelRead(ServerHandler.java:77)\n\tat io.netty.channel.AbstractChannelHandlerContext.invokeChannelRead(AbstractChannelHandlerContext.java:366)\n\tat io.netty.channel.AbstractChannelHandlerContext.invokeChannelRead(AbstractChannelHandlerContext.java:352)\n\tat io.netty.chann...
&amp#27;[38;5;128m[W3C]&amp#27;[0m Matched W3C error code 'no such element' to NoSuchElementError
&amp#27;[38;5;32m[AndroidUiautomator2Driver@1d11 (4f6a5e6e)]&amp#27;[0m Waited for 2754 ms so far
&amp#27;[38;5;32m[AndroidUiautomator2Driver@1d11 (4f6a5e6e)]&amp#27;[0m Matched '/element' to command name 'findElement'
&amp#27;[38;5;32m[AndroidUiautomator2Driver@1d11 (4f6a5e6e)]&amp#27;[0m Proxying [POST /element] to [POST http://127.0.0.1:8200/session/22f83c2b-bea8-4e00-a496-e0e9a586a61e/element] with body: {"strategy":"id","selector":"com.androidsample.generalstore:id/btnLetsShop","context":"","multiple":false}
&amp#27;[38;5;32m[AndroidUiautomator2Driver@1d11 (4f6a5e6e)]&amp#27;[0m Got response with status 200: {"sessionId":"22f83c2b-bea8-4e00-a496-e0e9a586a61e","value":{"ELEMENT":"00000000-0000-0064-ffff-ffff00000021","element-6066-11e4-a52e-4f735466cecf":"00000000-0000-0064-ffff-ffff00000021"}}
&amp#27;[38;5;32m[AndroidUiautomator2Driver@1d11 (4f6a5e6e)]&amp#27;[0m Responding to client with driver.findElement() result: {"element-6066-11e4-a52e-4f735466cecf":"00000000-0000-0064-ffff-ffff00000021","ELEMENT":"00000000-0000-0064-ffff-ffff00000021"}
&amp#27;[38;5;0m[HTTP]&amp#27;[0m &amp#27;[37m<-- POST /session/4f6a5e6e-221d-4bee-b706-af8c77e4b6c0/element &amp#27;[39m&amp#27;[32m200&amp#27;[39m &amp#27;[90m3347 ms - 137&amp#27;[39m
&amp#27;[38;5;0m[HTTP]&amp#27;[0m &amp#27;[90m&amp#27;[39m
&amp#27;[38;5;0m[HTTP]&amp#27;[0m &amp#27;[37m-->&amp#27;[39m &amp#27;[37mPOST&amp#27;[39m &amp#27;[37m/session/4f6a5e6e-221d-4bee-b706-af8c77e4b6c0/element/00000000-0000-0064-ffff-ffff00000021/click&amp#27;[39m
&amp#27;[38;5;0m[HTTP]&amp#27;[0m &amp#27;[90m{"id":"00000000-0000-0064-ffff-ffff00000021"}&amp#27;[39m
&amp#27;[38;5;32m[AndroidUiautomator2Driver@1d11 (4f6a5e6e)]&amp#27;[0m Calling AppiumDriver.click() with args: ["00000000-0000-0064-ffff-ffff00000021","4f6a5e6e-221d-4bee-b706-af8c77e4b6c0"]
&amp#27;[38;5;32m[AndroidUiautomator2Driver@1d11 (4f6a5e6e)]&amp#27;[0m Matched '/element/00000000-0000-0064-ffff-ffff00000021/click' to command name 'click'
&amp#27;[38;5;32m[AndroidUiautomator2Driver@1d11 (4f6a5e6e)]&amp#27;[0m Proxying [POST /element/00000000-0000-0064-ffff-ffff00000021/click] to [POST http://127.0.0.1:8200/session/22f83c2b-bea8-4e00-a496-e0e9a586a61e/element/00000000-0000-0064-ffff-ffff00000021/click] with body: {"element":"00000000-0000-0064-ffff-ffff00000021"}
&amp#27;[38;5;32m[AndroidUiautomator2Driver@1d11 (4f6a5e6e)]&amp#27;[0m Got response with status 200: {"sessionId":"22f83c2b-bea8-4e00-a496-e0e9a586a61e","value":null}
&amp#27;[38;5;32m[AndroidUiautomator2Driver@1d11 (4f6a5e6e)]&amp#27;[0m Responding to client with driver.click() result: null
&amp#27;[38;5;0m[HTTP]&amp#27;[0m &amp#27;[37m<-- POST /session/4f6a5e6e-221d-4bee-b706-af8c77e4b6c0/element/00000000-0000-0064-ffff-ffff00000021/click &amp#27;[39m&amp#27;[32m200&amp#27;[39m &amp#27;[90m757 ms - 14&amp#27;[39m
&amp#27;[38;5;0m[HTTP]&amp#27;[0m &amp#27;[90m&amp#27;[39m
&amp#27;[38;5;0m[HTTP]&amp#27;[0m &amp#27;[37m-->&amp#27;[39m &amp#27;[37mGET&amp#27;[39m &amp#27;[37m/session/4f6a5e6e-221d-4bee-b706-af8c77e4b6c0/context&amp#27;[39m
&amp#27;[38;5;0m[HTTP]&amp#27;[0m &amp#27;[90m{}&amp#27;[39m
&amp#27;[38;5;32m[AndroidUiautomator2Driver@1d11 (4f6a5e6e)]&amp#27;[0m Calling AppiumDriver.getCurrentContext() with args: ["4f6a5e6e-221d-4bee-b706-af8c77e4b6c0"]
&amp#27;[38;5;32m[AndroidUiautomator2Driver@1d11 (4f6a5e6e)]&amp#27;[0m Responding to client with driver.getCurrentContext() result: "NATIVE_APP"
&amp#27;[38;5;0m[HTTP]&amp#27;[0m &amp#27;[37m<-- GET /session/4f6a5e6e-221d-4bee-b706-af8c77e4b6c0/context &amp#27;[39m&amp#27;[32m200&amp#27;[39m &amp#27;[90m3 ms - 22&amp#27;[39m
&amp#27;[38;5;0m[HTTP]&amp#27;[0m &amp#27;[90m&amp#27;[39m
&amp#27;[38;5;0m[HTTP]&amp#27;[0m &amp#27;[37m-->&amp#27;[39m &amp#27;[37mPOST&amp#27;[39m &amp#27;[37m/session/4f6a5e6e-221d-4bee-b706-af8c77e4b6c0/element&amp#27;[39m
&amp#27;[38;5;0m[HTTP]&amp#27;[0m &amp#27;[90m{"using":"xpath","value":"//android.widget.Toast"}&amp#27;[39m
&amp#27;[38;5;32m[AndroidUiautomator2Driver@1d11 (4f6a5e6e)]&amp#27;[0m Calling AppiumDriver.findElement() with args: ["xpath","//android.widget.Toast","4f6a5e6e-221d-4bee-b706-af8c77e4b6c0"]
&amp#27;[38;5;32m[AndroidUiautomator2Driver@1d11 (4f6a5e6e)]&amp#27;[0m Valid locator strategies for this request: xpath, id, class name, accessibility id, css selector, -android uiautomator
&amp#27;[38;5;32m[AndroidUiautomator2Driver@1d11 (4f6a5e6e)]&amp#27;[0m Waiting up to 60000 ms for condition
&amp#27;[38;5;32m[AndroidUiautomator2Driver@1d11 (4f6a5e6e)]&amp#27;[0m Matched '/element' to command name 'findElement'
&amp#27;[38;5;32m[AndroidUiautomator2Driver@1d11 (4f6a5e6e)]&amp#27;[0m Proxying [POST /element] to [POST http://127.0.0.1:8200/session/22f83c2b-bea8-4e00-a496-e0e9a586a61e/element] with body: {"strategy":"xpath","selector":"//android.widget.Toast","context":"","multiple":false}
&amp#27;[38;5;32m[AndroidUiautomator2Driver@1d11 (4f6a5e6e)]&amp#27;[0m Got response with status 200: {"sessionId":"22f83c2b-bea8-4e00-a496-e0e9a586a61e","value":{"ELEMENT":"6585db21-6b7b-41dd-87b8-e02962662c99","element-6066-11e4-a52e-4f735466cecf":"6585db21-6b7b-41dd-87b8-e02962662c99"}}
&amp#27;[38;5;32m[AndroidUiautomator2Driver@1d11 (4f6a5e6e)]&amp#27;[0m Responding to client with driver.findElement() result: {"element-6066-11e4-a52e-4f735466cecf":"6585db21-6b7b-41dd-87b8-e02962662c99","ELEMENT":"6585db21-6b7b-41dd-87b8-e02962662c99"}
&amp#27;[38;5;0m[HTTP]&amp#27;[0m &amp#27;[37m<-- POST /session/4f6a5e6e-221d-4bee-b706-af8c77e4b6c0/element &amp#27;[39m&amp#27;[32m200&amp#27;[39m &amp#27;[90m512 ms - 137&amp#27;[39m
&amp#27;[38;5;0m[HTTP]&amp#27;[0m &amp#27;[90m&amp#27;[39m
&amp#27;[38;5;0m[HTTP]&amp#27;[0m &amp#27;[37m-->&amp#27;[39m &amp#27;[37mGET&amp#27;[39m &amp#27;[37m/session/4f6a5e6e-221d-4bee-b706-af8c77e4b6c0/element/6585db21-6b7b-41dd-87b8-e02962662c99/attribute/name&amp#27;[39m
&amp#27;[38;5;0m[HTTP]&amp#27;[0m &amp#27;[90m{}&amp#27;[39m
&amp#27;[38;5;32m[AndroidUiautomator2Driver@1d11 (4f6a5e6e)]&amp#27;[0m Calling AppiumDriver.getAttribute() with args: ["name","6585db21-6b7b-41dd-87b8-e02962662c99","4f6a5e6e-221d-4bee-b706-af8c77e4b6c0"]
&amp#27;[38;5;32m[AndroidUiautomator2Driver@1d11 (4f6a5e6e)]&amp#27;[0m Matched '/element/6585db21-6b7b-41dd-87b8-e02962662c99/attribute/name' to command name 'getAttribute'
&amp#27;[38;5;32m[AndroidUiautomator2Driver@1d11 (4f6a5e6e)]&amp#27;[0m Proxying [GET /element/6585db21-6b7b-41dd-87b8-e02962662c99/attribute/name] to [GET http://127.0.0.1:8200/session/22f83c2b-bea8-4e00-a496-e0e9a586a61e/element/6585db21-6b7b-41dd-87b8-e02962662c99/attribute/name] with no body
&amp#27;[38;5;32m[AndroidUiautomator2Driver@1d11 (4f6a5e6e)]&amp#27;[0m Got response with status 200: {"sessionId":"22f83c2b-bea8-4e00-a496-e0e9a586a61e","value":"Please enter your name"}
&amp#27;[38;5;32m[AndroidUiautomator2Driver@1d11 (4f6a5e6e)]&amp#27;[0m Responding to client with driver.getAttribute() result: "Please enter your name"
&amp#27;[38;5;0m[HTTP]&amp#27;[0m &amp#27;[37m<-- GET /session/4f6a5e6e-221d-4bee-b706-af8c77e4b6c0/element/6585db21-6b7b-41dd-87b8-e02962662c99/attribute/name &amp#27;[39m&amp#27;[32m200&amp#27;[39m &amp#27;[90m124 ms - 34&amp#27;[39m
&amp#27;[38;5;0m[HTTP]&amp#27;[0m &amp#27;[90m&amp#27;[39m
&amp#27;[38;5;0m[HTTP]&amp#27;[0m &amp#27;[37m-->&amp#27;[39m &amp#27;[37mDELETE&amp#27;[39m &amp#27;[37m/session/4f6a5e6e-221d-4bee-b706-af8c77e4b6c0&amp#27;[39m
&amp#27;[38;5;0m[HTTP]&amp#27;[0m &amp#27;[90m{}&amp#27;[39m
&amp#27;[38;5;32m[AndroidUiautomator2Driver@1d11 (4f6a5e6e)]&amp#27;[0m Calling AppiumDriver.deleteSession() with args: ["4f6a5e6e-221d-4bee-b706-af8c77e4b6c0"]
&amp#27;[38;5;16m[AppiumDriver@1576]&amp#27;[0m Event 'quitSessionRequested' logged at 1702668407422 (21:26:47 GMT+0200 (Eastern European Standard Time))
&amp#27;[38;5;16m[AppiumDriver@1576]&amp#27;[0m Removing session 4f6a5e6e-221d-4bee-b706-af8c77e4b6c0 from our master session list
&amp#27;[38;5;32m[AndroidUiautomator2Driver@1d11 (4f6a5e6e)]&amp#27;[0m Deleting UiAutomator2 session
&amp#27;[38;5;32m[AndroidUiautomator2Driver@1d11 (4f6a5e6e)]&amp#27;[0m Deleting UiAutomator2 server session
&amp#27;[38;5;32m[AndroidUiautomator2Driver@1d11 (4f6a5e6e)]&amp#27;[0m Matched '/' to command name 'deleteSession'
&amp#27;[38;5;32m[AndroidUiautomator2Driver@1d11 (4f6a5e6e)]&amp#27;[0m Proxying [DELETE /] to [DELETE http://127.0.0.1:8200/session/22f83c2b-bea8-4e00-a496-e0e9a586a61e] with no body
&amp#27;[38;5;32m[AndroidUiautomator2Driver@1d11 (4f6a5e6e)]&amp#27;[0m Got response with status 200: {"sessionId":"22f83c2b-bea8-4e00-a496-e0e9a586a61e","value":null}
&amp#27;[38;5;64m[ADB]&amp#27;[0m Running 'C:\Users\admin\AppData\Local\Android\Sdk\platform-tools\adb.exe -P 5037 -s RZ8NA1VZJ1N shell dumpsys activity services io.appium.settings/.recorder.RecorderService'
&amp#27;[38;5;64m[ADB]&amp#27;[0m Running 'C:\Users\admin\AppData\Local\Android\Sdk\platform-tools\adb.exe -P 5037 -s RZ8NA1VZJ1N shell am force-stop com.androidsample.generalstore'
&amp#27;[38;5;96m[Logcat]&amp#27;[0m Stopping logcat capture
&amp#27;[38;5;64m[ADB]&amp#27;[0m Removing forwarded port socket connection: 8200 
&amp#27;[38;5;64m[ADB]&amp#27;[0m Running 'C:\Users\admin\AppData\Local\Android\Sdk\platform-tools\adb.exe -P 5037 -s RZ8NA1VZJ1N forward --remove tcp:8200'
&amp#27;[38;5;32m[AndroidUiautomator2Driver@1d11 (4f6a5e6e)]&amp#27;[0m Restoring hidden api policy to the device default configuration
&amp#27;[38;5;64m[ADB]&amp#27;[0m Running 'C:\Users\admin\AppData\Local\Android\Sdk\platform-tools\adb.exe -P 5037 -s RZ8NA1VZJ1N shell 'settings delete global hidden_api_policy_pre_p_apps;settings delete global hidden_api_policy_p_apps;settings delete global hidden_api_policy''
&amp#27;[38;5;112m[Instrumentation]&amp#27;[0m .
&amp#27;[38;5;112m[Instrumentation]&amp#27;[0m Time: 9.055
&amp#27;[38;5;112m[Instrumentation]&amp#27;[0m 
&amp#27;[38;5;112m[Instrumentation]&amp#27;[0m OK (1 test)
&amp#27;[38;5;112m[Instrumentation]&amp#27;[0m The process has exited with code 0
&amp#27;[38;5;16m[AppiumDriver@1576]&amp#27;[0m Event 'quitSessionFinished' logged at 1702668408022 (21:26:48 GMT+0200 (Eastern European Standard Time))
&amp#27;[38;5;16m[AppiumDriver@1576]&amp#27;[0m Received response: null
&amp#27;[38;5;16m[AppiumDriver@1576]&amp#27;[0m But deleting session, so not returning
&amp#27;[38;5;16m[AppiumDriver@1576]&amp#27;[0m Responding to client with driver.deleteSession() result: null
&amp#27;[38;5;0m[HTTP]&amp#27;[0m &amp#27;[37m<-- DELETE /session/4f6a5e6e-221d-4bee-b706-af8c77e4b6c0 &amp#27;[39m&amp#27;[32m200&amp#27;[39m &amp#27;[90m603 ms - 14&amp#27;[39m
&amp#27;[38;5;0m[HTTP]&amp#27;[0m &amp#27;[90m&amp#27;[39m
]]></system-out>
  </testcase>
</testsuite>