<?xml version="1.0" encoding="UTF-8"?>
<!-- Generated by org.testng.reporters.JUnitReportReporter -->
<testsuite hostname="DESKTOP-LSEJMIV" failures="0" tests="1" name="generalstore.tests.TC02_NegatifTest" time="14.008" errors="0" timestamp="2023-12-15T22:26:48 EET" skipped="0">
  <testcase classname="generalstore.tests.TC02_NegatifTest" name="tc02NegatifTest" time="14.008"/>
</testsuite> <!-- generalstore.tests.TC02_NegatifTest -->
